[ 2025-06-19 16:34:00,127 ] 346 undetected_chromedriver.patcher - INFO - patching driver executable C:\Users\Utkarsh\appdata\roaming\undetected_chromedriver\undetected_chromedriver.exe
[ 2025-06-19 16:34:01,228 ] 62 RERAScrapper - INFO - Browser initialized successfully.
[ 2025-06-19 16:35:09,253 ] 70 RERAScrapper - INFO - Navigated to URL: https://rera.karnataka.gov.in/viewAllProjects
[ 2025-06-19 16:35:09,441 ] 83 RERAScrapper - INFO - City 'Kolar' selected from dropdown.
[ 2025-06-19 16:35:18,131 ] 90 RERAScrapper - INFO - Select Button Clicked.
[ 2025-06-19 16:35:19,200 ] 102 RERAScrapper - INFO - Home table JSON extracted: home_table_json
[ 2025-06-19 16:35:20,688 ] 128 RERAScrapper - INFO - Promoter Details 'promoter_details' scrapped.
[ 2025-06-19 16:35:20,688 ] 129 RERAScrapper - INFO - Authorized Signatory Detail 'authorized_signatory_details' scrapped.
[ 2025-06-19 16:35:20,689 ] 130 RERAScrapper - INFO - Project Member Details 'project_member_details' scrapped.
[ 2025-06-19 16:35:20,689 ] 131 RERAScrapper - INFO - Project Land Owner Details 'project_land_owner_details' scrapped.
[ 2025-06-19 16:35:20,689 ] 132 RERAScrapper - INFO - RERA Registration Details with any other State/UTs 'rera_registration_details_with_any_details' scrapped.
[ 2025-06-19 16:35:20,689 ] 133 RERAScrapper - INFO - Previous Project Details (Last 5 years only) 'previous_project_details' scrapped.
[ 2025-06-19 16:35:22,729 ] 142 RERAScrapper - INFO - Project Details page clicked.
[ 2025-06-19 16:35:24,010 ] 156 RERAScrapper - INFO - Project Details 'project_details' scrapped.
[ 2025-06-19 16:35:24,010 ] 157 RERAScrapper - INFO - Development Details 'development_details' scrapped.
[ 2025-06-19 16:35:24,010 ] 158 RERAScrapper - INFO - External Development Work 'external_development_work' scrapped.
[ 2025-06-19 16:35:24,010 ] 159 RERAScrapper - INFO - Other External Development Work 'other_external_development_work' scrapped.
[ 2025-06-19 16:35:24,010 ] 160 RERAScrapper - INFO - Project Bank ( Escrow Account ) Details 'project_bank_details' scrapped.
[ 2025-06-19 16:35:24,011 ] 161 RERAScrapper - INFO - Project Agents 'project_agents' scrapped.
[ 2025-06-19 16:35:24,011 ] 162 RERAScrapper - INFO - Project Detail Table 'project_detail_table' scrapped.
[ 2025-06-19 16:35:24,044 ] 169 RERAScrapper - INFO - Uploaded Documents page clicked.
[ 2025-06-19 16:35:27,786 ] 184 RERAScrapper - INFO - Project Documents 'project_documents' scrapped.
[ 2025-06-19 16:35:27,787 ] 185 RERAScrapper - INFO - Project Approval 'project_approval' scrapped.
[ 2025-06-19 16:35:27,787 ] 186 RERAScrapper - INFO - Declaration 'declaration' scrapped.
[ 2025-06-19 16:35:27,787 ] 187 RERAScrapper - INFO - Other Documents 'other_documents' scrapped.
[ 2025-06-19 16:35:27,787 ] 188 RERAScrapper - INFO - Project Photo 'project_photo' scrapped.
[ 2025-06-19 16:35:27,787 ] 189 RERAScrapper - INFO - Financial Document 'financial_document' scrapped.
[ 2025-06-19 16:35:27,825 ] 198 RERAScrapper - INFO - Completion Details page clicked.
[ 2025-06-19 16:35:29,996 ] 208 RERAScrapper - INFO - Completion Details '{
    "Completion Details": {
        "Promoter has Applied for Completion on 15/01/2021": [
            "Project Start Date: 01-01-2017",
            "Project End Date: 31-01-2021",
            "If any extension of time has been granted: NO"
        ]
    }
}' scrapped.
[ 2025-06-19 16:35:36,816 ] 102 RERAScrapper - INFO - Home table JSON extracted: home_table_json
[ 2025-06-19 16:35:38,896 ] 128 RERAScrapper - INFO - Promoter Details 'promoter_details' scrapped.
[ 2025-06-19 16:35:38,896 ] 129 RERAScrapper - INFO - Authorized Signatory Detail 'authorized_signatory_details' scrapped.
[ 2025-06-19 16:35:38,897 ] 130 RERAScrapper - INFO - Project Member Details 'project_member_details' scrapped.
[ 2025-06-19 16:35:38,897 ] 131 RERAScrapper - INFO - Project Land Owner Details 'project_land_owner_details' scrapped.
[ 2025-06-19 16:35:38,897 ] 132 RERAScrapper - INFO - RERA Registration Details with any other State/UTs 'rera_registration_details_with_any_details' scrapped.
[ 2025-06-19 16:35:38,897 ] 133 RERAScrapper - INFO - Previous Project Details (Last 5 years only) 'previous_project_details' scrapped.
[ 2025-06-19 16:35:40,937 ] 142 RERAScrapper - INFO - Project Details page clicked.
[ 2025-06-19 16:35:42,818 ] 156 RERAScrapper - INFO - Project Details 'project_details' scrapped.
[ 2025-06-19 16:35:42,818 ] 157 RERAScrapper - INFO - Development Details 'development_details' scrapped.
[ 2025-06-19 16:35:42,818 ] 158 RERAScrapper - INFO - External Development Work 'external_development_work' scrapped.
[ 2025-06-19 16:35:42,818 ] 159 RERAScrapper - INFO - Other External Development Work 'other_external_development_work' scrapped.
[ 2025-06-19 16:35:42,819 ] 160 RERAScrapper - INFO - Project Bank ( Escrow Account ) Details 'project_bank_details' scrapped.
[ 2025-06-19 16:35:42,819 ] 161 RERAScrapper - INFO - Project Agents 'project_agents' scrapped.
[ 2025-06-19 16:35:42,819 ] 162 RERAScrapper - INFO - Project Detail Table 'project_detail_table' scrapped.
[ 2025-06-19 16:35:42,852 ] 169 RERAScrapper - INFO - Uploaded Documents page clicked.
[ 2025-06-19 16:35:47,232 ] 184 RERAScrapper - INFO - Project Documents 'project_documents' scrapped.
[ 2025-06-19 16:35:47,232 ] 185 RERAScrapper - INFO - Project Approval 'project_approval' scrapped.
[ 2025-06-19 16:35:47,233 ] 186 RERAScrapper - INFO - Declaration 'declaration' scrapped.
[ 2025-06-19 16:35:47,233 ] 187 RERAScrapper - INFO - Other Documents 'other_documents' scrapped.
[ 2025-06-19 16:35:47,233 ] 188 RERAScrapper - INFO - Project Photo 'project_photo' scrapped.
[ 2025-06-19 16:35:47,233 ] 189 RERAScrapper - INFO - Financial Document 'financial_document' scrapped.
[ 2025-06-19 16:36:07,742 ] 200 RERAScrapper - ERROR - Timed out waiting for Completion Details page: Message: 
Stacktrace:
	GetHandleVerifier [0x0xe83b03+62899]
	GetHandleVerifier [0x0xe83b44+62964]
	(No symbol) [0x0xcb10f3]
	(No symbol) [0x0xcf980e]
	(No symbol) [0x0xcf9bab]
	(No symbol) [0x0xd425c2]
	(No symbol) [0x0xd1e554]
	(No symbol) [0x0xd3fd81]
	(No symbol) [0x0xd1e306]
	(No symbol) [0x0xced670]
	(No symbol) [0x0xcee4e4]
	GetHandleVerifier [0x0x10e4793+2556483]
	GetHandleVerifier [0x0x10dfd02+2537394]
	GetHandleVerifier [0x0xeaa2fa+220586]
	GetHandleVerifier [0x0xe9aae8+157080]
	GetHandleVerifier [0x0xea141d+184013]
	GetHandleVerifier [0x0xe8ba68+95512]
	GetHandleVerifier [0x0xe8bc10+95936]
	GetHandleVerifier [0x0xe76b5a+9738]
	BaseThreadInitThunk [0x0x75edfcc9+25]
	RtlGetAppContainerNamedObjectPath [0x0x77e682ae+286]
	RtlGetAppContainerNamedObjectPath [0x0x77e6827e+238]

[ 2025-06-19 16:36:09,809 ] 208 RERAScrapper - INFO - Completion Details '{
    "": {
        "": []
    }
}' scrapped.
[ 2025-06-19 16:36:13,991 ] 83 RERAScrapper - INFO - City 'Kolar' selected from dropdown.
[ 2025-06-19 16:36:22,462 ] 90 RERAScrapper - INFO - Select Button Clicked.
[ 2025-06-19 16:36:29,579 ] 102 RERAScrapper - INFO - Home table JSON extracted: home_table_json
[ 2025-06-19 16:36:50,117 ] 217 RERAScrapper - ERROR - An error occurred in scrape_project_details: local variable 'h1_elements' referenced before assignment
[ 2025-06-19 16:36:54,185 ] 102 RERAScrapper - INFO - Home table JSON extracted: home_table_json
[ 2025-06-19 16:36:56,508 ] 128 RERAScrapper - INFO - Promoter Details 'promoter_details' scrapped.
[ 2025-06-19 16:36:56,508 ] 129 RERAScrapper - INFO - Authorized Signatory Detail 'authorized_signatory_details' scrapped.
[ 2025-06-19 16:36:56,508 ] 130 RERAScrapper - INFO - Project Member Details 'project_member_details' scrapped.
[ 2025-06-19 16:36:56,508 ] 131 RERAScrapper - INFO - Project Land Owner Details 'project_land_owner_details' scrapped.
[ 2025-06-19 16:36:56,508 ] 132 RERAScrapper - INFO - RERA Registration Details with any other State/UTs 'rera_registration_details_with_any_details' scrapped.
[ 2025-06-19 16:36:56,509 ] 133 RERAScrapper - INFO - Previous Project Details (Last 5 years only) 'previous_project_details' scrapped.
[ 2025-06-19 16:36:58,553 ] 142 RERAScrapper - INFO - Project Details page clicked.
[ 2025-06-19 16:37:01,236 ] 156 RERAScrapper - INFO - Project Details 'project_details' scrapped.
[ 2025-06-19 16:37:01,237 ] 157 RERAScrapper - INFO - Development Details 'development_details' scrapped.
[ 2025-06-19 16:37:01,237 ] 158 RERAScrapper - INFO - External Development Work 'external_development_work' scrapped.
[ 2025-06-19 16:37:01,237 ] 159 RERAScrapper - INFO - Other External Development Work 'other_external_development_work' scrapped.
[ 2025-06-19 16:37:01,237 ] 160 RERAScrapper - INFO - Project Bank ( Escrow Account ) Details 'project_bank_details' scrapped.
[ 2025-06-19 16:37:01,237 ] 161 RERAScrapper - INFO - Project Agents 'project_agents' scrapped.
[ 2025-06-19 16:37:01,237 ] 162 RERAScrapper - INFO - Project Detail Table 'project_detail_table' scrapped.
[ 2025-06-19 16:37:01,271 ] 169 RERAScrapper - INFO - Uploaded Documents page clicked.
[ 2025-06-19 16:37:06,300 ] 184 RERAScrapper - INFO - Project Documents 'project_documents' scrapped.
[ 2025-06-19 16:37:06,301 ] 185 RERAScrapper - INFO - Project Approval 'project_approval' scrapped.
[ 2025-06-19 16:37:06,301 ] 186 RERAScrapper - INFO - Declaration 'declaration' scrapped.
[ 2025-06-19 16:37:06,301 ] 187 RERAScrapper - INFO - Other Documents 'other_documents' scrapped.
[ 2025-06-19 16:37:06,301 ] 188 RERAScrapper - INFO - Project Photo 'project_photo' scrapped.
[ 2025-06-19 16:37:06,301 ] 189 RERAScrapper - INFO - Financial Document 'financial_document' scrapped.
[ 2025-06-19 16:37:06,339 ] 198 RERAScrapper - INFO - Completion Details page clicked.
[ 2025-06-19 16:37:09,304 ] 208 RERAScrapper - INFO - Completion Details '{
    "Completion Details": {
        "Promoter has Applied for Completion on 14/12/2018": [
            "Name : Occupancy Certificate",
            "Approval Date: 31-08-2018",
            "Document: https://rera.karnataka.gov.in/download_jc?DOC_ID=2ojLg9svsnaFT7%2F%2F6FRsCw%3D%3D",
            "Name : Completion certificate",
            "Approval Date: 31-08-2018",
            "Document: https://rera.karnataka.gov.in/download_jc?DOC_ID=kltR53Y12FXR2Jy%2BEC4yWg%3D%3D",
            "Name : Registered Agreement of Sale",
            "Approval Date: 31-08-2018",
            "Document: https://rera.karnataka.gov.in/download_jc?DOC_ID=T8lN%2FjadgYjnXBafIo54Qg%3D%3D",
            "Name : Registered conveyance deed for an individual unit",
            "Approval Date: 31-08-2018",
            "Document: https://rera.karnataka.gov.in/download_jc?DOC_ID=LQL1xLzMrfYxJcfoc7pURw%3D%3D"
        ]
    }
}' scrapped.
[ 2025-06-19 16:37:13,556 ] 83 RERAScrapper - INFO - City 'Kolar' selected from dropdown.
[ 2025-06-19 16:37:22,699 ] 90 RERAScrapper - INFO - Select Button Clicked.
[ 2025-06-19 16:37:29,846 ] 102 RERAScrapper - INFO - Home table JSON extracted: home_table_json
[ 2025-06-19 16:37:31,502 ] 217 RERAScrapper - ERROR - An error occurred in scrape_project_details: local variable 'h1_elements' referenced before assignment
[ 2025-06-19 16:37:35,732 ] 83 RERAScrapper - INFO - City 'Kolar' selected from dropdown.
[ 2025-06-19 16:37:42,375 ] 90 RERAScrapper - INFO - Select Button Clicked.
[ 2025-06-19 16:37:49,550 ] 102 RERAScrapper - INFO - Home table JSON extracted: home_table_json
[ 2025-06-19 16:37:51,805 ] 128 RERAScrapper - INFO - Promoter Details 'promoter_details' scrapped.
[ 2025-06-19 16:37:51,805 ] 129 RERAScrapper - INFO - Authorized Signatory Detail 'authorized_signatory_details' scrapped.
[ 2025-06-19 16:37:51,806 ] 130 RERAScrapper - INFO - Project Member Details 'project_member_details' scrapped.
[ 2025-06-19 16:37:51,806 ] 131 RERAScrapper - INFO - Project Land Owner Details 'project_land_owner_details' scrapped.
[ 2025-06-19 16:37:51,806 ] 132 RERAScrapper - INFO - RERA Registration Details with any other State/UTs 'rera_registration_details_with_any_details' scrapped.
[ 2025-06-19 16:37:51,806 ] 133 RERAScrapper - INFO - Previous Project Details (Last 5 years only) 'previous_project_details' scrapped.
[ 2025-06-19 16:37:53,844 ] 142 RERAScrapper - INFO - Project Details page clicked.
[ 2025-06-19 16:37:56,959 ] 156 RERAScrapper - INFO - Project Details 'project_details' scrapped.
[ 2025-06-19 16:37:56,960 ] 157 RERAScrapper - INFO - Development Details 'development_details' scrapped.
[ 2025-06-19 16:37:56,960 ] 158 RERAScrapper - INFO - External Development Work 'external_development_work' scrapped.
[ 2025-06-19 16:37:56,960 ] 159 RERAScrapper - INFO - Other External Development Work 'other_external_development_work' scrapped.
[ 2025-06-19 16:37:56,960 ] 160 RERAScrapper - INFO - Project Bank ( Escrow Account ) Details 'project_bank_details' scrapped.
[ 2025-06-19 16:37:56,960 ] 161 RERAScrapper - INFO - Project Agents 'project_agents' scrapped.
[ 2025-06-19 16:37:56,960 ] 162 RERAScrapper - INFO - Project Detail Table 'project_detail_table' scrapped.
[ 2025-06-19 16:37:56,997 ] 169 RERAScrapper - INFO - Uploaded Documents page clicked.
[ 2025-06-19 16:38:02,801 ] 184 RERAScrapper - INFO - Project Documents 'project_documents' scrapped.
[ 2025-06-19 16:38:02,802 ] 185 RERAScrapper - INFO - Project Approval 'project_approval' scrapped.
[ 2025-06-19 16:38:02,802 ] 186 RERAScrapper - INFO - Declaration 'declaration' scrapped.
[ 2025-06-19 16:38:02,802 ] 187 RERAScrapper - INFO - Other Documents 'other_documents' scrapped.
[ 2025-06-19 16:38:02,802 ] 188 RERAScrapper - INFO - Project Photo 'project_photo' scrapped.
[ 2025-06-19 16:38:02,802 ] 189 RERAScrapper - INFO - Financial Document 'financial_document' scrapped.
[ 2025-06-19 16:38:02,837 ] 198 RERAScrapper - INFO - Completion Details page clicked.
[ 2025-06-19 16:38:06,103 ] 208 RERAScrapper - INFO - Completion Details '{
    "Completion Details": {
        "Promoter has Applied for Completion on 13/08/2020": [
            "Name : Occupancy Certificate",
            "Approval Date: 12-11-2017",
            "Document: https://rera.karnataka.gov.in/download_jc?DOC_ID=3Y3sROIA%2F38UNvhhcX9tcQ%3D%3D",
            "Name : Completion certificate",
            "Approval Date: 12-11-2017",
            "Document: https://rera.karnataka.gov.in/download_jc?DOC_ID=%2BQhI4XW7Nk3C6VoRf2Q1vg%3D%3D",
            "Name : Registered Agreement of Sale",
            "Approval Date: 08-03-2017",
            "Document: https://rera.karnataka.gov.in/download_jc?DOC_ID=849hIRxJz0cqXiqBJ6kt9A%3D%3D",
            "Name : Registered conveyance deed for an individual unit",
            "Approval Date: 24-04-2017",
            "Document: https://rera.karnataka.gov.in/download_jc?DOC_ID=8FvzA2RMkLpsj9h8LC2CIQ%3D%3D"
        ]
    }
}' scrapped.
[ 2025-06-19 16:38:10,395 ] 83 RERAScrapper - INFO - City 'Kolar' selected from dropdown.
[ 2025-06-19 16:38:16,962 ] 90 RERAScrapper - INFO - Select Button Clicked.
[ 2025-06-19 16:38:24,168 ] 102 RERAScrapper - INFO - Home table JSON extracted: home_table_json
[ 2025-06-19 16:38:26,382 ] 128 RERAScrapper - INFO - Promoter Details 'promoter_details' scrapped.
[ 2025-06-19 16:38:26,382 ] 129 RERAScrapper - INFO - Authorized Signatory Detail 'authorized_signatory_details' scrapped.
[ 2025-06-19 16:38:26,382 ] 130 RERAScrapper - INFO - Project Member Details 'project_member_details' scrapped.
[ 2025-06-19 16:38:26,382 ] 131 RERAScrapper - INFO - Project Land Owner Details 'project_land_owner_details' scrapped.
[ 2025-06-19 16:38:26,382 ] 132 RERAScrapper - INFO - RERA Registration Details with any other State/UTs 'rera_registration_details_with_any_details' scrapped.
[ 2025-06-19 16:38:26,382 ] 133 RERAScrapper - INFO - Previous Project Details (Last 5 years only) 'previous_project_details' scrapped.
[ 2025-06-19 16:38:28,426 ] 142 RERAScrapper - INFO - Project Details page clicked.
[ 2025-06-19 16:38:32,213 ] 156 RERAScrapper - INFO - Project Details 'project_details' scrapped.
[ 2025-06-19 16:38:32,213 ] 157 RERAScrapper - INFO - Development Details 'development_details' scrapped.
[ 2025-06-19 16:38:32,213 ] 158 RERAScrapper - INFO - External Development Work 'external_development_work' scrapped.
[ 2025-06-19 16:38:32,213 ] 159 RERAScrapper - INFO - Other External Development Work 'other_external_development_work' scrapped.
[ 2025-06-19 16:38:32,213 ] 160 RERAScrapper - INFO - Project Bank ( Escrow Account ) Details 'project_bank_details' scrapped.
[ 2025-06-19 16:38:32,214 ] 161 RERAScrapper - INFO - Project Agents 'project_agents' scrapped.
[ 2025-06-19 16:38:32,214 ] 162 RERAScrapper - INFO - Project Detail Table 'project_detail_table' scrapped.
[ 2025-06-19 16:38:32,249 ] 169 RERAScrapper - INFO - Uploaded Documents page clicked.
[ 2025-06-19 16:38:38,725 ] 184 RERAScrapper - INFO - Project Documents 'project_documents' scrapped.
[ 2025-06-19 16:38:38,725 ] 185 RERAScrapper - INFO - Project Approval 'project_approval' scrapped.
[ 2025-06-19 16:38:38,726 ] 186 RERAScrapper - INFO - Declaration 'declaration' scrapped.
[ 2025-06-19 16:38:38,726 ] 187 RERAScrapper - INFO - Other Documents 'other_documents' scrapped.
[ 2025-06-19 16:38:38,726 ] 188 RERAScrapper - INFO - Project Photo 'project_photo' scrapped.
[ 2025-06-19 16:38:38,726 ] 189 RERAScrapper - INFO - Financial Document 'financial_document' scrapped.
[ 2025-06-19 16:38:59,229 ] 200 RERAScrapper - ERROR - Timed out waiting for Completion Details page: Message: 
Stacktrace:
	GetHandleVerifier [0x0xe83b03+62899]
	GetHandleVerifier [0x0xe83b44+62964]
	(No symbol) [0x0xcb10f3]
	(No symbol) [0x0xcf980e]
	(No symbol) [0x0xcf9bab]
	(No symbol) [0x0xd425c2]
	(No symbol) [0x0xd1e554]
	(No symbol) [0x0xd3fd81]
	(No symbol) [0x0xd1e306]
	(No symbol) [0x0xced670]
	(No symbol) [0x0xcee4e4]
	GetHandleVerifier [0x0x10e4793+2556483]
	GetHandleVerifier [0x0x10dfd02+2537394]
	GetHandleVerifier [0x0xeaa2fa+220586]
	GetHandleVerifier [0x0xe9aae8+157080]
	GetHandleVerifier [0x0xea141d+184013]
	GetHandleVerifier [0x0xe8ba68+95512]
	GetHandleVerifier [0x0xe8bc10+95936]
	GetHandleVerifier [0x0xe76b5a+9738]
	BaseThreadInitThunk [0x0x75edfcc9+25]
	RtlGetAppContainerNamedObjectPath [0x0x77e682ae+286]
	RtlGetAppContainerNamedObjectPath [0x0x77e6827e+238]

[ 2025-06-19 16:39:01,334 ] 208 RERAScrapper - INFO - Completion Details '{
    "": {
        "": []
    }
}' scrapped.
[ 2025-06-19 16:39:05,663 ] 83 RERAScrapper - INFO - City 'Kolar' selected from dropdown.
[ 2025-06-19 16:39:12,003 ] 90 RERAScrapper - INFO - Select Button Clicked.
[ 2025-06-19 16:39:19,230 ] 102 RERAScrapper - INFO - Home table JSON extracted: home_table_json
[ 2025-06-19 16:39:21,997 ] 128 RERAScrapper - INFO - Promoter Details 'promoter_details' scrapped.
[ 2025-06-19 16:39:21,997 ] 129 RERAScrapper - INFO - Authorized Signatory Detail 'authorized_signatory_details' scrapped.
[ 2025-06-19 16:39:21,998 ] 130 RERAScrapper - INFO - Project Member Details 'project_member_details' scrapped.
[ 2025-06-19 16:39:21,998 ] 131 RERAScrapper - INFO - Project Land Owner Details 'project_land_owner_details' scrapped.
[ 2025-06-19 16:39:21,998 ] 132 RERAScrapper - INFO - RERA Registration Details with any other State/UTs 'rera_registration_details_with_any_details' scrapped.
[ 2025-06-19 16:39:21,998 ] 133 RERAScrapper - INFO - Previous Project Details (Last 5 years only) 'previous_project_details' scrapped.
[ 2025-06-19 16:39:24,034 ] 142 RERAScrapper - INFO - Project Details page clicked.
[ 2025-06-19 16:39:28,754 ] 156 RERAScrapper - INFO - Project Details 'project_details' scrapped.
[ 2025-06-19 16:39:28,754 ] 157 RERAScrapper - INFO - Development Details 'development_details' scrapped.
[ 2025-06-19 16:39:28,754 ] 158 RERAScrapper - INFO - External Development Work 'external_development_work' scrapped.
[ 2025-06-19 16:39:28,754 ] 159 RERAScrapper - INFO - Other External Development Work 'other_external_development_work' scrapped.
[ 2025-06-19 16:39:28,755 ] 160 RERAScrapper - INFO - Project Bank ( Escrow Account ) Details 'project_bank_details' scrapped.
[ 2025-06-19 16:39:28,755 ] 161 RERAScrapper - INFO - Project Agents 'project_agents' scrapped.
[ 2025-06-19 16:39:28,755 ] 162 RERAScrapper - INFO - Project Detail Table 'project_detail_table' scrapped.
[ 2025-06-19 16:39:28,786 ] 169 RERAScrapper - INFO - Uploaded Documents page clicked.
[ 2025-06-19 16:39:35,784 ] 184 RERAScrapper - INFO - Project Documents 'project_documents' scrapped.
[ 2025-06-19 16:39:35,785 ] 185 RERAScrapper - INFO - Project Approval 'project_approval' scrapped.
[ 2025-06-19 16:39:35,785 ] 186 RERAScrapper - INFO - Declaration 'declaration' scrapped.
[ 2025-06-19 16:39:35,785 ] 187 RERAScrapper - INFO - Other Documents 'other_documents' scrapped.
[ 2025-06-19 16:39:35,785 ] 188 RERAScrapper - INFO - Project Photo 'project_photo' scrapped.
[ 2025-06-19 16:39:35,785 ] 189 RERAScrapper - INFO - Financial Document 'financial_document' scrapped.
[ 2025-06-19 16:39:55,799 ] 200 RERAScrapper - ERROR - Timed out waiting for Completion Details page: Message: 
Stacktrace:
	GetHandleVerifier [0x0xe83b03+62899]
	GetHandleVerifier [0x0xe83b44+62964]
	(No symbol) [0x0xcb10f3]
	(No symbol) [0x0xcf980e]
	(No symbol) [0x0xcf9bab]
	(No symbol) [0x0xd425c2]
	(No symbol) [0x0xd1e554]
	(No symbol) [0x0xd3fd81]
	(No symbol) [0x0xd1e306]
	(No symbol) [0x0xced670]
	(No symbol) [0x0xcee4e4]
	GetHandleVerifier [0x0x10e4793+2556483]
	GetHandleVerifier [0x0x10dfd02+2537394]
	GetHandleVerifier [0x0xeaa2fa+220586]
	GetHandleVerifier [0x0xe9aae8+157080]
	GetHandleVerifier [0x0xea141d+184013]
	GetHandleVerifier [0x0xe8ba68+95512]
	GetHandleVerifier [0x0xe8bc10+95936]
	GetHandleVerifier [0x0xe76b5a+9738]
	BaseThreadInitThunk [0x0x75edfcc9+25]
	RtlGetAppContainerNamedObjectPath [0x0x77e682ae+286]
	RtlGetAppContainerNamedObjectPath [0x0x77e6827e+238]

[ 2025-06-19 16:39:57,920 ] 208 RERAScrapper - INFO - Completion Details '{
    "": {
        "": []
    }
}' scrapped.
[ 2025-06-19 16:40:02,268 ] 83 RERAScrapper - INFO - City 'Kolar' selected from dropdown.
[ 2025-06-19 16:40:08,737 ] 90 RERAScrapper - INFO - Select Button Clicked.
[ 2025-06-19 16:40:15,983 ] 102 RERAScrapper - INFO - Home table JSON extracted: home_table_json
[ 2025-06-19 16:40:17,996 ] 217 RERAScrapper - ERROR - An error occurred in scrape_project_details: local variable 'h1_elements' referenced before assignment
[ 2025-06-19 16:40:22,349 ] 83 RERAScrapper - INFO - City 'Kolar' selected from dropdown.
[ 2025-06-19 16:40:28,579 ] 90 RERAScrapper - INFO - Select Button Clicked.
[ 2025-06-19 16:40:35,838 ] 102 RERAScrapper - INFO - Home table JSON extracted: home_table_json
[ 2025-06-19 16:40:38,857 ] 128 RERAScrapper - INFO - Promoter Details 'promoter_details' scrapped.
[ 2025-06-19 16:40:38,857 ] 129 RERAScrapper - INFO - Authorized Signatory Detail 'authorized_signatory_details' scrapped.
[ 2025-06-19 16:40:38,858 ] 130 RERAScrapper - INFO - Project Member Details 'project_member_details' scrapped.
[ 2025-06-19 16:40:38,858 ] 131 RERAScrapper - INFO - Project Land Owner Details 'project_land_owner_details' scrapped.
[ 2025-06-19 16:40:38,858 ] 132 RERAScrapper - INFO - RERA Registration Details with any other State/UTs 'rera_registration_details_with_any_details' scrapped.
[ 2025-06-19 16:40:38,858 ] 133 RERAScrapper - INFO - Previous Project Details (Last 5 years only) 'previous_project_details' scrapped.
[ 2025-06-19 16:40:40,892 ] 142 RERAScrapper - INFO - Project Details page clicked.
[ 2025-06-19 16:40:45,859 ] 156 RERAScrapper - INFO - Project Details 'project_details' scrapped.
[ 2025-06-19 16:40:45,859 ] 157 RERAScrapper - INFO - Development Details 'development_details' scrapped.
[ 2025-06-19 16:40:45,859 ] 158 RERAScrapper - INFO - External Development Work 'external_development_work' scrapped.
[ 2025-06-19 16:40:45,859 ] 159 RERAScrapper - INFO - Other External Development Work 'other_external_development_work' scrapped.
[ 2025-06-19 16:40:45,859 ] 160 RERAScrapper - INFO - Project Bank ( Escrow Account ) Details 'project_bank_details' scrapped.
[ 2025-06-19 16:40:45,859 ] 161 RERAScrapper - INFO - Project Agents 'project_agents' scrapped.
[ 2025-06-19 16:40:45,859 ] 162 RERAScrapper - INFO - Project Detail Table 'project_detail_table' scrapped.
[ 2025-06-19 16:40:45,896 ] 169 RERAScrapper - INFO - Uploaded Documents page clicked.
[ 2025-06-19 16:40:53,665 ] 184 RERAScrapper - INFO - Project Documents 'project_documents' scrapped.
[ 2025-06-19 16:40:53,665 ] 185 RERAScrapper - INFO - Project Approval 'project_approval' scrapped.
[ 2025-06-19 16:40:53,665 ] 186 RERAScrapper - INFO - Declaration 'declaration' scrapped.
[ 2025-06-19 16:40:53,666 ] 187 RERAScrapper - INFO - Other Documents 'other_documents' scrapped.
[ 2025-06-19 16:40:53,666 ] 188 RERAScrapper - INFO - Project Photo 'project_photo' scrapped.
[ 2025-06-19 16:40:53,666 ] 189 RERAScrapper - INFO - Financial Document 'financial_document' scrapped.
[ 2025-06-19 16:41:14,157 ] 200 RERAScrapper - ERROR - Timed out waiting for Completion Details page: Message: 
Stacktrace:
	GetHandleVerifier [0x0xe83b03+62899]
	GetHandleVerifier [0x0xe83b44+62964]
	(No symbol) [0x0xcb10f3]
	(No symbol) [0x0xcf980e]
	(No symbol) [0x0xcf9bab]
	(No symbol) [0x0xd425c2]
	(No symbol) [0x0xd1e554]
	(No symbol) [0x0xd3fd81]
	(No symbol) [0x0xd1e306]
	(No symbol) [0x0xced670]
	(No symbol) [0x0xcee4e4]
	GetHandleVerifier [0x0x10e4793+2556483]
	GetHandleVerifier [0x0x10dfd02+2537394]
	GetHandleVerifier [0x0xeaa2fa+220586]
	GetHandleVerifier [0x0xe9aae8+157080]
	GetHandleVerifier [0x0xea141d+184013]
	GetHandleVerifier [0x0xe8ba68+95512]
	GetHandleVerifier [0x0xe8bc10+95936]
	GetHandleVerifier [0x0xe76b5a+9738]
	BaseThreadInitThunk [0x0x75edfcc9+25]
	RtlGetAppContainerNamedObjectPath [0x0x77e682ae+286]
	RtlGetAppContainerNamedObjectPath [0x0x77e6827e+238]

[ 2025-06-19 16:41:16,292 ] 208 RERAScrapper - INFO - Completion Details '{
    "": {
        "": []
    }
}' scrapped.
[ 2025-06-19 16:41:20,680 ] 83 RERAScrapper - INFO - City 'Kolar' selected from dropdown.
[ 2025-06-19 16:41:27,665 ] 90 RERAScrapper - INFO - Select Button Clicked.
[ 2025-06-19 16:41:37,276 ] 102 RERAScrapper - INFO - Home table JSON extracted: home_table_json
[ 2025-06-19 16:41:40,531 ] 128 RERAScrapper - INFO - Promoter Details 'promoter_details' scrapped.
[ 2025-06-19 16:41:40,531 ] 129 RERAScrapper - INFO - Authorized Signatory Detail 'authorized_signatory_details' scrapped.
[ 2025-06-19 16:41:40,532 ] 130 RERAScrapper - INFO - Project Member Details 'project_member_details' scrapped.
[ 2025-06-19 16:41:40,532 ] 131 RERAScrapper - INFO - Project Land Owner Details 'project_land_owner_details' scrapped.
[ 2025-06-19 16:41:40,532 ] 132 RERAScrapper - INFO - RERA Registration Details with any other State/UTs 'rera_registration_details_with_any_details' scrapped.
[ 2025-06-19 16:41:40,532 ] 133 RERAScrapper - INFO - Previous Project Details (Last 5 years only) 'previous_project_details' scrapped.
[ 2025-06-19 16:41:42,576 ] 142 RERAScrapper - INFO - Project Details page clicked.
[ 2025-06-19 16:41:48,748 ] 156 RERAScrapper - INFO - Project Details 'project_details' scrapped.
[ 2025-06-19 16:41:48,748 ] 157 RERAScrapper - INFO - Development Details 'development_details' scrapped.
[ 2025-06-19 16:41:48,748 ] 158 RERAScrapper - INFO - External Development Work 'external_development_work' scrapped.
[ 2025-06-19 16:41:48,748 ] 159 RERAScrapper - INFO - Other External Development Work 'other_external_development_work' scrapped.
[ 2025-06-19 16:41:48,749 ] 160 RERAScrapper - INFO - Project Bank ( Escrow Account ) Details 'project_bank_details' scrapped.
[ 2025-06-19 16:41:48,749 ] 161 RERAScrapper - INFO - Project Agents 'project_agents' scrapped.
[ 2025-06-19 16:41:48,749 ] 162 RERAScrapper - INFO - Project Detail Table 'project_detail_table' scrapped.
[ 2025-06-19 16:41:48,777 ] 169 RERAScrapper - INFO - Uploaded Documents page clicked.
[ 2025-06-19 16:41:57,149 ] 184 RERAScrapper - INFO - Project Documents 'project_documents' scrapped.
[ 2025-06-19 16:41:57,149 ] 185 RERAScrapper - INFO - Project Approval 'project_approval' scrapped.
[ 2025-06-19 16:41:57,150 ] 186 RERAScrapper - INFO - Declaration 'declaration' scrapped.
[ 2025-06-19 16:41:57,150 ] 187 RERAScrapper - INFO - Other Documents 'other_documents' scrapped.
[ 2025-06-19 16:41:57,150 ] 188 RERAScrapper - INFO - Project Photo 'project_photo' scrapped.
[ 2025-06-19 16:41:57,150 ] 189 RERAScrapper - INFO - Financial Document 'financial_document' scrapped.
[ 2025-06-19 16:42:17,635 ] 200 RERAScrapper - ERROR - Timed out waiting for Completion Details page: Message: 
Stacktrace:
	GetHandleVerifier [0x0xe83b03+62899]
	GetHandleVerifier [0x0xe83b44+62964]
	(No symbol) [0x0xcb10f3]
	(No symbol) [0x0xcf980e]
	(No symbol) [0x0xcf9bab]
	(No symbol) [0x0xd425c2]
	(No symbol) [0x0xd1e554]
	(No symbol) [0x0xd3fd81]
	(No symbol) [0x0xd1e306]
	(No symbol) [0x0xced670]
	(No symbol) [0x0xcee4e4]
	GetHandleVerifier [0x0x10e4793+2556483]
	GetHandleVerifier [0x0x10dfd02+2537394]
	GetHandleVerifier [0x0xeaa2fa+220586]
	GetHandleVerifier [0x0xe9aae8+157080]
	GetHandleVerifier [0x0xea141d+184013]
	GetHandleVerifier [0x0xe8ba68+95512]
	GetHandleVerifier [0x0xe8bc10+95936]
	GetHandleVerifier [0x0xe76b5a+9738]
	BaseThreadInitThunk [0x0x75edfcc9+25]
	RtlGetAppContainerNamedObjectPath [0x0x77e682ae+286]
	RtlGetAppContainerNamedObjectPath [0x0x77e6827e+238]

[ 2025-06-19 16:42:19,784 ] 208 RERAScrapper - INFO - Completion Details '{
    "": {
        "": []
    }
}' scrapped.
[ 2025-06-19 16:42:24,237 ] 83 RERAScrapper - INFO - City 'Kolar' selected from dropdown.
[ 2025-06-19 16:42:31,870 ] 90 RERAScrapper - INFO - Select Button Clicked.
[ 2025-06-19 16:42:40,263 ] 102 RERAScrapper - INFO - Home table JSON extracted: home_table_json
[ 2025-06-19 16:43:00,321 ] 217 RERAScrapper - ERROR - An error occurred in scrape_project_details: local variable 'h1_elements' referenced before assignment
[ 2025-06-19 16:43:04,391 ] 102 RERAScrapper - INFO - Home table JSON extracted: home_table_json
[ 2025-06-19 16:43:07,914 ] 128 RERAScrapper - INFO - Promoter Details 'promoter_details' scrapped.
[ 2025-06-19 16:43:07,914 ] 129 RERAScrapper - INFO - Authorized Signatory Detail 'authorized_signatory_details' scrapped.
[ 2025-06-19 16:43:07,914 ] 130 RERAScrapper - INFO - Project Member Details 'project_member_details' scrapped.
[ 2025-06-19 16:43:07,914 ] 131 RERAScrapper - INFO - Project Land Owner Details 'project_land_owner_details' scrapped.
[ 2025-06-19 16:43:07,915 ] 132 RERAScrapper - INFO - RERA Registration Details with any other State/UTs 'rera_registration_details_with_any_details' scrapped.
[ 2025-06-19 16:43:07,915 ] 133 RERAScrapper - INFO - Previous Project Details (Last 5 years only) 'previous_project_details' scrapped.
[ 2025-06-19 16:43:09,957 ] 142 RERAScrapper - INFO - Project Details page clicked.
[ 2025-06-19 16:43:16,748 ] 156 RERAScrapper - INFO - Project Details 'project_details' scrapped.
[ 2025-06-19 16:43:16,748 ] 157 RERAScrapper - INFO - Development Details 'development_details' scrapped.
[ 2025-06-19 16:43:16,748 ] 158 RERAScrapper - INFO - External Development Work 'external_development_work' scrapped.
[ 2025-06-19 16:43:16,748 ] 159 RERAScrapper - INFO - Other External Development Work 'other_external_development_work' scrapped.
[ 2025-06-19 16:43:16,748 ] 160 RERAScrapper - INFO - Project Bank ( Escrow Account ) Details 'project_bank_details' scrapped.
[ 2025-06-19 16:43:16,748 ] 161 RERAScrapper - INFO - Project Agents 'project_agents' scrapped.
[ 2025-06-19 16:43:16,749 ] 162 RERAScrapper - INFO - Project Detail Table 'project_detail_table' scrapped.
[ 2025-06-19 16:43:16,784 ] 169 RERAScrapper - INFO - Uploaded Documents page clicked.
[ 2025-06-19 16:43:25,921 ] 184 RERAScrapper - INFO - Project Documents 'project_documents' scrapped.
[ 2025-06-19 16:43:25,921 ] 185 RERAScrapper - INFO - Project Approval 'project_approval' scrapped.
[ 2025-06-19 16:43:25,921 ] 186 RERAScrapper - INFO - Declaration 'declaration' scrapped.
[ 2025-06-19 16:43:25,921 ] 187 RERAScrapper - INFO - Other Documents 'other_documents' scrapped.
[ 2025-06-19 16:43:25,921 ] 188 RERAScrapper - INFO - Project Photo 'project_photo' scrapped.
[ 2025-06-19 16:43:25,921 ] 189 RERAScrapper - INFO - Financial Document 'financial_document' scrapped.
[ 2025-06-19 16:43:46,405 ] 200 RERAScrapper - ERROR - Timed out waiting for Completion Details page: Message: 
Stacktrace:
	GetHandleVerifier [0x0xe83b03+62899]
	GetHandleVerifier [0x0xe83b44+62964]
	(No symbol) [0x0xcb10f3]
	(No symbol) [0x0xcf980e]
	(No symbol) [0x0xcf9bab]
	(No symbol) [0x0xd425c2]
	(No symbol) [0x0xd1e554]
	(No symbol) [0x0xd3fd81]
	(No symbol) [0x0xd1e306]
	(No symbol) [0x0xced670]
	(No symbol) [0x0xcee4e4]
	GetHandleVerifier [0x0x10e4793+2556483]
	GetHandleVerifier [0x0x10dfd02+2537394]
	GetHandleVerifier [0x0xeaa2fa+220586]
	GetHandleVerifier [0x0xe9aae8+157080]
	GetHandleVerifier [0x0xea141d+184013]
	GetHandleVerifier [0x0xe8ba68+95512]
	GetHandleVerifier [0x0xe8bc10+95936]
	GetHandleVerifier [0x0xe76b5a+9738]
	BaseThreadInitThunk [0x0x75edfcc9+25]
	RtlGetAppContainerNamedObjectPath [0x0x77e682ae+286]
	RtlGetAppContainerNamedObjectPath [0x0x77e6827e+238]

[ 2025-06-19 16:43:48,563 ] 208 RERAScrapper - INFO - Completion Details '{
    "": {
        "": []
    }
}' scrapped.
[ 2025-06-19 16:43:53,030 ] 83 RERAScrapper - INFO - City 'Kolar' selected from dropdown.
[ 2025-06-19 16:43:59,368 ] 90 RERAScrapper - INFO - Select Button Clicked.
[ 2025-06-19 16:44:07,468 ] 102 RERAScrapper - INFO - Home table JSON extracted: home_table_json
[ 2025-06-19 16:44:27,526 ] 217 RERAScrapper - ERROR - An error occurred in scrape_project_details: local variable 'h1_elements' referenced before assignment
[ 2025-06-19 16:44:31,576 ] 102 RERAScrapper - INFO - Home table JSON extracted: home_table_json
[ 2025-06-19 16:44:33,445 ] 128 RERAScrapper - INFO - Promoter Details 'promoter_details' scrapped.
[ 2025-06-19 16:44:33,446 ] 129 RERAScrapper - INFO - Authorized Signatory Detail 'authorized_signatory_details' scrapped.
[ 2025-06-19 16:44:33,446 ] 130 RERAScrapper - INFO - Project Member Details 'project_member_details' scrapped.
[ 2025-06-19 16:44:33,446 ] 131 RERAScrapper - INFO - Project Land Owner Details 'project_land_owner_details' scrapped.
[ 2025-06-19 16:44:33,446 ] 132 RERAScrapper - INFO - RERA Registration Details with any other State/UTs 'rera_registration_details_with_any_details' scrapped.
[ 2025-06-19 16:44:33,446 ] 133 RERAScrapper - INFO - Previous Project Details (Last 5 years only) 'previous_project_details' scrapped.
[ 2025-06-19 16:44:35,491 ] 142 RERAScrapper - INFO - Project Details page clicked.
[ 2025-06-19 16:44:36,454 ] 156 RERAScrapper - INFO - Project Details 'project_details' scrapped.
[ 2025-06-19 16:44:36,454 ] 157 RERAScrapper - INFO - Development Details 'development_details' scrapped.
[ 2025-06-19 16:44:36,455 ] 158 RERAScrapper - INFO - External Development Work 'external_development_work' scrapped.
[ 2025-06-19 16:44:36,455 ] 159 RERAScrapper - INFO - Other External Development Work 'other_external_development_work' scrapped.
[ 2025-06-19 16:44:36,455 ] 160 RERAScrapper - INFO - Project Bank ( Escrow Account ) Details 'project_bank_details' scrapped.
[ 2025-06-19 16:44:36,455 ] 161 RERAScrapper - INFO - Project Agents 'project_agents' scrapped.
[ 2025-06-19 16:44:36,455 ] 162 RERAScrapper - INFO - Project Detail Table 'project_detail_table' scrapped.
[ 2025-06-19 16:44:36,490 ] 169 RERAScrapper - INFO - Uploaded Documents page clicked.
[ 2025-06-19 16:44:39,538 ] 184 RERAScrapper - INFO - Project Documents 'project_documents' scrapped.
[ 2025-06-19 16:44:39,539 ] 185 RERAScrapper - INFO - Project Approval 'project_approval' scrapped.
[ 2025-06-19 16:44:39,539 ] 186 RERAScrapper - INFO - Declaration 'declaration' scrapped.
[ 2025-06-19 16:44:39,539 ] 187 RERAScrapper - INFO - Other Documents 'other_documents' scrapped.
[ 2025-06-19 16:44:39,539 ] 188 RERAScrapper - INFO - Project Photo 'project_photo' scrapped.
[ 2025-06-19 16:44:39,539 ] 189 RERAScrapper - INFO - Financial Document 'financial_document' scrapped.
[ 2025-06-19 16:44:39,575 ] 198 RERAScrapper - INFO - Completion Details page clicked.
[ 2025-06-19 16:44:41,832 ] 208 RERAScrapper - INFO - Completion Details '{
    "Completion Details": {
        "Promoter has Applied for Completion on 24/08/2020": [
            "Name : Occupancy Certificate",
            "Approval Date: 31-03-2020",
            "Document: https://rera.karnataka.gov.in/download_jc?DOC_ID=6B1o2c1SPOHzuS602EtlAg%3D%3D",
            "Name : Completion certificate",
            "Approval Date: 31-03-2020",
            "Document: https://rera.karnataka.gov.in/download_jc?DOC_ID=Yr4RQV0er4BvkiFmthnulg%3D%3D",
            "Name : Registered Agreement of Sale",
            "Approval Date: 31-03-2020",
            "Document: https://rera.karnataka.gov.in/download_jc?DOC_ID=hvx%2BvrObgCrROfRkUdGN9g%3D%3D",
            "Name : Registered conveyance deed for an individual unit",
            "Approval Date: 31-03-2020",
            "Document: https://rera.karnataka.gov.in/download_jc?DOC_ID=CFoNvocpnuIAiouHAuwULw%3D%3D"
        ]
    }
}' scrapped.
[ 2025-06-19 16:44:45,950 ] 83 RERAScrapper - INFO - City 'Kolar' selected from dropdown.
[ 2025-06-19 16:44:55,486 ] 90 RERAScrapper - INFO - Select Button Clicked.
[ 2025-06-19 16:45:03,606 ] 102 RERAScrapper - INFO - Home table JSON extracted: home_table_json
[ 2025-06-19 16:45:04,977 ] 128 RERAScrapper - INFO - Promoter Details 'promoter_details' scrapped.
[ 2025-06-19 16:45:04,977 ] 129 RERAScrapper - INFO - Authorized Signatory Detail 'authorized_signatory_details' scrapped.
[ 2025-06-19 16:45:04,977 ] 130 RERAScrapper - INFO - Project Member Details 'project_member_details' scrapped.
[ 2025-06-19 16:45:04,978 ] 131 RERAScrapper - INFO - Project Land Owner Details 'project_land_owner_details' scrapped.
[ 2025-06-19 16:45:04,978 ] 132 RERAScrapper - INFO - RERA Registration Details with any other State/UTs 'rera_registration_details_with_any_details' scrapped.
[ 2025-06-19 16:45:04,978 ] 133 RERAScrapper - INFO - Previous Project Details (Last 5 years only) 'previous_project_details' scrapped.
[ 2025-06-19 16:45:07,018 ] 142 RERAScrapper - INFO - Project Details page clicked.
[ 2025-06-19 16:45:07,902 ] 156 RERAScrapper - INFO - Project Details 'project_details' scrapped.
[ 2025-06-19 16:45:07,903 ] 157 RERAScrapper - INFO - Development Details 'development_details' scrapped.
[ 2025-06-19 16:45:07,903 ] 158 RERAScrapper - INFO - External Development Work 'external_development_work' scrapped.
[ 2025-06-19 16:45:07,903 ] 159 RERAScrapper - INFO - Other External Development Work 'other_external_development_work' scrapped.
[ 2025-06-19 16:45:07,903 ] 160 RERAScrapper - INFO - Project Bank ( Escrow Account ) Details 'project_bank_details' scrapped.
[ 2025-06-19 16:45:07,904 ] 161 RERAScrapper - INFO - Project Agents 'project_agents' scrapped.
[ 2025-06-19 16:45:07,904 ] 162 RERAScrapper - INFO - Project Detail Table 'project_detail_table' scrapped.
[ 2025-06-19 16:45:07,935 ] 169 RERAScrapper - INFO - Uploaded Documents page clicked.
[ 2025-06-19 16:45:10,994 ] 184 RERAScrapper - INFO - Project Documents 'project_documents' scrapped.
[ 2025-06-19 16:45:10,995 ] 185 RERAScrapper - INFO - Project Approval 'project_approval' scrapped.
[ 2025-06-19 16:45:10,995 ] 186 RERAScrapper - INFO - Declaration 'declaration' scrapped.
[ 2025-06-19 16:45:10,995 ] 187 RERAScrapper - INFO - Other Documents 'other_documents' scrapped.
[ 2025-06-19 16:45:10,995 ] 188 RERAScrapper - INFO - Project Photo 'project_photo' scrapped.
[ 2025-06-19 16:45:10,995 ] 189 RERAScrapper - INFO - Financial Document 'financial_document' scrapped.
[ 2025-06-19 16:45:31,007 ] 200 RERAScrapper - ERROR - Timed out waiting for Completion Details page: Message: 
Stacktrace:
	GetHandleVerifier [0x0xe83b03+62899]
	GetHandleVerifier [0x0xe83b44+62964]
	(No symbol) [0x0xcb10f3]
	(No symbol) [0x0xcf980e]
	(No symbol) [0x0xcf9bab]
	(No symbol) [0x0xd425c2]
	(No symbol) [0x0xd1e554]
	(No symbol) [0x0xd3fd81]
	(No symbol) [0x0xd1e306]
	(No symbol) [0x0xced670]
	(No symbol) [0x0xcee4e4]
	GetHandleVerifier [0x0x10e4793+2556483]
	GetHandleVerifier [0x0x10dfd02+2537394]
	GetHandleVerifier [0x0xeaa2fa+220586]
	GetHandleVerifier [0x0xe9aae8+157080]
	GetHandleVerifier [0x0xea141d+184013]
	GetHandleVerifier [0x0xe8ba68+95512]
	GetHandleVerifier [0x0xe8bc10+95936]
	GetHandleVerifier [0x0xe76b5a+9738]
	BaseThreadInitThunk [0x0x75edfcc9+25]
	RtlGetAppContainerNamedObjectPath [0x0x77e682ae+286]
	RtlGetAppContainerNamedObjectPath [0x0x77e6827e+238]

[ 2025-06-19 16:45:33,036 ] 208 RERAScrapper - INFO - Completion Details '{
    "": {
        "": []
    }
}' scrapped.
[ 2025-06-19 16:45:37,155 ] 83 RERAScrapper - INFO - City 'Kolar' selected from dropdown.
[ 2025-06-19 16:45:47,501 ] 90 RERAScrapper - INFO - Select Button Clicked.
[ 2025-06-19 16:45:55,586 ] 102 RERAScrapper - INFO - Home table JSON extracted: home_table_json
[ 2025-06-19 16:45:56,927 ] 128 RERAScrapper - INFO - Promoter Details 'promoter_details' scrapped.
[ 2025-06-19 16:45:56,928 ] 129 RERAScrapper - INFO - Authorized Signatory Detail 'authorized_signatory_details' scrapped.
[ 2025-06-19 16:45:56,928 ] 130 RERAScrapper - INFO - Project Member Details 'project_member_details' scrapped.
[ 2025-06-19 16:45:56,928 ] 131 RERAScrapper - INFO - Project Land Owner Details 'project_land_owner_details' scrapped.
[ 2025-06-19 16:45:56,928 ] 132 RERAScrapper - INFO - RERA Registration Details with any other State/UTs 'rera_registration_details_with_any_details' scrapped.
[ 2025-06-19 16:45:56,928 ] 133 RERAScrapper - INFO - Previous Project Details (Last 5 years only) 'previous_project_details' scrapped.
[ 2025-06-19 16:45:58,962 ] 142 RERAScrapper - INFO - Project Details page clicked.
[ 2025-06-19 16:45:59,777 ] 156 RERAScrapper - INFO - Project Details 'project_details' scrapped.
[ 2025-06-19 16:45:59,777 ] 157 RERAScrapper - INFO - Development Details 'development_details' scrapped.
[ 2025-06-19 16:45:59,777 ] 158 RERAScrapper - INFO - External Development Work 'external_development_work' scrapped.
[ 2025-06-19 16:45:59,778 ] 159 RERAScrapper - INFO - Other External Development Work 'other_external_development_work' scrapped.
[ 2025-06-19 16:45:59,778 ] 160 RERAScrapper - INFO - Project Bank ( Escrow Account ) Details 'project_bank_details' scrapped.
[ 2025-06-19 16:45:59,778 ] 161 RERAScrapper - INFO - Project Agents 'project_agents' scrapped.
[ 2025-06-19 16:45:59,778 ] 162 RERAScrapper - INFO - Project Detail Table 'project_detail_table' scrapped.
[ 2025-06-19 16:45:59,809 ] 169 RERAScrapper - INFO - Uploaded Documents page clicked.
[ 2025-06-19 16:46:02,775 ] 184 RERAScrapper - INFO - Project Documents 'project_documents' scrapped.
[ 2025-06-19 16:46:02,775 ] 185 RERAScrapper - INFO - Project Approval 'project_approval' scrapped.
[ 2025-06-19 16:46:02,775 ] 186 RERAScrapper - INFO - Declaration 'declaration' scrapped.
[ 2025-06-19 16:46:02,776 ] 187 RERAScrapper - INFO - Other Documents 'other_documents' scrapped.
[ 2025-06-19 16:46:02,776 ] 188 RERAScrapper - INFO - Project Photo 'project_photo' scrapped.
[ 2025-06-19 16:46:02,776 ] 189 RERAScrapper - INFO - Financial Document 'financial_document' scrapped.
[ 2025-06-19 16:46:02,809 ] 198 RERAScrapper - INFO - Completion Details page clicked.
[ 2025-06-19 16:46:05,064 ] 208 RERAScrapper - INFO - Completion Details '{
    "Completion Details": {
        "Promoter has Applied for Completion on 26/12/2019": [
            "Name : Occupancy Certificate",
            "Approval Date: 19-03-2018",
            "Document: https://rera.karnataka.gov.in/download_jc?DOC_ID=25rnkkqUt3Gzouoxo9Z4lA%3D%3D",
            "Name : Completion certificate",
            "Approval Date: 19-03-2018",
            "Document: https://rera.karnataka.gov.in/download_jc?DOC_ID=NySC%2Bw0MMqUSEd0zOefI8w%3D%3D",
            "Name : Registered Agreement of Sale",
            "Approval Date: 04-02-2019",
            "Document: https://rera.karnataka.gov.in/download_jc?DOC_ID=sZBak23HTvtMkCA3tH%2F7xA%3D%3D",
            "Name : Registered conveyance deed for an individual unit",
            "Approval Date: 18-05-2019",
            "Document: https://rera.karnataka.gov.in/download_jc?DOC_ID=fuW65MQZVdkpbZvIGa78Ug%3D%3D"
        ]
    }
}' scrapped.
[ 2025-06-19 16:46:09,155 ] 83 RERAScrapper - INFO - City 'Kolar' selected from dropdown.
[ 2025-06-19 16:47:15,855 ] 90 RERAScrapper - INFO - Select Button Clicked.
[ 2025-06-19 16:47:23,963 ] 102 RERAScrapper - INFO - Home table JSON extracted: home_table_json
[ 2025-06-19 16:47:25,350 ] 128 RERAScrapper - INFO - Promoter Details 'promoter_details' scrapped.
[ 2025-06-19 16:47:25,351 ] 129 RERAScrapper - INFO - Authorized Signatory Detail 'authorized_signatory_details' scrapped.
[ 2025-06-19 16:47:25,351 ] 130 RERAScrapper - INFO - Project Member Details 'project_member_details' scrapped.
[ 2025-06-19 16:47:25,351 ] 131 RERAScrapper - INFO - Project Land Owner Details 'project_land_owner_details' scrapped.
[ 2025-06-19 16:47:25,351 ] 132 RERAScrapper - INFO - RERA Registration Details with any other State/UTs 'rera_registration_details_with_any_details' scrapped.
[ 2025-06-19 16:47:25,351 ] 133 RERAScrapper - INFO - Previous Project Details (Last 5 years only) 'previous_project_details' scrapped.
[ 2025-06-19 16:47:27,395 ] 142 RERAScrapper - INFO - Project Details page clicked.
[ 2025-06-19 16:47:28,243 ] 156 RERAScrapper - INFO - Project Details 'project_details' scrapped.
[ 2025-06-19 16:47:28,243 ] 157 RERAScrapper - INFO - Development Details 'development_details' scrapped.
[ 2025-06-19 16:47:28,243 ] 158 RERAScrapper - INFO - External Development Work 'external_development_work' scrapped.
[ 2025-06-19 16:47:28,243 ] 159 RERAScrapper - INFO - Other External Development Work 'other_external_development_work' scrapped.
[ 2025-06-19 16:47:28,243 ] 160 RERAScrapper - INFO - Project Bank ( Escrow Account ) Details 'project_bank_details' scrapped.
[ 2025-06-19 16:47:28,244 ] 161 RERAScrapper - INFO - Project Agents 'project_agents' scrapped.
[ 2025-06-19 16:47:28,244 ] 162 RERAScrapper - INFO - Project Detail Table 'project_detail_table' scrapped.
[ 2025-06-19 16:47:28,276 ] 169 RERAScrapper - INFO - Uploaded Documents page clicked.
[ 2025-06-19 16:47:31,332 ] 184 RERAScrapper - INFO - Project Documents 'project_documents' scrapped.
[ 2025-06-19 16:47:31,332 ] 185 RERAScrapper - INFO - Project Approval 'project_approval' scrapped.
[ 2025-06-19 16:47:31,332 ] 186 RERAScrapper - INFO - Declaration 'declaration' scrapped.
[ 2025-06-19 16:47:31,332 ] 187 RERAScrapper - INFO - Other Documents 'other_documents' scrapped.
[ 2025-06-19 16:47:31,332 ] 188 RERAScrapper - INFO - Project Photo 'project_photo' scrapped.
[ 2025-06-19 16:47:31,332 ] 189 RERAScrapper - INFO - Financial Document 'financial_document' scrapped.
[ 2025-06-19 16:47:51,826 ] 200 RERAScrapper - ERROR - Timed out waiting for Completion Details page: Message: 
Stacktrace:
	GetHandleVerifier [0x0xe83b03+62899]
	GetHandleVerifier [0x0xe83b44+62964]
	(No symbol) [0x0xcb10f3]
	(No symbol) [0x0xcf980e]
	(No symbol) [0x0xcf9bab]
	(No symbol) [0x0xd425c2]
	(No symbol) [0x0xd1e554]
	(No symbol) [0x0xd3fd81]
	(No symbol) [0x0xd1e306]
	(No symbol) [0x0xced670]
	(No symbol) [0x0xcee4e4]
	GetHandleVerifier [0x0x10e4793+2556483]
	GetHandleVerifier [0x0x10dfd02+2537394]
	GetHandleVerifier [0x0xeaa2fa+220586]
	GetHandleVerifier [0x0xe9aae8+157080]
	GetHandleVerifier [0x0xea141d+184013]
	GetHandleVerifier [0x0xe8ba68+95512]
	GetHandleVerifier [0x0xe8bc10+95936]
	GetHandleVerifier [0x0xe76b5a+9738]
	BaseThreadInitThunk [0x0x75edfcc9+25]
	RtlGetAppContainerNamedObjectPath [0x0x77e682ae+286]
	RtlGetAppContainerNamedObjectPath [0x0x77e6827e+238]

[ 2025-06-19 16:47:53,860 ] 208 RERAScrapper - INFO - Completion Details '{
    "": {
        "": []
    }
}' scrapped.
[ 2025-06-19 16:47:57,971 ] 83 RERAScrapper - INFO - City 'Kolar' selected from dropdown.
[ 2025-06-19 16:47:59,009 ] 90 RERAScrapper - INFO - Select Button Clicked.
[ 2025-06-19 16:48:10,379 ] 102 RERAScrapper - INFO - Home table JSON extracted: home_table_json
[ 2025-06-19 16:48:30,433 ] 217 RERAScrapper - ERROR - An error occurred in scrape_project_details: local variable 'h1_elements' referenced before assignment
[ 2025-06-19 16:48:34,504 ] 102 RERAScrapper - INFO - Home table JSON extracted: home_table_json
[ 2025-06-19 16:48:55,036 ] 217 RERAScrapper - ERROR - An error occurred in scrape_project_details: local variable 'h1_elements' referenced before assignment
[ 2025-06-19 16:49:01,183 ] 102 RERAScrapper - INFO - Home table JSON extracted: home_table_json
[ 2025-06-19 16:49:21,704 ] 217 RERAScrapper - ERROR - An error occurred in scrape_project_details: local variable 'h1_elements' referenced before assignment
[ 2025-06-19 16:49:25,766 ] 102 RERAScrapper - INFO - Home table JSON extracted: home_table_json
[ 2025-06-19 16:49:27,646 ] 128 RERAScrapper - INFO - Promoter Details 'promoter_details' scrapped.
[ 2025-06-19 16:49:27,646 ] 129 RERAScrapper - INFO - Authorized Signatory Detail 'authorized_signatory_details' scrapped.
[ 2025-06-19 16:49:27,646 ] 130 RERAScrapper - INFO - Project Member Details 'project_member_details' scrapped.
[ 2025-06-19 16:49:27,646 ] 131 RERAScrapper - INFO - Project Land Owner Details 'project_land_owner_details' scrapped.
[ 2025-06-19 16:49:27,646 ] 132 RERAScrapper - INFO - RERA Registration Details with any other State/UTs 'rera_registration_details_with_any_details' scrapped.
[ 2025-06-19 16:49:27,646 ] 133 RERAScrapper - INFO - Previous Project Details (Last 5 years only) 'previous_project_details' scrapped.
[ 2025-06-19 16:49:29,695 ] 142 RERAScrapper - INFO - Project Details page clicked.
[ 2025-06-19 16:49:30,690 ] 156 RERAScrapper - INFO - Project Details 'project_details' scrapped.
[ 2025-06-19 16:49:30,690 ] 157 RERAScrapper - INFO - Development Details 'development_details' scrapped.
[ 2025-06-19 16:49:30,690 ] 158 RERAScrapper - INFO - External Development Work 'external_development_work' scrapped.
[ 2025-06-19 16:49:30,690 ] 159 RERAScrapper - INFO - Other External Development Work 'other_external_development_work' scrapped.
[ 2025-06-19 16:49:30,690 ] 160 RERAScrapper - INFO - Project Bank ( Escrow Account ) Details 'project_bank_details' scrapped.
[ 2025-06-19 16:49:30,691 ] 161 RERAScrapper - INFO - Project Agents 'project_agents' scrapped.
[ 2025-06-19 16:49:30,691 ] 162 RERAScrapper - INFO - Project Detail Table 'project_detail_table' scrapped.
[ 2025-06-19 16:49:30,723 ] 169 RERAScrapper - INFO - Uploaded Documents page clicked.
[ 2025-06-19 16:49:33,756 ] 184 RERAScrapper - INFO - Project Documents 'project_documents' scrapped.
[ 2025-06-19 16:49:33,756 ] 185 RERAScrapper - INFO - Project Approval 'project_approval' scrapped.
[ 2025-06-19 16:49:33,756 ] 186 RERAScrapper - INFO - Declaration 'declaration' scrapped.
[ 2025-06-19 16:49:33,756 ] 187 RERAScrapper - INFO - Other Documents 'other_documents' scrapped.
[ 2025-06-19 16:49:33,757 ] 188 RERAScrapper - INFO - Project Photo 'project_photo' scrapped.
[ 2025-06-19 16:49:33,757 ] 189 RERAScrapper - INFO - Financial Document 'financial_document' scrapped.
[ 2025-06-19 16:49:53,784 ] 200 RERAScrapper - ERROR - Timed out waiting for Completion Details page: Message: 
Stacktrace:
	GetHandleVerifier [0x0xe83b03+62899]
	GetHandleVerifier [0x0xe83b44+62964]
	(No symbol) [0x0xcb10f3]
	(No symbol) [0x0xcf980e]
	(No symbol) [0x0xcf9bab]
	(No symbol) [0x0xd425c2]
	(No symbol) [0x0xd1e554]
	(No symbol) [0x0xd3fd81]
	(No symbol) [0x0xd1e306]
	(No symbol) [0x0xced670]
	(No symbol) [0x0xcee4e4]
	GetHandleVerifier [0x0x10e4793+2556483]
	GetHandleVerifier [0x0x10dfd02+2537394]
	GetHandleVerifier [0x0xeaa2fa+220586]
	GetHandleVerifier [0x0xe9aae8+157080]
	GetHandleVerifier [0x0xea141d+184013]
	GetHandleVerifier [0x0xe8ba68+95512]
	GetHandleVerifier [0x0xe8bc10+95936]
	GetHandleVerifier [0x0xe76b5a+9738]
	BaseThreadInitThunk [0x0x75edfcc9+25]
	RtlGetAppContainerNamedObjectPath [0x0x77e682ae+286]
	RtlGetAppContainerNamedObjectPath [0x0x77e6827e+238]

[ 2025-06-19 16:49:55,813 ] 208 RERAScrapper - INFO - Completion Details '{
    "": {
        "": []
    }
}' scrapped.
[ 2025-06-19 16:49:59,927 ] 83 RERAScrapper - INFO - City 'Kolar' selected from dropdown.
[ 2025-06-19 16:50:10,169 ] 90 RERAScrapper - INFO - Select Button Clicked.
[ 2025-06-19 16:50:18,263 ] 102 RERAScrapper - INFO - Home table JSON extracted: home_table_json
[ 2025-06-19 16:50:38,782 ] 217 RERAScrapper - ERROR - An error occurred in scrape_project_details: local variable 'h1_elements' referenced before assignment
[ 2025-06-19 16:50:42,842 ] 102 RERAScrapper - INFO - Home table JSON extracted: home_table_json
[ 2025-06-19 16:50:44,602 ] 128 RERAScrapper - INFO - Promoter Details 'promoter_details' scrapped.
[ 2025-06-19 16:50:44,602 ] 129 RERAScrapper - INFO - Authorized Signatory Detail 'authorized_signatory_details' scrapped.
[ 2025-06-19 16:50:44,603 ] 130 RERAScrapper - INFO - Project Member Details 'project_member_details' scrapped.
[ 2025-06-19 16:50:44,603 ] 131 RERAScrapper - INFO - Project Land Owner Details 'project_land_owner_details' scrapped.
[ 2025-06-19 16:50:44,603 ] 132 RERAScrapper - INFO - RERA Registration Details with any other State/UTs 'rera_registration_details_with_any_details' scrapped.
[ 2025-06-19 16:50:44,603 ] 133 RERAScrapper - INFO - Previous Project Details (Last 5 years only) 'previous_project_details' scrapped.
[ 2025-06-19 16:50:46,639 ] 142 RERAScrapper - INFO - Project Details page clicked.
[ 2025-06-19 16:50:47,604 ] 156 RERAScrapper - INFO - Project Details 'project_details' scrapped.
[ 2025-06-19 16:50:47,604 ] 157 RERAScrapper - INFO - Development Details 'development_details' scrapped.
[ 2025-06-19 16:50:47,604 ] 158 RERAScrapper - INFO - External Development Work 'external_development_work' scrapped.
[ 2025-06-19 16:50:47,605 ] 159 RERAScrapper - INFO - Other External Development Work 'other_external_development_work' scrapped.
[ 2025-06-19 16:50:47,605 ] 160 RERAScrapper - INFO - Project Bank ( Escrow Account ) Details 'project_bank_details' scrapped.
[ 2025-06-19 16:50:47,605 ] 161 RERAScrapper - INFO - Project Agents 'project_agents' scrapped.
[ 2025-06-19 16:50:47,605 ] 162 RERAScrapper - INFO - Project Detail Table 'project_detail_table' scrapped.
[ 2025-06-19 16:50:47,639 ] 169 RERAScrapper - INFO - Uploaded Documents page clicked.
[ 2025-06-19 16:50:50,776 ] 184 RERAScrapper - INFO - Project Documents 'project_documents' scrapped.
[ 2025-06-19 16:50:50,777 ] 185 RERAScrapper - INFO - Project Approval 'project_approval' scrapped.
[ 2025-06-19 16:50:50,777 ] 186 RERAScrapper - INFO - Declaration 'declaration' scrapped.
[ 2025-06-19 16:50:50,777 ] 187 RERAScrapper - INFO - Other Documents 'other_documents' scrapped.
[ 2025-06-19 16:50:50,777 ] 188 RERAScrapper - INFO - Project Photo 'project_photo' scrapped.
[ 2025-06-19 16:50:50,777 ] 189 RERAScrapper - INFO - Financial Document 'financial_document' scrapped.
[ 2025-06-19 16:50:50,816 ] 198 RERAScrapper - INFO - Completion Details page clicked.
[ 2025-06-19 16:50:52,901 ] 208 RERAScrapper - INFO - Completion Details '{
    "Completion Details": {
        "Promoter has Applied for Completion on 30/10/2024": [
            "Project Start Date: 17-07-2018",
            "Project End Date: 17-04-2021",
            "If any extension of time has been granted: NO"
        ]
    }
}' scrapped.
[ 2025-06-19 16:50:57,003 ] 83 RERAScrapper - INFO - City 'Kolar' selected from dropdown.
[ 2025-06-19 16:51:04,296 ] 90 RERAScrapper - INFO - Select Button Clicked.
[ 2025-06-19 16:51:12,384 ] 102 RERAScrapper - INFO - Home table JSON extracted: home_table_json
[ 2025-06-19 16:51:14,255 ] 128 RERAScrapper - INFO - Promoter Details 'promoter_details' scrapped.
[ 2025-06-19 16:51:14,255 ] 129 RERAScrapper - INFO - Authorized Signatory Detail 'authorized_signatory_details' scrapped.
[ 2025-06-19 16:51:14,255 ] 130 RERAScrapper - INFO - Project Member Details 'project_member_details' scrapped.
[ 2025-06-19 16:51:14,255 ] 131 RERAScrapper - INFO - Project Land Owner Details 'project_land_owner_details' scrapped.
[ 2025-06-19 16:51:14,255 ] 132 RERAScrapper - INFO - RERA Registration Details with any other State/UTs 'rera_registration_details_with_any_details' scrapped.
[ 2025-06-19 16:51:14,256 ] 133 RERAScrapper - INFO - Previous Project Details (Last 5 years only) 'previous_project_details' scrapped.
[ 2025-06-19 16:51:16,295 ] 142 RERAScrapper - INFO - Project Details page clicked.
[ 2025-06-19 16:51:17,163 ] 156 RERAScrapper - INFO - Project Details 'project_details' scrapped.
[ 2025-06-19 16:51:17,163 ] 157 RERAScrapper - INFO - Development Details 'development_details' scrapped.
[ 2025-06-19 16:51:17,163 ] 158 RERAScrapper - INFO - External Development Work 'external_development_work' scrapped.
[ 2025-06-19 16:51:17,163 ] 159 RERAScrapper - INFO - Other External Development Work 'other_external_development_work' scrapped.
[ 2025-06-19 16:51:17,163 ] 160 RERAScrapper - INFO - Project Bank ( Escrow Account ) Details 'project_bank_details' scrapped.
[ 2025-06-19 16:51:17,163 ] 161 RERAScrapper - INFO - Project Agents 'project_agents' scrapped.
[ 2025-06-19 16:51:17,163 ] 162 RERAScrapper - INFO - Project Detail Table 'project_detail_table' scrapped.
[ 2025-06-19 16:51:17,200 ] 169 RERAScrapper - INFO - Uploaded Documents page clicked.
[ 2025-06-19 16:51:20,220 ] 184 RERAScrapper - INFO - Project Documents 'project_documents' scrapped.
[ 2025-06-19 16:51:20,221 ] 185 RERAScrapper - INFO - Project Approval 'project_approval' scrapped.
[ 2025-06-19 16:51:20,221 ] 186 RERAScrapper - INFO - Declaration 'declaration' scrapped.
[ 2025-06-19 16:51:20,221 ] 187 RERAScrapper - INFO - Other Documents 'other_documents' scrapped.
[ 2025-06-19 16:51:20,221 ] 188 RERAScrapper - INFO - Project Photo 'project_photo' scrapped.
[ 2025-06-19 16:51:20,221 ] 189 RERAScrapper - INFO - Financial Document 'financial_document' scrapped.
[ 2025-06-19 16:51:40,747 ] 200 RERAScrapper - ERROR - Timed out waiting for Completion Details page: Message: 
Stacktrace:
	GetHandleVerifier [0x0xe83b03+62899]
	GetHandleVerifier [0x0xe83b44+62964]
	(No symbol) [0x0xcb10f3]
	(No symbol) [0x0xcf980e]
	(No symbol) [0x0xcf9bab]
	(No symbol) [0x0xd425c2]
	(No symbol) [0x0xd1e554]
	(No symbol) [0x0xd3fd81]
	(No symbol) [0x0xd1e306]
	(No symbol) [0x0xced670]
	(No symbol) [0x0xcee4e4]
	GetHandleVerifier [0x0x10e4793+2556483]
	GetHandleVerifier [0x0x10dfd02+2537394]
	GetHandleVerifier [0x0xeaa2fa+220586]
	GetHandleVerifier [0x0xe9aae8+157080]
	GetHandleVerifier [0x0xea141d+184013]
	GetHandleVerifier [0x0xe8ba68+95512]
	GetHandleVerifier [0x0xe8bc10+95936]
	GetHandleVerifier [0x0xe76b5a+9738]
	BaseThreadInitThunk [0x0x75edfcc9+25]
	RtlGetAppContainerNamedObjectPath [0x0x77e682ae+286]
	RtlGetAppContainerNamedObjectPath [0x0x77e6827e+238]

[ 2025-06-19 16:51:42,788 ] 208 RERAScrapper - INFO - Completion Details '{
    "": {
        "": []
    }
}' scrapped.
[ 2025-06-19 16:51:46,894 ] 83 RERAScrapper - INFO - City 'Kolar' selected from dropdown.
[ 2025-06-19 16:51:56,718 ] 90 RERAScrapper - INFO - Select Button Clicked.
[ 2025-06-19 16:52:04,821 ] 102 RERAScrapper - INFO - Home table JSON extracted: home_table_json
[ 2025-06-19 16:52:24,864 ] 217 RERAScrapper - ERROR - An error occurred in scrape_project_details: local variable 'h1_elements' referenced before assignment
[ 2025-06-19 16:52:28,944 ] 102 RERAScrapper - INFO - Home table JSON extracted: home_table_json
[ 2025-06-19 16:52:30,208 ] 217 RERAScrapper - ERROR - An error occurred in scrape_project_details: local variable 'h1_elements' referenced before assignment
[ 2025-06-19 16:52:34,317 ] 83 RERAScrapper - INFO - City 'Kolar' selected from dropdown.
[ 2025-06-19 16:52:42,615 ] 90 RERAScrapper - INFO - Select Button Clicked.
[ 2025-06-19 16:52:50,706 ] 102 RERAScrapper - INFO - Home table JSON extracted: home_table_json
[ 2025-06-19 16:52:51,950 ] 217 RERAScrapper - ERROR - An error occurred in scrape_project_details: local variable 'h1_elements' referenced before assignment
[ 2025-06-19 16:52:56,047 ] 83 RERAScrapper - INFO - City 'Kolar' selected from dropdown.
[ 2025-06-19 16:52:57,086 ] 90 RERAScrapper - INFO - Select Button Clicked.
[ 2025-06-19 16:54:11,293 ] 102 RERAScrapper - INFO - Home table JSON extracted: home_table_json
[ 2025-06-19 16:54:13,050 ] 217 RERAScrapper - ERROR - An error occurred in scrape_project_details: local variable 'h1_elements' referenced before assignment
[ 2025-06-19 16:54:17,152 ] 83 RERAScrapper - INFO - City 'Kolar' selected from dropdown.
[ 2025-06-19 16:54:26,308 ] 90 RERAScrapper - INFO - Select Button Clicked.
[ 2025-06-19 16:54:34,409 ] 102 RERAScrapper - INFO - Home table JSON extracted: home_table_json
[ 2025-06-19 16:54:35,635 ] 217 RERAScrapper - ERROR - An error occurred in scrape_project_details: local variable 'h1_elements' referenced before assignment
[ 2025-06-19 16:54:39,761 ] 83 RERAScrapper - INFO - City 'Kolar' selected from dropdown.
[ 2025-06-19 16:54:46,603 ] 90 RERAScrapper - INFO - Select Button Clicked.
[ 2025-06-19 16:54:56,782 ] 102 RERAScrapper - INFO - Home table JSON extracted: home_table_json
[ 2025-06-19 16:54:58,216 ] 128 RERAScrapper - INFO - Promoter Details 'promoter_details' scrapped.
[ 2025-06-19 16:54:58,216 ] 129 RERAScrapper - INFO - Authorized Signatory Detail 'authorized_signatory_details' scrapped.
[ 2025-06-19 16:54:58,216 ] 130 RERAScrapper - INFO - Project Member Details 'project_member_details' scrapped.
[ 2025-06-19 16:54:58,217 ] 131 RERAScrapper - INFO - Project Land Owner Details 'project_land_owner_details' scrapped.
[ 2025-06-19 16:54:58,217 ] 132 RERAScrapper - INFO - RERA Registration Details with any other State/UTs 'rera_registration_details_with_any_details' scrapped.
[ 2025-06-19 16:54:58,217 ] 133 RERAScrapper - INFO - Previous Project Details (Last 5 years only) 'previous_project_details' scrapped.
[ 2025-06-19 16:55:00,259 ] 142 RERAScrapper - INFO - Project Details page clicked.
[ 2025-06-19 16:55:01,120 ] 156 RERAScrapper - INFO - Project Details 'project_details' scrapped.
[ 2025-06-19 16:55:01,121 ] 157 RERAScrapper - INFO - Development Details 'development_details' scrapped.
[ 2025-06-19 16:55:01,121 ] 158 RERAScrapper - INFO - External Development Work 'external_development_work' scrapped.
[ 2025-06-19 16:55:01,121 ] 159 RERAScrapper - INFO - Other External Development Work 'other_external_development_work' scrapped.
[ 2025-06-19 16:55:01,121 ] 160 RERAScrapper - INFO - Project Bank ( Escrow Account ) Details 'project_bank_details' scrapped.
[ 2025-06-19 16:55:01,121 ] 161 RERAScrapper - INFO - Project Agents 'project_agents' scrapped.
[ 2025-06-19 16:55:01,121 ] 162 RERAScrapper - INFO - Project Detail Table 'project_detail_table' scrapped.
[ 2025-06-19 16:55:01,154 ] 169 RERAScrapper - INFO - Uploaded Documents page clicked.
[ 2025-06-19 16:55:04,181 ] 184 RERAScrapper - INFO - Project Documents 'project_documents' scrapped.
[ 2025-06-19 16:55:04,181 ] 185 RERAScrapper - INFO - Project Approval 'project_approval' scrapped.
[ 2025-06-19 16:55:04,181 ] 186 RERAScrapper - INFO - Declaration 'declaration' scrapped.
[ 2025-06-19 16:55:04,182 ] 187 RERAScrapper - INFO - Other Documents 'other_documents' scrapped.
[ 2025-06-19 16:55:04,182 ] 188 RERAScrapper - INFO - Project Photo 'project_photo' scrapped.
[ 2025-06-19 16:55:04,182 ] 189 RERAScrapper - INFO - Financial Document 'financial_document' scrapped.
[ 2025-06-19 16:55:24,211 ] 200 RERAScrapper - ERROR - Timed out waiting for Completion Details page: Message: 
Stacktrace:
	GetHandleVerifier [0x0xe83b03+62899]
	GetHandleVerifier [0x0xe83b44+62964]
	(No symbol) [0x0xcb10f3]
	(No symbol) [0x0xcf980e]
	(No symbol) [0x0xcf9bab]
	(No symbol) [0x0xd425c2]
	(No symbol) [0x0xd1e554]
	(No symbol) [0x0xd3fd81]
	(No symbol) [0x0xd1e306]
	(No symbol) [0x0xced670]
	(No symbol) [0x0xcee4e4]
	GetHandleVerifier [0x0x10e4793+2556483]
	GetHandleVerifier [0x0x10dfd02+2537394]
	GetHandleVerifier [0x0xeaa2fa+220586]
	GetHandleVerifier [0x0xe9aae8+157080]
	GetHandleVerifier [0x0xea141d+184013]
	GetHandleVerifier [0x0xe8ba68+95512]
	GetHandleVerifier [0x0xe8bc10+95936]
	GetHandleVerifier [0x0xe76b5a+9738]
	BaseThreadInitThunk [0x0x75edfcc9+25]
	RtlGetAppContainerNamedObjectPath [0x0x77e682ae+286]
	RtlGetAppContainerNamedObjectPath [0x0x77e6827e+238]

[ 2025-06-19 16:55:26,250 ] 208 RERAScrapper - INFO - Completion Details '{
    "": {
        "": []
    }
}' scrapped.
[ 2025-06-19 16:55:30,363 ] 83 RERAScrapper - INFO - City 'Kolar' selected from dropdown.
[ 2025-06-19 16:55:36,841 ] 90 RERAScrapper - INFO - Select Button Clicked.
[ 2025-06-19 16:55:44,931 ] 102 RERAScrapper - INFO - Home table JSON extracted: home_table_json
[ 2025-06-19 16:55:46,297 ] 128 RERAScrapper - INFO - Promoter Details 'promoter_details' scrapped.
[ 2025-06-19 16:55:46,298 ] 129 RERAScrapper - INFO - Authorized Signatory Detail 'authorized_signatory_details' scrapped.
[ 2025-06-19 16:55:46,298 ] 130 RERAScrapper - INFO - Project Member Details 'project_member_details' scrapped.
[ 2025-06-19 16:55:46,298 ] 131 RERAScrapper - INFO - Project Land Owner Details 'project_land_owner_details' scrapped.
[ 2025-06-19 16:55:46,298 ] 132 RERAScrapper - INFO - RERA Registration Details with any other State/UTs 'rera_registration_details_with_any_details' scrapped.
[ 2025-06-19 16:55:46,298 ] 133 RERAScrapper - INFO - Previous Project Details (Last 5 years only) 'previous_project_details' scrapped.
[ 2025-06-19 16:55:48,336 ] 142 RERAScrapper - INFO - Project Details page clicked.
[ 2025-06-19 16:55:49,190 ] 156 RERAScrapper - INFO - Project Details 'project_details' scrapped.
[ 2025-06-19 16:55:49,190 ] 157 RERAScrapper - INFO - Development Details 'development_details' scrapped.
[ 2025-06-19 16:55:49,190 ] 158 RERAScrapper - INFO - External Development Work 'external_development_work' scrapped.
[ 2025-06-19 16:55:49,191 ] 159 RERAScrapper - INFO - Other External Development Work 'other_external_development_work' scrapped.
[ 2025-06-19 16:55:49,191 ] 160 RERAScrapper - INFO - Project Bank ( Escrow Account ) Details 'project_bank_details' scrapped.
[ 2025-06-19 16:55:49,191 ] 161 RERAScrapper - INFO - Project Agents 'project_agents' scrapped.
[ 2025-06-19 16:55:49,191 ] 162 RERAScrapper - INFO - Project Detail Table 'project_detail_table' scrapped.
[ 2025-06-19 16:55:49,228 ] 169 RERAScrapper - INFO - Uploaded Documents page clicked.
[ 2025-06-19 16:55:52,233 ] 184 RERAScrapper - INFO - Project Documents 'project_documents' scrapped.
[ 2025-06-19 16:55:52,233 ] 185 RERAScrapper - INFO - Project Approval 'project_approval' scrapped.
[ 2025-06-19 16:55:52,233 ] 186 RERAScrapper - INFO - Declaration 'declaration' scrapped.
[ 2025-06-19 16:55:52,233 ] 187 RERAScrapper - INFO - Other Documents 'other_documents' scrapped.
[ 2025-06-19 16:55:52,233 ] 188 RERAScrapper - INFO - Project Photo 'project_photo' scrapped.
[ 2025-06-19 16:55:52,233 ] 189 RERAScrapper - INFO - Financial Document 'financial_document' scrapped.
[ 2025-06-19 16:56:12,748 ] 200 RERAScrapper - ERROR - Timed out waiting for Completion Details page: Message: 
Stacktrace:
	GetHandleVerifier [0x0xe83b03+62899]
	GetHandleVerifier [0x0xe83b44+62964]
	(No symbol) [0x0xcb10f3]
	(No symbol) [0x0xcf980e]
	(No symbol) [0x0xcf9bab]
	(No symbol) [0x0xd425c2]
	(No symbol) [0x0xd1e554]
	(No symbol) [0x0xd3fd81]
	(No symbol) [0x0xd1e306]
	(No symbol) [0x0xced670]
	(No symbol) [0x0xcee4e4]
	GetHandleVerifier [0x0x10e4793+2556483]
	GetHandleVerifier [0x0x10dfd02+2537394]
	GetHandleVerifier [0x0xeaa2fa+220586]
	GetHandleVerifier [0x0xe9aae8+157080]
	GetHandleVerifier [0x0xea141d+184013]
	GetHandleVerifier [0x0xe8ba68+95512]
	GetHandleVerifier [0x0xe8bc10+95936]
	GetHandleVerifier [0x0xe76b5a+9738]
	BaseThreadInitThunk [0x0x75edfcc9+25]
	RtlGetAppContainerNamedObjectPath [0x0x77e682ae+286]
	RtlGetAppContainerNamedObjectPath [0x0x77e6827e+238]

[ 2025-06-19 16:56:14,786 ] 208 RERAScrapper - INFO - Completion Details '{
    "": {
        "": []
    }
}' scrapped.
[ 2025-06-19 16:56:18,895 ] 83 RERAScrapper - INFO - City 'Kolar' selected from dropdown.
[ 2025-06-19 16:56:25,487 ] 90 RERAScrapper - INFO - Select Button Clicked.
[ 2025-06-19 16:56:33,593 ] 102 RERAScrapper - INFO - Home table JSON extracted: home_table_json
[ 2025-06-19 16:56:34,941 ] 128 RERAScrapper - INFO - Promoter Details 'promoter_details' scrapped.
[ 2025-06-19 16:56:34,941 ] 129 RERAScrapper - INFO - Authorized Signatory Detail 'authorized_signatory_details' scrapped.
[ 2025-06-19 16:56:34,942 ] 130 RERAScrapper - INFO - Project Member Details 'project_member_details' scrapped.
[ 2025-06-19 16:56:34,942 ] 131 RERAScrapper - INFO - Project Land Owner Details 'project_land_owner_details' scrapped.
[ 2025-06-19 16:56:34,942 ] 132 RERAScrapper - INFO - RERA Registration Details with any other State/UTs 'rera_registration_details_with_any_details' scrapped.
[ 2025-06-19 16:56:34,942 ] 133 RERAScrapper - INFO - Previous Project Details (Last 5 years only) 'previous_project_details' scrapped.
[ 2025-06-19 16:56:36,982 ] 142 RERAScrapper - INFO - Project Details page clicked.
[ 2025-06-19 16:56:37,830 ] 156 RERAScrapper - INFO - Project Details 'project_details' scrapped.
[ 2025-06-19 16:56:37,830 ] 157 RERAScrapper - INFO - Development Details 'development_details' scrapped.
[ 2025-06-19 16:56:37,830 ] 158 RERAScrapper - INFO - External Development Work 'external_development_work' scrapped.
[ 2025-06-19 16:56:37,830 ] 159 RERAScrapper - INFO - Other External Development Work 'other_external_development_work' scrapped.
[ 2025-06-19 16:56:37,831 ] 160 RERAScrapper - INFO - Project Bank ( Escrow Account ) Details 'project_bank_details' scrapped.
[ 2025-06-19 16:56:37,831 ] 161 RERAScrapper - INFO - Project Agents 'project_agents' scrapped.
[ 2025-06-19 16:56:37,831 ] 162 RERAScrapper - INFO - Project Detail Table 'project_detail_table' scrapped.
[ 2025-06-19 16:56:37,866 ] 169 RERAScrapper - INFO - Uploaded Documents page clicked.
[ 2025-06-19 16:56:40,878 ] 184 RERAScrapper - INFO - Project Documents 'project_documents' scrapped.
[ 2025-06-19 16:56:40,879 ] 185 RERAScrapper - INFO - Project Approval 'project_approval' scrapped.
[ 2025-06-19 16:56:40,879 ] 186 RERAScrapper - INFO - Declaration 'declaration' scrapped.
[ 2025-06-19 16:56:40,879 ] 187 RERAScrapper - INFO - Other Documents 'other_documents' scrapped.
[ 2025-06-19 16:56:40,879 ] 188 RERAScrapper - INFO - Project Photo 'project_photo' scrapped.
[ 2025-06-19 16:56:40,879 ] 189 RERAScrapper - INFO - Financial Document 'financial_document' scrapped.
[ 2025-06-19 16:56:40,915 ] 198 RERAScrapper - INFO - Completion Details page clicked.
[ 2025-06-19 16:56:43,004 ] 208 RERAScrapper - INFO - Completion Details '{
    "Completion Details": {
        "Promoter has Applied for Completion on 21/04/2021": [
            "Project Start Date: 20-10-2018",
            "Project End Date: 20-07-2022",
            "If any extension of time has been granted: NO"
        ]
    }
}' scrapped.
[ 2025-06-19 16:56:47,111 ] 83 RERAScrapper - INFO - City 'Kolar' selected from dropdown.
[ 2025-06-19 16:56:53,659 ] 90 RERAScrapper - INFO - Select Button Clicked.
[ 2025-06-19 16:57:01,768 ] 102 RERAScrapper - INFO - Home table JSON extracted: home_table_json
[ 2025-06-19 16:57:03,180 ] 128 RERAScrapper - INFO - Promoter Details 'promoter_details' scrapped.
[ 2025-06-19 16:57:03,181 ] 129 RERAScrapper - INFO - Authorized Signatory Detail 'authorized_signatory_details' scrapped.
[ 2025-06-19 16:57:03,181 ] 130 RERAScrapper - INFO - Project Member Details 'project_member_details' scrapped.
[ 2025-06-19 16:57:03,181 ] 131 RERAScrapper - INFO - Project Land Owner Details 'project_land_owner_details' scrapped.
[ 2025-06-19 16:57:03,181 ] 132 RERAScrapper - INFO - RERA Registration Details with any other State/UTs 'rera_registration_details_with_any_details' scrapped.
[ 2025-06-19 16:57:03,181 ] 133 RERAScrapper - INFO - Previous Project Details (Last 5 years only) 'previous_project_details' scrapped.
[ 2025-06-19 16:57:05,217 ] 142 RERAScrapper - INFO - Project Details page clicked.
[ 2025-06-19 16:57:06,195 ] 156 RERAScrapper - INFO - Project Details 'project_details' scrapped.
[ 2025-06-19 16:57:06,195 ] 157 RERAScrapper - INFO - Development Details 'development_details' scrapped.
[ 2025-06-19 16:57:06,195 ] 158 RERAScrapper - INFO - External Development Work 'external_development_work' scrapped.
[ 2025-06-19 16:57:06,196 ] 159 RERAScrapper - INFO - Other External Development Work 'other_external_development_work' scrapped.
[ 2025-06-19 16:57:06,196 ] 160 RERAScrapper - INFO - Project Bank ( Escrow Account ) Details 'project_bank_details' scrapped.
[ 2025-06-19 16:57:06,196 ] 161 RERAScrapper - INFO - Project Agents 'project_agents' scrapped.
[ 2025-06-19 16:57:06,196 ] 162 RERAScrapper - INFO - Project Detail Table 'project_detail_table' scrapped.
[ 2025-06-19 16:57:06,230 ] 169 RERAScrapper - INFO - Uploaded Documents page clicked.
[ 2025-06-19 16:57:09,239 ] 184 RERAScrapper - INFO - Project Documents 'project_documents' scrapped.
[ 2025-06-19 16:57:09,240 ] 185 RERAScrapper - INFO - Project Approval 'project_approval' scrapped.
[ 2025-06-19 16:57:09,240 ] 186 RERAScrapper - INFO - Declaration 'declaration' scrapped.
[ 2025-06-19 16:57:09,240 ] 187 RERAScrapper - INFO - Other Documents 'other_documents' scrapped.
[ 2025-06-19 16:57:09,240 ] 188 RERAScrapper - INFO - Project Photo 'project_photo' scrapped.
[ 2025-06-19 16:57:09,240 ] 189 RERAScrapper - INFO - Financial Document 'financial_document' scrapped.
[ 2025-06-19 16:57:09,274 ] 198 RERAScrapper - INFO - Completion Details page clicked.
[ 2025-06-19 16:57:11,539 ] 208 RERAScrapper - INFO - Completion Details '{
    "Completion Details": {
        "Promoter has Applied for Completion on 02/06/2020": [
            "Name : Occupancy Certificate",
            "Approval Date: 05-07-2019",
            "Document: https://rera.karnataka.gov.in/download_jc?DOC_ID=xkaG98zuzECGEDIr1DeB%2Fw%3D%3D",
            "Name : Completion certificate",
            "Approval Date: 05-07-2019",
            "Document: https://rera.karnataka.gov.in/download_jc?DOC_ID=P91LATiuhKaDpVGlGDBoTA%3D%3D",
            "Name : Registered Agreement of Sale",
            "Approval Date: 28-02-2020",
            "Document: https://rera.karnataka.gov.in/download_jc?DOC_ID=vNznaHHSKh9sshI2Izm6tw%3D%3D",
            "Name : Registered conveyance deed for an individual unit",
            "Approval Date: 28-02-2020",
            "Document: https://rera.karnataka.gov.in/download_jc?DOC_ID=O3svu8EO9nPwHJMdNWrkJg%3D%3D"
        ]
    }
}' scrapped.
[ 2025-06-19 16:57:15,646 ] 83 RERAScrapper - INFO - City 'Kolar' selected from dropdown.
[ 2025-06-19 16:57:22,295 ] 90 RERAScrapper - INFO - Select Button Clicked.
[ 2025-06-19 16:57:30,401 ] 102 RERAScrapper - INFO - Home table JSON extracted: home_table_json
[ 2025-06-19 16:57:31,887 ] 128 RERAScrapper - INFO - Promoter Details 'promoter_details' scrapped.
[ 2025-06-19 16:57:31,888 ] 129 RERAScrapper - INFO - Authorized Signatory Detail 'authorized_signatory_details' scrapped.
[ 2025-06-19 16:57:31,888 ] 130 RERAScrapper - INFO - Project Member Details 'project_member_details' scrapped.
[ 2025-06-19 16:57:31,888 ] 131 RERAScrapper - INFO - Project Land Owner Details 'project_land_owner_details' scrapped.
[ 2025-06-19 16:57:31,888 ] 132 RERAScrapper - INFO - RERA Registration Details with any other State/UTs 'rera_registration_details_with_any_details' scrapped.
[ 2025-06-19 16:57:31,888 ] 133 RERAScrapper - INFO - Previous Project Details (Last 5 years only) 'previous_project_details' scrapped.
[ 2025-06-19 16:57:33,930 ] 142 RERAScrapper - INFO - Project Details page clicked.
[ 2025-06-19 16:57:34,780 ] 156 RERAScrapper - INFO - Project Details 'project_details' scrapped.
[ 2025-06-19 16:57:34,780 ] 157 RERAScrapper - INFO - Development Details 'development_details' scrapped.
[ 2025-06-19 16:57:34,780 ] 158 RERAScrapper - INFO - External Development Work 'external_development_work' scrapped.
[ 2025-06-19 16:57:34,780 ] 159 RERAScrapper - INFO - Other External Development Work 'other_external_development_work' scrapped.
[ 2025-06-19 16:57:34,781 ] 160 RERAScrapper - INFO - Project Bank ( Escrow Account ) Details 'project_bank_details' scrapped.
[ 2025-06-19 16:57:34,781 ] 161 RERAScrapper - INFO - Project Agents 'project_agents' scrapped.
[ 2025-06-19 16:57:34,781 ] 162 RERAScrapper - INFO - Project Detail Table 'project_detail_table' scrapped.
[ 2025-06-19 16:57:34,816 ] 169 RERAScrapper - INFO - Uploaded Documents page clicked.
[ 2025-06-19 16:57:37,852 ] 184 RERAScrapper - INFO - Project Documents 'project_documents' scrapped.
[ 2025-06-19 16:57:37,852 ] 185 RERAScrapper - INFO - Project Approval 'project_approval' scrapped.
[ 2025-06-19 16:57:37,853 ] 186 RERAScrapper - INFO - Declaration 'declaration' scrapped.
[ 2025-06-19 16:57:37,853 ] 187 RERAScrapper - INFO - Other Documents 'other_documents' scrapped.
[ 2025-06-19 16:57:37,853 ] 188 RERAScrapper - INFO - Project Photo 'project_photo' scrapped.
[ 2025-06-19 16:57:37,853 ] 189 RERAScrapper - INFO - Financial Document 'financial_document' scrapped.
[ 2025-06-19 16:57:37,891 ] 198 RERAScrapper - INFO - Completion Details page clicked.
[ 2025-06-19 16:57:39,978 ] 208 RERAScrapper - INFO - Completion Details '{
    "Completion Details": {
        "Promoter has Applied for Completion on 03/02/2021": [
            "Project Start Date: 01-11-2018",
            "Project End Date: 30-05-2023",
            "If any extension of time has been granted: NO"
        ]
    }
}' scrapped.
[ 2025-06-19 16:57:44,076 ] 83 RERAScrapper - INFO - City 'Kolar' selected from dropdown.
[ 2025-06-19 16:57:53,435 ] 90 RERAScrapper - INFO - Select Button Clicked.
[ 2025-06-19 16:58:01,546 ] 102 RERAScrapper - INFO - Home table JSON extracted: home_table_json
[ 2025-06-19 16:58:02,896 ] 128 RERAScrapper - INFO - Promoter Details 'promoter_details' scrapped.
[ 2025-06-19 16:58:02,896 ] 129 RERAScrapper - INFO - Authorized Signatory Detail 'authorized_signatory_details' scrapped.
[ 2025-06-19 16:58:02,896 ] 130 RERAScrapper - INFO - Project Member Details 'project_member_details' scrapped.
[ 2025-06-19 16:58:02,896 ] 131 RERAScrapper - INFO - Project Land Owner Details 'project_land_owner_details' scrapped.
[ 2025-06-19 16:58:02,896 ] 132 RERAScrapper - INFO - RERA Registration Details with any other State/UTs 'rera_registration_details_with_any_details' scrapped.
[ 2025-06-19 16:58:02,896 ] 133 RERAScrapper - INFO - Previous Project Details (Last 5 years only) 'previous_project_details' scrapped.
[ 2025-06-19 16:58:04,941 ] 142 RERAScrapper - INFO - Project Details page clicked.
[ 2025-06-19 16:58:05,876 ] 156 RERAScrapper - INFO - Project Details 'project_details' scrapped.
[ 2025-06-19 16:58:05,876 ] 157 RERAScrapper - INFO - Development Details 'development_details' scrapped.
[ 2025-06-19 16:58:05,876 ] 158 RERAScrapper - INFO - External Development Work 'external_development_work' scrapped.
[ 2025-06-19 16:58:05,876 ] 159 RERAScrapper - INFO - Other External Development Work 'other_external_development_work' scrapped.
[ 2025-06-19 16:58:05,877 ] 160 RERAScrapper - INFO - Project Bank ( Escrow Account ) Details 'project_bank_details' scrapped.
[ 2025-06-19 16:58:05,877 ] 161 RERAScrapper - INFO - Project Agents 'project_agents' scrapped.
[ 2025-06-19 16:58:05,877 ] 162 RERAScrapper - INFO - Project Detail Table 'project_detail_table' scrapped.
[ 2025-06-19 16:58:05,913 ] 169 RERAScrapper - INFO - Uploaded Documents page clicked.
[ 2025-06-19 16:58:08,947 ] 184 RERAScrapper - INFO - Project Documents 'project_documents' scrapped.
[ 2025-06-19 16:58:08,948 ] 185 RERAScrapper - INFO - Project Approval 'project_approval' scrapped.
[ 2025-06-19 16:58:08,948 ] 186 RERAScrapper - INFO - Declaration 'declaration' scrapped.
[ 2025-06-19 16:58:08,948 ] 187 RERAScrapper - INFO - Other Documents 'other_documents' scrapped.
[ 2025-06-19 16:58:08,948 ] 188 RERAScrapper - INFO - Project Photo 'project_photo' scrapped.
[ 2025-06-19 16:58:08,948 ] 189 RERAScrapper - INFO - Financial Document 'financial_document' scrapped.
[ 2025-06-19 16:58:08,982 ] 198 RERAScrapper - INFO - Completion Details page clicked.
[ 2025-06-19 16:58:11,238 ] 208 RERAScrapper - INFO - Completion Details '{
    "Completion Details": {
        "Promoter has Applied for Completion on 02/10/2020": [
            "Name : Occupancy Certificate",
            "Approval Date: 29-09-2020",
            "Document: https://rera.karnataka.gov.in/download_jc?DOC_ID=P0aUiA9CdZG%2Fg9Iw%2FQXTHQ%3D%3D",
            "Name : Completion certificate",
            "Approval Date: 29-09-2020",
            "Document: https://rera.karnataka.gov.in/download_jc?DOC_ID=Ib81Y9eKxLcPApYcKhG4Xw%3D%3D",
            "Name : Registered Agreement of Sale",
            "Approval Date: 29-09-2020",
            "Document: https://rera.karnataka.gov.in/download_jc?DOC_ID=lIAqHKmrEwhraZjDZfW%2F2A%3D%3D",
            "Name : Registered conveyance deed for an individual unit",
            "Approval Date: 01-07-2020",
            "Document: https://rera.karnataka.gov.in/download_jc?DOC_ID=vjnrAfPGos3vfDLOo0%2BhVw%3D%3D"
        ]
    }
}' scrapped.
[ 2025-06-19 16:58:15,350 ] 83 RERAScrapper - INFO - City 'Kolar' selected from dropdown.
[ 2025-06-19 16:58:22,368 ] 90 RERAScrapper - INFO - Select Button Clicked.
[ 2025-06-19 16:58:30,474 ] 102 RERAScrapper - INFO - Home table JSON extracted: home_table_json
[ 2025-06-19 16:58:31,844 ] 128 RERAScrapper - INFO - Promoter Details 'promoter_details' scrapped.
[ 2025-06-19 16:58:31,844 ] 129 RERAScrapper - INFO - Authorized Signatory Detail 'authorized_signatory_details' scrapped.
[ 2025-06-19 16:58:31,844 ] 130 RERAScrapper - INFO - Project Member Details 'project_member_details' scrapped.
[ 2025-06-19 16:58:31,844 ] 131 RERAScrapper - INFO - Project Land Owner Details 'project_land_owner_details' scrapped.
[ 2025-06-19 16:58:31,844 ] 132 RERAScrapper - INFO - RERA Registration Details with any other State/UTs 'rera_registration_details_with_any_details' scrapped.
[ 2025-06-19 16:58:31,845 ] 133 RERAScrapper - INFO - Previous Project Details (Last 5 years only) 'previous_project_details' scrapped.
[ 2025-06-19 16:58:33,886 ] 142 RERAScrapper - INFO - Project Details page clicked.
[ 2025-06-19 16:58:34,770 ] 156 RERAScrapper - INFO - Project Details 'project_details' scrapped.
[ 2025-06-19 16:58:34,770 ] 157 RERAScrapper - INFO - Development Details 'development_details' scrapped.
[ 2025-06-19 16:58:34,770 ] 158 RERAScrapper - INFO - External Development Work 'external_development_work' scrapped.
[ 2025-06-19 16:58:34,770 ] 159 RERAScrapper - INFO - Other External Development Work 'other_external_development_work' scrapped.
[ 2025-06-19 16:58:34,770 ] 160 RERAScrapper - INFO - Project Bank ( Escrow Account ) Details 'project_bank_details' scrapped.
[ 2025-06-19 16:58:34,770 ] 161 RERAScrapper - INFO - Project Agents 'project_agents' scrapped.
[ 2025-06-19 16:58:34,770 ] 162 RERAScrapper - INFO - Project Detail Table 'project_detail_table' scrapped.
[ 2025-06-19 16:58:34,807 ] 169 RERAScrapper - INFO - Uploaded Documents page clicked.
[ 2025-06-19 16:58:37,836 ] 184 RERAScrapper - INFO - Project Documents 'project_documents' scrapped.
[ 2025-06-19 16:58:37,836 ] 185 RERAScrapper - INFO - Project Approval 'project_approval' scrapped.
[ 2025-06-19 16:58:37,836 ] 186 RERAScrapper - INFO - Declaration 'declaration' scrapped.
[ 2025-06-19 16:58:37,836 ] 187 RERAScrapper - INFO - Other Documents 'other_documents' scrapped.
[ 2025-06-19 16:58:37,836 ] 188 RERAScrapper - INFO - Project Photo 'project_photo' scrapped.
[ 2025-06-19 16:58:37,837 ] 189 RERAScrapper - INFO - Financial Document 'financial_document' scrapped.
[ 2025-06-19 16:58:37,872 ] 198 RERAScrapper - INFO - Completion Details page clicked.
[ 2025-06-19 16:58:40,126 ] 208 RERAScrapper - INFO - Completion Details '{
    "Completion Details": {
        "Promoter has Applied for Completion on 21/09/2020": [
            "Name : Occupancy Certificate",
            "Approval Date: 01-01-0001",
            "Document: https://rera.karnataka.gov.in/download_jc?DOC_ID=Kz8FmtnWnt5FFHdfHY7%2FIA%3D%3D",
            "Name : Completion certificate",
            "Approval Date: 05-07-2019",
            "Document: https://rera.karnataka.gov.in/download_jc?DOC_ID=nwNjc%2F9nMD84dSPHz83lQQ%3D%3D",
            "Name : Registered Agreement of Sale",
            "Approval Date: 31-08-2019",
            "Document: https://rera.karnataka.gov.in/download_jc?DOC_ID=zF%2BiVuqONtgx7aR7SkEOow%3D%3D",
            "Name : Registered conveyance deed for an individual unit",
            "Approval Date: 14-11-2018",
            "Document: https://rera.karnataka.gov.in/download_jc?DOC_ID=tje9chjHyIRKTiZb2yRYCw%3D%3D"
        ]
    }
}' scrapped.
[ 2025-06-19 16:58:44,241 ] 83 RERAScrapper - INFO - City 'Kolar' selected from dropdown.
[ 2025-06-19 16:58:51,461 ] 90 RERAScrapper - INFO - Select Button Clicked.
[ 2025-06-19 16:58:59,546 ] 102 RERAScrapper - INFO - Home table JSON extracted: home_table_json
[ 2025-06-19 16:59:01,393 ] 128 RERAScrapper - INFO - Promoter Details 'promoter_details' scrapped.
[ 2025-06-19 16:59:01,394 ] 129 RERAScrapper - INFO - Authorized Signatory Detail 'authorized_signatory_details' scrapped.
[ 2025-06-19 16:59:01,394 ] 130 RERAScrapper - INFO - Project Member Details 'project_member_details' scrapped.
[ 2025-06-19 16:59:01,394 ] 131 RERAScrapper - INFO - Project Land Owner Details 'project_land_owner_details' scrapped.
[ 2025-06-19 16:59:01,394 ] 132 RERAScrapper - INFO - RERA Registration Details with any other State/UTs 'rera_registration_details_with_any_details' scrapped.
[ 2025-06-19 16:59:01,394 ] 133 RERAScrapper - INFO - Previous Project Details (Last 5 years only) 'previous_project_details' scrapped.
[ 2025-06-19 16:59:03,427 ] 142 RERAScrapper - INFO - Project Details page clicked.
[ 2025-06-19 16:59:04,229 ] 156 RERAScrapper - INFO - Project Details 'project_details' scrapped.
[ 2025-06-19 16:59:04,229 ] 157 RERAScrapper - INFO - Development Details 'development_details' scrapped.
[ 2025-06-19 16:59:04,229 ] 158 RERAScrapper - INFO - External Development Work 'external_development_work' scrapped.
[ 2025-06-19 16:59:04,229 ] 159 RERAScrapper - INFO - Other External Development Work 'other_external_development_work' scrapped.
[ 2025-06-19 16:59:04,229 ] 160 RERAScrapper - INFO - Project Bank ( Escrow Account ) Details 'project_bank_details' scrapped.
[ 2025-06-19 16:59:04,230 ] 161 RERAScrapper - INFO - Project Agents 'project_agents' scrapped.
[ 2025-06-19 16:59:04,230 ] 162 RERAScrapper - INFO - Project Detail Table 'project_detail_table' scrapped.
[ 2025-06-19 16:59:04,258 ] 169 RERAScrapper - INFO - Uploaded Documents page clicked.
[ 2025-06-19 16:59:07,205 ] 184 RERAScrapper - INFO - Project Documents 'project_documents' scrapped.
[ 2025-06-19 16:59:07,205 ] 185 RERAScrapper - INFO - Project Approval 'project_approval' scrapped.
[ 2025-06-19 16:59:07,205 ] 186 RERAScrapper - INFO - Declaration 'declaration' scrapped.
[ 2025-06-19 16:59:07,205 ] 187 RERAScrapper - INFO - Other Documents 'other_documents' scrapped.
[ 2025-06-19 16:59:07,205 ] 188 RERAScrapper - INFO - Project Photo 'project_photo' scrapped.
[ 2025-06-19 16:59:07,205 ] 189 RERAScrapper - INFO - Financial Document 'financial_document' scrapped.
[ 2025-06-19 16:59:07,234 ] 198 RERAScrapper - INFO - Completion Details page clicked.
[ 2025-06-19 16:59:09,322 ] 208 RERAScrapper - INFO - Completion Details '{
    "Completion Details": {
        "Promoter has Applied for Completion on 26/12/2020": [
            "Project Start Date: 08-01-2019",
            "Project End Date: 08-07-2021",
            "If any extension of time has been granted: NO"
        ]
    }
}' scrapped.
[ 2025-06-19 16:59:13,417 ] 83 RERAScrapper - INFO - City 'Kolar' selected from dropdown.
[ 2025-06-19 16:59:14,451 ] 90 RERAScrapper - INFO - Select Button Clicked.
