[ 2025-06-12 07:51:36,919 ] 346 undetected_chromedriver.patcher - INFO - patching driver executable C:\Users\Utkarsh\appdata\roaming\undetected_chromedriver\undetected_chromedriver.exe
[ 2025-06-12 07:51:37,550 ] 61 RERAScrapper - INFO - Browser initialized successfully.
[ 2025-06-12 07:51:41,298 ] 70 RERAScrapper - INFO - Navigated to URL: https://rera.karnataka.gov.in/viewAllProjects
[ 2025-06-12 07:51:41,474 ] 83 RERAScrapper - INFO - City 'Vijayapura' selected from dropdown.
[ 2025-06-12 07:51:42,557 ] 94 RERAScrapper - ERROR - Error during city selection: Message: element click intercepted: Element <input name="btn1" class="btn-style" value="Search" type="submit" style="font-size: 13px;"> is not clickable at point (944, 609). Other element would receive the click: <div id="loader" style="font-size: 13px; opacity: 0.013815;"></div>
  (Session info: chrome=137.0.7151.70)
Stacktrace:
	GetHandleVerifier [0x0xb23783+63299]
	GetHandleVerifier [0x0xb237c4+63364]
	(No symbol) [0x0x951113]
	(No symbol) [0x0x99fbb0]
	(No symbol) [0x0x99df6a]
	(No symbol) [0x0x99bad7]
	(No symbol) [0x0x99ada7]
	(No symbol) [0x0x98f445]
	(No symbol) [0x0x9be57c]
	(No symbol) [0x0x98eed4]
	(No symbol) [0x0x9be7f4]
	(No symbol) [0x0x9dfa4a]
	(No symbol) [0x0x9be376]
	(No symbol) [0x0x98d6e0]
	(No symbol) [0x0x98e544]
	GetHandleVerifier [0x0xd7e073+2531379]
	GetHandleVerifier [0x0xd79372+2511666]
	GetHandleVerifier [0x0xb49efa+220858]
	GetHandleVerifier [0x0xb3a548+156936]
	GetHandleVerifier [0x0xb40c7d+183357]
	GetHandleVerifier [0x0xb2b6e8+95912]
	GetHandleVerifier [0x0xb2b890+96336]
	GetHandleVerifier [0x0xb1666a+9770]
	BaseThreadInitThunk [0x0x7653fcc9+25]
	RtlGetAppContainerNamedObjectPath [0x0x77a582ae+286]
	RtlGetAppContainerNamedObjectPath [0x0x77a5827e+238]

