[ 2025-06-12 15:08:37,779 ] 346 undetected_chromedriver.patcher - INFO - patching driver executable C:\Users\Utkarsh\appdata\roaming\undetected_chromedriver\undetected_chromedriver.exe
[ 2025-06-12 15:08:38,846 ] 61 RERAScrapper - INFO - Browser initialized successfully.
[ 2025-06-12 15:09:13,076 ] 69 RERAScrapper - INFO - Navigated to URL: https://rera.karnataka.gov.in/viewAllProjects
[ 2025-06-12 15:09:13,323 ] 82 RERAScrapper - INFO - City 'Vijayapura' selected from dropdown.
[ 2025-06-12 15:09:39,577 ] 100 RERAScrapper - INFO - Home table JSON extracted: home_table_json
[ 2025-06-12 15:09:42,512 ] 122 RERAScrapper - INFO - Promoter Details 'promoter_details' scrapped.
[ 2025-06-12 15:09:42,512 ] 123 RERAScrapper - INFO - Authorized Signatory Detail 'authorized_signatory_details' scrapped.
[ 2025-06-12 15:09:42,512 ] 124 RERAScrapper - INFO - Project Member Details 'project_member_details' scrapped.
[ 2025-06-12 15:09:42,512 ] 125 RERAScrapper - INFO - Project Land Owner Details 'project_land_owner_details' scrapped.
[ 2025-06-12 15:09:42,512 ] 126 RERAScrapper - INFO - RERA Registration Details with any other State/UTs 'rera_registration_details_with_any_details' scrapped.
[ 2025-06-12 15:09:42,512 ] 127 RERAScrapper - INFO - Previous Project Details (Last 5 years only) 'previous_project_details' scrapped.
[ 2025-06-12 15:09:44,553 ] 133 RERAScrapper - INFO - Project Details page clicked.
[ 2025-06-12 15:09:45,920 ] 142 RERAScrapper - INFO - Project Details '{
    "": [
        "Proposed Project Completion Date: 31-07-2018",
        "Total Area Of Land (Sq Mtr): 26810",
        "Total Coverd Area (Sq Mtr) : 0",
        "Total Open Area (Sq Mtr): 2561",
        "Estimated Cost of Construction (INR) : 13000000",
        "Cost of Land (INR): 495551",
        "Total Project Cost (INR) : 13495551",
        "Project Address: Baratgi Road, Vijayapura",
        "District: Vijayapura",
        "Taluk: Bijapur",
        "North Latitude: 16\u00b052'34.9\" N",
        "North Longitude: 75\u00b043'43.6\" E",
        "East Latitude: 16\u00b052'27.4\"N",
        "East Longitude: 75\u00b043'41.8\"E",
        "West Latitude: 16\u00b052'25.6\"N",
        "West Longitude: 75\u00b043'44.5\"E",
        "South Latitude: 16\u00b052'29.0\"N",
        "South Longitude: 75\u00b043'47.5\"E",
        "Approving Authority: Vijayapura Urban Development Authority",
        "No of Garage for Sale: 0",
        "Area of Garage for Sale (Sq Mtr): 0",
        "No of Parking for Sale: 0",
        "Area of Parking for Sale (Sq Mtr): 0"
    ]
}' scrapped.
[ 2025-06-12 15:09:45,922 ] 143 RERAScrapper - INFO - Development Details '{
    "Development Details": [
        "Type of Inventory: Plotted",
        "No of Inventory: 143",
        "Carpet Area (Sq Mtr): 14545SqMtr",
        "Area of exclusive balcony/verandah (Sq Mtr): 0SqMtr",
        "Area of exclusive open terrace if any (Sq Mtr): 0SqMtr"
    ]
}' scrapped.
[ 2025-06-12 15:09:45,922 ] 144 RERAScrapper - INFO - External Development Work '{
    "External Development Work": [
        "Road System: Self Development",
        "Water Supply: Local Authority",
        "Sewege and Drainage System : Local Authority",
        "Electricity Supply Transformer And Sub Station: Local Authority",
        "Solid Waste Management And Disposal: Local Authority",
        "Fire Fighting facility : Local Authority",
        "Drinking Water Facility: Local Authority",
        "Emergency Evacuation Services : Local Authority",
        "Use of Renewable Energy: Local Authority"
    ]
}' scrapped.
[ 2025-06-12 15:09:45,923 ] 145 RERAScrapper - INFO - Other External Development Work '{
    "Other External Development Work": []
}' scrapped.
[ 2025-06-12 15:09:45,923 ] 146 RERAScrapper - INFO - Project Bank ( Escrow Account ) Details '{
    "Project Bank ( Escrow Account ) Details": [
        "Bank Name: UNITED BANK OF INDIA",
        "Branch: Siddeshwar Temple Road Branch",
        "ifscCode: UBIN0537594",
        "Account No.(70% Account): 375901010032479",
        "State: Karnataka",
        "District: Vijayapura"
    ]
}' scrapped.
[ 2025-06-12 15:09:45,924 ] 147 RERAScrapper - INFO - Project Agents '{
    "Search Project Details :": []
}' scrapped.
