[ 2025-06-19 12:54:45,565 ] 346 undetected_chromedriver.patcher - INFO - patching driver executable C:\Users\Utkarsh\appdata\roaming\undetected_chromedriver\undetected_chromedriver.exe
[ 2025-06-19 12:54:46,717 ] 61 RERAScrapper - INFO - Browser initialized successfully.
[ 2025-06-19 12:55:50,133 ] 69 RERAScrapper - INFO - Navigated to URL: https://rera.karnataka.gov.in/viewAllProjects
[ 2025-06-19 12:55:50,308 ] 82 RERAScrapper - INFO - City 'Vijayapura' selected from dropdown.
[ 2025-06-19 12:56:20,868 ] 107 RERAScrapper - ERROR - Project details table process timed out: Message: 
Stacktrace:
	GetHandleVerifier [0x0x2e3b03+62899]
	GetHandleVerifier [0x0x2e3b44+62964]
	(No symbol) [0x0x1110f3]
	(No symbol) [0x0x15980e]
	(No symbol) [0x0x159bab]
	(No symbol) [0x0x1a25c2]
	(No symbol) [0x0x17e554]
	(No symbol) [0x0x19fd81]
	(No symbol) [0x0x17e306]
	(No symbol) [0x0x14d670]
	(No symbol) [0x0x14e4e4]
	GetHandleVerifier [0x0x544793+2556483]
	GetHandleVerifier [0x0x53fd02+2537394]
	GetHandleVerifier [0x0x30a2fa+220586]
	GetHandleVerifier [0x0x2faae8+157080]
	GetHandleVerifier [0x0x30141d+184013]
	GetHandleVerifier [0x0x2eba68+95512]
	GetHandleVerifier [0x0x2ebc10+95936]
	GetHandleVerifier [0x0x2d6b5a+9738]
	BaseThreadInitThunk [0x0x75edfcc9+25]
	RtlGetAppContainerNamedObjectPath [0x0x77e682ae+286]
	RtlGetAppContainerNamedObjectPath [0x0x77e6827e+238]
	(No symbol) [0x0]

