[ 2025-06-12 13:57:55,380 ] 346 undetected_chromedriver.patcher - INFO - patching driver executable C:\Users\Utkarsh\appdata\roaming\undetected_chromedriver\undetected_chromedriver.exe
[ 2025-06-12 13:57:56,410 ] 61 RERAScrapper - INFO - Browser initialized successfully.
[ 2025-06-12 13:59:10,040 ] 70 RERAScrapper - INFO - Navigated to URL: https://rera.karnataka.gov.in/viewAllProjects
[ 2025-06-12 13:59:10,041 ] 95 RERAScrapper - ERROR - Error during city selection: Message: no such window: target window already closed
from unknown error: web view not found
  (Session info: chrome=137.0.7151.70)
Stacktrace:
	GetHandleVerifier [0x0xd23783+63299]
	GetHandleVerifier [0x0xd237c4+63364]
	(No symbol) [0x0xb51113]
	(No symbol) [0x0xb2ff69]
	(No symbol) [0x0xbc4fce]
	(No symbol) [0x0xbdf359]
	(No symbol) [0x0xbbe376]
	(No symbol) [0x0xb8d6e0]
	(No symbol) [0x0xb8e544]
	GetHandleVerifier [0x0xf7e073+2531379]
	GetHandleVerifier [0x0xf79372+2511666]
	GetHandleVerifier [0x0xd49efa+220858]
	GetHandleVerifier [0x0xd3a548+156936]
	GetHandleVerifier [0x0xd40c7d+183357]
	GetHandleVerifier [0x0xd2b6e8+95912]
	GetHandleVerifier [0x0xd2b890+96336]
	GetHandleVerifier [0x0xd1666a+9770]
	BaseThreadInitThunk [0x0x7653fcc9+25]
	RtlGetAppContainerNamedObjectPath [0x0x77a582ae+286]
	RtlGetAppContainerNamedObjectPath [0x0x77a5827e+238]

