[ 2025-06-12 15:53:22,343 ] 346 undetected_chromedriver.patcher - INFO - patching driver executable C:\Users\Utkarsh\appdata\roaming\undetected_chromedriver\undetected_chromedriver.exe
[ 2025-06-12 15:53:22,948 ] 61 RERAScrapper - INFO - Browser initialized successfully.
[ 2025-06-12 15:54:35,311 ] 69 RERAScrapper - INFO - Navigated to URL: https://rera.karnataka.gov.in/viewAllProjects
[ 2025-06-12 15:54:35,661 ] 82 RERAScrapper - INFO - City 'Vijayapura' selected from dropdown.
[ 2025-06-12 15:55:06,182 ] 107 RERAScrapper - ERROR - Project details table process timed out: Message: 
Stacktrace:
	GetHandleVerifier [0x0xa93783+63299]
	GetHandleVerifier [0x0xa937c4+63364]
	(No symbol) [0x0x8c1113]
	(No symbol) [0x0x90987e]
	(No symbol) [0x0x909c1b]
	(No symbol) [0x0x952212]
	(No symbol) [0x0x92e5c4]
	(No symbol) [0x0x94fa4a]
	(No symbol) [0x0x92e376]
	(No symbol) [0x0x8fd6e0]
	(No symbol) [0x0x8fe544]
	GetHandleVerifier [0x0xcee073+2531379]
	GetHandleVerifier [0x0xce9372+2511666]
	GetHandleVerifier [0x0xab9efa+220858]
	GetHandleVerifier [0x0xaaa548+156936]
	GetHandleVerifier [0x0xab0c7d+183357]
	GetHandleVerifier [0x0xa9b6e8+95912]
	GetHandleVerifier [0x0xa9b890+96336]
	GetHandleVerifier [0x0xa8666a+9770]
	BaseThreadInitThunk [0x0x760dfcc9+25]
	RtlGetAppContainerNamedObjectPath [0x0x779382ae+286]
	RtlGetAppContainerNamedObjectPath [0x0x7793827e+238]

