[ 2025-06-19 14:36:07,280 ] 62 RERAScrapper - INFO - Browser initialized successfully.
[ 2025-06-19 14:36:12,619 ] 70 RERAScrapper - INFO - Navigated to URL: https://rera.karnataka.gov.in/viewAllProjects
[ 2025-06-19 14:36:12,793 ] 83 RERAScrapper - INFO - City 'Vijayapura' selected from dropdown.
[ 2025-06-19 14:36:30,560 ] 101 RERAScrapper - INFO - Home table JSON extracted: home_table_json
[ 2025-06-19 14:36:33,731 ] 124 RERAScrapper - INFO - Promoter Details 'promoter_details' scrapped.
[ 2025-06-19 14:36:33,731 ] 125 RERAScrapper - INFO - Authorized Signatory Detail 'authorized_signatory_details' scrapped.
[ 2025-06-19 14:36:33,732 ] 126 RERAScrapper - INFO - Project Member Details 'project_member_details' scrapped.
[ 2025-06-19 14:36:33,732 ] 127 RERAScrapper - INFO - Project Land Owner Details 'project_land_owner_details' scrapped.
[ 2025-06-19 14:36:33,732 ] 128 RERAScrapper - INFO - RERA Registration Details with any other State/UTs 'rera_registration_details_with_any_details' scrapped.
[ 2025-06-19 14:36:33,732 ] 129 RERAScrapper - INFO - Previous Project Details (Last 5 years only) 'previous_project_details' scrapped.
[ 2025-06-19 14:36:35,771 ] 138 RERAScrapper - INFO - Project Details page clicked.
[ 2025-06-19 14:36:37,323 ] 152 RERAScrapper - INFO - Project Details 'project_details' scrapped.
[ 2025-06-19 14:36:37,324 ] 153 RERAScrapper - INFO - Development Details 'development_details' scrapped.
[ 2025-06-19 14:36:37,324 ] 154 RERAScrapper - INFO - External Development Work 'external_development_work' scrapped.
[ 2025-06-19 14:36:37,324 ] 155 RERAScrapper - INFO - Other External Development Work 'other_external_development_work' scrapped.
[ 2025-06-19 14:36:37,324 ] 156 RERAScrapper - INFO - Project Bank ( Escrow Account ) Details 'project_bank_details' scrapped.
[ 2025-06-19 14:36:37,324 ] 157 RERAScrapper - INFO - Project Agents 'project_agents' scrapped.
[ 2025-06-19 14:36:37,324 ] 158 RERAScrapper - INFO - Project Detail Table 'project_detail_table' scrapped.
[ 2025-06-19 14:36:37,357 ] 165 RERAScrapper - INFO - Uploaded Documents page clicked.
[ 2025-06-19 14:36:41,342 ] 180 RERAScrapper - INFO - Project Documents 'project_documents' scrapped.
[ 2025-06-19 14:36:41,343 ] 181 RERAScrapper - INFO - Project Approval 'project_approval' scrapped.
[ 2025-06-19 14:36:41,343 ] 182 RERAScrapper - INFO - Declaration 'declaration' scrapped.
[ 2025-06-19 14:36:41,343 ] 183 RERAScrapper - INFO - Other Documents 'other_documents' scrapped.
[ 2025-06-19 14:36:41,343 ] 184 RERAScrapper - INFO - Project Photo 'project_photo' scrapped.
[ 2025-06-19 14:36:41,343 ] 185 RERAScrapper - INFO - Financial Document 'financial_document' scrapped.
[ 2025-06-19 14:36:41,379 ] 194 RERAScrapper - INFO - Completion Details page clicked.
[ 2025-06-19 14:36:44,004 ] 204 RERAScrapper - INFO - Completion Details '{
    "Completion Details": {
        "Promoter has Applied for Completion on 14/11/2018": [
            "Name : Occupancy Certificate",
            "Approval Date: 13-07-2018",
            "Document: https://rera.karnataka.gov.in/download_jc?DOC_ID=mMug6EgIH9MIGIlUs38Dtg%3D%3D",
            "Name : Completion certificate",
            "Approval Date: 13-07-2018",
            "Document: https://rera.karnataka.gov.in/download_jc?DOC_ID=J0R%2BSWcaZJ3erqmGWUsrdw%3D%3D",
            "Name : Registered Agreement of Sale",
            "Approval Date: 13-08-2018",
            "Document: https://rera.karnataka.gov.in/download_jc?DOC_ID=JeUNLceuZtd6J1izyRpbzg%3D%3D",
            "Name : Registered conveyance deed for an individual unit",
            "Approval Date: 13-07-2018",
            "Document: https://rera.karnataka.gov.in/download_jc?DOC_ID=ibgAe%2F76BT5z1W00B1yZcQ%3D%3D"
        ]
    }
}' scrapped.
[ 2025-06-19 14:36:50,854 ] 101 RERAScrapper - INFO - Home table JSON extracted: home_table_json
[ 2025-06-19 14:36:55,475 ] 124 RERAScrapper - INFO - Promoter Details 'promoter_details' scrapped.
[ 2025-06-19 14:36:55,475 ] 125 RERAScrapper - INFO - Authorized Signatory Detail 'authorized_signatory_details' scrapped.
[ 2025-06-19 14:36:55,476 ] 126 RERAScrapper - INFO - Project Member Details 'project_member_details' scrapped.
[ 2025-06-19 14:36:55,476 ] 127 RERAScrapper - INFO - Project Land Owner Details 'project_land_owner_details' scrapped.
[ 2025-06-19 14:36:55,476 ] 128 RERAScrapper - INFO - RERA Registration Details with any other State/UTs 'rera_registration_details_with_any_details' scrapped.
[ 2025-06-19 14:36:55,476 ] 129 RERAScrapper - INFO - Previous Project Details (Last 5 years only) 'previous_project_details' scrapped.
[ 2025-06-19 14:36:57,512 ] 138 RERAScrapper - INFO - Project Details page clicked.
[ 2025-06-19 14:37:00,171 ] 152 RERAScrapper - INFO - Project Details 'project_details' scrapped.
[ 2025-06-19 14:37:00,171 ] 153 RERAScrapper - INFO - Development Details 'development_details' scrapped.
[ 2025-06-19 14:37:00,171 ] 154 RERAScrapper - INFO - External Development Work 'external_development_work' scrapped.
[ 2025-06-19 14:37:00,171 ] 155 RERAScrapper - INFO - Other External Development Work 'other_external_development_work' scrapped.
[ 2025-06-19 14:37:00,172 ] 156 RERAScrapper - INFO - Project Bank ( Escrow Account ) Details 'project_bank_details' scrapped.
[ 2025-06-19 14:37:00,172 ] 157 RERAScrapper - INFO - Project Agents 'project_agents' scrapped.
[ 2025-06-19 14:37:00,172 ] 158 RERAScrapper - INFO - Project Detail Table 'project_detail_table' scrapped.
[ 2025-06-19 14:37:00,207 ] 165 RERAScrapper - INFO - Uploaded Documents page clicked.
[ 2025-06-19 14:37:05,323 ] 180 RERAScrapper - INFO - Project Documents 'project_documents' scrapped.
[ 2025-06-19 14:37:05,323 ] 181 RERAScrapper - INFO - Project Approval 'project_approval' scrapped.
[ 2025-06-19 14:37:05,323 ] 182 RERAScrapper - INFO - Declaration 'declaration' scrapped.
[ 2025-06-19 14:37:05,323 ] 183 RERAScrapper - INFO - Other Documents 'other_documents' scrapped.
[ 2025-06-19 14:37:05,323 ] 184 RERAScrapper - INFO - Project Photo 'project_photo' scrapped.
[ 2025-06-19 14:37:05,324 ] 185 RERAScrapper - INFO - Financial Document 'financial_document' scrapped.
[ 2025-06-19 14:37:05,359 ] 194 RERAScrapper - INFO - Completion Details page clicked.
[ 2025-06-19 14:37:08,337 ] 204 RERAScrapper - INFO - Completion Details '{
    "Completion Details": {
        "Promoter has Applied for Completion on 14/11/2018": [
            "Name : Occupancy Certificate",
            "Approval Date: 13-07-2018",
            "Document: https://rera.karnataka.gov.in/download_jc?DOC_ID=mMug6EgIH9MIGIlUs38Dtg%3D%3D",
            "Name : Completion certificate",
            "Approval Date: 13-07-2018",
            "Document: https://rera.karnataka.gov.in/download_jc?DOC_ID=J0R%2BSWcaZJ3erqmGWUsrdw%3D%3D",
            "Name : Registered Agreement of Sale",
            "Approval Date: 13-08-2018",
            "Document: https://rera.karnataka.gov.in/download_jc?DOC_ID=JeUNLceuZtd6J1izyRpbzg%3D%3D",
            "Name : Registered conveyance deed for an individual unit",
            "Approval Date: 13-07-2018",
            "Document: https://rera.karnataka.gov.in/download_jc?DOC_ID=ibgAe%2F76BT5z1W00B1yZcQ%3D%3D"
        ]
    }
}' scrapped.
[ 2025-06-19 14:37:12,578 ] 83 RERAScrapper - INFO - City 'Vijayapura' selected from dropdown.
