[ 2025-06-19 14:41:39,811 ] 62 RERAScrapper - INFO - Browser initialized successfully.
[ 2025-06-19 14:41:44,980 ] 70 RERAScrapper - INFO - Navigated to URL: https://rera.karnataka.gov.in/viewAllProjects
[ 2025-06-19 14:41:45,175 ] 83 RERAScrapper - INFO - City 'Vijayapura' selected from dropdown.
[ 2025-06-19 14:41:56,197 ] 90 RERAScrapper - INFO - City 'Vijayapura' select button created.
[ 2025-06-19 14:42:01,267 ] 102 RERAScrapper - INFO - Home table JSON extracted: home_table_json
[ 2025-06-19 14:42:04,443 ] 125 RERAScrapper - INFO - Promoter Details 'promoter_details' scrapped.
[ 2025-06-19 14:42:04,444 ] 126 RERAScrapper - INFO - Authorized Signatory Detail 'authorized_signatory_details' scrapped.
[ 2025-06-19 14:42:04,444 ] 127 RERAScrapper - INFO - Project Member Details 'project_member_details' scrapped.
[ 2025-06-19 14:42:04,444 ] 128 RERAScrapper - INFO - Project Land Owner Details 'project_land_owner_details' scrapped.
[ 2025-06-19 14:42:04,444 ] 129 RERAScrapper - INFO - RERA Registration Details with any other State/UTs 'rera_registration_details_with_any_details' scrapped.
[ 2025-06-19 14:42:04,444 ] 130 RERAScrapper - INFO - Previous Project Details (Last 5 years only) 'previous_project_details' scrapped.
[ 2025-06-19 14:42:06,490 ] 139 RERAScrapper - INFO - Project Details page clicked.
[ 2025-06-19 14:42:08,084 ] 153 RERAScrapper - INFO - Project Details 'project_details' scrapped.
[ 2025-06-19 14:42:08,084 ] 154 RERAScrapper - INFO - Development Details 'development_details' scrapped.
[ 2025-06-19 14:42:08,084 ] 155 RERAScrapper - INFO - External Development Work 'external_development_work' scrapped.
[ 2025-06-19 14:42:08,084 ] 156 RERAScrapper - INFO - Other External Development Work 'other_external_development_work' scrapped.
[ 2025-06-19 14:42:08,084 ] 157 RERAScrapper - INFO - Project Bank ( Escrow Account ) Details 'project_bank_details' scrapped.
[ 2025-06-19 14:42:08,085 ] 158 RERAScrapper - INFO - Project Agents 'project_agents' scrapped.
[ 2025-06-19 14:42:08,085 ] 159 RERAScrapper - INFO - Project Detail Table 'project_detail_table' scrapped.
[ 2025-06-19 14:42:08,120 ] 166 RERAScrapper - INFO - Uploaded Documents page clicked.
[ 2025-06-19 14:42:12,150 ] 181 RERAScrapper - INFO - Project Documents 'project_documents' scrapped.
[ 2025-06-19 14:42:12,150 ] 182 RERAScrapper - INFO - Project Approval 'project_approval' scrapped.
[ 2025-06-19 14:42:12,151 ] 183 RERAScrapper - INFO - Declaration 'declaration' scrapped.
[ 2025-06-19 14:42:12,151 ] 184 RERAScrapper - INFO - Other Documents 'other_documents' scrapped.
[ 2025-06-19 14:42:12,151 ] 185 RERAScrapper - INFO - Project Photo 'project_photo' scrapped.
[ 2025-06-19 14:42:12,151 ] 186 RERAScrapper - INFO - Financial Document 'financial_document' scrapped.
[ 2025-06-19 14:42:12,187 ] 195 RERAScrapper - INFO - Completion Details page clicked.
[ 2025-06-19 14:42:14,826 ] 205 RERAScrapper - INFO - Completion Details '{
    "": {
        "Promoter has Applied for Completion on 14/11/2018": [
            "Name : Occupancy Certificate",
            "Approval Date: 13-07-2018",
            "Document: https://rera.karnataka.gov.in/download_jc?DOC_ID=mMug6EgIH9MIGIlUs38Dtg%3D%3D",
            "Name : Completion certificate",
            "Approval Date: 13-07-2018",
            "Document: https://rera.karnataka.gov.in/download_jc?DOC_ID=J0R%2BSWcaZJ3erqmGWUsrdw%3D%3D",
            "Name : Registered Agreement of Sale",
            "Approval Date: 13-08-2018",
            "Document: https://rera.karnataka.gov.in/download_jc?DOC_ID=JeUNLceuZtd6J1izyRpbzg%3D%3D",
            "Name : Registered conveyance deed for an individual unit",
            "Approval Date: 13-07-2018",
            "Document: https://rera.karnataka.gov.in/download_jc?DOC_ID=ibgAe%2F76BT5z1W00B1yZcQ%3D%3D"
        ]
    }
}' scrapped.
[ 2025-06-19 14:42:19,008 ] 83 RERAScrapper - INFO - City 'Vijayapura' selected from dropdown.
[ 2025-06-19 14:42:24,049 ] 90 RERAScrapper - INFO - City 'Vijayapura' select button created.
