[ 2025-06-12 08:10:43,563 ] 346 undetected_chromedriver.patcher - INFO - patching driver executable C:\Users\Utkarsh\appdata\roaming\undetected_chromedriver\undetected_chromedriver.exe
[ 2025-06-12 08:10:45,050 ] 61 RERAScrapper - INFO - Browser initialized successfully.
[ 2025-06-12 08:10:45,054 ] 72 RERAScrapper - ERROR - Failed to navigate to URL: Message: no such window: target window already closed
from unknown error: web view not found
  (Session info: chrome=137.0.7151.70)
Stacktrace:
	GetHandleVerifier [0x0x1203783+63299]
	GetHandleVerifier [0x0x12037c4+63364]
	(No symbol) [0x0x1031113]
	(No symbol) [0x0x100ff69]
	(No symbol) [0x0x10a4fce]
	(No symbol) [0x0x10bf359]
	(No symbol) [0x0x109e376]
	(No symbol) [0x0x106d6e0]
	(No symbol) [0x0x106e544]
	GetHandleVerifier [0x0x145e073+2531379]
	GetHandleVerifier [0x0x1459372+2511666]
	GetHandleVerifier [0x0x1229efa+220858]
	GetHandleVerifier [0x0x121a548+156936]
	GetHandleVerifier [0x0x1220c7d+183357]
	GetHandleVerifier [0x0x120b6e8+95912]
	GetHandleVerifier [0x0x120b890+96336]
	GetHandleVerifier [0x0x11f666a+9770]
	BaseThreadInitThunk [0x0x7653fcc9+25]
	RtlGetAppContainerNamedObjectPath [0x0x77a582ae+286]
	RtlGetAppContainerNamedObjectPath [0x0x77a5827e+238]

