[ 2025-06-19 16:04:57,024 ] 346 undetected_chromedriver.patcher - INFO - patching driver executable C:\Users\Utkarsh\appdata\roaming\undetected_chromedriver\undetected_chromedriver.exe
[ 2025-06-19 16:04:57,656 ] 62 RERAScrapper - INFO - Browser initialized successfully.
[ 2025-06-19 16:05:03,225 ] 70 RERAScrapper - INFO - Navigated to URL: https://rera.karnataka.gov.in/viewAllProjects
[ 2025-06-19 16:05:03,402 ] 83 RERAScrapper - INFO - City 'Vijayapura' selected from dropdown.
[ 2025-06-19 16:05:11,285 ] 90 RERAScrapper - INFO - Select Button Clicked.
[ 2025-06-19 16:05:12,349 ] 102 RERAScrapper - INFO - Home table JSON extracted: home_table_json
[ 2025-06-19 16:05:15,631 ] 128 RERAScrapper - INFO - Promoter Details 'promoter_details' scrapped.
[ 2025-06-19 16:05:15,631 ] 129 RERAScrapper - INFO - Authorized Signatory Detail 'authorized_signatory_details' scrapped.
[ 2025-06-19 16:05:15,631 ] 130 RERAScrapper - INFO - Project Member Details 'project_member_details' scrapped.
[ 2025-06-19 16:05:15,631 ] 131 RERAScrapper - INFO - Project Land Owner Details 'project_land_owner_details' scrapped.
[ 2025-06-19 16:05:15,632 ] 132 RERAScrapper - INFO - RERA Registration Details with any other State/UTs 'rera_registration_details_with_any_details' scrapped.
[ 2025-06-19 16:05:15,632 ] 133 RERAScrapper - INFO - Previous Project Details (Last 5 years only) 'previous_project_details' scrapped.
[ 2025-06-19 16:05:17,679 ] 142 RERAScrapper - INFO - Project Details page clicked.
[ 2025-06-19 16:05:19,228 ] 156 RERAScrapper - INFO - Project Details 'project_details' scrapped.
[ 2025-06-19 16:05:19,229 ] 157 RERAScrapper - INFO - Development Details 'development_details' scrapped.
[ 2025-06-19 16:05:19,229 ] 158 RERAScrapper - INFO - External Development Work 'external_development_work' scrapped.
[ 2025-06-19 16:05:19,229 ] 159 RERAScrapper - INFO - Other External Development Work 'other_external_development_work' scrapped.
[ 2025-06-19 16:05:19,229 ] 160 RERAScrapper - INFO - Project Bank ( Escrow Account ) Details 'project_bank_details' scrapped.
[ 2025-06-19 16:05:19,229 ] 161 RERAScrapper - INFO - Project Agents 'project_agents' scrapped.
[ 2025-06-19 16:05:19,229 ] 162 RERAScrapper - INFO - Project Detail Table 'project_detail_table' scrapped.
[ 2025-06-19 16:05:19,264 ] 169 RERAScrapper - INFO - Uploaded Documents page clicked.
[ 2025-06-19 16:05:23,232 ] 184 RERAScrapper - INFO - Project Documents 'project_documents' scrapped.
[ 2025-06-19 16:05:23,233 ] 185 RERAScrapper - INFO - Project Approval 'project_approval' scrapped.
[ 2025-06-19 16:05:23,233 ] 186 RERAScrapper - INFO - Declaration 'declaration' scrapped.
[ 2025-06-19 16:05:23,233 ] 187 RERAScrapper - INFO - Other Documents 'other_documents' scrapped.
[ 2025-06-19 16:05:23,233 ] 188 RERAScrapper - INFO - Project Photo 'project_photo' scrapped.
[ 2025-06-19 16:05:23,233 ] 189 RERAScrapper - INFO - Financial Document 'financial_document' scrapped.
[ 2025-06-19 16:05:23,268 ] 198 RERAScrapper - INFO - Completion Details page clicked.
[ 2025-06-19 16:05:25,904 ] 208 RERAScrapper - INFO - Completion Details '{
    "Completion Details": {
        "Promoter has Applied for Completion on 14/11/2018": [
            "Name : Occupancy Certificate",
            "Approval Date: 13-07-2018",
            "Document: https://rera.karnataka.gov.in/download_jc?DOC_ID=mMug6EgIH9MIGIlUs38Dtg%3D%3D",
            "Name : Completion certificate",
            "Approval Date: 13-07-2018",
            "Document: https://rera.karnataka.gov.in/download_jc?DOC_ID=J0R%2BSWcaZJ3erqmGWUsrdw%3D%3D",
            "Name : Registered Agreement of Sale",
            "Approval Date: 13-08-2018",
            "Document: https://rera.karnataka.gov.in/download_jc?DOC_ID=JeUNLceuZtd6J1izyRpbzg%3D%3D",
            "Name : Registered conveyance deed for an individual unit",
            "Approval Date: 13-07-2018",
            "Document: https://rera.karnataka.gov.in/download_jc?DOC_ID=ibgAe%2F76BT5z1W00B1yZcQ%3D%3D"
        ]
    }
}' scrapped.
[ 2025-06-19 16:05:32,766 ] 102 RERAScrapper - INFO - Home table JSON extracted: home_table_json
[ 2025-06-19 16:05:34,199 ] 217 RERAScrapper - ERROR - An error occurred in scrape_project_details: local variable 'h1_elements' referenced before assignment
