[ 2025-06-12 11:30:21,093 ] 346 undetected_chromedriver.patcher - INFO - patching driver executable C:\Users\Utkarsh\appdata\roaming\undetected_chromedriver\undetected_chromedriver.exe
[ 2025-06-12 11:30:22,295 ] 61 RERAScrapper - INFO - Browser initialized successfully.
[ 2025-06-12 11:30:26,325 ] 70 RERAScrapper - INFO - Navigated to URL: https://rera.karnataka.gov.in/viewAllProjects
[ 2025-06-12 11:30:26,499 ] 83 RERAScrapper - INFO - City 'Vijayapura' selected from dropdown.
[ 2025-06-12 11:30:37,403 ] 101 RERAScrapper - INFO - Home table JSON extracted: {
    "S.No": "2",
    "ACKNOWLEDGEMENT NO": "PR/KN/170729/000289",
    "REGISTRATION NO": "PRM/KA/RERA/1275/448/PR/171025/000289",
    "View Project Details": "",
    "PROMOTER NAME": "Amrut Porwal",
    "PROJECT NAME": "Sanjeevini Nagar",
    "STATUS": "APPROVED",
    "DISTRICT": "Vijayapura",
    "TALUK": "Bijapur",
    "PROJECT TYPE": "Plotted Development",
    "APPROVED ON": "25/10/2017",
    "PROPOSED COMPLETION DATE": "31/12/2020",
    "PROPOSED COMPLETION DATE AT THE TIME OF REGISTRATION": "31-12-2020",
    "COVID-19 EXTENSION DATE": "",
    "SECTION 6 EXTENSION DATE": "",
    "FURTHER EXTENSION DATE": "",
    "Certificate": "/certificate?CER_NO=PRM/KA/RERA/1275/448/PR/171025/000289",
    "Covid Certificate": "",
    "Renewed Certificate": "",
    "FURTHER EXTENSION ORDER": "",
    "COMPLAINTS / LITIGATION": ""
}
[ 2025-06-12 11:30:41,000 ] 123 RERAScrapper - INFO - Promoter Details '{
    "Promoter Details": [
        "Promoter Type : Company",
        "Name: Svamitva Infra Private limited",
        "PAN Number: AAACN6347C",
        "Address : 61,jODHBHAVI PETH,Near Vyapari Bank",
        "District : Solapur",
        "State/UT: Maharashtra",
        "PIN Code : 413002",
        "Company Registration No. : U55101MH1995PTC093084",
        "Certificate: Registration Certificate.pdf"
    ]
}' scrapped.
[ 2025-06-12 11:30:41,001 ] 124 RERAScrapper - INFO - Authorized Signatory Detail '{
    "Authorized Signatory Detail": [
        "Name : Mahavir Mehta",
        "Address: Near Vyapari Bank , 61,jODHBHAVI PETH",
        "Photograph: Mahavirkumar S Mehta.jpg"
    ]
}' scrapped.
[ 2025-06-12 11:30:41,002 ] 125 RERAScrapper - INFO - Project Member Details '{
    "Project Member Details": [
        "Name : Manishkumar Mehta",
        "Type: Director",
        "Address: 61,jODHBHAVI PETH.Near Vyapari Bank",
        "Pin Code: 413002",
        "Photograph: Manish B Mehta.jpg",
        "Name : Vimaladevi Mehta",
        "Type: Director",
        "Address: 61,jODHBHAVI PETH.Near Vyapari Bank",
        "Pin Code: 413002",
        "Photograph: Vimaladevi A Mehta.jpg",
        "Name : Gulabidevi Mehta",
        "Type: Director",
        "Address: 61,jODHBHAVI PETH.Near Vyapari Bank",
        "Pin Code: 413002",
        "Photograph: Gulabidevi B Mehta.jpg",
        "Name : Jay Mehta",
        "Type: Director",
        "Address: 61,jODHBHAVI PETH.Near Vyapari Bank",
        "Pin Code: 413002",
        "Photograph: Jay G Mehta.jpg",
        "Name : Neelam Mehta",
        "Type: Director",
        "Address: 61,jODHBHAVI PETH.Near Vyapari Bank",
        "Pin Code: 413002",
        "Photograph: Neelam Mehta.jpg",
        "Name : Girdharilal Mehta",
        "Type: Director",
        "Address: 61,jODHBHAVI PETH.Near Vyapari Bank",
        "Pin Code: 413002",
        "Photograph: Girdharilal Mehta.jpg",
        "Name : Vijay Mehta",
        "Type: Director",
        "Address: 61,jODHBHAVI PETH.Near Vyapari Bank",
        "Pin Code: 413002",
        "Photograph: Vijay G Mehta.jpg",
        "Name : Hulasidevi Mehta",
        "Type: Director",
        "Address: 61,jODHBHAVI PETH.Near Vyapari Bank",
        "Pin Code: 413002",
        "Photograph: Hulasidevi G Mehta.jpg",
        "Name : Shilpa Mehta",
        "Type: Director",
        "Address: 61,jODHBHAVI PETH.Near Vyapari Bank",
        "Pin Code: 413002",
        "Photograph: Shilpa Mehta.jpg",
        "Name : Babulal Mehta",
        "Type: Director",
        "Address: 61,jODHBHAVI PETH.Near Vyapari Bank",
        "Pin Code: 413002",
        "Photograph: Babulal S Mehta.jpg",
        "Name : Nandadevi Mehta",
        "Type: Director",
        "Address: 61,jODHBHAVI PETH.Near Vyapari Bank",
        "Pin Code: 413002",
        "Photograph: Nanda M Mehta.jpg",
        "Name : Payal mehta",
        "Type: Director",
        "Address: 61,jODHBHAVI PETH.Near Vyapari Bank",
        "Pin Code: 413002",
        "Photograph: Payal V mehta.jpg",
        "Name : Mahavirkumar Mehta",
        "Type: Director",
        "Address: 61,jODHBHAVI PETH.Near Vyapari Bank",
        "Pin Code: 413002",
        "Photograph: Mahavirkumar S Mehta.jpg",
        "Name : Dimple Mehta",
        "Type: Director",
        "Address: 61,jODHBHAVI PETH.Near Vyapari Bank",
        "Pin Code: 413002",
        "Photograph: Dimple J Mehta.jpg"
    ]
}' scrapped.
[ 2025-06-12 11:30:41,004 ] 126 RERAScrapper - INFO - Project Land Owner Details '{
    "Project Land Owner Details": []
}' scrapped.
[ 2025-06-12 11:30:41,004 ] 127 RERAScrapper - INFO - RERA Registration Details with any other State/UTs '{
    "RERA Registration Details with any other State/UTs": []
}' scrapped.
[ 2025-06-12 11:30:41,005 ] 128 RERAScrapper - INFO - Previous Project Details (Last 5 years only) '{
    "Previous Project Details (Last 5 years only)": []
}' scrapped.
