[ 2025-06-12 07:45:54,913 ] 346 undetected_chromedriver.patcher - INFO - patching driver executable C:\Users\Utkarsh\appdata\roaming\undetected_chromedriver\undetected_chromedriver.exe
[ 2025-06-12 07:45:56,101 ] 61 RERAScrapper - INFO - Browser initialized successfully.
[ 2025-06-12 07:45:59,878 ] 70 RERAScrapper - INFO - Navigated to URL: https://rera.karnataka.gov.in/viewAllProjects
[ 2025-06-12 07:46:00,059 ] 83 RERAScrapper - INFO - City 'Vijayapura' selected from dropdown.
[ 2025-06-12 07:46:26,342 ] 107 RERAScrapper - ERROR - Project details table process timed out: Message: 
Stacktrace:
	GetHandleVerifier [0x0x733783+63299]
	GetHandleVerifier [0x0x7337c4+63364]
	(No symbol) [0x0x561113]
	(No symbol) [0x0x5a987e]
	(No symbol) [0x0x5a9c1b]
	(No symbol) [0x0x5f2212]
	(No symbol) [0x0x5ce5c4]
	(No symbol) [0x0x5efa4a]
	(No symbol) [0x0x5ce376]
	(No symbol) [0x0x59d6e0]
	(No symbol) [0x0x59e544]
	GetHandleVerifier [0x0x98e073+2531379]
	GetHandleVerifier [0x0x989372+2511666]
	GetHandleVerifier [0x0x759efa+220858]
	GetHandleVerifier [0x0x74a548+156936]
	GetHandleVerifier [0x0x750c7d+183357]
	GetHandleVerifier [0x0x73b6e8+95912]
	GetHandleVerifier [0x0x73b890+96336]
	GetHandleVerifier [0x0x72666a+9770]
	BaseThreadInitThunk [0x0x7653fcc9+25]
	RtlGetAppContainerNamedObjectPath [0x0x77a582ae+286]
	RtlGetAppContainerNamedObjectPath [0x0x77a5827e+238]

