[ 2025-06-19 14:50:11,678 ] 62 RERAScrapper - INFO - Browser initialized successfully.
[ 2025-06-19 14:50:16,374 ] 70 RERAScrapper - INFO - Navigated to URL: https://rera.karnataka.gov.in/viewAllProjects
[ 2025-06-19 14:50:16,556 ] 83 RERAScrapper - INFO - City 'Vijayapura' selected from dropdown.
[ 2025-06-19 14:50:25,095 ] 90 RERAScrapper - INFO - Select Button Clicked.
[ 2025-06-19 14:50:26,179 ] 102 RERAScrapper - INFO - Home table JSON extracted: home_table_json
[ 2025-06-19 14:50:29,431 ] 125 RERAScrapper - INFO - Promoter Details 'promoter_details' scrapped.
[ 2025-06-19 14:50:29,431 ] 126 RERAScrapper - INFO - Authorized Signatory Detail 'authorized_signatory_details' scrapped.
[ 2025-06-19 14:50:29,431 ] 127 RERAScrapper - INFO - Project Member Details 'project_member_details' scrapped.
[ 2025-06-19 14:50:29,432 ] 128 RERAScrapper - INFO - Project Land Owner Details 'project_land_owner_details' scrapped.
[ 2025-06-19 14:50:29,432 ] 129 RERAScrapper - INFO - RERA Registration Details with any other State/UTs 'rera_registration_details_with_any_details' scrapped.
[ 2025-06-19 14:50:29,432 ] 130 RERAScrapper - INFO - Previous Project Details (Last 5 years only) 'previous_project_details' scrapped.
[ 2025-06-19 14:50:31,474 ] 139 RERAScrapper - INFO - Project Details page clicked.
[ 2025-06-19 14:50:33,037 ] 153 RERAScrapper - INFO - Project Details 'project_details' scrapped.
[ 2025-06-19 14:50:33,037 ] 154 RERAScrapper - INFO - Development Details 'development_details' scrapped.
[ 2025-06-19 14:50:33,037 ] 155 RERAScrapper - INFO - External Development Work 'external_development_work' scrapped.
[ 2025-06-19 14:50:33,037 ] 156 RERAScrapper - INFO - Other External Development Work 'other_external_development_work' scrapped.
[ 2025-06-19 14:50:33,037 ] 157 RERAScrapper - INFO - Project Bank ( Escrow Account ) Details 'project_bank_details' scrapped.
[ 2025-06-19 14:50:33,037 ] 158 RERAScrapper - INFO - Project Agents 'project_agents' scrapped.
[ 2025-06-19 14:50:33,037 ] 159 RERAScrapper - INFO - Project Detail Table 'project_detail_table' scrapped.
[ 2025-06-19 14:50:33,072 ] 166 RERAScrapper - INFO - Uploaded Documents page clicked.
[ 2025-06-19 14:50:37,066 ] 181 RERAScrapper - INFO - Project Documents 'project_documents' scrapped.
[ 2025-06-19 14:50:37,066 ] 182 RERAScrapper - INFO - Project Approval 'project_approval' scrapped.
[ 2025-06-19 14:50:37,067 ] 183 RERAScrapper - INFO - Declaration 'declaration' scrapped.
[ 2025-06-19 14:50:37,067 ] 184 RERAScrapper - INFO - Other Documents 'other_documents' scrapped.
[ 2025-06-19 14:50:37,067 ] 185 RERAScrapper - INFO - Project Photo 'project_photo' scrapped.
[ 2025-06-19 14:50:37,067 ] 186 RERAScrapper - INFO - Financial Document 'financial_document' scrapped.
[ 2025-06-19 14:50:37,103 ] 195 RERAScrapper - INFO - Completion Details page clicked.
[ 2025-06-19 14:50:39,735 ] 205 RERAScrapper - INFO - Completion Details '{
    "Completion Details": {
        "Promoter has Applied for Completion on 14/11/2018": [
            "Name : Occupancy Certificate",
            "Approval Date: 13-07-2018",
            "Document: https://rera.karnataka.gov.in/download_jc?DOC_ID=mMug6EgIH9MIGIlUs38Dtg%3D%3D",
            "Name : Completion certificate",
            "Approval Date: 13-07-2018",
            "Document: https://rera.karnataka.gov.in/download_jc?DOC_ID=J0R%2BSWcaZJ3erqmGWUsrdw%3D%3D",
            "Name : Registered Agreement of Sale",
            "Approval Date: 13-08-2018",
            "Document: https://rera.karnataka.gov.in/download_jc?DOC_ID=JeUNLceuZtd6J1izyRpbzg%3D%3D",
            "Name : Registered conveyance deed for an individual unit",
            "Approval Date: 13-07-2018",
            "Document: https://rera.karnataka.gov.in/download_jc?DOC_ID=ibgAe%2F76BT5z1W00B1yZcQ%3D%3D"
        ]
    }
}' scrapped.
[ 2025-06-19 14:50:46,580 ] 102 RERAScrapper - INFO - Home table JSON extracted: home_table_json
[ 2025-06-19 14:50:51,277 ] 125 RERAScrapper - INFO - Promoter Details 'promoter_details' scrapped.
[ 2025-06-19 14:50:51,278 ] 126 RERAScrapper - INFO - Authorized Signatory Detail 'authorized_signatory_details' scrapped.
[ 2025-06-19 14:50:51,278 ] 127 RERAScrapper - INFO - Project Member Details 'project_member_details' scrapped.
[ 2025-06-19 14:50:51,278 ] 128 RERAScrapper - INFO - Project Land Owner Details 'project_land_owner_details' scrapped.
[ 2025-06-19 14:50:51,278 ] 129 RERAScrapper - INFO - RERA Registration Details with any other State/UTs 'rera_registration_details_with_any_details' scrapped.
[ 2025-06-19 14:50:51,278 ] 130 RERAScrapper - INFO - Previous Project Details (Last 5 years only) 'previous_project_details' scrapped.
[ 2025-06-19 14:50:53,321 ] 139 RERAScrapper - INFO - Project Details page clicked.
[ 2025-06-19 14:50:55,961 ] 153 RERAScrapper - INFO - Project Details 'project_details' scrapped.
[ 2025-06-19 14:50:55,961 ] 154 RERAScrapper - INFO - Development Details 'development_details' scrapped.
[ 2025-06-19 14:50:55,961 ] 155 RERAScrapper - INFO - External Development Work 'external_development_work' scrapped.
[ 2025-06-19 14:50:55,961 ] 156 RERAScrapper - INFO - Other External Development Work 'other_external_development_work' scrapped.
[ 2025-06-19 14:50:55,961 ] 157 RERAScrapper - INFO - Project Bank ( Escrow Account ) Details 'project_bank_details' scrapped.
[ 2025-06-19 14:50:55,961 ] 158 RERAScrapper - INFO - Project Agents 'project_agents' scrapped.
[ 2025-06-19 14:50:55,962 ] 159 RERAScrapper - INFO - Project Detail Table 'project_detail_table' scrapped.
[ 2025-06-19 14:50:55,996 ] 166 RERAScrapper - INFO - Uploaded Documents page clicked.
[ 2025-06-19 14:51:01,223 ] 181 RERAScrapper - INFO - Project Documents 'project_documents' scrapped.
[ 2025-06-19 14:51:01,223 ] 182 RERAScrapper - INFO - Project Approval 'project_approval' scrapped.
[ 2025-06-19 14:51:01,223 ] 183 RERAScrapper - INFO - Declaration 'declaration' scrapped.
[ 2025-06-19 14:51:01,224 ] 184 RERAScrapper - INFO - Other Documents 'other_documents' scrapped.
[ 2025-06-19 14:51:01,224 ] 185 RERAScrapper - INFO - Project Photo 'project_photo' scrapped.
[ 2025-06-19 14:51:01,224 ] 186 RERAScrapper - INFO - Financial Document 'financial_document' scrapped.
[ 2025-06-19 14:51:01,259 ] 195 RERAScrapper - INFO - Completion Details page clicked.
[ 2025-06-19 14:51:04,236 ] 205 RERAScrapper - INFO - Completion Details '{
    "Completion Details": {
        "Promoter has Applied for Completion on 14/11/2018": [
            "Name : Occupancy Certificate",
            "Approval Date: 13-07-2018",
            "Document: https://rera.karnataka.gov.in/download_jc?DOC_ID=mMug6EgIH9MIGIlUs38Dtg%3D%3D",
            "Name : Completion certificate",
            "Approval Date: 13-07-2018",
            "Document: https://rera.karnataka.gov.in/download_jc?DOC_ID=J0R%2BSWcaZJ3erqmGWUsrdw%3D%3D",
            "Name : Registered Agreement of Sale",
            "Approval Date: 13-08-2018",
            "Document: https://rera.karnataka.gov.in/download_jc?DOC_ID=JeUNLceuZtd6J1izyRpbzg%3D%3D",
            "Name : Registered conveyance deed for an individual unit",
            "Approval Date: 13-07-2018",
            "Document: https://rera.karnataka.gov.in/download_jc?DOC_ID=ibgAe%2F76BT5z1W00B1yZcQ%3D%3D"
        ]
    }
}' scrapped.
[ 2025-06-19 14:51:08,463 ] 83 RERAScrapper - INFO - City 'Vijayapura' selected from dropdown.
[ 2025-06-19 14:51:17,463 ] 90 RERAScrapper - INFO - Select Button Clicked.
