[ 2025-06-19 16:09:32,996 ] 346 undetected_chromedriver.patcher - INFO - patching driver executable C:\Users\Utkarsh\appdata\roaming\undetected_chromedriver\undetected_chromedriver.exe
[ 2025-06-19 16:09:33,599 ] 62 RERAScrapper - INFO - Browser initialized successfully.
[ 2025-06-19 16:09:45,325 ] 70 RERAScrapper - INFO - Navigated to URL: https://rera.karnataka.gov.in/viewAllProjects
[ 2025-06-19 16:09:53,921 ] 83 RERAScrapper - INFO - City 'Vijayapura' selected from dropdown.
[ 2025-06-19 16:10:10,932 ] 90 RERAScrapper - INFO - Select Button Clicked.
[ 2025-06-19 16:10:11,994 ] 102 RERAScrapper - INFO - Home table JSON extracted: home_table_json
[ 2025-06-19 16:10:15,167 ] 128 RERAScrapper - INFO - Promoter Details 'promoter_details' scrapped.
[ 2025-06-19 16:10:15,168 ] 129 RERAScrapper - INFO - Authorized Signatory Detail 'authorized_signatory_details' scrapped.
[ 2025-06-19 16:10:15,168 ] 130 RERAScrapper - INFO - Project Member Details 'project_member_details' scrapped.
[ 2025-06-19 16:10:15,168 ] 131 RERAScrapper - INFO - Project Land Owner Details 'project_land_owner_details' scrapped.
[ 2025-06-19 16:10:15,168 ] 132 RERAScrapper - INFO - RERA Registration Details with any other State/UTs 'rera_registration_details_with_any_details' scrapped.
[ 2025-06-19 16:10:15,168 ] 133 RERAScrapper - INFO - Previous Project Details (Last 5 years only) 'previous_project_details' scrapped.
[ 2025-06-19 16:10:17,203 ] 142 RERAScrapper - INFO - Project Details page clicked.
[ 2025-06-19 16:10:18,726 ] 156 RERAScrapper - INFO - Project Details 'project_details' scrapped.
[ 2025-06-19 16:10:18,726 ] 157 RERAScrapper - INFO - Development Details 'development_details' scrapped.
[ 2025-06-19 16:10:18,726 ] 158 RERAScrapper - INFO - External Development Work 'external_development_work' scrapped.
[ 2025-06-19 16:10:18,726 ] 159 RERAScrapper - INFO - Other External Development Work 'other_external_development_work' scrapped.
[ 2025-06-19 16:10:18,726 ] 160 RERAScrapper - INFO - Project Bank ( Escrow Account ) Details 'project_bank_details' scrapped.
[ 2025-06-19 16:10:18,726 ] 161 RERAScrapper - INFO - Project Agents 'project_agents' scrapped.
[ 2025-06-19 16:10:18,726 ] 162 RERAScrapper - INFO - Project Detail Table 'project_detail_table' scrapped.
[ 2025-06-19 16:10:18,758 ] 169 RERAScrapper - INFO - Uploaded Documents page clicked.
[ 2025-06-19 16:10:22,733 ] 184 RERAScrapper - INFO - Project Documents 'project_documents' scrapped.
[ 2025-06-19 16:10:22,733 ] 185 RERAScrapper - INFO - Project Approval 'project_approval' scrapped.
[ 2025-06-19 16:10:22,734 ] 186 RERAScrapper - INFO - Declaration 'declaration' scrapped.
[ 2025-06-19 16:10:22,734 ] 187 RERAScrapper - INFO - Other Documents 'other_documents' scrapped.
[ 2025-06-19 16:10:22,734 ] 188 RERAScrapper - INFO - Project Photo 'project_photo' scrapped.
[ 2025-06-19 16:10:22,734 ] 189 RERAScrapper - INFO - Financial Document 'financial_document' scrapped.
[ 2025-06-19 16:10:22,767 ] 198 RERAScrapper - INFO - Completion Details page clicked.
[ 2025-06-19 16:10:25,391 ] 208 RERAScrapper - INFO - Completion Details '{
    "Completion Details": {
        "Promoter has Applied for Completion on 14/11/2018": [
            "Name : Occupancy Certificate",
            "Approval Date: 13-07-2018",
            "Document: https://rera.karnataka.gov.in/download_jc?DOC_ID=mMug6EgIH9MIGIlUs38Dtg%3D%3D",
            "Name : Completion certificate",
            "Approval Date: 13-07-2018",
            "Document: https://rera.karnataka.gov.in/download_jc?DOC_ID=J0R%2BSWcaZJ3erqmGWUsrdw%3D%3D",
            "Name : Registered Agreement of Sale",
            "Approval Date: 13-08-2018",
            "Document: https://rera.karnataka.gov.in/download_jc?DOC_ID=JeUNLceuZtd6J1izyRpbzg%3D%3D",
            "Name : Registered conveyance deed for an individual unit",
            "Approval Date: 13-07-2018",
            "Document: https://rera.karnataka.gov.in/download_jc?DOC_ID=ibgAe%2F76BT5z1W00B1yZcQ%3D%3D"
        ]
    }
}' scrapped.
[ 2025-06-19 16:10:29,573 ] 83 RERAScrapper - INFO - City 'Vijayapura' selected from dropdown.
[ 2025-06-19 16:10:36,693 ] 90 RERAScrapper - INFO - Select Button Clicked.
[ 2025-06-19 16:10:43,800 ] 102 RERAScrapper - INFO - Home table JSON extracted: home_table_json
[ 2025-06-19 16:10:45,781 ] 217 RERAScrapper - ERROR - An error occurred in scrape_project_details: local variable 'h1_elements' referenced before assignment
