[ 2025-06-19 17:16:59,672 ] 346 undetected_chromedriver.patcher - INFO - patching driver executable C:\Users\Utkarsh\appdata\roaming\undetected_chromedriver\undetected_chromedriver.exe
[ 2025-06-19 17:17:01,136 ] 62 RERAScrapper - INFO - Browser initialized successfully.
[ 2025-06-19 17:17:01,141 ] 72 RERAScrapper - ERROR - Failed to navigate to URL: Message: no such window: target window already closed
from unknown error: web view not found
  (Session info: chrome=137.0.7151.105)
Stacktrace:
	GetHandleVerifier [0x0x10d3b03+62899]
	GetHandleVerifier [0x0x10d3b44+62964]
	(No symbol) [0x0xf010f3]
	(No symbol) [0x0xedff59]
	(No symbol) [0x0xf74f7e]
	(No symbol) [0x0xf8f6a9]
	(No symbol) [0x0xf6e306]
	(No symbol) [0x0xf3d670]
	(No symbol) [0x0xf3e4e4]
	GetHandleVerifier [0x0x1334793+2556483]
	GetHandleVerifier [0x0x132fd02+2537394]
	GetHandleVerifier [0x0x10fa2fa+220586]
	GetHandleVerifier [0x0x10eaae8+157080]
	GetHandleVerifier [0x0x10f141d+184013]
	GetHandleVerifier [0x0x10dba68+95512]
	GetHandleVerifier [0x0x10dbc10+95936]
	GetHandleVerifier [0x0x10c6b5a+9738]
	BaseThreadInitThunk [0x0x75edfcc9+25]
	RtlGetAppContainerNamedObjectPath [0x0x77e682ae+286]
	RtlGetAppContainerNamedObjectPath [0x0x77e6827e+238]

