[ 2025-06-19 17:00:43,552 ] 346 undetected_chromedriver.patcher - INFO - patching driver executable C:\Users\Utkarsh\appdata\roaming\undetected_chromedriver\undetected_chromedriver.exe
[ 2025-06-19 17:00:44,751 ] 62 RERAScrapper - INFO - Browser initialized successfully.
[ 2025-06-19 17:00:49,515 ] 70 RERAScrapper - INFO - Navigated to URL: https://rera.karnataka.gov.in/viewAllProjects
[ 2025-06-19 17:00:49,704 ] 83 RERAScrapper - INFO - City 'Kolar' selected from dropdown.
[ 2025-06-19 17:00:57,500 ] 90 RERAScrapper - INFO - Select Button Clicked.
[ 2025-06-19 17:00:58,572 ] 102 RERAScrapper - INFO - Home table JSON extracted: home_table_json
[ 2025-06-19 17:01:00,024 ] 128 RERAScrapper - INFO - Promoter Details 'promoter_details' scrapped.
[ 2025-06-19 17:01:00,024 ] 129 RERAScrapper - INFO - Authorized Signatory Detail 'authorized_signatory_details' scrapped.
[ 2025-06-19 17:01:00,024 ] 130 RERAScrapper - INFO - Project Member Details 'project_member_details' scrapped.
[ 2025-06-19 17:01:00,024 ] 131 RERAScrapper - INFO - Project Land Owner Details 'project_land_owner_details' scrapped.
[ 2025-06-19 17:01:00,025 ] 132 RERAScrapper - INFO - RERA Registration Details with any other State/UTs 'rera_registration_details_with_any_details' scrapped.
[ 2025-06-19 17:01:00,025 ] 133 RERAScrapper - INFO - Previous Project Details (Last 5 years only) 'previous_project_details' scrapped.
[ 2025-06-19 17:01:02,061 ] 142 RERAScrapper - INFO - Project Details page clicked.
[ 2025-06-19 17:01:03,304 ] 156 RERAScrapper - INFO - Project Details 'project_details' scrapped.
[ 2025-06-19 17:01:03,305 ] 157 RERAScrapper - INFO - Development Details 'development_details' scrapped.
[ 2025-06-19 17:01:03,305 ] 158 RERAScrapper - INFO - External Development Work 'external_development_work' scrapped.
[ 2025-06-19 17:01:03,305 ] 159 RERAScrapper - INFO - Other External Development Work 'other_external_development_work' scrapped.
[ 2025-06-19 17:01:03,305 ] 160 RERAScrapper - INFO - Project Bank ( Escrow Account ) Details 'project_bank_details' scrapped.
[ 2025-06-19 17:01:03,305 ] 161 RERAScrapper - INFO - Project Agents 'project_agents' scrapped.
[ 2025-06-19 17:01:03,305 ] 162 RERAScrapper - INFO - Project Detail Table 'project_detail_table' scrapped.
[ 2025-06-19 17:01:03,338 ] 169 RERAScrapper - INFO - Uploaded Documents page clicked.
[ 2025-06-19 17:01:06,974 ] 184 RERAScrapper - INFO - Project Documents 'project_documents' scrapped.
[ 2025-06-19 17:01:06,974 ] 185 RERAScrapper - INFO - Project Approval 'project_approval' scrapped.
[ 2025-06-19 17:01:06,974 ] 186 RERAScrapper - INFO - Declaration 'declaration' scrapped.
[ 2025-06-19 17:01:06,974 ] 187 RERAScrapper - INFO - Other Documents 'other_documents' scrapped.
[ 2025-06-19 17:01:06,974 ] 188 RERAScrapper - INFO - Project Photo 'project_photo' scrapped.
[ 2025-06-19 17:01:06,974 ] 189 RERAScrapper - INFO - Financial Document 'financial_document' scrapped.
[ 2025-06-19 17:01:07,010 ] 198 RERAScrapper - INFO - Completion Details page clicked.
[ 2025-06-19 17:01:09,168 ] 208 RERAScrapper - INFO - Completion Details '{
    "Completion Details": {
        "Promoter has Applied for Completion on 15/01/2021": [
            "Project Start Date: 01-01-2017",
            "Project End Date: 31-01-2021",
            "If any extension of time has been granted: NO"
        ]
    }
}' scrapped.
[ 2025-06-19 17:01:15,981 ] 102 RERAScrapper - INFO - Home table JSON extracted: home_table_json
[ 2025-06-19 17:01:17,518 ] 128 RERAScrapper - INFO - Promoter Details 'promoter_details' scrapped.
[ 2025-06-19 17:01:17,519 ] 129 RERAScrapper - INFO - Authorized Signatory Detail 'authorized_signatory_details' scrapped.
[ 2025-06-19 17:01:17,519 ] 130 RERAScrapper - INFO - Project Member Details 'project_member_details' scrapped.
[ 2025-06-19 17:01:17,519 ] 131 RERAScrapper - INFO - Project Land Owner Details 'project_land_owner_details' scrapped.
[ 2025-06-19 17:01:17,519 ] 132 RERAScrapper - INFO - RERA Registration Details with any other State/UTs 'rera_registration_details_with_any_details' scrapped.
[ 2025-06-19 17:01:17,519 ] 133 RERAScrapper - INFO - Previous Project Details (Last 5 years only) 'previous_project_details' scrapped.
[ 2025-06-19 17:01:19,551 ] 142 RERAScrapper - INFO - Project Details page clicked.
[ 2025-06-19 17:01:21,374 ] 156 RERAScrapper - INFO - Project Details 'project_details' scrapped.
[ 2025-06-19 17:01:21,375 ] 157 RERAScrapper - INFO - Development Details 'development_details' scrapped.
[ 2025-06-19 17:01:21,375 ] 158 RERAScrapper - INFO - External Development Work 'external_development_work' scrapped.
[ 2025-06-19 17:01:21,375 ] 159 RERAScrapper - INFO - Other External Development Work 'other_external_development_work' scrapped.
[ 2025-06-19 17:01:21,375 ] 160 RERAScrapper - INFO - Project Bank ( Escrow Account ) Details 'project_bank_details' scrapped.
[ 2025-06-19 17:01:21,375 ] 161 RERAScrapper - INFO - Project Agents 'project_agents' scrapped.
[ 2025-06-19 17:01:21,375 ] 162 RERAScrapper - INFO - Project Detail Table 'project_detail_table' scrapped.
[ 2025-06-19 17:01:21,405 ] 169 RERAScrapper - INFO - Uploaded Documents page clicked.
[ 2025-06-19 17:01:25,606 ] 184 RERAScrapper - INFO - Project Documents 'project_documents' scrapped.
[ 2025-06-19 17:01:25,607 ] 185 RERAScrapper - INFO - Project Approval 'project_approval' scrapped.
[ 2025-06-19 17:01:25,607 ] 186 RERAScrapper - INFO - Declaration 'declaration' scrapped.
[ 2025-06-19 17:01:25,607 ] 187 RERAScrapper - INFO - Other Documents 'other_documents' scrapped.
[ 2025-06-19 17:01:25,607 ] 188 RERAScrapper - INFO - Project Photo 'project_photo' scrapped.
[ 2025-06-19 17:01:25,607 ] 189 RERAScrapper - INFO - Financial Document 'financial_document' scrapped.
[ 2025-06-19 17:01:45,612 ] 200 RERAScrapper - ERROR - Timed out waiting for Completion Details page: Message: 
Stacktrace:
	GetHandleVerifier [0x0x11d3b03+62899]
	GetHandleVerifier [0x0x11d3b44+62964]
	(No symbol) [0x0x10010f3]
	(No symbol) [0x0x104980e]
	(No symbol) [0x0x1049bab]
	(No symbol) [0x0x10925c2]
	(No symbol) [0x0x106e554]
	(No symbol) [0x0x108fd81]
	(No symbol) [0x0x106e306]
	(No symbol) [0x0x103d670]
	(No symbol) [0x0x103e4e4]
	GetHandleVerifier [0x0x1434793+2556483]
	GetHandleVerifier [0x0x142fd02+2537394]
	GetHandleVerifier [0x0x11fa2fa+220586]
	GetHandleVerifier [0x0x11eaae8+157080]
	GetHandleVerifier [0x0x11f141d+184013]
	GetHandleVerifier [0x0x11dba68+95512]
	GetHandleVerifier [0x0x11dbc10+95936]
	GetHandleVerifier [0x0x11c6b5a+9738]
	BaseThreadInitThunk [0x0x75edfcc9+25]
	RtlGetAppContainerNamedObjectPath [0x0x77e682ae+286]
	RtlGetAppContainerNamedObjectPath [0x0x77e6827e+238]

[ 2025-06-19 17:01:47,661 ] 208 RERAScrapper - INFO - Completion Details '{
    "": {
        "": []
    }
}' scrapped.
[ 2025-06-19 17:01:51,849 ] 83 RERAScrapper - INFO - City 'Kolar' selected from dropdown.
[ 2025-06-19 17:02:02,223 ] 90 RERAScrapper - INFO - Select Button Clicked.
[ 2025-06-19 17:02:09,352 ] 102 RERAScrapper - INFO - Home table JSON extracted: home_table_json
[ 2025-06-19 17:02:29,409 ] 217 RERAScrapper - ERROR - An error occurred in scrape_project_details: local variable 'h1_elements' referenced before assignment
[ 2025-06-19 17:02:33,477 ] 102 RERAScrapper - INFO - Home table JSON extracted: home_table_json
[ 2025-06-19 17:02:35,796 ] 128 RERAScrapper - INFO - Promoter Details 'promoter_details' scrapped.
[ 2025-06-19 17:02:35,796 ] 129 RERAScrapper - INFO - Authorized Signatory Detail 'authorized_signatory_details' scrapped.
[ 2025-06-19 17:02:35,796 ] 130 RERAScrapper - INFO - Project Member Details 'project_member_details' scrapped.
[ 2025-06-19 17:02:35,796 ] 131 RERAScrapper - INFO - Project Land Owner Details 'project_land_owner_details' scrapped.
[ 2025-06-19 17:02:35,796 ] 132 RERAScrapper - INFO - RERA Registration Details with any other State/UTs 'rera_registration_details_with_any_details' scrapped.
[ 2025-06-19 17:02:35,796 ] 133 RERAScrapper - INFO - Previous Project Details (Last 5 years only) 'previous_project_details' scrapped.
[ 2025-06-19 17:02:37,843 ] 142 RERAScrapper - INFO - Project Details page clicked.
[ 2025-06-19 17:02:40,498 ] 156 RERAScrapper - INFO - Project Details 'project_details' scrapped.
[ 2025-06-19 17:02:40,499 ] 157 RERAScrapper - INFO - Development Details 'development_details' scrapped.
[ 2025-06-19 17:02:40,499 ] 158 RERAScrapper - INFO - External Development Work 'external_development_work' scrapped.
[ 2025-06-19 17:02:40,499 ] 159 RERAScrapper - INFO - Other External Development Work 'other_external_development_work' scrapped.
[ 2025-06-19 17:02:40,499 ] 160 RERAScrapper - INFO - Project Bank ( Escrow Account ) Details 'project_bank_details' scrapped.
[ 2025-06-19 17:02:40,499 ] 161 RERAScrapper - INFO - Project Agents 'project_agents' scrapped.
[ 2025-06-19 17:02:40,499 ] 162 RERAScrapper - INFO - Project Detail Table 'project_detail_table' scrapped.
[ 2025-06-19 17:02:40,529 ] 169 RERAScrapper - INFO - Uploaded Documents page clicked.
[ 2025-06-19 17:02:45,526 ] 184 RERAScrapper - INFO - Project Documents 'project_documents' scrapped.
[ 2025-06-19 17:02:45,527 ] 185 RERAScrapper - INFO - Project Approval 'project_approval' scrapped.
[ 2025-06-19 17:02:45,527 ] 186 RERAScrapper - INFO - Declaration 'declaration' scrapped.
[ 2025-06-19 17:02:45,527 ] 187 RERAScrapper - INFO - Other Documents 'other_documents' scrapped.
[ 2025-06-19 17:02:45,527 ] 188 RERAScrapper - INFO - Project Photo 'project_photo' scrapped.
[ 2025-06-19 17:02:45,527 ] 189 RERAScrapper - INFO - Financial Document 'financial_document' scrapped.
[ 2025-06-19 17:02:45,564 ] 198 RERAScrapper - INFO - Completion Details page clicked.
[ 2025-06-19 17:02:48,521 ] 208 RERAScrapper - INFO - Completion Details '{
    "Completion Details": {
        "Promoter has Applied for Completion on 14/12/2018": [
            "Name : Occupancy Certificate",
            "Approval Date: 31-08-2018",
            "Document: https://rera.karnataka.gov.in/download_jc?DOC_ID=2ojLg9svsnaFT7%2F%2F6FRsCw%3D%3D",
            "Name : Completion certificate",
            "Approval Date: 31-08-2018",
            "Document: https://rera.karnataka.gov.in/download_jc?DOC_ID=kltR53Y12FXR2Jy%2BEC4yWg%3D%3D",
            "Name : Registered Agreement of Sale",
            "Approval Date: 31-08-2018",
            "Document: https://rera.karnataka.gov.in/download_jc?DOC_ID=T8lN%2FjadgYjnXBafIo54Qg%3D%3D",
            "Name : Registered conveyance deed for an individual unit",
            "Approval Date: 31-08-2018",
            "Document: https://rera.karnataka.gov.in/download_jc?DOC_ID=LQL1xLzMrfYxJcfoc7pURw%3D%3D"
        ]
    }
}' scrapped.
[ 2025-06-19 17:02:52,777 ] 83 RERAScrapper - INFO - City 'Kolar' selected from dropdown.
[ 2025-06-19 17:02:59,612 ] 90 RERAScrapper - INFO - Select Button Clicked.
[ 2025-06-19 17:03:06,764 ] 102 RERAScrapper - INFO - Home table JSON extracted: home_table_json
[ 2025-06-19 17:03:08,951 ] 217 RERAScrapper - ERROR - An error occurred in scrape_project_details: local variable 'h1_elements' referenced before assignment
[ 2025-06-19 17:03:13,203 ] 83 RERAScrapper - INFO - City 'Kolar' selected from dropdown.
[ 2025-06-19 17:03:22,884 ] 90 RERAScrapper - INFO - Select Button Clicked.
[ 2025-06-19 17:03:30,052 ] 102 RERAScrapper - INFO - Home table JSON extracted: home_table_json
[ 2025-06-19 17:03:32,310 ] 128 RERAScrapper - INFO - Promoter Details 'promoter_details' scrapped.
[ 2025-06-19 17:03:32,310 ] 129 RERAScrapper - INFO - Authorized Signatory Detail 'authorized_signatory_details' scrapped.
[ 2025-06-19 17:03:32,310 ] 130 RERAScrapper - INFO - Project Member Details 'project_member_details' scrapped.
[ 2025-06-19 17:03:32,310 ] 131 RERAScrapper - INFO - Project Land Owner Details 'project_land_owner_details' scrapped.
[ 2025-06-19 17:03:32,310 ] 132 RERAScrapper - INFO - RERA Registration Details with any other State/UTs 'rera_registration_details_with_any_details' scrapped.
[ 2025-06-19 17:03:32,311 ] 133 RERAScrapper - INFO - Previous Project Details (Last 5 years only) 'previous_project_details' scrapped.
[ 2025-06-19 17:03:34,344 ] 142 RERAScrapper - INFO - Project Details page clicked.
[ 2025-06-19 17:03:37,471 ] 156 RERAScrapper - INFO - Project Details 'project_details' scrapped.
[ 2025-06-19 17:03:37,472 ] 157 RERAScrapper - INFO - Development Details 'development_details' scrapped.
[ 2025-06-19 17:03:37,472 ] 158 RERAScrapper - INFO - External Development Work 'external_development_work' scrapped.
[ 2025-06-19 17:03:37,472 ] 159 RERAScrapper - INFO - Other External Development Work 'other_external_development_work' scrapped.
[ 2025-06-19 17:03:37,472 ] 160 RERAScrapper - INFO - Project Bank ( Escrow Account ) Details 'project_bank_details' scrapped.
[ 2025-06-19 17:03:37,472 ] 161 RERAScrapper - INFO - Project Agents 'project_agents' scrapped.
[ 2025-06-19 17:03:37,472 ] 162 RERAScrapper - INFO - Project Detail Table 'project_detail_table' scrapped.
[ 2025-06-19 17:03:37,502 ] 169 RERAScrapper - INFO - Uploaded Documents page clicked.
[ 2025-06-19 17:03:43,240 ] 184 RERAScrapper - INFO - Project Documents 'project_documents' scrapped.
[ 2025-06-19 17:03:43,240 ] 185 RERAScrapper - INFO - Project Approval 'project_approval' scrapped.
[ 2025-06-19 17:03:43,241 ] 186 RERAScrapper - INFO - Declaration 'declaration' scrapped.
[ 2025-06-19 17:03:43,241 ] 187 RERAScrapper - INFO - Other Documents 'other_documents' scrapped.
[ 2025-06-19 17:03:43,241 ] 188 RERAScrapper - INFO - Project Photo 'project_photo' scrapped.
[ 2025-06-19 17:03:43,241 ] 189 RERAScrapper - INFO - Financial Document 'financial_document' scrapped.
[ 2025-06-19 17:03:43,282 ] 198 RERAScrapper - INFO - Completion Details page clicked.
[ 2025-06-19 17:03:46,511 ] 208 RERAScrapper - INFO - Completion Details '{
    "Completion Details": {
        "Promoter has Applied for Completion on 13/08/2020": [
            "Name : Occupancy Certificate",
            "Approval Date: 12-11-2017",
            "Document: https://rera.karnataka.gov.in/download_jc?DOC_ID=3Y3sROIA%2F38UNvhhcX9tcQ%3D%3D",
            "Name : Completion certificate",
            "Approval Date: 12-11-2017",
            "Document: https://rera.karnataka.gov.in/download_jc?DOC_ID=%2BQhI4XW7Nk3C6VoRf2Q1vg%3D%3D",
            "Name : Registered Agreement of Sale",
            "Approval Date: 08-03-2017",
            "Document: https://rera.karnataka.gov.in/download_jc?DOC_ID=849hIRxJz0cqXiqBJ6kt9A%3D%3D",
            "Name : Registered conveyance deed for an individual unit",
            "Approval Date: 24-04-2017",
            "Document: https://rera.karnataka.gov.in/download_jc?DOC_ID=8FvzA2RMkLpsj9h8LC2CIQ%3D%3D"
        ]
    }
}' scrapped.
[ 2025-06-19 17:03:50,786 ] 83 RERAScrapper - INFO - City 'Kolar' selected from dropdown.
[ 2025-06-19 17:03:57,772 ] 90 RERAScrapper - INFO - Select Button Clicked.
[ 2025-06-19 17:04:04,976 ] 102 RERAScrapper - INFO - Home table JSON extracted: home_table_json
[ 2025-06-19 17:04:07,167 ] 128 RERAScrapper - INFO - Promoter Details 'promoter_details' scrapped.
[ 2025-06-19 17:04:07,167 ] 129 RERAScrapper - INFO - Authorized Signatory Detail 'authorized_signatory_details' scrapped.
[ 2025-06-19 17:04:07,167 ] 130 RERAScrapper - INFO - Project Member Details 'project_member_details' scrapped.
[ 2025-06-19 17:04:07,167 ] 131 RERAScrapper - INFO - Project Land Owner Details 'project_land_owner_details' scrapped.
[ 2025-06-19 17:04:07,167 ] 132 RERAScrapper - INFO - RERA Registration Details with any other State/UTs 'rera_registration_details_with_any_details' scrapped.
[ 2025-06-19 17:04:07,167 ] 133 RERAScrapper - INFO - Previous Project Details (Last 5 years only) 'previous_project_details' scrapped.
[ 2025-06-19 17:04:09,201 ] 142 RERAScrapper - INFO - Project Details page clicked.
[ 2025-06-19 17:04:12,961 ] 156 RERAScrapper - INFO - Project Details 'project_details' scrapped.
[ 2025-06-19 17:04:12,961 ] 157 RERAScrapper - INFO - Development Details 'development_details' scrapped.
[ 2025-06-19 17:04:12,961 ] 158 RERAScrapper - INFO - External Development Work 'external_development_work' scrapped.
[ 2025-06-19 17:04:12,961 ] 159 RERAScrapper - INFO - Other External Development Work 'other_external_development_work' scrapped.
[ 2025-06-19 17:04:12,962 ] 160 RERAScrapper - INFO - Project Bank ( Escrow Account ) Details 'project_bank_details' scrapped.
[ 2025-06-19 17:04:12,962 ] 161 RERAScrapper - INFO - Project Agents 'project_agents' scrapped.
[ 2025-06-19 17:04:12,962 ] 162 RERAScrapper - INFO - Project Detail Table 'project_detail_table' scrapped.
[ 2025-06-19 17:04:12,999 ] 169 RERAScrapper - INFO - Uploaded Documents page clicked.
[ 2025-06-19 17:04:19,417 ] 184 RERAScrapper - INFO - Project Documents 'project_documents' scrapped.
[ 2025-06-19 17:04:19,417 ] 185 RERAScrapper - INFO - Project Approval 'project_approval' scrapped.
[ 2025-06-19 17:04:19,417 ] 186 RERAScrapper - INFO - Declaration 'declaration' scrapped.
[ 2025-06-19 17:04:19,417 ] 187 RERAScrapper - INFO - Other Documents 'other_documents' scrapped.
[ 2025-06-19 17:04:19,417 ] 188 RERAScrapper - INFO - Project Photo 'project_photo' scrapped.
[ 2025-06-19 17:04:19,418 ] 189 RERAScrapper - INFO - Financial Document 'financial_document' scrapped.
[ 2025-06-19 17:04:39,446 ] 200 RERAScrapper - ERROR - Timed out waiting for Completion Details page: Message: 
Stacktrace:
	GetHandleVerifier [0x0x11d3b03+62899]
	GetHandleVerifier [0x0x11d3b44+62964]
	(No symbol) [0x0x10010f3]
	(No symbol) [0x0x104980e]
	(No symbol) [0x0x1049bab]
	(No symbol) [0x0x10925c2]
	(No symbol) [0x0x106e554]
	(No symbol) [0x0x108fd81]
	(No symbol) [0x0x106e306]
	(No symbol) [0x0x103d670]
	(No symbol) [0x0x103e4e4]
	GetHandleVerifier [0x0x1434793+2556483]
	GetHandleVerifier [0x0x142fd02+2537394]
	GetHandleVerifier [0x0x11fa2fa+220586]
	GetHandleVerifier [0x0x11eaae8+157080]
	GetHandleVerifier [0x0x11f141d+184013]
	GetHandleVerifier [0x0x11dba68+95512]
	GetHandleVerifier [0x0x11dbc10+95936]
	GetHandleVerifier [0x0x11c6b5a+9738]
	BaseThreadInitThunk [0x0x75edfcc9+25]
	RtlGetAppContainerNamedObjectPath [0x0x77e682ae+286]
	RtlGetAppContainerNamedObjectPath [0x0x77e6827e+238]

[ 2025-06-19 17:04:41,545 ] 208 RERAScrapper - INFO - Completion Details '{
    "": {
        "": []
    }
}' scrapped.
[ 2025-06-19 17:04:45,888 ] 83 RERAScrapper - INFO - City 'Kolar' selected from dropdown.
[ 2025-06-19 17:04:53,375 ] 90 RERAScrapper - INFO - Select Button Clicked.
[ 2025-06-19 17:05:00,597 ] 102 RERAScrapper - INFO - Home table JSON extracted: home_table_json
[ 2025-06-19 17:05:03,329 ] 128 RERAScrapper - INFO - Promoter Details 'promoter_details' scrapped.
[ 2025-06-19 17:05:03,329 ] 129 RERAScrapper - INFO - Authorized Signatory Detail 'authorized_signatory_details' scrapped.
[ 2025-06-19 17:05:03,329 ] 130 RERAScrapper - INFO - Project Member Details 'project_member_details' scrapped.
[ 2025-06-19 17:05:03,329 ] 131 RERAScrapper - INFO - Project Land Owner Details 'project_land_owner_details' scrapped.
[ 2025-06-19 17:05:03,329 ] 132 RERAScrapper - INFO - RERA Registration Details with any other State/UTs 'rera_registration_details_with_any_details' scrapped.
[ 2025-06-19 17:05:03,330 ] 133 RERAScrapper - INFO - Previous Project Details (Last 5 years only) 'previous_project_details' scrapped.
[ 2025-06-19 17:05:05,370 ] 142 RERAScrapper - INFO - Project Details page clicked.
[ 2025-06-19 17:05:10,104 ] 156 RERAScrapper - INFO - Project Details 'project_details' scrapped.
[ 2025-06-19 17:05:10,105 ] 157 RERAScrapper - INFO - Development Details 'development_details' scrapped.
[ 2025-06-19 17:05:10,105 ] 158 RERAScrapper - INFO - External Development Work 'external_development_work' scrapped.
[ 2025-06-19 17:05:10,105 ] 159 RERAScrapper - INFO - Other External Development Work 'other_external_development_work' scrapped.
[ 2025-06-19 17:05:10,105 ] 160 RERAScrapper - INFO - Project Bank ( Escrow Account ) Details 'project_bank_details' scrapped.
[ 2025-06-19 17:05:10,105 ] 161 RERAScrapper - INFO - Project Agents 'project_agents' scrapped.
[ 2025-06-19 17:05:10,105 ] 162 RERAScrapper - INFO - Project Detail Table 'project_detail_table' scrapped.
[ 2025-06-19 17:05:10,132 ] 169 RERAScrapper - INFO - Uploaded Documents page clicked.
[ 2025-06-19 17:05:17,145 ] 184 RERAScrapper - INFO - Project Documents 'project_documents' scrapped.
[ 2025-06-19 17:05:17,145 ] 185 RERAScrapper - INFO - Project Approval 'project_approval' scrapped.
[ 2025-06-19 17:05:17,145 ] 186 RERAScrapper - INFO - Declaration 'declaration' scrapped.
[ 2025-06-19 17:05:17,145 ] 187 RERAScrapper - INFO - Other Documents 'other_documents' scrapped.
[ 2025-06-19 17:05:17,146 ] 188 RERAScrapper - INFO - Project Photo 'project_photo' scrapped.
[ 2025-06-19 17:05:17,146 ] 189 RERAScrapper - INFO - Financial Document 'financial_document' scrapped.
[ 2025-06-19 17:05:37,648 ] 200 RERAScrapper - ERROR - Timed out waiting for Completion Details page: Message: 
Stacktrace:
	GetHandleVerifier [0x0x11d3b03+62899]
	GetHandleVerifier [0x0x11d3b44+62964]
	(No symbol) [0x0x10010f3]
	(No symbol) [0x0x104980e]
	(No symbol) [0x0x1049bab]
	(No symbol) [0x0x10925c2]
	(No symbol) [0x0x106e554]
	(No symbol) [0x0x108fd81]
	(No symbol) [0x0x106e306]
	(No symbol) [0x0x103d670]
	(No symbol) [0x0x103e4e4]
	GetHandleVerifier [0x0x1434793+2556483]
	GetHandleVerifier [0x0x142fd02+2537394]
	GetHandleVerifier [0x0x11fa2fa+220586]
	GetHandleVerifier [0x0x11eaae8+157080]
	GetHandleVerifier [0x0x11f141d+184013]
	GetHandleVerifier [0x0x11dba68+95512]
	GetHandleVerifier [0x0x11dbc10+95936]
	GetHandleVerifier [0x0x11c6b5a+9738]
	BaseThreadInitThunk [0x0x75edfcc9+25]
	RtlGetAppContainerNamedObjectPath [0x0x77e682ae+286]
	RtlGetAppContainerNamedObjectPath [0x0x77e6827e+238]

[ 2025-06-19 17:05:39,764 ] 208 RERAScrapper - INFO - Completion Details '{
    "": {
        "": []
    }
}' scrapped.
[ 2025-06-19 17:05:44,140 ] 83 RERAScrapper - INFO - City 'Kolar' selected from dropdown.
[ 2025-06-19 17:05:51,097 ] 90 RERAScrapper - INFO - Select Button Clicked.
[ 2025-06-19 17:05:58,373 ] 102 RERAScrapper - INFO - Home table JSON extracted: home_table_json
[ 2025-06-19 17:06:00,409 ] 217 RERAScrapper - ERROR - An error occurred in scrape_project_details: local variable 'h1_elements' referenced before assignment
[ 2025-06-19 17:06:04,780 ] 83 RERAScrapper - INFO - City 'Kolar' selected from dropdown.
[ 2025-06-19 17:06:13,853 ] 90 RERAScrapper - INFO - Select Button Clicked.
[ 2025-06-19 17:06:21,129 ] 102 RERAScrapper - INFO - Home table JSON extracted: home_table_json
[ 2025-06-19 17:06:24,178 ] 128 RERAScrapper - INFO - Promoter Details 'promoter_details' scrapped.
[ 2025-06-19 17:06:24,178 ] 129 RERAScrapper - INFO - Authorized Signatory Detail 'authorized_signatory_details' scrapped.
[ 2025-06-19 17:06:24,178 ] 130 RERAScrapper - INFO - Project Member Details 'project_member_details' scrapped.
[ 2025-06-19 17:06:24,178 ] 131 RERAScrapper - INFO - Project Land Owner Details 'project_land_owner_details' scrapped.
[ 2025-06-19 17:06:24,178 ] 132 RERAScrapper - INFO - RERA Registration Details with any other State/UTs 'rera_registration_details_with_any_details' scrapped.
[ 2025-06-19 17:06:24,179 ] 133 RERAScrapper - INFO - Previous Project Details (Last 5 years only) 'previous_project_details' scrapped.
[ 2025-06-19 17:06:26,223 ] 142 RERAScrapper - INFO - Project Details page clicked.
[ 2025-06-19 17:06:31,206 ] 156 RERAScrapper - INFO - Project Details 'project_details' scrapped.
[ 2025-06-19 17:06:31,206 ] 157 RERAScrapper - INFO - Development Details 'development_details' scrapped.
[ 2025-06-19 17:06:31,206 ] 158 RERAScrapper - INFO - External Development Work 'external_development_work' scrapped.
[ 2025-06-19 17:06:31,206 ] 159 RERAScrapper - INFO - Other External Development Work 'other_external_development_work' scrapped.
[ 2025-06-19 17:06:31,206 ] 160 RERAScrapper - INFO - Project Bank ( Escrow Account ) Details 'project_bank_details' scrapped.
[ 2025-06-19 17:06:31,206 ] 161 RERAScrapper - INFO - Project Agents 'project_agents' scrapped.
[ 2025-06-19 17:06:31,206 ] 162 RERAScrapper - INFO - Project Detail Table 'project_detail_table' scrapped.
[ 2025-06-19 17:06:31,240 ] 169 RERAScrapper - INFO - Uploaded Documents page clicked.
[ 2025-06-19 17:06:39,053 ] 184 RERAScrapper - INFO - Project Documents 'project_documents' scrapped.
[ 2025-06-19 17:06:39,053 ] 185 RERAScrapper - INFO - Project Approval 'project_approval' scrapped.
[ 2025-06-19 17:06:39,053 ] 186 RERAScrapper - INFO - Declaration 'declaration' scrapped.
[ 2025-06-19 17:06:39,054 ] 187 RERAScrapper - INFO - Other Documents 'other_documents' scrapped.
[ 2025-06-19 17:06:39,054 ] 188 RERAScrapper - INFO - Project Photo 'project_photo' scrapped.
[ 2025-06-19 17:06:39,054 ] 189 RERAScrapper - INFO - Financial Document 'financial_document' scrapped.
[ 2025-06-19 17:06:59,504 ] 200 RERAScrapper - ERROR - Timed out waiting for Completion Details page: Message: 
Stacktrace:
	GetHandleVerifier [0x0x11d3b03+62899]
	GetHandleVerifier [0x0x11d3b44+62964]
	(No symbol) [0x0x10010f3]
	(No symbol) [0x0x104980e]
	(No symbol) [0x0x1049bab]
	(No symbol) [0x0x10925c2]
	(No symbol) [0x0x106e554]
	(No symbol) [0x0x108fd81]
	(No symbol) [0x0x106e306]
	(No symbol) [0x0x103d670]
	(No symbol) [0x0x103e4e4]
	GetHandleVerifier [0x0x1434793+2556483]
	GetHandleVerifier [0x0x142fd02+2537394]
	GetHandleVerifier [0x0x11fa2fa+220586]
	GetHandleVerifier [0x0x11eaae8+157080]
	GetHandleVerifier [0x0x11f141d+184013]
	GetHandleVerifier [0x0x11dba68+95512]
	GetHandleVerifier [0x0x11dbc10+95936]
	GetHandleVerifier [0x0x11c6b5a+9738]
	BaseThreadInitThunk [0x0x75edfcc9+25]
	RtlGetAppContainerNamedObjectPath [0x0x77e682ae+286]
	RtlGetAppContainerNamedObjectPath [0x0x77e6827e+238]

[ 2025-06-19 17:07:01,642 ] 208 RERAScrapper - INFO - Completion Details '{
    "": {
        "": []
    }
}' scrapped.
[ 2025-06-19 17:07:06,051 ] 83 RERAScrapper - INFO - City 'Kolar' selected from dropdown.
[ 2025-06-19 17:07:13,112 ] 90 RERAScrapper - INFO - Select Button Clicked.
[ 2025-06-19 17:07:22,769 ] 102 RERAScrapper - INFO - Home table JSON extracted: home_table_json
[ 2025-06-19 17:07:26,583 ] 128 RERAScrapper - INFO - Promoter Details 'promoter_details' scrapped.
[ 2025-06-19 17:07:26,583 ] 129 RERAScrapper - INFO - Authorized Signatory Detail 'authorized_signatory_details' scrapped.
[ 2025-06-19 17:07:26,583 ] 130 RERAScrapper - INFO - Project Member Details 'project_member_details' scrapped.
[ 2025-06-19 17:07:26,583 ] 131 RERAScrapper - INFO - Project Land Owner Details 'project_land_owner_details' scrapped.
[ 2025-06-19 17:07:26,583 ] 132 RERAScrapper - INFO - RERA Registration Details with any other State/UTs 'rera_registration_details_with_any_details' scrapped.
[ 2025-06-19 17:07:26,583 ] 133 RERAScrapper - INFO - Previous Project Details (Last 5 years only) 'previous_project_details' scrapped.
[ 2025-06-19 17:07:28,629 ] 142 RERAScrapper - INFO - Project Details page clicked.
[ 2025-06-19 17:07:35,718 ] 156 RERAScrapper - INFO - Project Details 'project_details' scrapped.
[ 2025-06-19 17:07:35,718 ] 157 RERAScrapper - INFO - Development Details 'development_details' scrapped.
[ 2025-06-19 17:07:35,719 ] 158 RERAScrapper - INFO - External Development Work 'external_development_work' scrapped.
[ 2025-06-19 17:07:35,719 ] 159 RERAScrapper - INFO - Other External Development Work 'other_external_development_work' scrapped.
[ 2025-06-19 17:07:35,719 ] 160 RERAScrapper - INFO - Project Bank ( Escrow Account ) Details 'project_bank_details' scrapped.
[ 2025-06-19 17:07:35,719 ] 161 RERAScrapper - INFO - Project Agents 'project_agents' scrapped.
[ 2025-06-19 17:07:35,719 ] 162 RERAScrapper - INFO - Project Detail Table 'project_detail_table' scrapped.
[ 2025-06-19 17:07:35,751 ] 169 RERAScrapper - INFO - Uploaded Documents page clicked.
[ 2025-06-19 17:07:44,268 ] 184 RERAScrapper - INFO - Project Documents 'project_documents' scrapped.
[ 2025-06-19 17:07:44,269 ] 185 RERAScrapper - INFO - Project Approval 'project_approval' scrapped.
[ 2025-06-19 17:07:44,269 ] 186 RERAScrapper - INFO - Declaration 'declaration' scrapped.
[ 2025-06-19 17:07:44,269 ] 187 RERAScrapper - INFO - Other Documents 'other_documents' scrapped.
[ 2025-06-19 17:07:44,269 ] 188 RERAScrapper - INFO - Project Photo 'project_photo' scrapped.
[ 2025-06-19 17:07:44,269 ] 189 RERAScrapper - INFO - Financial Document 'financial_document' scrapped.
[ 2025-06-19 17:08:04,790 ] 200 RERAScrapper - ERROR - Timed out waiting for Completion Details page: Message: 
Stacktrace:
	GetHandleVerifier [0x0x11d3b03+62899]
	GetHandleVerifier [0x0x11d3b44+62964]
	(No symbol) [0x0x10010f3]
	(No symbol) [0x0x104980e]
	(No symbol) [0x0x1049bab]
	(No symbol) [0x0x10925c2]
	(No symbol) [0x0x106e554]
	(No symbol) [0x0x108fd81]
	(No symbol) [0x0x106e306]
	(No symbol) [0x0x103d670]
	(No symbol) [0x0x103e4e4]
	GetHandleVerifier [0x0x1434793+2556483]
	GetHandleVerifier [0x0x142fd02+2537394]
	GetHandleVerifier [0x0x11fa2fa+220586]
	GetHandleVerifier [0x0x11eaae8+157080]
	GetHandleVerifier [0x0x11f141d+184013]
	GetHandleVerifier [0x0x11dba68+95512]
	GetHandleVerifier [0x0x11dbc10+95936]
	GetHandleVerifier [0x0x11c6b5a+9738]
	BaseThreadInitThunk [0x0x75edfcc9+25]
	RtlGetAppContainerNamedObjectPath [0x0x77e682ae+286]
	RtlGetAppContainerNamedObjectPath [0x0x77e6827e+238]

[ 2025-06-19 17:08:06,929 ] 208 RERAScrapper - INFO - Completion Details '{
    "": {
        "": []
    }
}' scrapped.
[ 2025-06-19 17:08:11,377 ] 83 RERAScrapper - INFO - City 'Kolar' selected from dropdown.
[ 2025-06-19 17:08:20,976 ] 90 RERAScrapper - INFO - Select Button Clicked.
[ 2025-06-19 17:08:29,351 ] 102 RERAScrapper - INFO - Home table JSON extracted: home_table_json
[ 2025-06-19 17:08:49,393 ] 217 RERAScrapper - ERROR - An error occurred in scrape_project_details: local variable 'h1_elements' referenced before assignment
[ 2025-06-19 17:08:53,453 ] 102 RERAScrapper - INFO - Home table JSON extracted: home_table_json
[ 2025-06-19 17:08:57,517 ] 128 RERAScrapper - INFO - Promoter Details 'promoter_details' scrapped.
[ 2025-06-19 17:08:57,517 ] 129 RERAScrapper - INFO - Authorized Signatory Detail 'authorized_signatory_details' scrapped.
[ 2025-06-19 17:08:57,517 ] 130 RERAScrapper - INFO - Project Member Details 'project_member_details' scrapped.
[ 2025-06-19 17:08:57,517 ] 131 RERAScrapper - INFO - Project Land Owner Details 'project_land_owner_details' scrapped.
[ 2025-06-19 17:08:57,517 ] 132 RERAScrapper - INFO - RERA Registration Details with any other State/UTs 'rera_registration_details_with_any_details' scrapped.
[ 2025-06-19 17:08:57,518 ] 133 RERAScrapper - INFO - Previous Project Details (Last 5 years only) 'previous_project_details' scrapped.
[ 2025-06-19 17:08:59,565 ] 142 RERAScrapper - INFO - Project Details page clicked.
[ 2025-06-19 17:09:06,477 ] 156 RERAScrapper - INFO - Project Details 'project_details' scrapped.
[ 2025-06-19 17:09:06,477 ] 157 RERAScrapper - INFO - Development Details 'development_details' scrapped.
[ 2025-06-19 17:09:06,478 ] 158 RERAScrapper - INFO - External Development Work 'external_development_work' scrapped.
[ 2025-06-19 17:09:06,478 ] 159 RERAScrapper - INFO - Other External Development Work 'other_external_development_work' scrapped.
[ 2025-06-19 17:09:06,478 ] 160 RERAScrapper - INFO - Project Bank ( Escrow Account ) Details 'project_bank_details' scrapped.
[ 2025-06-19 17:09:06,478 ] 161 RERAScrapper - INFO - Project Agents 'project_agents' scrapped.
[ 2025-06-19 17:09:06,478 ] 162 RERAScrapper - INFO - Project Detail Table 'project_detail_table' scrapped.
[ 2025-06-19 17:09:06,515 ] 169 RERAScrapper - INFO - Uploaded Documents page clicked.
[ 2025-06-19 17:09:15,695 ] 184 RERAScrapper - INFO - Project Documents 'project_documents' scrapped.
[ 2025-06-19 17:09:15,695 ] 185 RERAScrapper - INFO - Project Approval 'project_approval' scrapped.
[ 2025-06-19 17:09:15,696 ] 186 RERAScrapper - INFO - Declaration 'declaration' scrapped.
[ 2025-06-19 17:09:15,696 ] 187 RERAScrapper - INFO - Other Documents 'other_documents' scrapped.
[ 2025-06-19 17:09:15,696 ] 188 RERAScrapper - INFO - Project Photo 'project_photo' scrapped.
[ 2025-06-19 17:09:15,696 ] 189 RERAScrapper - INFO - Financial Document 'financial_document' scrapped.
[ 2025-06-19 17:09:35,713 ] 200 RERAScrapper - ERROR - Timed out waiting for Completion Details page: Message: 
Stacktrace:
	GetHandleVerifier [0x0x11d3b03+62899]
	GetHandleVerifier [0x0x11d3b44+62964]
	(No symbol) [0x0x10010f3]
	(No symbol) [0x0x104980e]
	(No symbol) [0x0x1049bab]
	(No symbol) [0x0x10925c2]
	(No symbol) [0x0x106e554]
	(No symbol) [0x0x108fd81]
	(No symbol) [0x0x106e306]
	(No symbol) [0x0x103d670]
	(No symbol) [0x0x103e4e4]
	GetHandleVerifier [0x0x1434793+2556483]
	GetHandleVerifier [0x0x142fd02+2537394]
	GetHandleVerifier [0x0x11fa2fa+220586]
	GetHandleVerifier [0x0x11eaae8+157080]
	GetHandleVerifier [0x0x11f141d+184013]
	GetHandleVerifier [0x0x11dba68+95512]
	GetHandleVerifier [0x0x11dbc10+95936]
	GetHandleVerifier [0x0x11c6b5a+9738]
	BaseThreadInitThunk [0x0x75edfcc9+25]
	RtlGetAppContainerNamedObjectPath [0x0x77e682ae+286]
	RtlGetAppContainerNamedObjectPath [0x0x77e6827e+238]

[ 2025-06-19 17:09:37,882 ] 208 RERAScrapper - INFO - Completion Details '{
    "": {
        "": []
    }
}' scrapped.
[ 2025-06-19 17:09:42,391 ] 83 RERAScrapper - INFO - City 'Kolar' selected from dropdown.
[ 2025-06-19 17:09:52,458 ] 90 RERAScrapper - INFO - Select Button Clicked.
[ 2025-06-19 17:10:00,863 ] 102 RERAScrapper - INFO - Home table JSON extracted: home_table_json
[ 2025-06-19 17:10:20,920 ] 217 RERAScrapper - ERROR - An error occurred in scrape_project_details: local variable 'h1_elements' referenced before assignment
[ 2025-06-19 17:10:24,995 ] 102 RERAScrapper - INFO - Home table JSON extracted: home_table_json
[ 2025-06-19 17:10:28,112 ] 128 RERAScrapper - INFO - Promoter Details 'promoter_details' scrapped.
[ 2025-06-19 17:10:28,112 ] 129 RERAScrapper - INFO - Authorized Signatory Detail 'authorized_signatory_details' scrapped.
[ 2025-06-19 17:10:28,112 ] 130 RERAScrapper - INFO - Project Member Details 'project_member_details' scrapped.
[ 2025-06-19 17:10:28,112 ] 131 RERAScrapper - INFO - Project Land Owner Details 'project_land_owner_details' scrapped.
[ 2025-06-19 17:10:28,112 ] 132 RERAScrapper - INFO - RERA Registration Details with any other State/UTs 'rera_registration_details_with_any_details' scrapped.
[ 2025-06-19 17:10:28,112 ] 133 RERAScrapper - INFO - Previous Project Details (Last 5 years only) 'previous_project_details' scrapped.
[ 2025-06-19 17:10:30,152 ] 142 RERAScrapper - INFO - Project Details page clicked.
[ 2025-06-19 17:10:37,669 ] 156 RERAScrapper - INFO - Project Details 'project_details' scrapped.
[ 2025-06-19 17:10:37,670 ] 157 RERAScrapper - INFO - Development Details 'development_details' scrapped.
[ 2025-06-19 17:10:37,670 ] 158 RERAScrapper - INFO - External Development Work 'external_development_work' scrapped.
[ 2025-06-19 17:10:37,670 ] 159 RERAScrapper - INFO - Other External Development Work 'other_external_development_work' scrapped.
[ 2025-06-19 17:10:37,670 ] 160 RERAScrapper - INFO - Project Bank ( Escrow Account ) Details 'project_bank_details' scrapped.
[ 2025-06-19 17:10:37,670 ] 161 RERAScrapper - INFO - Project Agents 'project_agents' scrapped.
[ 2025-06-19 17:10:37,670 ] 162 RERAScrapper - INFO - Project Detail Table 'project_detail_table' scrapped.
[ 2025-06-19 17:10:37,705 ] 169 RERAScrapper - INFO - Uploaded Documents page clicked.
[ 2025-06-19 17:10:47,667 ] 184 RERAScrapper - INFO - Project Documents 'project_documents' scrapped.
[ 2025-06-19 17:10:47,667 ] 185 RERAScrapper - INFO - Project Approval 'project_approval' scrapped.
[ 2025-06-19 17:10:47,668 ] 186 RERAScrapper - INFO - Declaration 'declaration' scrapped.
[ 2025-06-19 17:10:47,668 ] 187 RERAScrapper - INFO - Other Documents 'other_documents' scrapped.
[ 2025-06-19 17:10:47,668 ] 188 RERAScrapper - INFO - Project Photo 'project_photo' scrapped.
[ 2025-06-19 17:10:47,668 ] 189 RERAScrapper - INFO - Financial Document 'financial_document' scrapped.
[ 2025-06-19 17:10:47,705 ] 198 RERAScrapper - INFO - Completion Details page clicked.
[ 2025-06-19 17:10:49,960 ] 208 RERAScrapper - INFO - Completion Details '{
    "Completion Details": {
        "Promoter has Applied for Completion on 24/08/2020": [
            "Name : Occupancy Certificate",
            "Approval Date: 31-03-2020",
            "Document: https://rera.karnataka.gov.in/download_jc?DOC_ID=6B1o2c1SPOHzuS602EtlAg%3D%3D",
            "Name : Completion certificate",
            "Approval Date: 31-03-2020",
            "Document: https://rera.karnataka.gov.in/download_jc?DOC_ID=Yr4RQV0er4BvkiFmthnulg%3D%3D",
            "Name : Registered Agreement of Sale",
            "Approval Date: 31-03-2020",
            "Document: https://rera.karnataka.gov.in/download_jc?DOC_ID=hvx%2BvrObgCrROfRkUdGN9g%3D%3D",
            "Name : Registered conveyance deed for an individual unit",
            "Approval Date: 31-03-2020",
            "Document: https://rera.karnataka.gov.in/download_jc?DOC_ID=CFoNvocpnuIAiouHAuwULw%3D%3D"
        ]
    }
}' scrapped.
[ 2025-06-19 17:10:54,073 ] 83 RERAScrapper - INFO - City 'Kolar' selected from dropdown.
[ 2025-06-19 17:11:01,823 ] 90 RERAScrapper - INFO - Select Button Clicked.
[ 2025-06-19 17:11:09,900 ] 102 RERAScrapper - INFO - Home table JSON extracted: home_table_json
[ 2025-06-19 17:11:11,235 ] 128 RERAScrapper - INFO - Promoter Details 'promoter_details' scrapped.
[ 2025-06-19 17:11:11,235 ] 129 RERAScrapper - INFO - Authorized Signatory Detail 'authorized_signatory_details' scrapped.
[ 2025-06-19 17:11:11,235 ] 130 RERAScrapper - INFO - Project Member Details 'project_member_details' scrapped.
[ 2025-06-19 17:11:11,235 ] 131 RERAScrapper - INFO - Project Land Owner Details 'project_land_owner_details' scrapped.
[ 2025-06-19 17:11:11,236 ] 132 RERAScrapper - INFO - RERA Registration Details with any other State/UTs 'rera_registration_details_with_any_details' scrapped.
[ 2025-06-19 17:11:11,236 ] 133 RERAScrapper - INFO - Previous Project Details (Last 5 years only) 'previous_project_details' scrapped.
[ 2025-06-19 17:11:13,279 ] 142 RERAScrapper - INFO - Project Details page clicked.
[ 2025-06-19 17:11:14,064 ] 156 RERAScrapper - INFO - Project Details 'project_details' scrapped.
[ 2025-06-19 17:11:14,064 ] 157 RERAScrapper - INFO - Development Details 'development_details' scrapped.
[ 2025-06-19 17:11:14,064 ] 158 RERAScrapper - INFO - External Development Work 'external_development_work' scrapped.
[ 2025-06-19 17:11:14,064 ] 159 RERAScrapper - INFO - Other External Development Work 'other_external_development_work' scrapped.
[ 2025-06-19 17:11:14,064 ] 160 RERAScrapper - INFO - Project Bank ( Escrow Account ) Details 'project_bank_details' scrapped.
[ 2025-06-19 17:11:14,065 ] 161 RERAScrapper - INFO - Project Agents 'project_agents' scrapped.
[ 2025-06-19 17:11:14,065 ] 162 RERAScrapper - INFO - Project Detail Table 'project_detail_table' scrapped.
[ 2025-06-19 17:11:14,099 ] 169 RERAScrapper - INFO - Uploaded Documents page clicked.
[ 2025-06-19 17:11:17,048 ] 184 RERAScrapper - INFO - Project Documents 'project_documents' scrapped.
[ 2025-06-19 17:11:17,048 ] 185 RERAScrapper - INFO - Project Approval 'project_approval' scrapped.
[ 2025-06-19 17:11:17,048 ] 186 RERAScrapper - INFO - Declaration 'declaration' scrapped.
[ 2025-06-19 17:11:17,048 ] 187 RERAScrapper - INFO - Other Documents 'other_documents' scrapped.
[ 2025-06-19 17:11:17,048 ] 188 RERAScrapper - INFO - Project Photo 'project_photo' scrapped.
[ 2025-06-19 17:11:17,048 ] 189 RERAScrapper - INFO - Financial Document 'financial_document' scrapped.
[ 2025-06-19 17:11:37,550 ] 200 RERAScrapper - ERROR - Timed out waiting for Completion Details page: Message: 
Stacktrace:
	GetHandleVerifier [0x0x11d3b03+62899]
	GetHandleVerifier [0x0x11d3b44+62964]
	(No symbol) [0x0x10010f3]
	(No symbol) [0x0x104980e]
	(No symbol) [0x0x1049bab]
	(No symbol) [0x0x10925c2]
	(No symbol) [0x0x106e554]
	(No symbol) [0x0x108fd81]
	(No symbol) [0x0x106e306]
	(No symbol) [0x0x103d670]
	(No symbol) [0x0x103e4e4]
	GetHandleVerifier [0x0x1434793+2556483]
	GetHandleVerifier [0x0x142fd02+2537394]
	GetHandleVerifier [0x0x11fa2fa+220586]
	GetHandleVerifier [0x0x11eaae8+157080]
	GetHandleVerifier [0x0x11f141d+184013]
	GetHandleVerifier [0x0x11dba68+95512]
	GetHandleVerifier [0x0x11dbc10+95936]
	GetHandleVerifier [0x0x11c6b5a+9738]
	BaseThreadInitThunk [0x0x75edfcc9+25]
	RtlGetAppContainerNamedObjectPath [0x0x77e682ae+286]
	RtlGetAppContainerNamedObjectPath [0x0x77e6827e+238]

[ 2025-06-19 17:11:39,588 ] 208 RERAScrapper - INFO - Completion Details '{
    "": {
        "": []
    }
}' scrapped.
[ 2025-06-19 17:11:43,708 ] 83 RERAScrapper - INFO - City 'Kolar' selected from dropdown.
[ 2025-06-19 17:11:50,512 ] 90 RERAScrapper - INFO - Select Button Clicked.
[ 2025-06-19 17:11:58,623 ] 102 RERAScrapper - INFO - Home table JSON extracted: home_table_json
[ 2025-06-19 17:11:59,998 ] 128 RERAScrapper - INFO - Promoter Details 'promoter_details' scrapped.
[ 2025-06-19 17:11:59,998 ] 129 RERAScrapper - INFO - Authorized Signatory Detail 'authorized_signatory_details' scrapped.
[ 2025-06-19 17:11:59,998 ] 130 RERAScrapper - INFO - Project Member Details 'project_member_details' scrapped.
[ 2025-06-19 17:11:59,999 ] 131 RERAScrapper - INFO - Project Land Owner Details 'project_land_owner_details' scrapped.
[ 2025-06-19 17:11:59,999 ] 132 RERAScrapper - INFO - RERA Registration Details with any other State/UTs 'rera_registration_details_with_any_details' scrapped.
[ 2025-06-19 17:11:59,999 ] 133 RERAScrapper - INFO - Previous Project Details (Last 5 years only) 'previous_project_details' scrapped.
[ 2025-06-19 17:12:02,045 ] 142 RERAScrapper - INFO - Project Details page clicked.
[ 2025-06-19 17:12:02,892 ] 156 RERAScrapper - INFO - Project Details 'project_details' scrapped.
[ 2025-06-19 17:12:02,893 ] 157 RERAScrapper - INFO - Development Details 'development_details' scrapped.
[ 2025-06-19 17:12:02,893 ] 158 RERAScrapper - INFO - External Development Work 'external_development_work' scrapped.
[ 2025-06-19 17:12:02,893 ] 159 RERAScrapper - INFO - Other External Development Work 'other_external_development_work' scrapped.
[ 2025-06-19 17:12:02,893 ] 160 RERAScrapper - INFO - Project Bank ( Escrow Account ) Details 'project_bank_details' scrapped.
[ 2025-06-19 17:12:02,893 ] 161 RERAScrapper - INFO - Project Agents 'project_agents' scrapped.
[ 2025-06-19 17:12:02,893 ] 162 RERAScrapper - INFO - Project Detail Table 'project_detail_table' scrapped.
[ 2025-06-19 17:12:02,927 ] 169 RERAScrapper - INFO - Uploaded Documents page clicked.
[ 2025-06-19 17:12:05,955 ] 184 RERAScrapper - INFO - Project Documents 'project_documents' scrapped.
[ 2025-06-19 17:12:05,955 ] 185 RERAScrapper - INFO - Project Approval 'project_approval' scrapped.
[ 2025-06-19 17:12:05,955 ] 186 RERAScrapper - INFO - Declaration 'declaration' scrapped.
[ 2025-06-19 17:12:05,955 ] 187 RERAScrapper - INFO - Other Documents 'other_documents' scrapped.
[ 2025-06-19 17:12:05,956 ] 188 RERAScrapper - INFO - Project Photo 'project_photo' scrapped.
[ 2025-06-19 17:12:05,956 ] 189 RERAScrapper - INFO - Financial Document 'financial_document' scrapped.
[ 2025-06-19 17:12:05,988 ] 198 RERAScrapper - INFO - Completion Details page clicked.
[ 2025-06-19 17:12:08,233 ] 208 RERAScrapper - INFO - Completion Details '{
    "Completion Details": {
        "Promoter has Applied for Completion on 26/12/2019": [
            "Name : Occupancy Certificate",
            "Approval Date: 19-03-2018",
            "Document: https://rera.karnataka.gov.in/download_jc?DOC_ID=25rnkkqUt3Gzouoxo9Z4lA%3D%3D",
            "Name : Completion certificate",
            "Approval Date: 19-03-2018",
            "Document: https://rera.karnataka.gov.in/download_jc?DOC_ID=NySC%2Bw0MMqUSEd0zOefI8w%3D%3D",
            "Name : Registered Agreement of Sale",
            "Approval Date: 04-02-2019",
            "Document: https://rera.karnataka.gov.in/download_jc?DOC_ID=sZBak23HTvtMkCA3tH%2F7xA%3D%3D",
            "Name : Registered conveyance deed for an individual unit",
            "Approval Date: 18-05-2019",
            "Document: https://rera.karnataka.gov.in/download_jc?DOC_ID=fuW65MQZVdkpbZvIGa78Ug%3D%3D"
        ]
    }
}' scrapped.
[ 2025-06-19 17:12:12,360 ] 83 RERAScrapper - INFO - City 'Kolar' selected from dropdown.
[ 2025-06-19 17:12:19,074 ] 90 RERAScrapper - INFO - Select Button Clicked.
[ 2025-06-19 17:12:27,188 ] 102 RERAScrapper - INFO - Home table JSON extracted: home_table_json
[ 2025-06-19 17:12:28,555 ] 128 RERAScrapper - INFO - Promoter Details 'promoter_details' scrapped.
[ 2025-06-19 17:12:28,555 ] 129 RERAScrapper - INFO - Authorized Signatory Detail 'authorized_signatory_details' scrapped.
[ 2025-06-19 17:12:28,556 ] 130 RERAScrapper - INFO - Project Member Details 'project_member_details' scrapped.
[ 2025-06-19 17:12:28,556 ] 131 RERAScrapper - INFO - Project Land Owner Details 'project_land_owner_details' scrapped.
[ 2025-06-19 17:12:28,556 ] 132 RERAScrapper - INFO - RERA Registration Details with any other State/UTs 'rera_registration_details_with_any_details' scrapped.
[ 2025-06-19 17:12:28,556 ] 133 RERAScrapper - INFO - Previous Project Details (Last 5 years only) 'previous_project_details' scrapped.
[ 2025-06-19 17:12:30,595 ] 142 RERAScrapper - INFO - Project Details page clicked.
[ 2025-06-19 17:12:31,450 ] 156 RERAScrapper - INFO - Project Details 'project_details' scrapped.
[ 2025-06-19 17:12:31,451 ] 157 RERAScrapper - INFO - Development Details 'development_details' scrapped.
[ 2025-06-19 17:12:31,451 ] 158 RERAScrapper - INFO - External Development Work 'external_development_work' scrapped.
[ 2025-06-19 17:12:31,451 ] 159 RERAScrapper - INFO - Other External Development Work 'other_external_development_work' scrapped.
[ 2025-06-19 17:12:31,451 ] 160 RERAScrapper - INFO - Project Bank ( Escrow Account ) Details 'project_bank_details' scrapped.
[ 2025-06-19 17:12:31,451 ] 161 RERAScrapper - INFO - Project Agents 'project_agents' scrapped.
[ 2025-06-19 17:12:31,451 ] 162 RERAScrapper - INFO - Project Detail Table 'project_detail_table' scrapped.
[ 2025-06-19 17:12:31,486 ] 169 RERAScrapper - INFO - Uploaded Documents page clicked.
[ 2025-06-19 17:12:34,495 ] 184 RERAScrapper - INFO - Project Documents 'project_documents' scrapped.
[ 2025-06-19 17:12:34,495 ] 185 RERAScrapper - INFO - Project Approval 'project_approval' scrapped.
[ 2025-06-19 17:12:34,495 ] 186 RERAScrapper - INFO - Declaration 'declaration' scrapped.
[ 2025-06-19 17:12:34,495 ] 187 RERAScrapper - INFO - Other Documents 'other_documents' scrapped.
[ 2025-06-19 17:12:34,496 ] 188 RERAScrapper - INFO - Project Photo 'project_photo' scrapped.
[ 2025-06-19 17:12:34,496 ] 189 RERAScrapper - INFO - Financial Document 'financial_document' scrapped.
