[ 2025-06-13 12:25:30,190 ] 61 RERAScrapper - INFO - Browser initialized successfully.
[ 2025-06-13 12:25:38,984 ] 69 RERAScrapper - INFO - Navigated to URL: https://rera.karnataka.gov.in/viewAllProjects
[ 2025-06-13 12:25:59,112 ] 94 RERAScrapper - ERROR - Error during city selection: Message: no such window: target window already closed
from unknown error: web view not found
  (Session info: chrome=137.0.7151.104)
Stacktrace:
	GetHandleVerifier [0x0x7c3783+63299]
	GetHandleVerifier [0x0x7c37c4+63364]
	(No symbol) [0x0x5f1113]
	(No symbol) [0x0x5cff69]
	(No symbol) [0x0x664fce]
	(No symbol) [0x0x67f359]
	(No symbol) [0x0x65e376]
	(No symbol) [0x0x62d6e0]
	(No symbol) [0x0x62e544]
	GetHandleVerifier [0x0xa1e073+2531379]
	GetHandleVerifier [0x0xa19372+2511666]
	GetHandleVerifier [0x0x7e9efa+220858]
	GetHandleVerifier [0x0x7da548+156936]
	GetHandleVerifier [0x0x7e0c7d+183357]
	GetHandleVerifier [0x0x7cb6e8+95912]
	GetHandleVerifier [0x0x7cb890+96336]
	GetHandleVerifier [0x0x7b666a+9770]
	BaseThreadInitThunk [0x0x760dfcc9+25]
	RtlGetAppContainerNamedObjectPath [0x0x779382ae+286]
	RtlGetAppContainerNamedObjectPath [0x0x7793827e+238]

