[ 2025-06-19 14:25:24,355 ] 62 RERAScrapper - INFO - Browser initialized successfully.
[ 2025-06-19 14:25:29,656 ] 70 RERAScrapper - INFO - Navigated to URL: https://rera.karnataka.gov.in/viewAllProjects
[ 2025-06-19 14:25:29,826 ] 83 RERAScrapper - INFO - City 'Vijayapura' selected from dropdown.
[ 2025-06-19 14:25:45,331 ] 101 RERAScrapper - INFO - Home table JSON extracted: home_table_json
[ 2025-06-19 14:25:48,532 ] 124 RERAScrapper - INFO - Promoter Details 'promoter_details' scrapped.
[ 2025-06-19 14:25:48,532 ] 125 RERAScrapper - INFO - Authorized Signatory Detail 'authorized_signatory_details' scrapped.
[ 2025-06-19 14:25:48,532 ] 126 RERAScrapper - INFO - Project Member Details 'project_member_details' scrapped.
[ 2025-06-19 14:25:48,532 ] 127 RERAScrapper - INFO - Project Land Owner Details 'project_land_owner_details' scrapped.
[ 2025-06-19 14:25:48,533 ] 128 RERAScrapper - INFO - RERA Registration Details with any other State/UTs 'rera_registration_details_with_any_details' scrapped.
[ 2025-06-19 14:25:48,533 ] 129 RERAScrapper - INFO - Previous Project Details (Last 5 years only) 'previous_project_details' scrapped.
[ 2025-06-19 14:25:50,585 ] 138 RERAScrapper - INFO - Project Details page clicked.
[ 2025-06-19 14:25:52,205 ] 152 RERAScrapper - INFO - Project Details 'project_details' scrapped.
[ 2025-06-19 14:25:52,205 ] 153 RERAScrapper - INFO - Development Details 'development_details' scrapped.
[ 2025-06-19 14:25:52,205 ] 154 RERAScrapper - INFO - External Development Work 'external_development_work' scrapped.
[ 2025-06-19 14:25:52,205 ] 155 RERAScrapper - INFO - Other External Development Work 'other_external_development_work' scrapped.
[ 2025-06-19 14:25:52,205 ] 156 RERAScrapper - INFO - Project Bank ( Escrow Account ) Details 'project_bank_details' scrapped.
[ 2025-06-19 14:25:52,205 ] 157 RERAScrapper - INFO - Project Agents 'project_agents' scrapped.
[ 2025-06-19 14:25:52,205 ] 158 RERAScrapper - INFO - Project Detail Table 'project_detail_table' scrapped.
[ 2025-06-19 14:25:52,241 ] 165 RERAScrapper - INFO - Uploaded Documents page clicked.
[ 2025-06-19 14:25:56,326 ] 180 RERAScrapper - INFO - Project Documents 'project_documents' scrapped.
[ 2025-06-19 14:25:56,326 ] 181 RERAScrapper - INFO - Project Approval 'project_approval' scrapped.
[ 2025-06-19 14:25:56,326 ] 182 RERAScrapper - INFO - Declaration 'declaration' scrapped.
[ 2025-06-19 14:25:56,327 ] 183 RERAScrapper - INFO - Other Documents 'other_documents' scrapped.
[ 2025-06-19 14:25:56,327 ] 184 RERAScrapper - INFO - Project Photo 'project_photo' scrapped.
[ 2025-06-19 14:25:56,327 ] 185 RERAScrapper - INFO - Financial Document 'financial_document' scrapped.
[ 2025-06-19 14:25:56,361 ] 194 RERAScrapper - INFO - Completion Details page clicked.
[ 2025-06-19 14:25:59,037 ] 204 RERAScrapper - INFO - Completion Details '{
    "": {
        "Promoter has Applied for Completion on 14/11/2018": [
            "Name : Occupancy Certificate",
            "Approval Date: 13-07-2018",
            "Document: https://rera.karnataka.gov.in/download_jc?DOC_ID=mMug6EgIH9MIGIlUs38Dtg%3D%3D",
            "Name : Completion certificate",
            "Approval Date: 13-07-2018",
            "Document: https://rera.karnataka.gov.in/download_jc?DOC_ID=J0R%2BSWcaZJ3erqmGWUsrdw%3D%3D",
            "Name : Registered Agreement of Sale",
            "Approval Date: 13-08-2018",
            "Document: https://rera.karnataka.gov.in/download_jc?DOC_ID=JeUNLceuZtd6J1izyRpbzg%3D%3D",
            "Name : Registered conveyance deed for an individual unit",
            "Approval Date: 13-07-2018",
            "Document: https://rera.karnataka.gov.in/download_jc?DOC_ID=ibgAe%2F76BT5z1W00B1yZcQ%3D%3D"
        ]
    }
}' scrapped.
[ 2025-06-19 14:26:03,221 ] 83 RERAScrapper - INFO - City 'Vijayapura' selected from dropdown.
[ 2025-06-19 14:26:19,399 ] 101 RERAScrapper - INFO - Home table JSON extracted: home_table_json
[ 2025-06-19 14:26:24,302 ] 124 RERAScrapper - INFO - Promoter Details 'promoter_details' scrapped.
[ 2025-06-19 14:26:24,302 ] 125 RERAScrapper - INFO - Authorized Signatory Detail 'authorized_signatory_details' scrapped.
[ 2025-06-19 14:26:24,302 ] 126 RERAScrapper - INFO - Project Member Details 'project_member_details' scrapped.
[ 2025-06-19 14:26:24,303 ] 127 RERAScrapper - INFO - Project Land Owner Details 'project_land_owner_details' scrapped.
[ 2025-06-19 14:26:24,303 ] 128 RERAScrapper - INFO - RERA Registration Details with any other State/UTs 'rera_registration_details_with_any_details' scrapped.
[ 2025-06-19 14:26:24,303 ] 129 RERAScrapper - INFO - Previous Project Details (Last 5 years only) 'previous_project_details' scrapped.
[ 2025-06-19 14:26:26,352 ] 138 RERAScrapper - INFO - Project Details page clicked.
[ 2025-06-19 14:26:29,084 ] 152 RERAScrapper - INFO - Project Details 'project_details' scrapped.
[ 2025-06-19 14:26:29,084 ] 153 RERAScrapper - INFO - Development Details 'development_details' scrapped.
[ 2025-06-19 14:26:29,084 ] 154 RERAScrapper - INFO - External Development Work 'external_development_work' scrapped.
[ 2025-06-19 14:26:29,084 ] 155 RERAScrapper - INFO - Other External Development Work 'other_external_development_work' scrapped.
[ 2025-06-19 14:26:29,084 ] 156 RERAScrapper - INFO - Project Bank ( Escrow Account ) Details 'project_bank_details' scrapped.
[ 2025-06-19 14:26:29,085 ] 157 RERAScrapper - INFO - Project Agents 'project_agents' scrapped.
[ 2025-06-19 14:26:29,085 ] 158 RERAScrapper - INFO - Project Detail Table 'project_detail_table' scrapped.
[ 2025-06-19 14:26:29,123 ] 165 RERAScrapper - INFO - Uploaded Documents page clicked.
[ 2025-06-19 14:26:34,379 ] 180 RERAScrapper - INFO - Project Documents 'project_documents' scrapped.
[ 2025-06-19 14:26:34,379 ] 181 RERAScrapper - INFO - Project Approval 'project_approval' scrapped.
[ 2025-06-19 14:26:34,379 ] 182 RERAScrapper - INFO - Declaration 'declaration' scrapped.
[ 2025-06-19 14:26:34,380 ] 183 RERAScrapper - INFO - Other Documents 'other_documents' scrapped.
[ 2025-06-19 14:26:34,380 ] 184 RERAScrapper - INFO - Project Photo 'project_photo' scrapped.
[ 2025-06-19 14:26:34,380 ] 185 RERAScrapper - INFO - Financial Document 'financial_document' scrapped.
[ 2025-06-19 14:26:34,420 ] 194 RERAScrapper - INFO - Completion Details page clicked.
[ 2025-06-19 14:26:37,459 ] 204 RERAScrapper - INFO - Completion Details '{
    "": {
        "Promoter has Applied for Completion on 14/11/2018": [
            "Name : Occupancy Certificate",
            "Approval Date: 13-07-2018",
            "Document: https://rera.karnataka.gov.in/download_jc?DOC_ID=mMug6EgIH9MIGIlUs38Dtg%3D%3D",
            "Name : Completion certificate",
            "Approval Date: 13-07-2018",
            "Document: https://rera.karnataka.gov.in/download_jc?DOC_ID=J0R%2BSWcaZJ3erqmGWUsrdw%3D%3D",
            "Name : Registered Agreement of Sale",
            "Approval Date: 13-08-2018",
            "Document: https://rera.karnataka.gov.in/download_jc?DOC_ID=JeUNLceuZtd6J1izyRpbzg%3D%3D",
            "Name : Registered conveyance deed for an individual unit",
            "Approval Date: 13-07-2018",
            "Document: https://rera.karnataka.gov.in/download_jc?DOC_ID=ibgAe%2F76BT5z1W00B1yZcQ%3D%3D"
        ]
    }
}' scrapped.
[ 2025-06-19 14:26:41,715 ] 83 RERAScrapper - INFO - City 'Vijayapura' selected from dropdown.
