[ 2025-06-19 14:43:44,508 ] 62 RERAScrapper - INFO - Browser initialized successfully.
[ 2025-06-19 14:43:49,775 ] 70 RERAScrapper - INFO - Navigated to URL: https://rera.karnataka.gov.in/viewAllProjects
[ 2025-06-19 14:43:49,950 ] 83 RERAScrapper - INFO - City 'Vijayapura' selected from dropdown.
[ 2025-06-19 14:43:58,143 ] 102 RERAScrapper - INFO - Home table JSON extracted: home_table_json
[ 2025-06-19 14:44:01,382 ] 125 RERAScrapper - INFO - Promoter Details 'promoter_details' scrapped.
[ 2025-06-19 14:44:01,382 ] 126 RERAScrapper - INFO - Authorized Signatory Detail 'authorized_signatory_details' scrapped.
[ 2025-06-19 14:44:01,382 ] 127 RERAScrapper - INFO - Project Member Details 'project_member_details' scrapped.
[ 2025-06-19 14:44:01,382 ] 128 RERAScrapper - INFO - Project Land Owner Details 'project_land_owner_details' scrapped.
[ 2025-06-19 14:44:01,382 ] 129 RERAScrapper - INFO - RERA Registration Details with any other State/UTs 'rera_registration_details_with_any_details' scrapped.
[ 2025-06-19 14:44:01,383 ] 130 RERAScrapper - INFO - Previous Project Details (Last 5 years only) 'previous_project_details' scrapped.
[ 2025-06-19 14:44:03,428 ] 139 RERAScrapper - INFO - Project Details page clicked.
[ 2025-06-19 14:44:04,992 ] 153 RERAScrapper - INFO - Project Details 'project_details' scrapped.
[ 2025-06-19 14:44:04,992 ] 154 RERAScrapper - INFO - Development Details 'development_details' scrapped.
[ 2025-06-19 14:44:04,993 ] 155 RERAScrapper - INFO - External Development Work 'external_development_work' scrapped.
[ 2025-06-19 14:44:04,993 ] 156 RERAScrapper - INFO - Other External Development Work 'other_external_development_work' scrapped.
[ 2025-06-19 14:44:04,993 ] 157 RERAScrapper - INFO - Project Bank ( Escrow Account ) Details 'project_bank_details' scrapped.
[ 2025-06-19 14:44:04,993 ] 158 RERAScrapper - INFO - Project Agents 'project_agents' scrapped.
[ 2025-06-19 14:44:04,993 ] 159 RERAScrapper - INFO - Project Detail Table 'project_detail_table' scrapped.
[ 2025-06-19 14:44:05,029 ] 166 RERAScrapper - INFO - Uploaded Documents page clicked.
[ 2025-06-19 14:44:09,083 ] 181 RERAScrapper - INFO - Project Documents 'project_documents' scrapped.
[ 2025-06-19 14:44:09,083 ] 182 RERAScrapper - INFO - Project Approval 'project_approval' scrapped.
[ 2025-06-19 14:44:09,083 ] 183 RERAScrapper - INFO - Declaration 'declaration' scrapped.
[ 2025-06-19 14:44:09,084 ] 184 RERAScrapper - INFO - Other Documents 'other_documents' scrapped.
[ 2025-06-19 14:44:09,084 ] 185 RERAScrapper - INFO - Project Photo 'project_photo' scrapped.
[ 2025-06-19 14:44:09,084 ] 186 RERAScrapper - INFO - Financial Document 'financial_document' scrapped.
[ 2025-06-19 14:44:09,119 ] 195 RERAScrapper - INFO - Completion Details page clicked.
[ 2025-06-19 14:44:11,744 ] 205 RERAScrapper - INFO - Completion Details '{
    "Completion Details": {
        "Promoter has Applied for Completion on 14/11/2018": [
            "Name : Occupancy Certificate",
            "Approval Date: 13-07-2018",
            "Document: https://rera.karnataka.gov.in/download_jc?DOC_ID=mMug6EgIH9MIGIlUs38Dtg%3D%3D",
            "Name : Completion certificate",
            "Approval Date: 13-07-2018",
            "Document: https://rera.karnataka.gov.in/download_jc?DOC_ID=J0R%2BSWcaZJ3erqmGWUsrdw%3D%3D",
            "Name : Registered Agreement of Sale",
            "Approval Date: 13-08-2018",
            "Document: https://rera.karnataka.gov.in/download_jc?DOC_ID=JeUNLceuZtd6J1izyRpbzg%3D%3D",
            "Name : Registered conveyance deed for an individual unit",
            "Approval Date: 13-07-2018",
            "Document: https://rera.karnataka.gov.in/download_jc?DOC_ID=ibgAe%2F76BT5z1W00B1yZcQ%3D%3D"
        ]
    }
}' scrapped.
[ 2025-06-19 14:44:18,625 ] 102 RERAScrapper - INFO - Home table JSON extracted: home_table_json
[ 2025-06-19 14:44:23,714 ] 125 RERAScrapper - INFO - Promoter Details 'promoter_details' scrapped.
[ 2025-06-19 14:44:23,714 ] 126 RERAScrapper - INFO - Authorized Signatory Detail 'authorized_signatory_details' scrapped.
[ 2025-06-19 14:44:23,714 ] 127 RERAScrapper - INFO - Project Member Details 'project_member_details' scrapped.
[ 2025-06-19 14:44:23,714 ] 128 RERAScrapper - INFO - Project Land Owner Details 'project_land_owner_details' scrapped.
[ 2025-06-19 14:44:23,714 ] 129 RERAScrapper - INFO - RERA Registration Details with any other State/UTs 'rera_registration_details_with_any_details' scrapped.
[ 2025-06-19 14:44:23,714 ] 130 RERAScrapper - INFO - Previous Project Details (Last 5 years only) 'previous_project_details' scrapped.
[ 2025-06-19 14:44:25,758 ] 139 RERAScrapper - INFO - Project Details page clicked.
[ 2025-06-19 14:44:28,437 ] 153 RERAScrapper - INFO - Project Details 'project_details' scrapped.
[ 2025-06-19 14:44:28,437 ] 154 RERAScrapper - INFO - Development Details 'development_details' scrapped.
[ 2025-06-19 14:44:28,437 ] 155 RERAScrapper - INFO - External Development Work 'external_development_work' scrapped.
[ 2025-06-19 14:44:28,437 ] 156 RERAScrapper - INFO - Other External Development Work 'other_external_development_work' scrapped.
[ 2025-06-19 14:44:28,438 ] 157 RERAScrapper - INFO - Project Bank ( Escrow Account ) Details 'project_bank_details' scrapped.
[ 2025-06-19 14:44:28,438 ] 158 RERAScrapper - INFO - Project Agents 'project_agents' scrapped.
[ 2025-06-19 14:44:28,438 ] 159 RERAScrapper - INFO - Project Detail Table 'project_detail_table' scrapped.
[ 2025-06-19 14:44:28,473 ] 166 RERAScrapper - INFO - Uploaded Documents page clicked.
[ 2025-06-19 14:44:33,623 ] 181 RERAScrapper - INFO - Project Documents 'project_documents' scrapped.
[ 2025-06-19 14:44:33,624 ] 182 RERAScrapper - INFO - Project Approval 'project_approval' scrapped.
[ 2025-06-19 14:44:33,624 ] 183 RERAScrapper - INFO - Declaration 'declaration' scrapped.
[ 2025-06-19 14:44:33,624 ] 184 RERAScrapper - INFO - Other Documents 'other_documents' scrapped.
[ 2025-06-19 14:44:33,624 ] 185 RERAScrapper - INFO - Project Photo 'project_photo' scrapped.
[ 2025-06-19 14:44:33,624 ] 186 RERAScrapper - INFO - Financial Document 'financial_document' scrapped.
[ 2025-06-19 14:44:33,658 ] 195 RERAScrapper - INFO - Completion Details page clicked.
[ 2025-06-19 14:44:36,674 ] 205 RERAScrapper - INFO - Completion Details '{
    "Completion Details": {
        "Promoter has Applied for Completion on 14/11/2018": [
            "Name : Occupancy Certificate",
            "Approval Date: 13-07-2018",
            "Document: https://rera.karnataka.gov.in/download_jc?DOC_ID=mMug6EgIH9MIGIlUs38Dtg%3D%3D",
            "Name : Completion certificate",
            "Approval Date: 13-07-2018",
            "Document: https://rera.karnataka.gov.in/download_jc?DOC_ID=J0R%2BSWcaZJ3erqmGWUsrdw%3D%3D",
            "Name : Registered Agreement of Sale",
            "Approval Date: 13-08-2018",
            "Document: https://rera.karnataka.gov.in/download_jc?DOC_ID=JeUNLceuZtd6J1izyRpbzg%3D%3D",
            "Name : Registered conveyance deed for an individual unit",
            "Approval Date: 13-07-2018",
            "Document: https://rera.karnataka.gov.in/download_jc?DOC_ID=ibgAe%2F76BT5z1W00B1yZcQ%3D%3D"
        ]
    }
}' scrapped.
[ 2025-06-19 14:44:40,915 ] 83 RERAScrapper - INFO - City 'Vijayapura' selected from dropdown.
