[ 2025-06-24 10:59:03,482 ] 62 RERAScrapper - INFO - Browser initialized successfully.
[ 2025-06-24 10:59:07,383 ] 70 RERAScrapper - INFO - Navigated to URL: https://rera.karnataka.gov.in/viewAllProjects
[ 2025-06-24 10:59:07,557 ] 83 RERAScrapper - INFO - City 'Kolar' selected from dropdown.
[ 2025-06-24 10:59:12,179 ] 90 RERAScrapper - INFO - Select Button Clicked.
[ 2025-06-24 10:59:13,250 ] 102 RERAScrapper - INFO - Home table JSON extracted: home_table_json
[ 2025-06-24 10:59:14,716 ] 139 RERAScrapper - INFO - Promoter Details '{
    "Promoter Details": [
        "Promoter Type : Partnership Firm",
        "Name: AARRA COMMUNITIES HOLDINGS",
        "PAN Number: ABIFA4030F",
        "Address : 1st Floor, CM Plaza, 63 Sarjarpur Road,Koramangala 1st Block",
        "District : Bengaluru Urban",
        "State/UT: Karnataka",
        "PIN Code : 560034",
        "Company Registration No. : NOT APPLICABLE",
        "Certificate: https://rera.karnataka.gov.in/download_jc?DOC_ID=mgvLEHjNVsfMtpML4omO7w%3D%3D"
    ]
}' scrapped.
[ 2025-06-24 10:59:14,717 ] 140 RERAScrapper - INFO - Authorized Signatory Detail '{
    "Authorized Signatory Detail": [
        "Name : P SOCKALINGAM",
        "Address: AARRA COMMUNITIES HOLDINGS, 1st Floor, CM Plaza , 63 Sarjarpur Road",
        "Photograph: https://rera.karnataka.gov.in/download_jc?DOC_ID=95jZztyon%2Fqy%2Fp3zYH9%2FKA%3D%3D"
    ]
}' scrapped.
[ 2025-06-24 10:59:14,717 ] 141 RERAScrapper - INFO - Project Member Details 'project_member_details' scrapped.
[ 2025-06-24 10:59:14,717 ] 142 RERAScrapper - INFO - Project Land Owner Details 'project_land_owner_details' scrapped.
[ 2025-06-24 10:59:14,717 ] 143 RERAScrapper - INFO - RERA Registration Details with any other State/UTs 'rera_registration_details_with_any_details' scrapped.
[ 2025-06-24 10:59:14,718 ] 144 RERAScrapper - INFO - Previous Project Details (Last 5 years only) 'previous_project_details' scrapped.
[ 2025-06-24 10:59:16,754 ] 153 RERAScrapper - INFO - Project Details page clicked.
[ 2025-06-24 10:59:18,038 ] 168 RERAScrapper - INFO - Project Details 'project_details' scrapped.
[ 2025-06-24 10:59:18,038 ] 169 RERAScrapper - INFO - Development Details 'development_details' scrapped.
[ 2025-06-24 10:59:18,039 ] 170 RERAScrapper - INFO - External Development Work 'external_development_work' scrapped.
[ 2025-06-24 10:59:18,039 ] 171 RERAScrapper - INFO - Other External Development Work 'other_external_development_work' scrapped.
[ 2025-06-24 10:59:18,039 ] 172 RERAScrapper - INFO - Project Bank ( Escrow Account ) Details 'project_bank_details' scrapped.
[ 2025-06-24 10:59:18,039 ] 173 RERAScrapper - INFO - Project Agents 'project_agents' scrapped.
[ 2025-06-24 10:59:18,039 ] 174 RERAScrapper - INFO - Project Detail Table 'project_detail_table' scrapped.
[ 2025-06-24 10:59:18,073 ] 181 RERAScrapper - INFO - Uploaded Documents page clicked.
[ 2025-06-24 10:59:19,817 ] 195 RERAScrapper - INFO - Project Documents 'project_documents' scrapped.
[ 2025-06-24 10:59:19,817 ] 196 RERAScrapper - INFO - Project Approval 'project_approval' scrapped.
[ 2025-06-24 10:59:19,818 ] 197 RERAScrapper - INFO - Declaration 'declaration' scrapped.
[ 2025-06-24 10:59:19,818 ] 198 RERAScrapper - INFO - Other Documents 'other_documents' scrapped.
[ 2025-06-24 10:59:19,818 ] 199 RERAScrapper - INFO - Project Photo 'project_photo' scrapped.
[ 2025-06-24 10:59:19,818 ] 200 RERAScrapper - INFO - Financial Document 'financial_document' scrapped.
[ 2025-06-24 10:59:19,851 ] 209 RERAScrapper - INFO - Completion Details page clicked.
[ 2025-06-24 10:59:22,742 ] 225 RERAScrapper - INFO - Completion Details '{
    "Photos Uploaded": [
        "Photo 1: https://rera.karnataka.gov.in/download_jc?DOC_ID=hEulBw29zXDTnQ%2BOWzH%2BkQ%3D%3D",
        "Photo 2: https://rera.karnataka.gov.in/download_jc?DOC_ID=EnDuZpz8yDyrbqVAHzGYsw%3D%3D",
        "Photo 3: https://rera.karnataka.gov.in/download_jc?DOC_ID=rHMlBZflNQLFAxEBXd3dBA%3D%3D",
        "Photo 4: https://rera.karnataka.gov.in/download_jc?DOC_ID=%2BzZDMjYXgPVEgjKtMBrdTA%3D%3D"
    ]
}' scrapped.
[ 2025-06-24 10:59:22,743 ] 226 RERAScrapper - INFO - Development Details '{
    "Photos Uploaded": [
        "Photo 1: https://rera.karnataka.gov.in/download_jc?DOC_ID=hEulBw29zXDTnQ%2BOWzH%2BkQ%3D%3D",
        "Photo 2: https://rera.karnataka.gov.in/download_jc?DOC_ID=EnDuZpz8yDyrbqVAHzGYsw%3D%3D",
        "Photo 3: https://rera.karnataka.gov.in/download_jc?DOC_ID=rHMlBZflNQLFAxEBXd3dBA%3D%3D",
        "Photo 4: https://rera.karnataka.gov.in/download_jc?DOC_ID=%2BzZDMjYXgPVEgjKtMBrdTA%3D%3D"
    ]
}' scrapped.
[ 2025-06-24 10:59:22,743 ] 227 RERAScrapper - INFO - Uploaded Documents '{
    "Uploaded Documents": [
        "Stability Certificate: https://rera.karnataka.gov.in/download_jc?DOC_ID=ZxpIbt6XopWb0yO6Wp%2B4Dw%3D%3D",
        "Road cutting permission letter issued by the planning Authority for laying Water supply line, sanitary line, Under Ground Electrical Cable: https://rera.karnataka.gov.in/download_jc?DOC_ID=",
        "NOC issued by the Fire Force department after completion of work: https://rera.karnataka.gov.in/download_jc?DOC_ID=wth74pRvDjD7GYRBiMWTyA%3D%3D",
        "Occupancy certificate received?: YES",
        "Occupancy certificate received date: 27-04-2020",
        "Occupancy Certificate: https://rera.karnataka.gov.in/download_jc?DOC_ID=AtjarLZl1RUx16bgnqURYw%3D%3D",
        "Consent for operation issued by KSPCB: https://rera.karnataka.gov.in/download_jc?DOC_ID=",
        "Certificate of operation for lifts issued by the Chief of Department of Electrical inspectorate Government of Karnataka: https://rera.karnataka.gov.in/download_jc?DOC_ID=",
        "Sanctioned Letter issued by concerned ESCOM of Power sanction and details of transformer installed and whether the same has been charged or not.: https://rera.karnataka.gov.in/download_jc?DOC_ID=HMnoM0ATmiKB%2F6Vw0mVkMA%3D%3D",
        "Sanctioned letter issued by concerned water supply and sanitary board for the project: https://rera.karnataka.gov.in/download_jc?DOC_ID=w7rtgz8zVW%2F2k0yMpet0TQ%3D%3D",
        "Details of external infrastructure work such as drive way, play area, park, STP and water treatment plant, Whether the above works are completed.: https://rera.karnataka.gov.in/download_jc?DOC_ID=",
        "Common Area and other amenities facilities are completed or not and details of handling over of the same to association of allotees: https://rera.karnataka.gov.in/download_jc?DOC_ID=",
        "Details of undivided share of land handed over to the association of allottees: https://rera.karnataka.gov.in/download_jc?DOC_ID=",
        "Architect certificate for having completed the work(in format no 5): https://rera.karnataka.gov.in/download_jc?DOC_ID=4Kt5qZn9pdX4XU2w9xbBIA%3D%3D",
        "Chartered Accountant certificate for having completed the work(in format no 4): https://rera.karnataka.gov.in/download_jc?DOC_ID=zLeO8Uxgbae9F20AR3E5qA%3D%3D",
        "Affidavit cum declaration from promoter for having completed the project as per specification and as per advertisement published in brochure of the project: https://rera.karnataka.gov.in/download_jc?DOC_ID=weIN0UHGm%2BVoZnRMGuAfEQ%3D%3D"
    ]
}' scrapped.
[ 2025-06-24 10:59:22,744 ] 228 RERAScrapper - INFO - Photos Uploaded '{
    "Photos Uploaded": [
        "Photo 1: https://rera.karnataka.gov.in/download_jc?DOC_ID=hEulBw29zXDTnQ%2BOWzH%2BkQ%3D%3D",
        "Photo 2: https://rera.karnataka.gov.in/download_jc?DOC_ID=EnDuZpz8yDyrbqVAHzGYsw%3D%3D",
        "Photo 3: https://rera.karnataka.gov.in/download_jc?DOC_ID=rHMlBZflNQLFAxEBXd3dBA%3D%3D",
        "Photo 4: https://rera.karnataka.gov.in/download_jc?DOC_ID=%2BzZDMjYXgPVEgjKtMBrdTA%3D%3D"
    ]
}' scrapped.
[ 2025-06-24 10:59:31,697 ] 102 RERAScrapper - INFO - Home table JSON extracted: home_table_json
[ 2025-06-24 10:59:52,218 ] 269 RERAScrapper - ERROR - An error occurred in scrape_project_details: local variable 'h1_elements' referenced before assignment
