[ 2025-06-20 11:17:24,383 ] 346 undetected_chromedriver.patcher - INFO - patching driver executable C:\Users\Utkarsh\appdata\roaming\undetected_chromedriver\undetected_chromedriver.exe
[ 2025-06-20 11:17:25,020 ] 62 RERAScrapper - INFO - Browser initialized successfully.
[ 2025-06-20 11:17:44,973 ] 70 RERAScrapper - INFO - Navigated to URL: https://rera.karnataka.gov.in/viewAllProjects
[ 2025-06-20 11:17:49,116 ] 83 RERAScrapper - INFO - City 'Kolar' selected from dropdown.
[ 2025-06-20 11:17:55,403 ] 90 RERAScrapper - INFO - Select Button Clicked.
[ 2025-06-20 11:17:56,478 ] 102 RERAScrapper - INFO - Home table JSON extracted: home_table_json
[ 2025-06-20 11:17:58,408 ] 137 RERAScrapper - INFO - Promoter Details 'promoter_details' scrapped.
[ 2025-06-20 11:17:58,408 ] 138 RERAScrapper - INFO - Authorized Signatory Detail 'authorized_signatory_details' scrapped.
[ 2025-06-20 11:17:58,408 ] 139 RERAScrapper - INFO - Project Member Details 'project_member_details' scrapped.
[ 2025-06-20 11:17:58,408 ] 140 RERAScrapper - INFO - Project Land Owner Details 'project_land_owner_details' scrapped.
[ 2025-06-20 11:17:58,408 ] 141 RERAScrapper - INFO - RERA Registration Details with any other State/UTs 'rera_registration_details_with_any_details' scrapped.
[ 2025-06-20 11:17:58,408 ] 142 RERAScrapper - INFO - Previous Project Details (Last 5 years only) 'previous_project_details' scrapped.
[ 2025-06-20 11:18:00,446 ] 151 RERAScrapper - INFO - Project Details page clicked.
[ 2025-06-20 11:18:01,752 ] 166 RERAScrapper - INFO - Project Details 'project_details' scrapped.
[ 2025-06-20 11:18:01,752 ] 167 RERAScrapper - INFO - Development Details 'development_details' scrapped.
[ 2025-06-20 11:18:01,752 ] 168 RERAScrapper - INFO - External Development Work 'external_development_work' scrapped.
[ 2025-06-20 11:18:01,752 ] 169 RERAScrapper - INFO - Other External Development Work 'other_external_development_work' scrapped.
[ 2025-06-20 11:18:01,752 ] 170 RERAScrapper - INFO - Project Bank ( Escrow Account ) Details 'project_bank_details' scrapped.
[ 2025-06-20 11:18:01,752 ] 171 RERAScrapper - INFO - Project Agents 'project_agents' scrapped.
[ 2025-06-20 11:18:01,752 ] 172 RERAScrapper - INFO - Project Detail Table 'project_detail_table' scrapped.
[ 2025-06-20 11:18:01,790 ] 179 RERAScrapper - INFO - Uploaded Documents page clicked.
[ 2025-06-20 11:18:03,541 ] 193 RERAScrapper - INFO - Project Documents 'project_documents' scrapped.
[ 2025-06-20 11:18:03,542 ] 194 RERAScrapper - INFO - Project Approval 'project_approval' scrapped.
[ 2025-06-20 11:18:03,542 ] 195 RERAScrapper - INFO - Declaration 'declaration' scrapped.
[ 2025-06-20 11:18:03,542 ] 196 RERAScrapper - INFO - Other Documents 'other_documents' scrapped.
[ 2025-06-20 11:18:03,542 ] 197 RERAScrapper - INFO - Project Photo 'project_photo' scrapped.
[ 2025-06-20 11:18:03,542 ] 198 RERAScrapper - INFO - Financial Document 'financial_document' scrapped.
[ 2025-06-20 11:18:03,579 ] 207 RERAScrapper - INFO - Completion Details page clicked.
[ 2025-06-20 11:18:03,769 ] 215 RERAScrapper - INFO - Completion Details '{
    "": {
        "": []
    }
}' scrapped.
[ 2025-06-20 11:18:10,536 ] 102 RERAScrapper - INFO - Home table JSON extracted: home_table_json
[ 2025-06-20 11:18:12,595 ] 137 RERAScrapper - INFO - Promoter Details 'promoter_details' scrapped.
[ 2025-06-20 11:18:12,595 ] 138 RERAScrapper - INFO - Authorized Signatory Detail 'authorized_signatory_details' scrapped.
[ 2025-06-20 11:18:12,595 ] 139 RERAScrapper - INFO - Project Member Details 'project_member_details' scrapped.
[ 2025-06-20 11:18:12,595 ] 140 RERAScrapper - INFO - Project Land Owner Details 'project_land_owner_details' scrapped.
[ 2025-06-20 11:18:12,595 ] 141 RERAScrapper - INFO - RERA Registration Details with any other State/UTs 'rera_registration_details_with_any_details' scrapped.
[ 2025-06-20 11:18:12,596 ] 142 RERAScrapper - INFO - Previous Project Details (Last 5 years only) 'previous_project_details' scrapped.
[ 2025-06-20 11:18:14,637 ] 151 RERAScrapper - INFO - Project Details page clicked.
[ 2025-06-20 11:18:16,512 ] 166 RERAScrapper - INFO - Project Details 'project_details' scrapped.
[ 2025-06-20 11:18:16,513 ] 167 RERAScrapper - INFO - Development Details 'development_details' scrapped.
[ 2025-06-20 11:18:16,513 ] 168 RERAScrapper - INFO - External Development Work 'external_development_work' scrapped.
[ 2025-06-20 11:18:16,513 ] 169 RERAScrapper - INFO - Other External Development Work 'other_external_development_work' scrapped.
[ 2025-06-20 11:18:16,513 ] 170 RERAScrapper - INFO - Project Bank ( Escrow Account ) Details 'project_bank_details' scrapped.
[ 2025-06-20 11:18:16,513 ] 171 RERAScrapper - INFO - Project Agents 'project_agents' scrapped.
[ 2025-06-20 11:18:16,513 ] 172 RERAScrapper - INFO - Project Detail Table 'project_detail_table' scrapped.
[ 2025-06-20 11:18:16,546 ] 179 RERAScrapper - INFO - Uploaded Documents page clicked.
[ 2025-06-20 11:18:18,843 ] 193 RERAScrapper - INFO - Project Documents 'project_documents' scrapped.
[ 2025-06-20 11:18:18,843 ] 194 RERAScrapper - INFO - Project Approval 'project_approval' scrapped.
[ 2025-06-20 11:18:18,844 ] 195 RERAScrapper - INFO - Declaration 'declaration' scrapped.
[ 2025-06-20 11:18:18,844 ] 196 RERAScrapper - INFO - Other Documents 'other_documents' scrapped.
[ 2025-06-20 11:18:18,844 ] 197 RERAScrapper - INFO - Project Photo 'project_photo' scrapped.
[ 2025-06-20 11:18:18,844 ] 198 RERAScrapper - INFO - Financial Document 'financial_document' scrapped.
[ 2025-06-20 11:18:39,339 ] 209 RERAScrapper - ERROR - Timed out waiting for Completion Details page: Message: 
Stacktrace:
	GetHandleVerifier [0x0xfb3b03+62899]
	GetHandleVerifier [0x0xfb3b44+62964]
	(No symbol) [0x0xde10f3]
	(No symbol) [0x0xe2980e]
	(No symbol) [0x0xe29bab]
	(No symbol) [0x0xe725c2]
	(No symbol) [0x0xe4e554]
	(No symbol) [0x0xe6fd81]
	(No symbol) [0x0xe4e306]
	(No symbol) [0x0xe1d670]
	(No symbol) [0x0xe1e4e4]
	GetHandleVerifier [0x0x1214793+2556483]
	GetHandleVerifier [0x0x120fd02+2537394]
	GetHandleVerifier [0x0xfda2fa+220586]
	GetHandleVerifier [0x0xfcaae8+157080]
	GetHandleVerifier [0x0xfd141d+184013]
	GetHandleVerifier [0x0xfbba68+95512]
	GetHandleVerifier [0x0xfbbc10+95936]
	GetHandleVerifier [0x0xfa6b5a+9738]
	BaseThreadInitThunk [0x0x75edfcc9+25]
	RtlGetAppContainerNamedObjectPath [0x0x77e682ae+286]
	RtlGetAppContainerNamedObjectPath [0x0x77e6827e+238]

[ 2025-06-20 11:18:39,340 ] 256 RERAScrapper - ERROR - An error occurred in scrape_project_details: Error occured in python script name [C:\Users\Utkarsh\Downloads\Coding\Tut\Lawsikho Projects\upwork\RERA Project\karnataka\karnataka_rera_project\workflow\workflow.py] line number [203] error message [Message: 
Stacktrace:
	GetHandleVerifier [0x0xfb3b03+62899]
	GetHandleVerifier [0x0xfb3b44+62964]
	(No symbol) [0x0xde10f3]
	(No symbol) [0x0xe2980e]
	(No symbol) [0x0xe29bab]
	(No symbol) [0x0xe725c2]
	(No symbol) [0x0xe4e554]
	(No symbol) [0x0xe6fd81]
	(No symbol) [0x0xe4e306]
	(No symbol) [0x0xe1d670]
	(No symbol) [0x0xe1e4e4]
	GetHandleVerifier [0x0x1214793+2556483]
	GetHandleVerifier [0x0x120fd02+2537394]
	GetHandleVerifier [0x0xfda2fa+220586]
	GetHandleVerifier [0x0xfcaae8+157080]
	GetHandleVerifier [0x0xfd141d+184013]
	GetHandleVerifier [0x0xfbba68+95512]
	GetHandleVerifier [0x0xfbbc10+95936]
	GetHandleVerifier [0x0xfa6b5a+9738]
	BaseThreadInitThunk [0x0x75edfcc9+25]
	RtlGetAppContainerNamedObjectPath [0x0x77e682ae+286]
	RtlGetAppContainerNamedObjectPath [0x0x77e6827e+238]
]
