[ 2025-06-20 15:23:39,719 ] 346 undetected_chromedriver.patcher - INFO - patching driver executable C:\Users\Utkarsh\appdata\roaming\undetected_chromedriver\undetected_chromedriver.exe
[ 2025-06-20 15:23:40,341 ] 62 RERAScrapper - INFO - Browser initialized successfully.
[ 2025-06-20 15:23:44,895 ] 70 RERAScrapper - INFO - Navigated to URL: https://rera.karnataka.gov.in/viewAllProjects
[ 2025-06-20 15:23:45,070 ] 83 RERAScrapper - INFO - City 'Kolar' selected from dropdown.
[ 2025-06-20 15:23:46,108 ] 90 RERAScrapper - INFO - Select Button Clicked.
[ 2025-06-20 15:23:50,441 ] 102 RERAScrapper - INFO - Home table JSON extracted: home_table_json
[ 2025-06-20 15:23:52,480 ] 141 RERAScrapper - INFO - Promoter Details '{
    "Promoter Details": [
        "Promoter Type : Partnership Firm",
        "Name: AARRA COMMUNITIES HOLDINGS",
        "PAN Number: ABIFA4030F",
        "Address : 1st Floor, CM Plaza, 63 Sarjarpur Road,Koramangala 1st Block",
        "District : Bengaluru Urban",
        "State/UT: Karnataka",
        "PIN Code : 560034",
        "Company Registration No. : NOT APPLICABLE",
        "Certificate: https://rera.karnataka.gov.in/download_jc?DOC_ID=mgvLEHjNVsfMtpML4omO7w%3D%3D"
    ]
}' scrapped.
[ 2025-06-20 15:23:52,480 ] 142 RERAScrapper - INFO - Authorized Signatory Detail 'authorized_signatory_details' scrapped.
[ 2025-06-20 15:23:52,480 ] 143 RERAScrapper - INFO - Project Member Details 'project_member_details' scrapped.
[ 2025-06-20 15:23:52,481 ] 144 RERAScrapper - INFO - Project Land Owner Details 'project_land_owner_details' scrapped.
[ 2025-06-20 15:23:52,481 ] 145 RERAScrapper - INFO - RERA Registration Details with any other State/UTs 'rera_registration_details_with_any_details' scrapped.
[ 2025-06-20 15:23:52,481 ] 146 RERAScrapper - INFO - Previous Project Details (Last 5 years only) 'previous_project_details' scrapped.
[ 2025-06-20 15:23:54,528 ] 155 RERAScrapper - INFO - Project Details page clicked.
[ 2025-06-20 15:23:55,770 ] 169 RERAScrapper - INFO - Project Details 'project_details' scrapped.
[ 2025-06-20 15:23:55,770 ] 170 RERAScrapper - INFO - Development Details 'development_details' scrapped.
[ 2025-06-20 15:23:55,771 ] 171 RERAScrapper - INFO - External Development Work 'external_development_work' scrapped.
[ 2025-06-20 15:23:55,771 ] 172 RERAScrapper - INFO - Other External Development Work 'other_external_development_work' scrapped.
[ 2025-06-20 15:23:55,771 ] 173 RERAScrapper - INFO - Project Bank ( Escrow Account ) Details 'project_bank_details' scrapped.
[ 2025-06-20 15:23:55,771 ] 174 RERAScrapper - INFO - Project Agents 'project_agents' scrapped.
[ 2025-06-20 15:23:55,771 ] 175 RERAScrapper - INFO - Project Detail Table 'project_detail_table' scrapped.
[ 2025-06-20 15:23:55,805 ] 182 RERAScrapper - INFO - Uploaded Documents page clicked.
[ 2025-06-20 15:23:57,512 ] 195 RERAScrapper - INFO - Project Documents 'project_documents' scrapped.
[ 2025-06-20 15:23:57,512 ] 196 RERAScrapper - INFO - Project Approval 'project_approval' scrapped.
[ 2025-06-20 15:23:57,512 ] 197 RERAScrapper - INFO - Declaration 'declaration' scrapped.
[ 2025-06-20 15:23:57,512 ] 198 RERAScrapper - INFO - Other Documents 'other_documents' scrapped.
[ 2025-06-20 15:23:57,512 ] 199 RERAScrapper - INFO - Project Photo 'project_photo' scrapped.
[ 2025-06-20 15:23:57,512 ] 200 RERAScrapper - INFO - Financial Document 'financial_document' scrapped.
[ 2025-06-20 15:23:57,549 ] 209 RERAScrapper - INFO - Completion Details page clicked.
[ 2025-06-20 15:23:57,739 ] 216 RERAScrapper - INFO - Completion Details '{
    "": {
        "": []
    }
}' scrapped.
[ 2025-06-20 15:24:06,619 ] 102 RERAScrapper - INFO - Home table JSON extracted: home_table_json
[ 2025-06-20 15:24:08,359 ] 141 RERAScrapper - INFO - Promoter Details '{
    "Promoter Details": [
        "Promoter Type : Partnership Firm",
        "Name: B suresh",
        "PAN Number: AAKFB1454H",
        "Address : #455 9 TH CROSS ,JAYANAGAR 1st block",
        "District : Bengaluru Urban",
        "State/UT: Karnataka",
        "PIN Code : 560011",
        "Company Registration No. : JNR F931 2018 19",
        "Certificate: https://rera.karnataka.gov.in/download_jc?DOC_ID=rQiVoD1CtHRZeotNiQkYRg%3D%3D"
    ]
}' scrapped.
[ 2025-06-20 15:24:08,359 ] 142 RERAScrapper - INFO - Authorized Signatory Detail 'authorized_signatory_details' scrapped.
[ 2025-06-20 15:24:08,359 ] 143 RERAScrapper - INFO - Project Member Details 'project_member_details' scrapped.
[ 2025-06-20 15:24:08,360 ] 144 RERAScrapper - INFO - Project Land Owner Details 'project_land_owner_details' scrapped.
[ 2025-06-20 15:24:08,360 ] 145 RERAScrapper - INFO - RERA Registration Details with any other State/UTs 'rera_registration_details_with_any_details' scrapped.
[ 2025-06-20 15:24:08,360 ] 146 RERAScrapper - INFO - Previous Project Details (Last 5 years only) 'previous_project_details' scrapped.
[ 2025-06-20 15:24:10,425 ] 155 RERAScrapper - INFO - Project Details page clicked.
[ 2025-06-20 15:24:12,336 ] 169 RERAScrapper - INFO - Project Details 'project_details' scrapped.
[ 2025-06-20 15:24:12,337 ] 170 RERAScrapper - INFO - Development Details 'development_details' scrapped.
[ 2025-06-20 15:24:12,337 ] 171 RERAScrapper - INFO - External Development Work 'external_development_work' scrapped.
[ 2025-06-20 15:24:12,337 ] 172 RERAScrapper - INFO - Other External Development Work 'other_external_development_work' scrapped.
[ 2025-06-20 15:24:12,337 ] 173 RERAScrapper - INFO - Project Bank ( Escrow Account ) Details 'project_bank_details' scrapped.
[ 2025-06-20 15:24:12,337 ] 174 RERAScrapper - INFO - Project Agents 'project_agents' scrapped.
[ 2025-06-20 15:24:12,337 ] 175 RERAScrapper - INFO - Project Detail Table 'project_detail_table' scrapped.
[ 2025-06-20 15:24:12,372 ] 182 RERAScrapper - INFO - Uploaded Documents page clicked.
[ 2025-06-20 15:24:14,996 ] 195 RERAScrapper - INFO - Project Documents 'project_documents' scrapped.
[ 2025-06-20 15:24:14,996 ] 196 RERAScrapper - INFO - Project Approval 'project_approval' scrapped.
[ 2025-06-20 15:24:14,996 ] 197 RERAScrapper - INFO - Declaration 'declaration' scrapped.
[ 2025-06-20 15:24:14,996 ] 198 RERAScrapper - INFO - Other Documents 'other_documents' scrapped.
[ 2025-06-20 15:24:14,997 ] 199 RERAScrapper - INFO - Project Photo 'project_photo' scrapped.
[ 2025-06-20 15:24:14,997 ] 200 RERAScrapper - INFO - Financial Document 'financial_document' scrapped.
