[ 2025-06-20 15:00:46,684 ] 346 undetected_chromedriver.patcher - INFO - patching driver executable C:\Users\Utkarsh\appdata\roaming\undetected_chromedriver\undetected_chromedriver.exe
[ 2025-06-20 15:00:47,290 ] 62 RERAScrapper - INFO - Browser initialized successfully.
[ 2025-06-20 15:01:29,303 ] 70 RERAScrapper - INFO - Navigated to URL: https://rera.karnataka.gov.in/viewAllProjects
[ 2025-06-20 15:01:33,226 ] 83 RERAScrapper - INFO - City 'Kolar' selected from dropdown.
[ 2025-06-20 15:01:38,366 ] 90 RERAScrapper - INFO - Select Button Clicked.
[ 2025-06-20 15:01:39,437 ] 102 RERAScrapper - INFO - Home table JSON extracted: home_table_json
[ 2025-06-20 15:01:39,477 ] 102 RERAScrapper - INFO - Home table JSON extracted: home_table_json
[ 2025-06-20 15:01:40,167 ] 141 RERAScrapper - INFO - Promoter Details '{
    "Promoter Details": []
}' scrapped.
[ 2025-06-20 15:01:40,167 ] 142 RERAScrapper - INFO - Authorized Signatory Detail 'authorized_signatory_details' scrapped.
[ 2025-06-20 15:01:40,167 ] 143 RERAScrapper - INFO - Project Member Details 'project_member_details' scrapped.
[ 2025-06-20 15:01:40,167 ] 144 RERAScrapper - INFO - Project Land Owner Details 'project_land_owner_details' scrapped.
[ 2025-06-20 15:01:40,167 ] 145 RERAScrapper - INFO - RERA Registration Details with any other State/UTs 'rera_registration_details_with_any_details' scrapped.
[ 2025-06-20 15:01:40,167 ] 146 RERAScrapper - INFO - Previous Project Details (Last 5 years only) 'previous_project_details' scrapped.
[ 2025-06-20 15:01:42,215 ] 155 RERAScrapper - INFO - Project Details page clicked.
[ 2025-06-20 15:01:42,332 ] 170 RERAScrapper - INFO - Project Details 'project_details' scrapped.
[ 2025-06-20 15:01:42,332 ] 171 RERAScrapper - INFO - Development Details 'development_details' scrapped.
[ 2025-06-20 15:01:42,332 ] 172 RERAScrapper - INFO - External Development Work 'external_development_work' scrapped.
[ 2025-06-20 15:01:42,332 ] 173 RERAScrapper - INFO - Other External Development Work 'other_external_development_work' scrapped.
[ 2025-06-20 15:01:42,332 ] 174 RERAScrapper - INFO - Project Bank ( Escrow Account ) Details 'project_bank_details' scrapped.
[ 2025-06-20 15:01:42,332 ] 175 RERAScrapper - INFO - Project Agents 'project_agents' scrapped.
[ 2025-06-20 15:01:42,333 ] 176 RERAScrapper - INFO - Project Detail Table 'project_detail_table' scrapped.
[ 2025-06-20 15:01:42,377 ] 183 RERAScrapper - INFO - Uploaded Documents page clicked.
[ 2025-06-20 15:01:42,480 ] 197 RERAScrapper - INFO - Project Documents 'project_documents' scrapped.
[ 2025-06-20 15:01:42,480 ] 198 RERAScrapper - INFO - Project Approval 'project_approval' scrapped.
[ 2025-06-20 15:01:42,481 ] 199 RERAScrapper - INFO - Declaration 'declaration' scrapped.
[ 2025-06-20 15:01:42,481 ] 200 RERAScrapper - INFO - Other Documents 'other_documents' scrapped.
[ 2025-06-20 15:01:42,481 ] 201 RERAScrapper - INFO - Project Photo 'project_photo' scrapped.
[ 2025-06-20 15:01:42,481 ] 202 RERAScrapper - INFO - Financial Document 'financial_document' scrapped.
[ 2025-06-20 15:01:42,513 ] 211 RERAScrapper - INFO - Completion Details page clicked.
[ 2025-06-20 15:01:42,560 ] 219 RERAScrapper - INFO - Completion Details '{
    "": {
        "": []
    }
}' scrapped.
[ 2025-06-20 15:01:44,838 ] 102 RERAScrapper - INFO - Home table JSON extracted: home_table_json
[ 2025-06-20 15:01:45,908 ] 115 RERAScrapper - ERROR - Error during project details table process: Message: element click intercepted: Element <td style="font-size: 13px;">...</td> is not clickable at point (744, 842). Other element would receive the click: <div class="col-md-3 col-sm-6 col-xs-6">...</div>
  (Session info: chrome=137.0.7151.105)
Stacktrace:
	GetHandleVerifier [0x0x4e3b03+62899]
	GetHandleVerifier [0x0x4e3b44+62964]
	(No symbol) [0x0x3110f3]
	(No symbol) [0x0x35fb30]
	(No symbol) [0x0x35deea]
	(No symbol) [0x0x35ba67]
	(No symbol) [0x0x35ad37]
	(No symbol) [0x0x34f3e5]
	(No symbol) [0x0x37e50c]
	(No symbol) [0x0x34ee74]
	(No symbol) [0x0x37e784]
	(No symbol) [0x0x39fd81]
	(No symbol) [0x0x37e306]
	(No symbol) [0x0x34d670]
	(No symbol) [0x0x34e4e4]
	GetHandleVerifier [0x0x744793+2556483]
	GetHandleVerifier [0x0x73fd02+2537394]
	GetHandleVerifier [0x0x50a2fa+220586]
	GetHandleVerifier [0x0x4faae8+157080]
	GetHandleVerifier [0x0x50141d+184013]
	GetHandleVerifier [0x0x4eba68+95512]
	GetHandleVerifier [0x0x4ebc10+95936]
	GetHandleVerifier [0x0x4d6b5a+9738]
	BaseThreadInitThunk [0x0x75edfcc9+25]
	RtlGetAppContainerNamedObjectPath [0x0x77e682ae+286]
	RtlGetAppContainerNamedObjectPath [0x0x77e6827e+238]

[ 2025-06-20 15:01:45,909 ] 264 RERAScrapper - ERROR - An error occurred in scrape_project_details: Error occured in python script name [C:\Users\Utkarsh\Downloads\Coding\Tut\Lawsikho Projects\upwork\RERA Project\karnataka\karnataka_rera_project\workflow\workflow.py] line number [110] error message [Message: element click intercepted: Element <td style="font-size: 13px;">...</td> is not clickable at point (744, 842). Other element would receive the click: <div class="col-md-3 col-sm-6 col-xs-6">...</div>
  (Session info: chrome=137.0.7151.105)
Stacktrace:
	GetHandleVerifier [0x0x4e3b03+62899]
	GetHandleVerifier [0x0x4e3b44+62964]
	(No symbol) [0x0x3110f3]
	(No symbol) [0x0x35fb30]
	(No symbol) [0x0x35deea]
	(No symbol) [0x0x35ba67]
	(No symbol) [0x0x35ad37]
	(No symbol) [0x0x34f3e5]
	(No symbol) [0x0x37e50c]
	(No symbol) [0x0x34ee74]
	(No symbol) [0x0x37e784]
	(No symbol) [0x0x39fd81]
	(No symbol) [0x0x37e306]
	(No symbol) [0x0x34d670]
	(No symbol) [0x0x34e4e4]
	GetHandleVerifier [0x0x744793+2556483]
	GetHandleVerifier [0x0x73fd02+2537394]
	GetHandleVerifier [0x0x50a2fa+220586]
	GetHandleVerifier [0x0x4faae8+157080]
	GetHandleVerifier [0x0x50141d+184013]
	GetHandleVerifier [0x0x4eba68+95512]
	GetHandleVerifier [0x0x4ebc10+95936]
	GetHandleVerifier [0x0x4d6b5a+9738]
	BaseThreadInitThunk [0x0x75edfcc9+25]
	RtlGetAppContainerNamedObjectPath [0x0x77e682ae+286]
	RtlGetAppContainerNamedObjectPath [0x0x77e6827e+238]
]
[ 2025-06-20 15:01:57,035 ] 102 RERAScrapper - INFO - Home table JSON extracted: home_table_json
[ 2025-06-20 15:01:57,071 ] 102 RERAScrapper - INFO - Home table JSON extracted: home_table_json
[ 2025-06-20 15:01:58,214 ] 141 RERAScrapper - INFO - Promoter Details '{
    "Promoter Details": []
}' scrapped.
[ 2025-06-20 15:01:58,214 ] 142 RERAScrapper - INFO - Authorized Signatory Detail 'authorized_signatory_details' scrapped.
[ 2025-06-20 15:01:58,214 ] 143 RERAScrapper - INFO - Project Member Details 'project_member_details' scrapped.
[ 2025-06-20 15:01:58,214 ] 144 RERAScrapper - INFO - Project Land Owner Details 'project_land_owner_details' scrapped.
[ 2025-06-20 15:01:58,215 ] 145 RERAScrapper - INFO - RERA Registration Details with any other State/UTs 'rera_registration_details_with_any_details' scrapped.
[ 2025-06-20 15:01:58,215 ] 146 RERAScrapper - INFO - Previous Project Details (Last 5 years only) 'previous_project_details' scrapped.
[ 2025-06-20 15:02:00,256 ] 155 RERAScrapper - INFO - Project Details page clicked.
[ 2025-06-20 15:02:00,350 ] 170 RERAScrapper - INFO - Project Details 'project_details' scrapped.
[ 2025-06-20 15:02:00,351 ] 171 RERAScrapper - INFO - Development Details 'development_details' scrapped.
[ 2025-06-20 15:02:00,351 ] 172 RERAScrapper - INFO - External Development Work 'external_development_work' scrapped.
[ 2025-06-20 15:02:00,351 ] 173 RERAScrapper - INFO - Other External Development Work 'other_external_development_work' scrapped.
[ 2025-06-20 15:02:00,351 ] 174 RERAScrapper - INFO - Project Bank ( Escrow Account ) Details 'project_bank_details' scrapped.
[ 2025-06-20 15:02:00,351 ] 175 RERAScrapper - INFO - Project Agents 'project_agents' scrapped.
[ 2025-06-20 15:02:00,351 ] 176 RERAScrapper - INFO - Project Detail Table 'project_detail_table' scrapped.
[ 2025-06-20 15:02:00,378 ] 183 RERAScrapper - INFO - Uploaded Documents page clicked.
[ 2025-06-20 15:02:00,505 ] 197 RERAScrapper - INFO - Project Documents 'project_documents' scrapped.
[ 2025-06-20 15:02:00,506 ] 198 RERAScrapper - INFO - Project Approval 'project_approval' scrapped.
[ 2025-06-20 15:02:00,506 ] 199 RERAScrapper - INFO - Declaration 'declaration' scrapped.
[ 2025-06-20 15:02:00,506 ] 200 RERAScrapper - INFO - Other Documents 'other_documents' scrapped.
[ 2025-06-20 15:02:00,506 ] 201 RERAScrapper - INFO - Project Photo 'project_photo' scrapped.
[ 2025-06-20 15:02:00,506 ] 202 RERAScrapper - INFO - Financial Document 'financial_document' scrapped.
