[ 2025-06-24 13:37:15,791 ] 346 undetected_chromedriver.patcher - INFO - patching driver executable C:\Users\Utkarsh\appdata\roaming\undetected_chromedriver\undetected_chromedriver.exe
[ 2025-06-24 13:37:16,397 ] 62 RERAScrapper - INFO - Browser initialized successfully.
[ 2025-06-24 13:37:22,148 ] 70 RERAScrapper - INFO - Navigated to URL: https://rera.karnataka.gov.in/viewAllProjects
[ 2025-06-24 13:37:26,958 ] 83 RERAScrapper - INFO - City 'Kolar' selected from dropdown.
[ 2025-06-24 13:37:31,867 ] 90 RERAScrapper - INFO - Select Button Clicked.
[ 2025-06-24 13:37:32,935 ] 102 RERAScrapper - INFO - Home table JSON extracted: home_table_json
[ 2025-06-24 13:37:33,031 ] 130 RERAScrapper - INFO - Home Table JSON 'home_table_json' scrapped.
[ 2025-06-24 13:37:34,393 ] 141 RERAScrapper - INFO - Promoter Details 'promoter_details' scrapped.
[ 2025-06-24 13:37:34,393 ] 142 RERAScrapper - INFO - Authorized Signatory Detail 'authorized_signatory_details' scrapped.
[ 2025-06-24 13:37:34,393 ] 143 RERAScrapper - INFO - Project Member Details 'project_member_details' scrapped.
[ 2025-06-24 13:37:34,393 ] 144 RERAScrapper - INFO - Project Land Owner Details 'project_land_owner_details' scrapped.
[ 2025-06-24 13:37:34,393 ] 145 RERAScrapper - INFO - RERA Registration Details with any other State/UTs 'rera_registration_details_with_any_details' scrapped.
[ 2025-06-24 13:37:34,393 ] 146 RERAScrapper - INFO - Previous Project Details (Last 5 years only) 'previous_project_details' scrapped.
[ 2025-06-24 13:37:36,436 ] 171 RERAScrapper - INFO - Project Details page clicked.
[ 2025-06-24 13:37:37,450 ] 186 RERAScrapper - INFO - Project Details 'project_details' scrapped.
[ 2025-06-24 13:37:37,450 ] 187 RERAScrapper - INFO - Development Details 'development_details' scrapped.
[ 2025-06-24 13:37:37,451 ] 188 RERAScrapper - INFO - External Development Work 'external_development_work' scrapped.
[ 2025-06-24 13:37:37,451 ] 189 RERAScrapper - INFO - Other External Development Work 'other_external_development_work' scrapped.
[ 2025-06-24 13:37:37,451 ] 190 RERAScrapper - INFO - Project Bank ( Escrow Account ) Details 'project_bank_details' scrapped.
[ 2025-06-24 13:37:37,451 ] 191 RERAScrapper - INFO - Project Agents 'project_agents' scrapped.
[ 2025-06-24 13:37:37,451 ] 192 RERAScrapper - INFO - Project Detail Table 'project_detail_table' scrapped.
[ 2025-06-24 13:37:37,484 ] 199 RERAScrapper - INFO - Uploaded Documents page clicked.
[ 2025-06-24 13:37:38,699 ] 213 RERAScrapper - INFO - Project Documents 'project_documents' scrapped.
[ 2025-06-24 13:37:38,699 ] 214 RERAScrapper - INFO - Project Approval 'project_approval' scrapped.
[ 2025-06-24 13:37:38,699 ] 215 RERAScrapper - INFO - Declaration 'declaration' scrapped.
[ 2025-06-24 13:37:38,699 ] 216 RERAScrapper - INFO - Other Documents 'other_documents' scrapped.
[ 2025-06-24 13:37:38,699 ] 217 RERAScrapper - INFO - Project Photo 'project_photo' scrapped.
[ 2025-06-24 13:37:38,699 ] 218 RERAScrapper - INFO - Financial Document 'financial_document' scrapped.
[ 2025-06-24 13:37:38,733 ] 227 RERAScrapper - INFO - Completion Details page clicked.
[ 2025-06-24 13:37:41,330 ] 242 RERAScrapper - INFO - Completion Details 'completion_details' scrapped.
[ 2025-06-24 13:37:41,330 ] 243 RERAScrapper - INFO - Development Details 'development_details_completion' scrapped.
[ 2025-06-24 13:37:41,330 ] 244 RERAScrapper - INFO - Uploaded Documents 'uploaded_documents' scrapped.
[ 2025-06-24 13:37:41,330 ] 245 RERAScrapper - INFO - Photos Uploaded 'photos_uploaded' scrapped.
[ 2025-06-24 13:37:48,092 ] 83 RERAScrapper - INFO - City 'Kolar' selected from dropdown.
[ 2025-06-24 13:37:49,141 ] 90 RERAScrapper - INFO - Select Button Clicked.
[ 2025-06-24 13:37:56,986 ] 102 RERAScrapper - INFO - Home table JSON extracted: home_table_json
[ 2025-06-24 13:37:57,023 ] 130 RERAScrapper - INFO - Home Table JSON 'home_table_json' scrapped.
[ 2025-06-24 13:37:58,371 ] 141 RERAScrapper - INFO - Promoter Details 'promoter_details' scrapped.
[ 2025-06-24 13:37:58,371 ] 142 RERAScrapper - INFO - Authorized Signatory Detail 'authorized_signatory_details' scrapped.
[ 2025-06-24 13:37:58,372 ] 143 RERAScrapper - INFO - Project Member Details 'project_member_details' scrapped.
[ 2025-06-24 13:37:58,372 ] 144 RERAScrapper - INFO - Project Land Owner Details 'project_land_owner_details' scrapped.
[ 2025-06-24 13:37:58,372 ] 145 RERAScrapper - INFO - RERA Registration Details with any other State/UTs 'rera_registration_details_with_any_details' scrapped.
[ 2025-06-24 13:37:58,372 ] 146 RERAScrapper - INFO - Previous Project Details (Last 5 years only) 'previous_project_details' scrapped.
[ 2025-06-24 13:38:00,407 ] 171 RERAScrapper - INFO - Project Details page clicked.
[ 2025-06-24 13:38:01,410 ] 186 RERAScrapper - INFO - Project Details 'project_details' scrapped.
[ 2025-06-24 13:38:01,410 ] 187 RERAScrapper - INFO - Development Details 'development_details' scrapped.
[ 2025-06-24 13:38:01,410 ] 188 RERAScrapper - INFO - External Development Work 'external_development_work' scrapped.
[ 2025-06-24 13:38:01,411 ] 189 RERAScrapper - INFO - Other External Development Work 'other_external_development_work' scrapped.
[ 2025-06-24 13:38:01,411 ] 190 RERAScrapper - INFO - Project Bank ( Escrow Account ) Details 'project_bank_details' scrapped.
[ 2025-06-24 13:38:01,411 ] 191 RERAScrapper - INFO - Project Agents 'project_agents' scrapped.
[ 2025-06-24 13:38:01,411 ] 192 RERAScrapper - INFO - Project Detail Table 'project_detail_table' scrapped.
[ 2025-06-24 13:38:01,444 ] 199 RERAScrapper - INFO - Uploaded Documents page clicked.
[ 2025-06-24 13:38:02,602 ] 213 RERAScrapper - INFO - Project Documents 'project_documents' scrapped.
[ 2025-06-24 13:38:02,602 ] 214 RERAScrapper - INFO - Project Approval 'project_approval' scrapped.
[ 2025-06-24 13:38:02,602 ] 215 RERAScrapper - INFO - Declaration 'declaration' scrapped.
[ 2025-06-24 13:38:02,602 ] 216 RERAScrapper - INFO - Other Documents 'other_documents' scrapped.
[ 2025-06-24 13:38:02,602 ] 217 RERAScrapper - INFO - Project Photo 'project_photo' scrapped.
[ 2025-06-24 13:38:02,602 ] 218 RERAScrapper - INFO - Financial Document 'financial_document' scrapped.
[ 2025-06-24 13:38:23,118 ] 229 RERAScrapper - ERROR - Timed out waiting for Completion Details page: Message: 
Stacktrace:
	GetHandleVerifier [0x0x963b03+62899]
	GetHandleVerifier [0x0x963b44+62964]
	(No symbol) [0x0x7910f3]
	(No symbol) [0x0x7d980e]
	(No symbol) [0x0x7d9bab]
	(No symbol) [0x0x8225c2]
	(No symbol) [0x0x7fe554]
	(No symbol) [0x0x81fd81]
	(No symbol) [0x0x7fe306]
	(No symbol) [0x0x7cd670]
	(No symbol) [0x0x7ce4e4]
	GetHandleVerifier [0x0xbc4793+2556483]
	GetHandleVerifier [0x0xbbfd02+2537394]
	GetHandleVerifier [0x0x98a2fa+220586]
	GetHandleVerifier [0x0x97aae8+157080]
	GetHandleVerifier [0x0x98141d+184013]
	GetHandleVerifier [0x0x96ba68+95512]
	GetHandleVerifier [0x0x96bc10+95936]
	GetHandleVerifier [0x0x956b5a+9738]
	BaseThreadInitThunk [0x0x774afcc9+25]
	RtlGetAppContainerNamedObjectPath [0x0x776a82ae+286]
	RtlGetAppContainerNamedObjectPath [0x0x776a827e+238]

[ 2025-06-24 13:38:25,134 ] 302 RERAScrapper - ERROR - An error occurred in scrape_project_details: local variable 'completion_details' referenced before assignment
[ 2025-06-24 13:38:31,910 ] 102 RERAScrapper - INFO - Home table JSON extracted: home_table_json
[ 2025-06-24 13:38:31,947 ] 130 RERAScrapper - INFO - Home Table JSON 'home_table_json' scrapped.
[ 2025-06-24 13:38:33,663 ] 141 RERAScrapper - INFO - Promoter Details 'promoter_details' scrapped.
[ 2025-06-24 13:38:33,663 ] 142 RERAScrapper - INFO - Authorized Signatory Detail 'authorized_signatory_details' scrapped.
[ 2025-06-24 13:38:33,663 ] 143 RERAScrapper - INFO - Project Member Details 'project_member_details' scrapped.
[ 2025-06-24 13:38:33,663 ] 144 RERAScrapper - INFO - Project Land Owner Details 'project_land_owner_details' scrapped.
[ 2025-06-24 13:38:33,664 ] 145 RERAScrapper - INFO - RERA Registration Details with any other State/UTs 'rera_registration_details_with_any_details' scrapped.
[ 2025-06-24 13:38:33,664 ] 146 RERAScrapper - INFO - Previous Project Details (Last 5 years only) 'previous_project_details' scrapped.
[ 2025-06-24 13:38:35,713 ] 171 RERAScrapper - INFO - Project Details page clicked.
[ 2025-06-24 13:38:36,731 ] 186 RERAScrapper - INFO - Project Details 'project_details' scrapped.
[ 2025-06-24 13:38:36,731 ] 187 RERAScrapper - INFO - Development Details 'development_details' scrapped.
[ 2025-06-24 13:38:36,731 ] 188 RERAScrapper - INFO - External Development Work 'external_development_work' scrapped.
[ 2025-06-24 13:38:36,731 ] 189 RERAScrapper - INFO - Other External Development Work 'other_external_development_work' scrapped.
[ 2025-06-24 13:38:36,731 ] 190 RERAScrapper - INFO - Project Bank ( Escrow Account ) Details 'project_bank_details' scrapped.
[ 2025-06-24 13:38:36,732 ] 191 RERAScrapper - INFO - Project Agents 'project_agents' scrapped.
[ 2025-06-24 13:38:36,732 ] 192 RERAScrapper - INFO - Project Detail Table 'project_detail_table' scrapped.
[ 2025-06-24 13:38:36,765 ] 199 RERAScrapper - INFO - Uploaded Documents page clicked.
[ 2025-06-24 13:38:38,177 ] 213 RERAScrapper - INFO - Project Documents 'project_documents' scrapped.
[ 2025-06-24 13:38:38,177 ] 214 RERAScrapper - INFO - Project Approval 'project_approval' scrapped.
[ 2025-06-24 13:38:38,177 ] 215 RERAScrapper - INFO - Declaration 'declaration' scrapped.
[ 2025-06-24 13:38:38,178 ] 216 RERAScrapper - INFO - Other Documents 'other_documents' scrapped.
[ 2025-06-24 13:38:38,178 ] 217 RERAScrapper - INFO - Project Photo 'project_photo' scrapped.
[ 2025-06-24 13:38:38,178 ] 218 RERAScrapper - INFO - Financial Document 'financial_document' scrapped.
[ 2025-06-24 13:38:58,193 ] 229 RERAScrapper - ERROR - Timed out waiting for Completion Details page: Message: 
Stacktrace:
	GetHandleVerifier [0x0x963b03+62899]
	GetHandleVerifier [0x0x963b44+62964]
	(No symbol) [0x0x7910f3]
	(No symbol) [0x0x7d980e]
	(No symbol) [0x0x7d9bab]
	(No symbol) [0x0x8225c2]
	(No symbol) [0x0x7fe554]
	(No symbol) [0x0x81fd81]
	(No symbol) [0x0x7fe306]
	(No symbol) [0x0x7cd670]
	(No symbol) [0x0x7ce4e4]
	GetHandleVerifier [0x0xbc4793+2556483]
	GetHandleVerifier [0x0xbbfd02+2537394]
	GetHandleVerifier [0x0x98a2fa+220586]
	GetHandleVerifier [0x0x97aae8+157080]
	GetHandleVerifier [0x0x98141d+184013]
	GetHandleVerifier [0x0x96ba68+95512]
	GetHandleVerifier [0x0x96bc10+95936]
	GetHandleVerifier [0x0x956b5a+9738]
	BaseThreadInitThunk [0x0x774afcc9+25]
	RtlGetAppContainerNamedObjectPath [0x0x776a82ae+286]
	RtlGetAppContainerNamedObjectPath [0x0x776a827e+238]

[ 2025-06-24 13:39:00,199 ] 302 RERAScrapper - ERROR - An error occurred in scrape_project_details: local variable 'completion_details' referenced before assignment
[ 2025-06-24 13:39:04,320 ] 83 RERAScrapper - INFO - City 'Kolar' selected from dropdown.
[ 2025-06-24 13:39:05,358 ] 90 RERAScrapper - INFO - Select Button Clicked.
[ 2025-06-24 13:39:13,482 ] 102 RERAScrapper - INFO - Home table JSON extracted: home_table_json
[ 2025-06-24 13:39:13,519 ] 130 RERAScrapper - INFO - Home Table JSON 'home_table_json' scrapped.
[ 2025-06-24 13:39:14,530 ] 141 RERAScrapper - INFO - Promoter Details 'promoter_details' scrapped.
[ 2025-06-24 13:39:14,530 ] 142 RERAScrapper - INFO - Authorized Signatory Detail 'authorized_signatory_details' scrapped.
[ 2025-06-24 13:39:14,530 ] 143 RERAScrapper - INFO - Project Member Details 'project_member_details' scrapped.
[ 2025-06-24 13:39:14,530 ] 144 RERAScrapper - INFO - Project Land Owner Details 'project_land_owner_details' scrapped.
[ 2025-06-24 13:39:14,530 ] 145 RERAScrapper - INFO - RERA Registration Details with any other State/UTs 'rera_registration_details_with_any_details' scrapped.
[ 2025-06-24 13:39:14,530 ] 146 RERAScrapper - INFO - Previous Project Details (Last 5 years only) 'previous_project_details' scrapped.
[ 2025-06-24 13:39:16,568 ] 171 RERAScrapper - INFO - Project Details page clicked.
[ 2025-06-24 13:39:17,588 ] 186 RERAScrapper - INFO - Project Details 'project_details' scrapped.
[ 2025-06-24 13:39:17,588 ] 187 RERAScrapper - INFO - Development Details 'development_details' scrapped.
[ 2025-06-24 13:39:17,588 ] 188 RERAScrapper - INFO - External Development Work 'external_development_work' scrapped.
[ 2025-06-24 13:39:17,588 ] 189 RERAScrapper - INFO - Other External Development Work 'other_external_development_work' scrapped.
[ 2025-06-24 13:39:17,588 ] 190 RERAScrapper - INFO - Project Bank ( Escrow Account ) Details 'project_bank_details' scrapped.
[ 2025-06-24 13:39:17,588 ] 191 RERAScrapper - INFO - Project Agents 'project_agents' scrapped.
[ 2025-06-24 13:39:17,588 ] 192 RERAScrapper - INFO - Project Detail Table 'project_detail_table' scrapped.
[ 2025-06-24 13:39:17,623 ] 199 RERAScrapper - INFO - Uploaded Documents page clicked.
[ 2025-06-24 13:39:18,809 ] 213 RERAScrapper - INFO - Project Documents 'project_documents' scrapped.
[ 2025-06-24 13:39:18,809 ] 214 RERAScrapper - INFO - Project Approval 'project_approval' scrapped.
[ 2025-06-24 13:39:18,809 ] 215 RERAScrapper - INFO - Declaration 'declaration' scrapped.
[ 2025-06-24 13:39:18,809 ] 216 RERAScrapper - INFO - Other Documents 'other_documents' scrapped.
[ 2025-06-24 13:39:18,809 ] 217 RERAScrapper - INFO - Project Photo 'project_photo' scrapped.
[ 2025-06-24 13:39:18,810 ] 218 RERAScrapper - INFO - Financial Document 'financial_document' scrapped.
[ 2025-06-24 13:39:18,839 ] 227 RERAScrapper - INFO - Completion Details page clicked.
[ 2025-06-24 13:39:21,125 ] 248 RERAScrapper - WARNING - Completion Details 'completion_details' **************not************** scrapped.
[ 2025-06-24 13:39:21,125 ] 249 RERAScrapper - WARNING - Development Details 'development_details_completion' **************not************** scrapped.
[ 2025-06-24 13:39:21,125 ] 250 RERAScrapper - WARNING - Uploaded Documents 'uploaded_documents' **************not************** scrapped.
[ 2025-06-24 13:39:21,126 ] 251 RERAScrapper - WARNING - Photos Uploaded 'photos_uploaded' **************not************** scrapped.
[ 2025-06-24 13:39:27,769 ] 83 RERAScrapper - INFO - City 'Kolar' selected from dropdown.
[ 2025-06-24 13:39:28,800 ] 90 RERAScrapper - INFO - Select Button Clicked.
[ 2025-06-24 13:39:41,898 ] 102 RERAScrapper - INFO - Home table JSON extracted: home_table_json
[ 2025-06-24 13:39:41,938 ] 130 RERAScrapper - INFO - Home Table JSON 'home_table_json' scrapped.
[ 2025-06-24 13:39:43,692 ] 149 RERAScrapper - WARNING - Promoter Details 'promoter_details' **************not************** scrapped.
[ 2025-06-24 13:39:43,692 ] 150 RERAScrapper - WARNING - Authorized Signatory Detail 'authorized_signatory_details' **************not************** scrapped.
[ 2025-06-24 13:39:43,692 ] 151 RERAScrapper - WARNING - Project Member Details 'project_member_details' **************not************** scrapped.
[ 2025-06-24 13:39:43,693 ] 152 RERAScrapper - WARNING - Project Land Owner Details 'project_land_owner_details' **************not************** scrapped.
[ 2025-06-24 13:39:43,693 ] 153 RERAScrapper - WARNING - RERA Registration Details with any other State/UTs 'rera_registration_details_with_any_details' **************not************** scrapped.
[ 2025-06-24 13:39:43,693 ] 154 RERAScrapper - WARNING - Previous Project Details (Last 5 years only) 'previous_project_details' **************not************** scrapped.
[ 2025-06-24 13:39:45,729 ] 171 RERAScrapper - INFO - Project Details page clicked.
[ 2025-06-24 13:39:46,818 ] 186 RERAScrapper - INFO - Project Details 'project_details' scrapped.
[ 2025-06-24 13:39:46,818 ] 187 RERAScrapper - INFO - Development Details 'development_details' scrapped.
[ 2025-06-24 13:39:46,818 ] 188 RERAScrapper - INFO - External Development Work 'external_development_work' scrapped.
[ 2025-06-24 13:39:46,819 ] 189 RERAScrapper - INFO - Other External Development Work 'other_external_development_work' scrapped.
[ 2025-06-24 13:39:46,819 ] 190 RERAScrapper - INFO - Project Bank ( Escrow Account ) Details 'project_bank_details' scrapped.
[ 2025-06-24 13:39:46,819 ] 191 RERAScrapper - INFO - Project Agents 'project_agents' scrapped.
[ 2025-06-24 13:39:46,819 ] 192 RERAScrapper - INFO - Project Detail Table 'project_detail_table' scrapped.
[ 2025-06-24 13:39:46,853 ] 199 RERAScrapper - INFO - Uploaded Documents page clicked.
[ 2025-06-24 13:39:48,100 ] 213 RERAScrapper - INFO - Project Documents 'project_documents' scrapped.
[ 2025-06-24 13:39:48,100 ] 214 RERAScrapper - INFO - Project Approval 'project_approval' scrapped.
[ 2025-06-24 13:39:48,100 ] 215 RERAScrapper - INFO - Declaration 'declaration' scrapped.
[ 2025-06-24 13:39:48,101 ] 216 RERAScrapper - INFO - Other Documents 'other_documents' scrapped.
[ 2025-06-24 13:39:48,101 ] 217 RERAScrapper - INFO - Project Photo 'project_photo' scrapped.
[ 2025-06-24 13:39:48,101 ] 218 RERAScrapper - INFO - Financial Document 'financial_document' scrapped.
[ 2025-06-24 13:39:48,135 ] 227 RERAScrapper - INFO - Completion Details page clicked.
[ 2025-06-24 13:39:50,435 ] 248 RERAScrapper - WARNING - Completion Details 'completion_details' **************not************** scrapped.
[ 2025-06-24 13:39:50,435 ] 249 RERAScrapper - WARNING - Development Details 'development_details_completion' **************not************** scrapped.
[ 2025-06-24 13:39:50,435 ] 250 RERAScrapper - WARNING - Uploaded Documents 'uploaded_documents' **************not************** scrapped.
[ 2025-06-24 13:39:50,436 ] 251 RERAScrapper - WARNING - Photos Uploaded 'photos_uploaded' **************not************** scrapped.
[ 2025-06-24 13:39:56,901 ] 83 RERAScrapper - INFO - City 'Kolar' selected from dropdown.
[ 2025-06-24 13:39:57,946 ] 90 RERAScrapper - INFO - Select Button Clicked.
[ 2025-06-24 13:40:09,699 ] 102 RERAScrapper - INFO - Home table JSON extracted: home_table_json
[ 2025-06-24 13:40:09,732 ] 130 RERAScrapper - INFO - Home Table JSON 'home_table_json' scrapped.
[ 2025-06-24 13:40:11,155 ] 141 RERAScrapper - INFO - Promoter Details 'promoter_details' scrapped.
[ 2025-06-24 13:40:11,155 ] 142 RERAScrapper - INFO - Authorized Signatory Detail 'authorized_signatory_details' scrapped.
[ 2025-06-24 13:40:11,155 ] 143 RERAScrapper - INFO - Project Member Details 'project_member_details' scrapped.
[ 2025-06-24 13:40:11,155 ] 144 RERAScrapper - INFO - Project Land Owner Details 'project_land_owner_details' scrapped.
[ 2025-06-24 13:40:11,155 ] 145 RERAScrapper - INFO - RERA Registration Details with any other State/UTs 'rera_registration_details_with_any_details' scrapped.
[ 2025-06-24 13:40:11,156 ] 146 RERAScrapper - INFO - Previous Project Details (Last 5 years only) 'previous_project_details' scrapped.
[ 2025-06-24 13:40:13,194 ] 171 RERAScrapper - INFO - Project Details page clicked.
[ 2025-06-24 13:40:14,125 ] 186 RERAScrapper - INFO - Project Details 'project_details' scrapped.
[ 2025-06-24 13:40:14,125 ] 187 RERAScrapper - INFO - Development Details 'development_details' scrapped.
[ 2025-06-24 13:40:14,125 ] 188 RERAScrapper - INFO - External Development Work 'external_development_work' scrapped.
[ 2025-06-24 13:40:14,126 ] 189 RERAScrapper - INFO - Other External Development Work 'other_external_development_work' scrapped.
[ 2025-06-24 13:40:14,126 ] 190 RERAScrapper - INFO - Project Bank ( Escrow Account ) Details 'project_bank_details' scrapped.
[ 2025-06-24 13:40:14,126 ] 191 RERAScrapper - INFO - Project Agents 'project_agents' scrapped.
[ 2025-06-24 13:40:14,126 ] 192 RERAScrapper - INFO - Project Detail Table 'project_detail_table' scrapped.
[ 2025-06-24 13:40:14,155 ] 199 RERAScrapper - INFO - Uploaded Documents page clicked.
[ 2025-06-24 13:40:15,321 ] 213 RERAScrapper - INFO - Project Documents 'project_documents' scrapped.
[ 2025-06-24 13:40:15,321 ] 214 RERAScrapper - INFO - Project Approval 'project_approval' scrapped.
[ 2025-06-24 13:40:15,321 ] 215 RERAScrapper - INFO - Declaration 'declaration' scrapped.
[ 2025-06-24 13:40:15,322 ] 216 RERAScrapper - INFO - Other Documents 'other_documents' scrapped.
[ 2025-06-24 13:40:15,322 ] 217 RERAScrapper - INFO - Project Photo 'project_photo' scrapped.
[ 2025-06-24 13:40:15,322 ] 218 RERAScrapper - INFO - Financial Document 'financial_document' scrapped.
[ 2025-06-24 13:40:15,354 ] 227 RERAScrapper - INFO - Completion Details page clicked.
[ 2025-06-24 13:40:17,719 ] 248 RERAScrapper - WARNING - Completion Details 'completion_details' **************not************** scrapped.
[ 2025-06-24 13:40:17,719 ] 249 RERAScrapper - WARNING - Development Details 'development_details_completion' **************not************** scrapped.
[ 2025-06-24 13:40:17,719 ] 250 RERAScrapper - WARNING - Uploaded Documents 'uploaded_documents' **************not************** scrapped.
[ 2025-06-24 13:40:17,720 ] 251 RERAScrapper - WARNING - Photos Uploaded 'photos_uploaded' **************not************** scrapped.
[ 2025-06-24 13:40:23,976 ] 83 RERAScrapper - INFO - City 'Kolar' selected from dropdown.
[ 2025-06-24 13:40:25,017 ] 90 RERAScrapper - INFO - Select Button Clicked.
[ 2025-06-24 13:40:34,733 ] 102 RERAScrapper - INFO - Home table JSON extracted: home_table_json
[ 2025-06-24 13:40:34,780 ] 130 RERAScrapper - INFO - Home Table JSON 'home_table_json' scrapped.
[ 2025-06-24 13:40:36,155 ] 141 RERAScrapper - INFO - Promoter Details 'promoter_details' scrapped.
[ 2025-06-24 13:40:36,155 ] 142 RERAScrapper - INFO - Authorized Signatory Detail 'authorized_signatory_details' scrapped.
[ 2025-06-24 13:40:36,155 ] 143 RERAScrapper - INFO - Project Member Details 'project_member_details' scrapped.
[ 2025-06-24 13:40:36,156 ] 144 RERAScrapper - INFO - Project Land Owner Details 'project_land_owner_details' scrapped.
[ 2025-06-24 13:40:36,156 ] 145 RERAScrapper - INFO - RERA Registration Details with any other State/UTs 'rera_registration_details_with_any_details' scrapped.
[ 2025-06-24 13:40:36,156 ] 146 RERAScrapper - INFO - Previous Project Details (Last 5 years only) 'previous_project_details' scrapped.
[ 2025-06-24 13:40:38,195 ] 171 RERAScrapper - INFO - Project Details page clicked.
[ 2025-06-24 13:40:39,184 ] 186 RERAScrapper - INFO - Project Details 'project_details' scrapped.
[ 2025-06-24 13:40:39,184 ] 187 RERAScrapper - INFO - Development Details 'development_details' scrapped.
[ 2025-06-24 13:40:39,184 ] 188 RERAScrapper - INFO - External Development Work 'external_development_work' scrapped.
[ 2025-06-24 13:40:39,185 ] 189 RERAScrapper - INFO - Other External Development Work 'other_external_development_work' scrapped.
[ 2025-06-24 13:40:39,185 ] 190 RERAScrapper - INFO - Project Bank ( Escrow Account ) Details 'project_bank_details' scrapped.
[ 2025-06-24 13:40:39,185 ] 191 RERAScrapper - INFO - Project Agents 'project_agents' scrapped.
[ 2025-06-24 13:40:39,185 ] 192 RERAScrapper - INFO - Project Detail Table 'project_detail_table' scrapped.
[ 2025-06-24 13:40:39,216 ] 199 RERAScrapper - INFO - Uploaded Documents page clicked.
[ 2025-06-24 13:40:40,443 ] 213 RERAScrapper - INFO - Project Documents 'project_documents' scrapped.
[ 2025-06-24 13:40:40,443 ] 214 RERAScrapper - INFO - Project Approval 'project_approval' scrapped.
[ 2025-06-24 13:40:40,444 ] 215 RERAScrapper - INFO - Declaration 'declaration' scrapped.
[ 2025-06-24 13:40:40,444 ] 216 RERAScrapper - INFO - Other Documents 'other_documents' scrapped.
[ 2025-06-24 13:40:40,444 ] 217 RERAScrapper - INFO - Project Photo 'project_photo' scrapped.
[ 2025-06-24 13:40:40,444 ] 218 RERAScrapper - INFO - Financial Document 'financial_document' scrapped.
[ 2025-06-24 13:41:00,497 ] 229 RERAScrapper - ERROR - Timed out waiting for Completion Details page: Message: 
Stacktrace:
	GetHandleVerifier [0x0x963b03+62899]
	GetHandleVerifier [0x0x963b44+62964]
	(No symbol) [0x0x7910f3]
	(No symbol) [0x0x7d980e]
	(No symbol) [0x0x7d9bab]
	(No symbol) [0x0x8225c2]
	(No symbol) [0x0x7fe554]
	(No symbol) [0x0x81fd81]
	(No symbol) [0x0x7fe306]
	(No symbol) [0x0x7cd670]
	(No symbol) [0x0x7ce4e4]
	GetHandleVerifier [0x0xbc4793+2556483]
	GetHandleVerifier [0x0xbbfd02+2537394]
	GetHandleVerifier [0x0x98a2fa+220586]
	GetHandleVerifier [0x0x97aae8+157080]
	GetHandleVerifier [0x0x98141d+184013]
	GetHandleVerifier [0x0x96ba68+95512]
	GetHandleVerifier [0x0x96bc10+95936]
	GetHandleVerifier [0x0x956b5a+9738]
	BaseThreadInitThunk [0x0x774afcc9+25]
	RtlGetAppContainerNamedObjectPath [0x0x776a82ae+286]
	RtlGetAppContainerNamedObjectPath [0x0x776a827e+238]

[ 2025-06-24 13:41:02,505 ] 302 RERAScrapper - ERROR - An error occurred in scrape_project_details: local variable 'completion_details' referenced before assignment
[ 2025-06-24 13:41:06,622 ] 83 RERAScrapper - INFO - City 'Kolar' selected from dropdown.
[ 2025-06-24 13:41:13,237 ] 90 RERAScrapper - INFO - Select Button Clicked.
[ 2025-06-24 13:41:20,297 ] 102 RERAScrapper - INFO - Home table JSON extracted: home_table_json
[ 2025-06-24 13:41:20,335 ] 130 RERAScrapper - INFO - Home Table JSON 'home_table_json' scrapped.
[ 2025-06-24 13:41:22,346 ] 141 RERAScrapper - INFO - Promoter Details 'promoter_details' scrapped.
[ 2025-06-24 13:41:22,346 ] 142 RERAScrapper - INFO - Authorized Signatory Detail 'authorized_signatory_details' scrapped.
[ 2025-06-24 13:41:22,346 ] 143 RERAScrapper - INFO - Project Member Details 'project_member_details' scrapped.
[ 2025-06-24 13:41:22,346 ] 144 RERAScrapper - INFO - Project Land Owner Details 'project_land_owner_details' scrapped.
[ 2025-06-24 13:41:22,347 ] 145 RERAScrapper - INFO - RERA Registration Details with any other State/UTs 'rera_registration_details_with_any_details' scrapped.
[ 2025-06-24 13:41:22,347 ] 146 RERAScrapper - INFO - Previous Project Details (Last 5 years only) 'previous_project_details' scrapped.
[ 2025-06-24 13:41:24,383 ] 171 RERAScrapper - INFO - Project Details page clicked.
[ 2025-06-24 13:41:25,467 ] 186 RERAScrapper - INFO - Project Details 'project_details' scrapped.
[ 2025-06-24 13:41:25,467 ] 187 RERAScrapper - INFO - Development Details 'development_details' scrapped.
[ 2025-06-24 13:41:25,467 ] 188 RERAScrapper - INFO - External Development Work 'external_development_work' scrapped.
[ 2025-06-24 13:41:25,468 ] 189 RERAScrapper - INFO - Other External Development Work 'other_external_development_work' scrapped.
[ 2025-06-24 13:41:25,468 ] 190 RERAScrapper - INFO - Project Bank ( Escrow Account ) Details 'project_bank_details' scrapped.
[ 2025-06-24 13:41:25,468 ] 191 RERAScrapper - INFO - Project Agents 'project_agents' scrapped.
[ 2025-06-24 13:41:25,468 ] 192 RERAScrapper - INFO - Project Detail Table 'project_detail_table' scrapped.
[ 2025-06-24 13:41:25,501 ] 199 RERAScrapper - INFO - Uploaded Documents page clicked.
[ 2025-06-24 13:41:26,762 ] 213 RERAScrapper - INFO - Project Documents 'project_documents' scrapped.
[ 2025-06-24 13:41:26,762 ] 214 RERAScrapper - INFO - Project Approval 'project_approval' scrapped.
[ 2025-06-24 13:41:26,763 ] 215 RERAScrapper - INFO - Declaration 'declaration' scrapped.
[ 2025-06-24 13:41:26,763 ] 216 RERAScrapper - INFO - Other Documents 'other_documents' scrapped.
[ 2025-06-24 13:41:26,763 ] 217 RERAScrapper - INFO - Project Photo 'project_photo' scrapped.
[ 2025-06-24 13:41:26,763 ] 218 RERAScrapper - INFO - Financial Document 'financial_document' scrapped.
[ 2025-06-24 13:41:47,272 ] 229 RERAScrapper - ERROR - Timed out waiting for Completion Details page: Message: 
Stacktrace:
	GetHandleVerifier [0x0x963b03+62899]
	GetHandleVerifier [0x0x963b44+62964]
	(No symbol) [0x0x7910f3]
	(No symbol) [0x0x7d980e]
	(No symbol) [0x0x7d9bab]
	(No symbol) [0x0x8225c2]
	(No symbol) [0x0x7fe554]
	(No symbol) [0x0x81fd81]
	(No symbol) [0x0x7fe306]
	(No symbol) [0x0x7cd670]
	(No symbol) [0x0x7ce4e4]
	GetHandleVerifier [0x0xbc4793+2556483]
	GetHandleVerifier [0x0xbbfd02+2537394]
	GetHandleVerifier [0x0x98a2fa+220586]
	GetHandleVerifier [0x0x97aae8+157080]
	GetHandleVerifier [0x0x98141d+184013]
	GetHandleVerifier [0x0x96ba68+95512]
	GetHandleVerifier [0x0x96bc10+95936]
	GetHandleVerifier [0x0x956b5a+9738]
	BaseThreadInitThunk [0x0x774afcc9+25]
	RtlGetAppContainerNamedObjectPath [0x0x776a82ae+286]
	RtlGetAppContainerNamedObjectPath [0x0x776a827e+238]

[ 2025-06-24 13:41:49,278 ] 302 RERAScrapper - ERROR - An error occurred in scrape_project_details: local variable 'completion_details' referenced before assignment
[ 2025-06-24 13:41:53,387 ] 83 RERAScrapper - INFO - City 'Kolar' selected from dropdown.
[ 2025-06-24 13:41:54,426 ] 90 RERAScrapper - INFO - Select Button Clicked.
[ 2025-06-24 13:42:02,367 ] 102 RERAScrapper - INFO - Home table JSON extracted: home_table_json
[ 2025-06-24 13:42:02,398 ] 130 RERAScrapper - INFO - Home Table JSON 'home_table_json' scrapped.
[ 2025-06-24 13:42:22,425 ] 149 RERAScrapper - WARNING - Promoter Details 'promoter_details' **************not************** scrapped.
[ 2025-06-24 13:42:22,426 ] 150 RERAScrapper - WARNING - Authorized Signatory Detail 'authorized_signatory_details' **************not************** scrapped.
[ 2025-06-24 13:42:22,426 ] 151 RERAScrapper - WARNING - Project Member Details 'project_member_details' **************not************** scrapped.
[ 2025-06-24 13:42:22,426 ] 152 RERAScrapper - WARNING - Project Land Owner Details 'project_land_owner_details' **************not************** scrapped.
[ 2025-06-24 13:42:22,426 ] 153 RERAScrapper - WARNING - RERA Registration Details with any other State/UTs 'rera_registration_details_with_any_details' **************not************** scrapped.
[ 2025-06-24 13:42:22,426 ] 154 RERAScrapper - WARNING - Previous Project Details (Last 5 years only) 'previous_project_details' **************not************** scrapped.
