[ 2025-06-24 10:56:43,811 ] 62 RERAScrapper - INFO - Browser initialized successfully.
[ 2025-06-24 10:56:51,677 ] 70 RERAScrapper - INFO - Navigated to URL: https://rera.karnataka.gov.in/viewAllProjects
[ 2025-06-24 10:56:55,787 ] 83 RERAScrapper - INFO - City 'Kolar' selected from dropdown.
[ 2025-06-24 10:57:00,844 ] 90 RERAScrapper - INFO - Select Button Clicked.
[ 2025-06-24 10:57:01,903 ] 102 RERAScrapper - INFO - Home table JSON extracted: home_table_json
[ 2025-06-24 10:57:03,305 ] 139 RERAScrapper - INFO - Promoter Details '{
    "Promoter Details": [
        "Promoter Type : Partnership Firm",
        "Name: AARRA COMMUNITIES HOLDINGS",
        "PAN Number: ABIFA4030F",
        "Address : 1st Floor, CM Plaza, 63 Sarjarpur Road,Koramangala 1st Block",
        "District : Bengaluru Urban",
        "State/UT: Karnataka",
        "PIN Code : 560034",
        "Company Registration No. : NOT APPLICABLE",
        "Certificate: https://rera.karnataka.gov.in/download_jc?DOC_ID=mgvLEHjNVsfMtpML4omO7w%3D%3D"
    ]
}' scrapped.
[ 2025-06-24 10:57:03,305 ] 140 RERAScrapper - INFO - Authorized Signatory Detail '{
    "Authorized Signatory Detail": [
        "Name : P SOCKALINGAM",
        "Address: AARRA COMMUNITIES HOLDINGS, 1st Floor, CM Plaza , 63 Sarjarpur Road",
        "Photograph: https://rera.karnataka.gov.in/download_jc?DOC_ID=95jZztyon%2Fqy%2Fp3zYH9%2FKA%3D%3D"
    ]
}' scrapped.
[ 2025-06-24 10:57:03,305 ] 141 RERAScrapper - INFO - Project Member Details 'project_member_details' scrapped.
[ 2025-06-24 10:57:03,306 ] 142 RERAScrapper - INFO - Project Land Owner Details 'project_land_owner_details' scrapped.
[ 2025-06-24 10:57:03,306 ] 143 RERAScrapper - INFO - RERA Registration Details with any other State/UTs 'rera_registration_details_with_any_details' scrapped.
[ 2025-06-24 10:57:03,306 ] 144 RERAScrapper - INFO - Previous Project Details (Last 5 years only) 'previous_project_details' scrapped.
[ 2025-06-24 10:57:05,349 ] 153 RERAScrapper - INFO - Project Details page clicked.
[ 2025-06-24 10:57:06,656 ] 168 RERAScrapper - INFO - Project Details 'project_details' scrapped.
[ 2025-06-24 10:57:06,656 ] 169 RERAScrapper - INFO - Development Details 'development_details' scrapped.
[ 2025-06-24 10:57:06,656 ] 170 RERAScrapper - INFO - External Development Work 'external_development_work' scrapped.
[ 2025-06-24 10:57:06,656 ] 171 RERAScrapper - INFO - Other External Development Work 'other_external_development_work' scrapped.
[ 2025-06-24 10:57:06,656 ] 172 RERAScrapper - INFO - Project Bank ( Escrow Account ) Details 'project_bank_details' scrapped.
[ 2025-06-24 10:57:06,657 ] 173 RERAScrapper - INFO - Project Agents 'project_agents' scrapped.
[ 2025-06-24 10:57:06,657 ] 174 RERAScrapper - INFO - Project Detail Table 'project_detail_table' scrapped.
[ 2025-06-24 10:57:06,692 ] 181 RERAScrapper - INFO - Uploaded Documents page clicked.
[ 2025-06-24 10:57:08,447 ] 195 RERAScrapper - INFO - Project Documents 'project_documents' scrapped.
[ 2025-06-24 10:57:08,448 ] 196 RERAScrapper - INFO - Project Approval 'project_approval' scrapped.
[ 2025-06-24 10:57:08,448 ] 197 RERAScrapper - INFO - Declaration 'declaration' scrapped.
[ 2025-06-24 10:57:08,448 ] 198 RERAScrapper - INFO - Other Documents 'other_documents' scrapped.
[ 2025-06-24 10:57:08,448 ] 199 RERAScrapper - INFO - Project Photo 'project_photo' scrapped.
[ 2025-06-24 10:57:08,448 ] 200 RERAScrapper - INFO - Financial Document 'financial_document' scrapped.
[ 2025-06-24 10:57:08,483 ] 209 RERAScrapper - INFO - Completion Details page clicked.
[ 2025-06-24 10:57:31,158 ] 269 RERAScrapper - ERROR - An error occurred in scrape_project_details: local variable 'h1_elements' referenced before assignment
[ 2025-06-24 10:57:37,973 ] 102 RERAScrapper - INFO - Home table JSON extracted: home_table_json
[ 2025-06-24 10:57:58,456 ] 269 RERAScrapper - ERROR - An error occurred in scrape_project_details: local variable 'h1_elements' referenced before assignment
[ 2025-06-24 10:58:02,528 ] 102 RERAScrapper - INFO - Home table JSON extracted: home_table_json
[ 2025-06-24 10:58:23,055 ] 269 RERAScrapper - ERROR - An error occurred in scrape_project_details: local variable 'h1_elements' referenced before assignment
[ 2025-06-24 10:58:27,121 ] 102 RERAScrapper - INFO - Home table JSON extracted: home_table_json
[ 2025-06-24 10:58:47,669 ] 269 RERAScrapper - ERROR - An error occurred in scrape_project_details: local variable 'h1_elements' referenced before assignment
