[ 2025-06-24 13:20:21,820 ] 346 undetected_chromedriver.patcher - INFO - patching driver executable C:\Users\Utkarsh\appdata\roaming\undetected_chromedriver\undetected_chromedriver.exe
[ 2025-06-24 13:20:22,444 ] 62 RERAScrapper - INFO - Browser initialized successfully.
[ 2025-06-24 13:20:27,008 ] 70 RERAScrapper - INFO - Navigated to URL: https://rera.karnataka.gov.in/viewAllProjects
[ 2025-06-24 13:20:27,193 ] 83 RERAScrapper - INFO - City 'Kolar' selected from dropdown.
[ 2025-06-24 13:20:35,824 ] 90 RERAScrapper - INFO - Select Button Clicked.
[ 2025-06-24 13:20:36,881 ] 102 RERAScrapper - INFO - Home table JSON extracted: home_table_json
[ 2025-06-24 13:20:36,911 ] 130 RERAScrapper - INFO - Home Table JSON 'home_table_json' scrapped.
[ 2025-06-24 13:20:38,808 ] 140 RERAScrapper - INFO - Promoter Details 'promoter_details' scrapped.
[ 2025-06-24 13:20:38,808 ] 141 RERAScrapper - INFO - Authorized Signatory Detail 'authorized_signatory_details' scrapped.
[ 2025-06-24 13:20:38,808 ] 142 RERAScrapper - INFO - Project Member Details 'project_member_details' scrapped.
[ 2025-06-24 13:20:38,808 ] 143 RERAScrapper - INFO - Project Land Owner Details 'project_land_owner_details' scrapped.
[ 2025-06-24 13:20:38,809 ] 144 RERAScrapper - INFO - RERA Registration Details with any other State/UTs 'rera_registration_details_with_any_details' scrapped.
[ 2025-06-24 13:20:38,809 ] 145 RERAScrapper - INFO - Previous Project Details (Last 5 years only) 'previous_project_details' scrapped.
[ 2025-06-24 13:20:40,859 ] 154 RERAScrapper - INFO - Project Details page clicked.
[ 2025-06-24 13:20:41,854 ] 169 RERAScrapper - INFO - Project Details 'project_details' scrapped.
[ 2025-06-24 13:20:41,854 ] 170 RERAScrapper - INFO - Development Details 'development_details' scrapped.
[ 2025-06-24 13:20:41,855 ] 171 RERAScrapper - INFO - External Development Work 'external_development_work' scrapped.
[ 2025-06-24 13:20:41,855 ] 172 RERAScrapper - INFO - Other External Development Work 'other_external_development_work' scrapped.
[ 2025-06-24 13:20:41,855 ] 173 RERAScrapper - INFO - Project Bank ( Escrow Account ) Details 'project_bank_details' scrapped.
[ 2025-06-24 13:20:41,855 ] 174 RERAScrapper - INFO - Project Agents 'project_agents' scrapped.
[ 2025-06-24 13:20:41,855 ] 175 RERAScrapper - INFO - Project Detail Table 'project_detail_table' scrapped.
[ 2025-06-24 13:20:41,888 ] 182 RERAScrapper - INFO - Uploaded Documents page clicked.
[ 2025-06-24 13:20:43,067 ] 196 RERAScrapper - INFO - Project Documents 'project_documents' scrapped.
[ 2025-06-24 13:20:43,067 ] 197 RERAScrapper - INFO - Project Approval 'project_approval' scrapped.
[ 2025-06-24 13:20:43,067 ] 198 RERAScrapper - INFO - Declaration 'declaration' scrapped.
[ 2025-06-24 13:20:43,067 ] 199 RERAScrapper - INFO - Other Documents 'other_documents' scrapped.
[ 2025-06-24 13:20:43,067 ] 200 RERAScrapper - INFO - Project Photo 'project_photo' scrapped.
[ 2025-06-24 13:20:43,068 ] 201 RERAScrapper - INFO - Financial Document 'financial_document' scrapped.
[ 2025-06-24 13:20:43,102 ] 210 RERAScrapper - INFO - Completion Details page clicked.
[ 2025-06-24 13:20:54,412 ] 102 RERAScrapper - INFO - Home table JSON extracted: home_table_json
[ 2025-06-24 13:20:54,441 ] 130 RERAScrapper - INFO - Home Table JSON 'home_table_json' scrapped.
[ 2025-06-24 13:20:56,244 ] 140 RERAScrapper - INFO - Promoter Details 'promoter_details' scrapped.
[ 2025-06-24 13:20:56,244 ] 141 RERAScrapper - INFO - Authorized Signatory Detail 'authorized_signatory_details' scrapped.
[ 2025-06-24 13:20:56,244 ] 142 RERAScrapper - INFO - Project Member Details 'project_member_details' scrapped.
[ 2025-06-24 13:20:56,244 ] 143 RERAScrapper - INFO - Project Land Owner Details 'project_land_owner_details' scrapped.
[ 2025-06-24 13:20:56,244 ] 144 RERAScrapper - INFO - RERA Registration Details with any other State/UTs 'rera_registration_details_with_any_details' scrapped.
[ 2025-06-24 13:20:56,244 ] 145 RERAScrapper - INFO - Previous Project Details (Last 5 years only) 'previous_project_details' scrapped.
[ 2025-06-24 13:20:58,275 ] 154 RERAScrapper - INFO - Project Details page clicked.
[ 2025-06-24 13:20:59,214 ] 169 RERAScrapper - INFO - Project Details 'project_details' scrapped.
[ 2025-06-24 13:20:59,215 ] 170 RERAScrapper - INFO - Development Details 'development_details' scrapped.
[ 2025-06-24 13:20:59,215 ] 171 RERAScrapper - INFO - External Development Work 'external_development_work' scrapped.
[ 2025-06-24 13:20:59,215 ] 172 RERAScrapper - INFO - Other External Development Work 'other_external_development_work' scrapped.
[ 2025-06-24 13:20:59,215 ] 173 RERAScrapper - INFO - Project Bank ( Escrow Account ) Details 'project_bank_details' scrapped.
[ 2025-06-24 13:20:59,215 ] 174 RERAScrapper - INFO - Project Agents 'project_agents' scrapped.
[ 2025-06-24 13:20:59,215 ] 175 RERAScrapper - INFO - Project Detail Table 'project_detail_table' scrapped.
[ 2025-06-24 13:20:59,247 ] 182 RERAScrapper - INFO - Uploaded Documents page clicked.
[ 2025-06-24 13:21:00,326 ] 196 RERAScrapper - INFO - Project Documents 'project_documents' scrapped.
[ 2025-06-24 13:21:00,326 ] 197 RERAScrapper - INFO - Project Approval 'project_approval' scrapped.
[ 2025-06-24 13:21:00,326 ] 198 RERAScrapper - INFO - Declaration 'declaration' scrapped.
[ 2025-06-24 13:21:00,326 ] 199 RERAScrapper - INFO - Other Documents 'other_documents' scrapped.
[ 2025-06-24 13:21:00,327 ] 200 RERAScrapper - INFO - Project Photo 'project_photo' scrapped.
[ 2025-06-24 13:21:00,327 ] 201 RERAScrapper - INFO - Financial Document 'financial_document' scrapped.
[ 2025-06-24 13:21:20,838 ] 212 RERAScrapper - ERROR - Timed out waiting for Completion Details page: Message: 
Stacktrace:
	GetHandleVerifier [0x0xe93b03+62899]
	GetHandleVerifier [0x0xe93b44+62964]
	(No symbol) [0x0xcc10f3]
	(No symbol) [0x0xd0980e]
	(No symbol) [0x0xd09bab]
	(No symbol) [0x0xd525c2]
	(No symbol) [0x0xd2e554]
	(No symbol) [0x0xd4fd81]
	(No symbol) [0x0xd2e306]
	(No symbol) [0x0xcfd670]
	(No symbol) [0x0xcfe4e4]
	GetHandleVerifier [0x0x10f4793+2556483]
	GetHandleVerifier [0x0x10efd02+2537394]
	GetHandleVerifier [0x0xeba2fa+220586]
	GetHandleVerifier [0x0xeaaae8+157080]
	GetHandleVerifier [0x0xeb141d+184013]
	GetHandleVerifier [0x0xe9ba68+95512]
	GetHandleVerifier [0x0xe9bc10+95936]
	GetHandleVerifier [0x0xe86b5a+9738]
	BaseThreadInitThunk [0x0x774afcc9+25]
	RtlGetAppContainerNamedObjectPath [0x0x776a82ae+286]
	RtlGetAppContainerNamedObjectPath [0x0x776a827e+238]

[ 2025-06-24 13:21:29,279 ] 83 RERAScrapper - INFO - City 'Kolar' selected from dropdown.
[ 2025-06-24 13:21:39,405 ] 90 RERAScrapper - INFO - Select Button Clicked.
[ 2025-06-24 13:21:46,463 ] 102 RERAScrapper - INFO - Home table JSON extracted: home_table_json
[ 2025-06-24 13:21:46,506 ] 130 RERAScrapper - INFO - Home Table JSON 'home_table_json' scrapped.
[ 2025-06-24 13:22:06,536 ] 272 RERAScrapper - ERROR - An error occurred in scrape_project_details: local variable 'h1_elements' referenced before assignment
[ 2025-06-24 13:22:10,615 ] 102 RERAScrapper - INFO - Home table JSON extracted: home_table_json
[ 2025-06-24 13:22:10,650 ] 130 RERAScrapper - INFO - Home Table JSON 'home_table_json' scrapped.
[ 2025-06-24 13:22:12,194 ] 140 RERAScrapper - INFO - Promoter Details 'promoter_details' scrapped.
[ 2025-06-24 13:22:12,194 ] 141 RERAScrapper - INFO - Authorized Signatory Detail 'authorized_signatory_details' scrapped.
[ 2025-06-24 13:22:12,194 ] 142 RERAScrapper - INFO - Project Member Details 'project_member_details' scrapped.
[ 2025-06-24 13:22:12,195 ] 143 RERAScrapper - INFO - Project Land Owner Details 'project_land_owner_details' scrapped.
[ 2025-06-24 13:22:12,195 ] 144 RERAScrapper - INFO - RERA Registration Details with any other State/UTs 'rera_registration_details_with_any_details' scrapped.
[ 2025-06-24 13:22:12,195 ] 145 RERAScrapper - INFO - Previous Project Details (Last 5 years only) 'previous_project_details' scrapped.
[ 2025-06-24 13:22:14,237 ] 154 RERAScrapper - INFO - Project Details page clicked.
[ 2025-06-24 13:22:15,228 ] 169 RERAScrapper - INFO - Project Details 'project_details' scrapped.
[ 2025-06-24 13:22:15,228 ] 170 RERAScrapper - INFO - Development Details 'development_details' scrapped.
[ 2025-06-24 13:22:15,229 ] 171 RERAScrapper - INFO - External Development Work 'external_development_work' scrapped.
[ 2025-06-24 13:22:15,229 ] 172 RERAScrapper - INFO - Other External Development Work 'other_external_development_work' scrapped.
[ 2025-06-24 13:22:15,229 ] 173 RERAScrapper - INFO - Project Bank ( Escrow Account ) Details 'project_bank_details' scrapped.
[ 2025-06-24 13:22:15,229 ] 174 RERAScrapper - INFO - Project Agents 'project_agents' scrapped.
[ 2025-06-24 13:22:15,229 ] 175 RERAScrapper - INFO - Project Detail Table 'project_detail_table' scrapped.
[ 2025-06-24 13:22:15,262 ] 182 RERAScrapper - INFO - Uploaded Documents page clicked.
[ 2025-06-24 13:22:16,405 ] 196 RERAScrapper - INFO - Project Documents 'project_documents' scrapped.
[ 2025-06-24 13:22:16,406 ] 197 RERAScrapper - INFO - Project Approval 'project_approval' scrapped.
[ 2025-06-24 13:22:16,406 ] 198 RERAScrapper - INFO - Declaration 'declaration' scrapped.
[ 2025-06-24 13:22:16,406 ] 199 RERAScrapper - INFO - Other Documents 'other_documents' scrapped.
[ 2025-06-24 13:22:16,406 ] 200 RERAScrapper - INFO - Project Photo 'project_photo' scrapped.
[ 2025-06-24 13:22:16,406 ] 201 RERAScrapper - INFO - Financial Document 'financial_document' scrapped.
[ 2025-06-24 13:22:16,439 ] 210 RERAScrapper - INFO - Completion Details page clicked.
[ 2025-06-24 13:22:24,736 ] 83 RERAScrapper - INFO - City 'Kolar' selected from dropdown.
[ 2025-06-24 13:22:25,783 ] 90 RERAScrapper - INFO - Select Button Clicked.
[ 2025-06-24 13:22:39,002 ] 102 RERAScrapper - INFO - Home table JSON extracted: home_table_json
[ 2025-06-24 13:22:39,042 ] 130 RERAScrapper - INFO - Home Table JSON 'home_table_json' scrapped.
[ 2025-06-24 13:22:40,290 ] 272 RERAScrapper - ERROR - An error occurred in scrape_project_details: local variable 'h1_elements' referenced before assignment
[ 2025-06-24 13:22:44,399 ] 83 RERAScrapper - INFO - City 'Kolar' selected from dropdown.
[ 2025-06-24 13:22:45,441 ] 90 RERAScrapper - INFO - Select Button Clicked.
