[ 2025-06-23 12:48:57,995 ] 62 RERAScrapper - INFO - Browser initialized successfully.
[ 2025-06-23 12:49:18,247 ] 70 RERAScrapper - INFO - Navigated to URL: https://rera.karnataka.gov.in/viewAllProjects
[ 2025-06-23 12:49:22,372 ] 83 RERAScrapper - INFO - City 'Kolar' selected from dropdown.
[ 2025-06-23 12:49:28,785 ] 90 RERAScrapper - INFO - Select Button Clicked.
[ 2025-06-23 12:49:29,861 ] 102 RERAScrapper - INFO - Home table JSON extracted: home_table_json
[ 2025-06-23 12:49:31,298 ] 132 RERAScrapper - INFO - Promoter Details '{
    "Promoter Details": [
        "Promoter Type : Partnership Firm",
        "Name: AARRA COMMUNITIES HOLDINGS",
        "PAN Number: ABIFA4030F",
        "Address : 1st Floor, CM Plaza, 63 Sarjarpur Road,Koramangala 1st Block",
        "District : Bengaluru Urban",
        "State/UT: Karnataka",
        "PIN Code : 560034",
        "Company Registration No. : NOT APPLICABLE",
        "Certificate: https://rera.karnataka.gov.in/download_jc?DOC_ID=mgvLEHjNVsfMtpML4omO7w%3D%3D"
    ]
}' scrapped.
[ 2025-06-23 12:49:31,299 ] 133 RERAScrapper - INFO - Authorized Signatory Detail '{
    "Authorized Signatory Detail": [
        "Name : P SOCKALINGAM",
        "Address: AARRA COMMUNITIES HOLDINGS, 1st Floor, CM Plaza , 63 Sarjarpur Road",
        "Photograph: https://rera.karnataka.gov.in/download_jc?DOC_ID=95jZztyon%2Fqy%2Fp3zYH9%2FKA%3D%3D"
    ]
}' scrapped.
[ 2025-06-23 12:49:31,299 ] 134 RERAScrapper - INFO - Project Member Details 'project_member_details' scrapped.
[ 2025-06-23 12:49:31,299 ] 135 RERAScrapper - INFO - Project Land Owner Details 'project_land_owner_details' scrapped.
[ 2025-06-23 12:49:31,300 ] 136 RERAScrapper - INFO - RERA Registration Details with any other State/UTs 'rera_registration_details_with_any_details' scrapped.
[ 2025-06-23 12:49:31,300 ] 137 RERAScrapper - INFO - Previous Project Details (Last 5 years only) 'previous_project_details' scrapped.
[ 2025-06-23 12:49:33,340 ] 146 RERAScrapper - INFO - Project Details page clicked.
[ 2025-06-23 12:49:34,610 ] 161 RERAScrapper - INFO - Project Details 'project_details' scrapped.
[ 2025-06-23 12:49:34,611 ] 162 RERAScrapper - INFO - Development Details 'development_details' scrapped.
[ 2025-06-23 12:49:34,611 ] 163 RERAScrapper - INFO - External Development Work 'external_development_work' scrapped.
[ 2025-06-23 12:49:34,611 ] 164 RERAScrapper - INFO - Other External Development Work 'other_external_development_work' scrapped.
[ 2025-06-23 12:49:34,611 ] 165 RERAScrapper - INFO - Project Bank ( Escrow Account ) Details 'project_bank_details' scrapped.
[ 2025-06-23 12:49:34,611 ] 166 RERAScrapper - INFO - Project Agents 'project_agents' scrapped.
[ 2025-06-23 12:49:34,611 ] 167 RERAScrapper - INFO - Project Detail Table 'project_detail_table' scrapped.
[ 2025-06-23 12:49:34,645 ] 174 RERAScrapper - INFO - Uploaded Documents page clicked.
[ 2025-06-23 12:49:36,374 ] 188 RERAScrapper - INFO - Project Documents 'project_documents' scrapped.
[ 2025-06-23 12:49:36,375 ] 189 RERAScrapper - INFO - Project Approval 'project_approval' scrapped.
[ 2025-06-23 12:49:36,375 ] 190 RERAScrapper - INFO - Declaration 'declaration' scrapped.
[ 2025-06-23 12:49:36,375 ] 191 RERAScrapper - INFO - Other Documents 'other_documents' scrapped.
[ 2025-06-23 12:49:36,375 ] 192 RERAScrapper - INFO - Project Photo 'project_photo' scrapped.
[ 2025-06-23 12:49:36,375 ] 193 RERAScrapper - INFO - Financial Document 'financial_document' scrapped.
[ 2025-06-23 12:49:36,410 ] 202 RERAScrapper - INFO - Completion Details page clicked.
[ 2025-06-23 12:49:36,609 ] 210 RERAScrapper - INFO - Completion Details '{
    "": {
        "": [
            "If any extension of time has been granted: NO"
        ]
    }
}' scrapped.
[ 2025-06-23 12:49:45,799 ] 102 RERAScrapper - INFO - Home table JSON extracted: home_table_json
[ 2025-06-23 12:49:47,344 ] 132 RERAScrapper - INFO - Promoter Details '{
    "Promoter Details": [
        "Promoter Type : Company",
        "Name: indes projects india pvt ltd",
        "PAN Number: aadci0124m",
        "Address : 3028 1st floor,13th main indiranagar",
        "District : Bengaluru Urban",
        "State/UT: Karnataka",
        "PIN Code : 560008",
        "Company Registration No. : U70200KA2012PTC65450",
        "Certificate: https://rera.karnataka.gov.in/download_jc?DOC_ID=PxjwbKORI3GkPaIoz2%2BEXA%3D%3D"
    ]
}' scrapped.
[ 2025-06-23 12:49:47,345 ] 133 RERAScrapper - INFO - Authorized Signatory Detail '{
    "Authorized Signatory Detail": [
        "Name : P LNARASIMHAM",
        "Address: A 501 FLUSHING MEADOWS , DODANAKKUNDI",
        "Photograph: https://rera.karnataka.gov.in/download_jc?DOC_ID=ve6vimnG5Oj4Gm1XGei0CQ%3D%3D"
    ]
}' scrapped.
[ 2025-06-23 12:49:47,345 ] 134 RERAScrapper - INFO - Project Member Details 'project_member_details' scrapped.
[ 2025-06-23 12:49:47,345 ] 135 RERAScrapper - INFO - Project Land Owner Details 'project_land_owner_details' scrapped.
[ 2025-06-23 12:49:47,345 ] 136 RERAScrapper - INFO - RERA Registration Details with any other State/UTs 'rera_registration_details_with_any_details' scrapped.
[ 2025-06-23 12:49:47,345 ] 137 RERAScrapper - INFO - Previous Project Details (Last 5 years only) 'previous_project_details' scrapped.
[ 2025-06-23 12:49:49,385 ] 146 RERAScrapper - INFO - Project Details page clicked.
[ 2025-06-23 12:49:51,243 ] 161 RERAScrapper - INFO - Project Details 'project_details' scrapped.
[ 2025-06-23 12:49:51,243 ] 162 RERAScrapper - INFO - Development Details 'development_details' scrapped.
[ 2025-06-23 12:49:51,243 ] 163 RERAScrapper - INFO - External Development Work 'external_development_work' scrapped.
[ 2025-06-23 12:49:51,243 ] 164 RERAScrapper - INFO - Other External Development Work 'other_external_development_work' scrapped.
[ 2025-06-23 12:49:51,243 ] 165 RERAScrapper - INFO - Project Bank ( Escrow Account ) Details 'project_bank_details' scrapped.
[ 2025-06-23 12:49:51,244 ] 166 RERAScrapper - INFO - Project Agents 'project_agents' scrapped.
[ 2025-06-23 12:49:51,244 ] 167 RERAScrapper - INFO - Project Detail Table 'project_detail_table' scrapped.
[ 2025-06-23 12:49:51,278 ] 174 RERAScrapper - INFO - Uploaded Documents page clicked.
[ 2025-06-23 12:49:53,537 ] 188 RERAScrapper - INFO - Project Documents 'project_documents' scrapped.
[ 2025-06-23 12:49:53,537 ] 189 RERAScrapper - INFO - Project Approval 'project_approval' scrapped.
[ 2025-06-23 12:49:53,537 ] 190 RERAScrapper - INFO - Declaration 'declaration' scrapped.
[ 2025-06-23 12:49:53,537 ] 191 RERAScrapper - INFO - Other Documents 'other_documents' scrapped.
[ 2025-06-23 12:49:53,537 ] 192 RERAScrapper - INFO - Project Photo 'project_photo' scrapped.
[ 2025-06-23 12:49:53,537 ] 193 RERAScrapper - INFO - Financial Document 'financial_document' scrapped.
[ 2025-06-23 12:50:14,042 ] 204 RERAScrapper - ERROR - Timed out waiting for Completion Details page: Message: 
Stacktrace:
	GetHandleVerifier [0x0xb53b03+62899]
	GetHandleVerifier [0x0xb53b44+62964]
	(No symbol) [0x0x9810f3]
	(No symbol) [0x0x9c980e]
	(No symbol) [0x0x9c9bab]
	(No symbol) [0x0xa125c2]
	(No symbol) [0x0x9ee554]
	(No symbol) [0x0xa0fd81]
	(No symbol) [0x0x9ee306]
	(No symbol) [0x0x9bd670]
	(No symbol) [0x0x9be4e4]
	GetHandleVerifier [0x0xdb4793+2556483]
	GetHandleVerifier [0x0xdafd02+2537394]
	GetHandleVerifier [0x0xb7a2fa+220586]
	GetHandleVerifier [0x0xb6aae8+157080]
	GetHandleVerifier [0x0xb7141d+184013]
	GetHandleVerifier [0x0xb5ba68+95512]
	GetHandleVerifier [0x0xb5bc10+95936]
	GetHandleVerifier [0x0xb46b5a+9738]
	BaseThreadInitThunk [0x0x774afcc9+25]
	RtlGetAppContainerNamedObjectPath [0x0x776a82ae+286]
	RtlGetAppContainerNamedObjectPath [0x0x776a827e+238]

[ 2025-06-23 12:50:14,043 ] 248 RERAScrapper - ERROR - An error occurred in scrape_project_details: local variable 'completion_details_page' referenced before assignment
[ 2025-06-23 12:50:18,225 ] 83 RERAScrapper - INFO - City 'Kolar' selected from dropdown.
[ 2025-06-23 12:50:23,141 ] 90 RERAScrapper - INFO - Select Button Clicked.
[ 2025-06-23 12:50:30,268 ] 102 RERAScrapper - INFO - Home table JSON extracted: home_table_json
[ 2025-06-23 12:50:50,782 ] 248 RERAScrapper - ERROR - An error occurred in scrape_project_details: local variable 'h1_elements' referenced before assignment
[ 2025-06-23 12:50:54,858 ] 102 RERAScrapper - INFO - Home table JSON extracted: home_table_json
[ 2025-06-23 12:50:57,185 ] 132 RERAScrapper - INFO - Promoter Details '{
    "Promoter Details": [
        "Promoter Type : Company",
        "Name: KADAM GROUP",
        "PAN Number: AFJPK0945A",
        "Address : 2001/A, 1st D main, 11th A cross,Hampinagar, Vijayanagar",
        "District : Bengaluru Urban",
        "State/UT: Karnataka",
        "PIN Code : 560104",
        "Company Registration No. : 33 133 CE 0632 2008",
        "Certificate: https://rera.karnataka.gov.in/download_jc?DOC_ID=rFDiILa%2BsqJxXGdhT%2F34dA%3D%3D"
    ]
}' scrapped.
[ 2025-06-23 12:50:57,185 ] 133 RERAScrapper - INFO - Authorized Signatory Detail '{
    "Authorized Signatory Detail": [
        "Name : MADHUSUDHAN RAO KADAM",
        "Address: 2001/A,1st D main, 11th cross , Hampinagar, Vijayanagar",
        "Photograph: https://rera.karnataka.gov.in/download_jc?DOC_ID=Z%2BIISWOPTCKpXXnnn%2FYXSw%3D%3D"
    ]
}' scrapped.
[ 2025-06-23 12:50:57,186 ] 134 RERAScrapper - INFO - Project Member Details 'project_member_details' scrapped.
[ 2025-06-23 12:50:57,186 ] 135 RERAScrapper - INFO - Project Land Owner Details 'project_land_owner_details' scrapped.
[ 2025-06-23 12:50:57,186 ] 136 RERAScrapper - INFO - RERA Registration Details with any other State/UTs 'rera_registration_details_with_any_details' scrapped.
[ 2025-06-23 12:50:57,186 ] 137 RERAScrapper - INFO - Previous Project Details (Last 5 years only) 'previous_project_details' scrapped.
[ 2025-06-23 12:50:59,229 ] 146 RERAScrapper - INFO - Project Details page clicked.
[ 2025-06-23 12:51:01,997 ] 161 RERAScrapper - INFO - Project Details 'project_details' scrapped.
[ 2025-06-23 12:51:01,997 ] 162 RERAScrapper - INFO - Development Details 'development_details' scrapped.
[ 2025-06-23 12:51:01,997 ] 163 RERAScrapper - INFO - External Development Work 'external_development_work' scrapped.
[ 2025-06-23 12:51:01,998 ] 164 RERAScrapper - INFO - Other External Development Work 'other_external_development_work' scrapped.
[ 2025-06-23 12:51:01,998 ] 165 RERAScrapper - INFO - Project Bank ( Escrow Account ) Details 'project_bank_details' scrapped.
[ 2025-06-23 12:51:01,998 ] 166 RERAScrapper - INFO - Project Agents 'project_agents' scrapped.
[ 2025-06-23 12:51:01,998 ] 167 RERAScrapper - INFO - Project Detail Table 'project_detail_table' scrapped.
[ 2025-06-23 12:51:02,030 ] 174 RERAScrapper - INFO - Uploaded Documents page clicked.
[ 2025-06-23 12:51:02,683 ] 248 RERAScrapper - ERROR - An error occurred in scrape_project_details: Message: no such window: target window already closed
from unknown error: web view not found
  (Session info: chrome=137.0.7151.120)
Stacktrace:
	GetHandleVerifier [0x0xb53b03+62899]
	GetHandleVerifier [0x0xb53b44+62964]
	(No symbol) [0x0x9810f3]
	(No symbol) [0x0x95ff59]
	(No symbol) [0x0x9f4f7e]
	(No symbol) [0x0xa0f6a9]
	(No symbol) [0x0x9ee306]
	(No symbol) [0x0x9bd670]
	(No symbol) [0x0x9be4e4]
	GetHandleVerifier [0x0xdb4793+2556483]
	GetHandleVerifier [0x0xdafd02+2537394]
	GetHandleVerifier [0x0xb7a2fa+220586]
	GetHandleVerifier [0x0xb6aae8+157080]
	GetHandleVerifier [0x0xb7141d+184013]
	GetHandleVerifier [0x0xb5ba68+95512]
	GetHandleVerifier [0x0xb5bc10+95936]
	GetHandleVerifier [0x0xb46b5a+9738]
	BaseThreadInitThunk [0x0x774afcc9+25]
	RtlGetAppContainerNamedObjectPath [0x0x776a82ae+286]
	RtlGetAppContainerNamedObjectPath [0x0x776a827e+238]

