[ 2025-06-23 12:04:19,880 ] 62 RERAScrapper - INFO - Browser initialized successfully.
[ 2025-06-23 12:04:23,580 ] 70 RERAScrapper - INFO - Navigated to URL: https://rera.karnataka.gov.in/viewAllProjects
[ 2025-06-23 12:04:23,767 ] 83 RERAScrapper - INFO - City 'Kolar' selected from dropdown.
[ 2025-06-23 12:04:33,000 ] 90 RERAScrapper - INFO - Select Button Clicked.
[ 2025-06-23 12:04:34,074 ] 102 RERAScrapper - INFO - Home table JSON extracted: home_table_json
[ 2025-06-23 12:04:35,490 ] 130 RERAScrapper - INFO - Promoter Details '{
    "Promoter Details": [
        "Promoter Type : Partnership Firm",
        "Name: AARRA COMMUNITIES HOLDINGS",
        "PAN Number: ABIFA4030F",
        "Address : 1st Floor, CM Plaza, 63 Sarjarpur Road,Koramangala 1st Block",
        "District : Bengaluru Urban",
        "State/UT: Karnataka",
        "PIN Code : 560034",
        "Company Registration No. : NOT APPLICABLE",
        "Certificate: https://rera.karnataka.gov.in/download_jc?DOC_ID=mgvLEHjNVsfMtpML4omO7w%3D%3D"
    ]
}' scrapped.
[ 2025-06-23 12:04:35,490 ] 131 RERAScrapper - INFO - Authorized Signatory Detail '{
    "Authorized Signatory Detail": [
        "Name : P SOCKALINGAM",
        "Address: AARRA COMMUNITIES HOLDINGS, 1st Floor, CM Plaza , 63 Sarjarpur Road",
        "Photograph: https://rera.karnataka.gov.in/download_jc?DOC_ID=95jZztyon%2Fqy%2Fp3zYH9%2FKA%3D%3D"
    ]
}' scrapped.
[ 2025-06-23 12:04:35,491 ] 132 RERAScrapper - INFO - Project Member Details 'project_member_details' scrapped.
[ 2025-06-23 12:04:35,491 ] 133 RERAScrapper - INFO - Project Land Owner Details 'project_land_owner_details' scrapped.
[ 2025-06-23 12:04:35,491 ] 134 RERAScrapper - INFO - RERA Registration Details with any other State/UTs 'rera_registration_details_with_any_details' scrapped.
[ 2025-06-23 12:04:35,491 ] 135 RERAScrapper - INFO - Previous Project Details (Last 5 years only) 'previous_project_details' scrapped.
[ 2025-06-23 12:04:37,537 ] 144 RERAScrapper - INFO - Project Details page clicked.
[ 2025-06-23 12:04:38,815 ] 159 RERAScrapper - INFO - Project Details 'project_details' scrapped.
[ 2025-06-23 12:04:38,815 ] 160 RERAScrapper - INFO - Development Details 'development_details' scrapped.
[ 2025-06-23 12:04:38,815 ] 161 RERAScrapper - INFO - External Development Work 'external_development_work' scrapped.
[ 2025-06-23 12:04:38,815 ] 162 RERAScrapper - INFO - Other External Development Work 'other_external_development_work' scrapped.
[ 2025-06-23 12:04:38,815 ] 163 RERAScrapper - INFO - Project Bank ( Escrow Account ) Details 'project_bank_details' scrapped.
[ 2025-06-23 12:04:38,815 ] 164 RERAScrapper - INFO - Project Agents 'project_agents' scrapped.
[ 2025-06-23 12:04:38,815 ] 165 RERAScrapper - INFO - Project Detail Table 'project_detail_table' scrapped.
[ 2025-06-23 12:04:38,855 ] 172 RERAScrapper - INFO - Uploaded Documents page clicked.
[ 2025-06-23 12:04:40,708 ] 186 RERAScrapper - INFO - Project Documents 'project_documents' scrapped.
[ 2025-06-23 12:04:40,709 ] 187 RERAScrapper - INFO - Project Approval 'project_approval' scrapped.
[ 2025-06-23 12:04:40,709 ] 188 RERAScrapper - INFO - Declaration 'declaration' scrapped.
[ 2025-06-23 12:04:40,709 ] 189 RERAScrapper - INFO - Other Documents 'other_documents' scrapped.
[ 2025-06-23 12:04:40,709 ] 190 RERAScrapper - INFO - Project Photo 'project_photo' scrapped.
[ 2025-06-23 12:04:40,709 ] 191 RERAScrapper - INFO - Financial Document 'financial_document' scrapped.
[ 2025-06-23 12:04:40,746 ] 200 RERAScrapper - INFO - Completion Details page clicked.
[ 2025-06-23 12:04:40,934 ] 208 RERAScrapper - INFO - Completion Details '{
    "": {
        "": []
    }
}' scrapped.
[ 2025-06-23 12:04:45,084 ] 83 RERAScrapper - INFO - City 'Kolar' selected from dropdown.
[ 2025-06-23 12:04:46,122 ] 90 RERAScrapper - INFO - Select Button Clicked.
[ 2025-06-23 12:04:54,219 ] 102 RERAScrapper - INFO - Home table JSON extracted: home_table_json
