[ 2025-06-20 15:12:49,331 ] 346 undetected_chromedriver.patcher - INFO - patching driver executable C:\Users\Utkarsh\appdata\roaming\undetected_chromedriver\undetected_chromedriver.exe
[ 2025-06-20 15:12:50,390 ] 62 RERAScrapper - INFO - Browser initialized successfully.
[ 2025-06-20 15:12:58,943 ] 70 RERAScrapper - INFO - Navigated to URL: https://rera.karnataka.gov.in/viewAllProjects
[ 2025-06-20 15:13:02,831 ] 83 RERAScrapper - INFO - City 'Kolar' selected from dropdown.
[ 2025-06-20 15:13:07,814 ] 90 RERAScrapper - INFO - Select Button Clicked.
[ 2025-06-20 15:13:08,885 ] 102 RERAScrapper - INFO - Home table JSON extracted: home_table_json
[ 2025-06-20 15:13:10,383 ] 141 RERAScrapper - INFO - Promoter Details '{
    "Promoter Details": [
        "Promoter Type : Partnership Firm",
        "Name: AARRA COMMUNITIES HOLDINGS",
        "PAN Number: ABIFA4030F",
        "Address : 1st Floor, CM Plaza, 63 Sarjarpur Road,Koramangala 1st Block",
        "District : Bengaluru Urban",
        "State/UT: Karnataka",
        "PIN Code : 560034",
        "Company Registration No. : NOT APPLICABLE",
        "Certificate: https://rera.karnataka.gov.in/download_jc?DOC_ID=mgvLEHjNVsfMtpML4omO7w%3D%3D"
    ]
}' scrapped.
[ 2025-06-20 15:13:10,383 ] 142 RERAScrapper - INFO - Authorized Signatory Detail 'authorized_signatory_details' scrapped.
[ 2025-06-20 15:13:10,383 ] 143 RERAScrapper - INFO - Project Member Details 'project_member_details' scrapped.
[ 2025-06-20 15:13:10,383 ] 144 RERAScrapper - INFO - Project Land Owner Details 'project_land_owner_details' scrapped.
[ 2025-06-20 15:13:10,384 ] 145 RERAScrapper - INFO - RERA Registration Details with any other State/UTs 'rera_registration_details_with_any_details' scrapped.
[ 2025-06-20 15:13:10,384 ] 146 RERAScrapper - INFO - Previous Project Details (Last 5 years only) 'previous_project_details' scrapped.
[ 2025-06-20 15:13:12,419 ] 155 RERAScrapper - INFO - Project Details page clicked.
[ 2025-06-20 15:13:13,665 ] 169 RERAScrapper - INFO - Project Details 'project_details' scrapped.
[ 2025-06-20 15:13:13,665 ] 170 RERAScrapper - INFO - Development Details 'development_details' scrapped.
[ 2025-06-20 15:13:13,665 ] 171 RERAScrapper - INFO - External Development Work 'external_development_work' scrapped.
[ 2025-06-20 15:13:13,665 ] 172 RERAScrapper - INFO - Other External Development Work 'other_external_development_work' scrapped.
[ 2025-06-20 15:13:13,665 ] 173 RERAScrapper - INFO - Project Bank ( Escrow Account ) Details 'project_bank_details' scrapped.
[ 2025-06-20 15:13:13,665 ] 174 RERAScrapper - INFO - Project Agents 'project_agents' scrapped.
[ 2025-06-20 15:13:13,666 ] 175 RERAScrapper - INFO - Project Detail Table 'project_detail_table' scrapped.
[ 2025-06-20 15:13:13,707 ] 182 RERAScrapper - INFO - Uploaded Documents page clicked.
[ 2025-06-20 15:13:15,595 ] 195 RERAScrapper - INFO - Project Documents 'project_documents' scrapped.
[ 2025-06-20 15:13:15,595 ] 196 RERAScrapper - INFO - Project Approval 'project_approval' scrapped.
[ 2025-06-20 15:13:15,595 ] 197 RERAScrapper - INFO - Declaration 'declaration' scrapped.
[ 2025-06-20 15:13:15,595 ] 198 RERAScrapper - INFO - Other Documents 'other_documents' scrapped.
[ 2025-06-20 15:13:15,596 ] 199 RERAScrapper - INFO - Project Photo 'project_photo' scrapped.
[ 2025-06-20 15:13:15,596 ] 200 RERAScrapper - INFO - Financial Document 'financial_document' scrapped.
[ 2025-06-20 15:13:15,630 ] 209 RERAScrapper - INFO - Completion Details page clicked.
[ 2025-06-20 15:13:15,825 ] 216 RERAScrapper - INFO - Completion Details '{
    "": {
        "": []
    }
}' scrapped.
[ 2025-06-20 15:13:18,641 ] 141 RERAScrapper - INFO - Promoter Details '{
    "Default Heading": []
}' scrapped.
[ 2025-06-20 15:13:18,641 ] 142 RERAScrapper - INFO - Authorized Signatory Detail 'authorized_signatory_details' scrapped.
[ 2025-06-20 15:13:18,641 ] 143 RERAScrapper - INFO - Project Member Details 'project_member_details' scrapped.
[ 2025-06-20 15:13:18,641 ] 144 RERAScrapper - INFO - Project Land Owner Details 'project_land_owner_details' scrapped.
[ 2025-06-20 15:13:18,642 ] 145 RERAScrapper - INFO - RERA Registration Details with any other State/UTs 'rera_registration_details_with_any_details' scrapped.
[ 2025-06-20 15:13:18,642 ] 146 RERAScrapper - INFO - Previous Project Details (Last 5 years only) 'previous_project_details' scrapped.
[ 2025-06-20 15:13:20,673 ] 155 RERAScrapper - INFO - Project Details page clicked.
[ 2025-06-20 15:13:22,551 ] 169 RERAScrapper - INFO - Project Details 'project_details' scrapped.
[ 2025-06-20 15:13:22,551 ] 170 RERAScrapper - INFO - Development Details 'development_details' scrapped.
[ 2025-06-20 15:13:22,551 ] 171 RERAScrapper - INFO - External Development Work 'external_development_work' scrapped.
[ 2025-06-20 15:13:22,551 ] 172 RERAScrapper - INFO - Other External Development Work 'other_external_development_work' scrapped.
[ 2025-06-20 15:13:22,551 ] 173 RERAScrapper - INFO - Project Bank ( Escrow Account ) Details 'project_bank_details' scrapped.
[ 2025-06-20 15:13:22,551 ] 174 RERAScrapper - INFO - Project Agents 'project_agents' scrapped.
[ 2025-06-20 15:13:22,552 ] 175 RERAScrapper - INFO - Project Detail Table 'project_detail_table' scrapped.
[ 2025-06-20 15:13:22,589 ] 182 RERAScrapper - INFO - Uploaded Documents page clicked.
[ 2025-06-20 15:13:25,080 ] 195 RERAScrapper - INFO - Project Documents 'project_documents' scrapped.
[ 2025-06-20 15:13:25,080 ] 196 RERAScrapper - INFO - Project Approval 'project_approval' scrapped.
[ 2025-06-20 15:13:25,080 ] 197 RERAScrapper - INFO - Declaration 'declaration' scrapped.
[ 2025-06-20 15:13:25,080 ] 198 RERAScrapper - INFO - Other Documents 'other_documents' scrapped.
[ 2025-06-20 15:13:25,080 ] 199 RERAScrapper - INFO - Project Photo 'project_photo' scrapped.
[ 2025-06-20 15:13:25,080 ] 200 RERAScrapper - INFO - Financial Document 'financial_document' scrapped.
[ 2025-06-20 15:13:25,114 ] 209 RERAScrapper - INFO - Completion Details page clicked.
[ 2025-06-20 15:13:25,383 ] 216 RERAScrapper - INFO - Completion Details '{
    "": {
        "": [
            "If any extension of time has been granted: NO"
        ]
    }
}' scrapped.
[ 2025-06-20 15:13:39,233 ] 102 RERAScrapper - INFO - Home table JSON extracted: home_table_json
[ 2025-06-20 15:13:41,231 ] 141 RERAScrapper - INFO - Promoter Details '{
    "Promoter Details": [
        "Promoter Type : Partnership Firm",
        "Name: B suresh",
        "PAN Number: AAKFB1454H",
        "Address : #455 9 TH CROSS ,JAYANAGAR 1st block",
        "District : Bengaluru Urban",
        "State/UT: Karnataka",
        "PIN Code : 560011",
        "Company Registration No. : JNR F931 2018 19",
        "Certificate: https://rera.karnataka.gov.in/download_jc?DOC_ID=rQiVoD1CtHRZeotNiQkYRg%3D%3D"
    ]
}' scrapped.
[ 2025-06-20 15:13:41,232 ] 142 RERAScrapper - INFO - Authorized Signatory Detail 'authorized_signatory_details' scrapped.
[ 2025-06-20 15:13:41,232 ] 143 RERAScrapper - INFO - Project Member Details 'project_member_details' scrapped.
[ 2025-06-20 15:13:41,232 ] 144 RERAScrapper - INFO - Project Land Owner Details 'project_land_owner_details' scrapped.
[ 2025-06-20 15:13:41,233 ] 145 RERAScrapper - INFO - RERA Registration Details with any other State/UTs 'rera_registration_details_with_any_details' scrapped.
[ 2025-06-20 15:13:41,233 ] 146 RERAScrapper - INFO - Previous Project Details (Last 5 years only) 'previous_project_details' scrapped.
[ 2025-06-20 15:13:43,278 ] 155 RERAScrapper - INFO - Project Details page clicked.
[ 2025-06-20 15:13:45,931 ] 169 RERAScrapper - INFO - Project Details 'project_details' scrapped.
[ 2025-06-20 15:13:45,931 ] 170 RERAScrapper - INFO - Development Details 'development_details' scrapped.
[ 2025-06-20 15:13:45,931 ] 171 RERAScrapper - INFO - External Development Work 'external_development_work' scrapped.
[ 2025-06-20 15:13:45,931 ] 172 RERAScrapper - INFO - Other External Development Work 'other_external_development_work' scrapped.
[ 2025-06-20 15:13:45,931 ] 173 RERAScrapper - INFO - Project Bank ( Escrow Account ) Details 'project_bank_details' scrapped.
[ 2025-06-20 15:13:45,931 ] 174 RERAScrapper - INFO - Project Agents 'project_agents' scrapped.
[ 2025-06-20 15:13:45,932 ] 175 RERAScrapper - INFO - Project Detail Table 'project_detail_table' scrapped.
[ 2025-06-20 15:13:45,962 ] 182 RERAScrapper - INFO - Uploaded Documents page clicked.
[ 2025-06-20 15:13:48,961 ] 195 RERAScrapper - INFO - Project Documents 'project_documents' scrapped.
[ 2025-06-20 15:13:48,961 ] 196 RERAScrapper - INFO - Project Approval 'project_approval' scrapped.
[ 2025-06-20 15:13:48,961 ] 197 RERAScrapper - INFO - Declaration 'declaration' scrapped.
[ 2025-06-20 15:13:48,961 ] 198 RERAScrapper - INFO - Other Documents 'other_documents' scrapped.
[ 2025-06-20 15:13:48,961 ] 199 RERAScrapper - INFO - Project Photo 'project_photo' scrapped.
[ 2025-06-20 15:13:48,961 ] 200 RERAScrapper - INFO - Financial Document 'financial_document' scrapped.
