[ 2025-06-24 13:55:11,190 ] 346 undetected_chromedriver.patcher - INFO - patching driver executable C:\Users\Utkarsh\appdata\roaming\undetected_chromedriver\undetected_chromedriver.exe
[ 2025-06-24 13:55:11,807 ] 62 RERAScrapper - INFO - Browser initialized successfully.
[ 2025-06-24 13:55:17,764 ] 70 RERAScrapper - INFO - Navigated to URL: https://rera.karnataka.gov.in/viewAllProjects
[ 2025-06-24 13:55:44,630 ] 83 RERAScrapper - INFO - City 'Kolar' selected from dropdown.
[ 2025-06-24 13:55:49,640 ] 90 RERAScrapper - INFO - Select Button Clicked.
[ 2025-06-24 13:55:50,712 ] 102 RERAScrapper - INFO - Home table JSON extracted: home_table_json
[ 2025-06-24 13:55:50,747 ] 130 RERAScrapper - INFO - Home Table JSON 'home_table_json' scrapped.
[ 2025-06-24 13:55:52,104 ] 141 RERAScrapper - INFO - Promoter Details 'promoter_details' scrapped.
[ 2025-06-24 13:55:52,104 ] 142 RERAScrapper - INFO - Authorized Signatory Detail 'authorized_signatory_details' scrapped.
[ 2025-06-24 13:55:52,104 ] 143 RERAScrapper - INFO - Project Member Details 'project_member_details' scrapped.
[ 2025-06-24 13:55:52,104 ] 144 RERAScrapper - INFO - Project Land Owner Details 'project_land_owner_details' scrapped.
[ 2025-06-24 13:55:52,104 ] 145 RERAScrapper - INFO - RERA Registration Details with any other State/UTs 'rera_registration_details_with_any_details' scrapped.
[ 2025-06-24 13:55:52,105 ] 146 RERAScrapper - INFO - Previous Project Details (Last 5 years only) 'previous_project_details' scrapped.
[ 2025-06-24 13:55:54,143 ] 171 RERAScrapper - INFO - Project Details page clicked.
[ 2025-06-24 13:55:55,129 ] 186 RERAScrapper - INFO - Project Details 'project_details' scrapped.
[ 2025-06-24 13:55:55,129 ] 187 RERAScrapper - INFO - Development Details 'development_details' scrapped.
[ 2025-06-24 13:55:55,129 ] 188 RERAScrapper - INFO - External Development Work 'external_development_work' scrapped.
[ 2025-06-24 13:55:55,129 ] 189 RERAScrapper - INFO - Other External Development Work 'other_external_development_work' scrapped.
[ 2025-06-24 13:55:55,130 ] 190 RERAScrapper - INFO - Project Bank ( Escrow Account ) Details 'project_bank_details' scrapped.
[ 2025-06-24 13:55:55,130 ] 191 RERAScrapper - INFO - Project Agents 'project_agents' scrapped.
[ 2025-06-24 13:55:55,130 ] 192 RERAScrapper - INFO - Project Detail Table 'project_detail_table' scrapped.
[ 2025-06-24 13:55:55,167 ] 199 RERAScrapper - INFO - Uploaded Documents page clicked.
[ 2025-06-24 13:55:56,323 ] 213 RERAScrapper - INFO - Project Documents 'project_documents' scrapped.
[ 2025-06-24 13:55:56,323 ] 214 RERAScrapper - INFO - Project Approval 'project_approval' scrapped.
[ 2025-06-24 13:55:56,323 ] 215 RERAScrapper - INFO - Declaration 'declaration' scrapped.
[ 2025-06-24 13:55:56,323 ] 216 RERAScrapper - INFO - Other Documents 'other_documents' scrapped.
[ 2025-06-24 13:55:56,323 ] 217 RERAScrapper - INFO - Project Photo 'project_photo' scrapped.
[ 2025-06-24 13:55:56,323 ] 218 RERAScrapper - INFO - Financial Document 'financial_document' scrapped.
[ 2025-06-24 13:55:56,357 ] 227 RERAScrapper - INFO - Completion Details page clicked.
[ 2025-06-24 13:55:58,871 ] 242 RERAScrapper - INFO - Completion Details 'completion_details' scrapped.
[ 2025-06-24 13:55:58,871 ] 243 RERAScrapper - INFO - Development Details 'development_details_completion' scrapped.
[ 2025-06-24 13:55:58,871 ] 244 RERAScrapper - INFO - Uploaded Documents 'uploaded_documents' scrapped.
[ 2025-06-24 13:55:58,871 ] 245 RERAScrapper - INFO - Photos Uploaded 'photos_uploaded' scrapped.
[ 2025-06-24 13:56:08,087 ] 102 RERAScrapper - INFO - Home table JSON extracted: home_table_json
[ 2025-06-24 13:56:08,120 ] 130 RERAScrapper - INFO - Home Table JSON 'home_table_json' scrapped.
[ 2025-06-24 13:56:09,420 ] 141 RERAScrapper - INFO - Promoter Details 'promoter_details' scrapped.
[ 2025-06-24 13:56:09,420 ] 142 RERAScrapper - INFO - Authorized Signatory Detail 'authorized_signatory_details' scrapped.
[ 2025-06-24 13:56:09,420 ] 143 RERAScrapper - INFO - Project Member Details 'project_member_details' scrapped.
[ 2025-06-24 13:56:09,421 ] 144 RERAScrapper - INFO - Project Land Owner Details 'project_land_owner_details' scrapped.
[ 2025-06-24 13:56:09,421 ] 145 RERAScrapper - INFO - RERA Registration Details with any other State/UTs 'rera_registration_details_with_any_details' scrapped.
[ 2025-06-24 13:56:09,421 ] 146 RERAScrapper - INFO - Previous Project Details (Last 5 years only) 'previous_project_details' scrapped.
[ 2025-06-24 13:56:11,457 ] 171 RERAScrapper - INFO - Project Details page clicked.
[ 2025-06-24 13:56:12,378 ] 186 RERAScrapper - INFO - Project Details 'project_details' scrapped.
[ 2025-06-24 13:56:12,378 ] 187 RERAScrapper - INFO - Development Details 'development_details' scrapped.
[ 2025-06-24 13:56:12,378 ] 188 RERAScrapper - INFO - External Development Work 'external_development_work' scrapped.
[ 2025-06-24 13:56:12,379 ] 189 RERAScrapper - INFO - Other External Development Work 'other_external_development_work' scrapped.
[ 2025-06-24 13:56:12,379 ] 190 RERAScrapper - INFO - Project Bank ( Escrow Account ) Details 'project_bank_details' scrapped.
[ 2025-06-24 13:56:12,379 ] 191 RERAScrapper - INFO - Project Agents 'project_agents' scrapped.
[ 2025-06-24 13:56:12,379 ] 192 RERAScrapper - INFO - Project Detail Table 'project_detail_table' scrapped.
[ 2025-06-24 13:56:12,408 ] 199 RERAScrapper - INFO - Uploaded Documents page clicked.
[ 2025-06-24 13:56:13,488 ] 213 RERAScrapper - INFO - Project Documents 'project_documents' scrapped.
[ 2025-06-24 13:56:13,488 ] 214 RERAScrapper - INFO - Project Approval 'project_approval' scrapped.
[ 2025-06-24 13:56:13,489 ] 215 RERAScrapper - INFO - Declaration 'declaration' scrapped.
[ 2025-06-24 13:56:13,489 ] 216 RERAScrapper - INFO - Other Documents 'other_documents' scrapped.
[ 2025-06-24 13:56:13,489 ] 217 RERAScrapper - INFO - Project Photo 'project_photo' scrapped.
[ 2025-06-24 13:56:13,489 ] 218 RERAScrapper - INFO - Financial Document 'financial_document' scrapped.
[ 2025-06-24 13:56:33,525 ] 229 RERAScrapper - ERROR - Timed out waiting for Completion Details page: Message: 
Stacktrace:
	GetHandleVerifier [0x0x6b3b03+62899]
	GetHandleVerifier [0x0x6b3b44+62964]
	(No symbol) [0x0x4e10f3]
	(No symbol) [0x0x52980e]
	(No symbol) [0x0x529bab]
	(No symbol) [0x0x5725c2]
	(No symbol) [0x0x54e554]
	(No symbol) [0x0x56fd81]
	(No symbol) [0x0x54e306]
	(No symbol) [0x0x51d670]
	(No symbol) [0x0x51e4e4]
	GetHandleVerifier [0x0x914793+2556483]
	GetHandleVerifier [0x0x90fd02+2537394]
	GetHandleVerifier [0x0x6da2fa+220586]
	GetHandleVerifier [0x0x6caae8+157080]
	GetHandleVerifier [0x0x6d141d+184013]
	GetHandleVerifier [0x0x6bba68+95512]
	GetHandleVerifier [0x0x6bbc10+95936]
	GetHandleVerifier [0x0x6a6b5a+9738]
	BaseThreadInitThunk [0x0x774afcc9+25]
	RtlGetAppContainerNamedObjectPath [0x0x776a82ae+286]
	RtlGetAppContainerNamedObjectPath [0x0x776a827e+238]

[ 2025-06-24 13:56:35,560 ] 248 RERAScrapper - WARNING - Completion Details 'completion_details' **************not************** scrapped.
[ 2025-06-24 13:56:35,560 ] 249 RERAScrapper - WARNING - Development Details 'development_details_completion' **************not************** scrapped.
[ 2025-06-24 13:56:35,560 ] 250 RERAScrapper - WARNING - Uploaded Documents 'uploaded_documents' **************not************** scrapped.
[ 2025-06-24 13:56:35,561 ] 251 RERAScrapper - WARNING - Photos Uploaded 'photos_uploaded' **************not************** scrapped.
[ 2025-06-24 13:56:41,828 ] 83 RERAScrapper - INFO - City 'Kolar' selected from dropdown.
[ 2025-06-24 13:56:42,872 ] 90 RERAScrapper - INFO - Select Button Clicked.
[ 2025-06-24 13:56:50,802 ] 102 RERAScrapper - INFO - Home table JSON extracted: home_table_json
[ 2025-06-24 13:56:50,835 ] 130 RERAScrapper - INFO - Home Table JSON 'home_table_json' scrapped.
[ 2025-06-24 13:57:10,900 ] 149 RERAScrapper - WARNING - Promoter Details 'promoter_details' **************not************** scrapped.
[ 2025-06-24 13:57:10,900 ] 150 RERAScrapper - WARNING - Authorized Signatory Detail 'authorized_signatory_details' **************not************** scrapped.
[ 2025-06-24 13:57:10,900 ] 151 RERAScrapper - WARNING - Project Member Details 'project_member_details' **************not************** scrapped.
[ 2025-06-24 13:57:10,900 ] 152 RERAScrapper - WARNING - Project Land Owner Details 'project_land_owner_details' **************not************** scrapped.
[ 2025-06-24 13:57:10,900 ] 153 RERAScrapper - WARNING - RERA Registration Details with any other State/UTs 'rera_registration_details_with_any_details' **************not************** scrapped.
[ 2025-06-24 13:57:10,901 ] 154 RERAScrapper - WARNING - Previous Project Details (Last 5 years only) 'previous_project_details' **************not************** scrapped.
[ 2025-06-24 13:57:32,976 ] 173 RERAScrapper - ERROR - Timed out waiting for Project Details page: Message: 
Stacktrace:
	GetHandleVerifier [0x0x6b3b03+62899]
	GetHandleVerifier [0x0x6b3b44+62964]
	(No symbol) [0x0x4e10f3]
	(No symbol) [0x0x52980e]
	(No symbol) [0x0x529bab]
	(No symbol) [0x0x5725c2]
	(No symbol) [0x0x54e554]
	(No symbol) [0x0x56fd81]
	(No symbol) [0x0x54e306]
	(No symbol) [0x0x51d670]
	(No symbol) [0x0x51e4e4]
	GetHandleVerifier [0x0x914793+2556483]
	GetHandleVerifier [0x0x90fd02+2537394]
	GetHandleVerifier [0x0x6da2fa+220586]
	GetHandleVerifier [0x0x6caae8+157080]
	GetHandleVerifier [0x0x6d141d+184013]
	GetHandleVerifier [0x0x6bba68+95512]
	GetHandleVerifier [0x0x6bbc10+95936]
	GetHandleVerifier [0x0x6a6b5a+9738]
	BaseThreadInitThunk [0x0x774afcc9+25]
	RtlGetAppContainerNamedObjectPath [0x0x776a82ae+286]
	RtlGetAppContainerNamedObjectPath [0x0x776a827e+238]

[ 2025-06-24 13:57:53,479 ] 201 RERAScrapper - ERROR - Timed out waiting for Uploaded Documents page: Message: 
Stacktrace:
	GetHandleVerifier [0x0x6b3b03+62899]
	GetHandleVerifier [0x0x6b3b44+62964]
	(No symbol) [0x0x4e10f3]
	(No symbol) [0x0x52980e]
	(No symbol) [0x0x529bab]
	(No symbol) [0x0x5725c2]
	(No symbol) [0x0x54e554]
	(No symbol) [0x0x56fd81]
	(No symbol) [0x0x54e306]
	(No symbol) [0x0x51d670]
	(No symbol) [0x0x51e4e4]
	GetHandleVerifier [0x0x914793+2556483]
	GetHandleVerifier [0x0x90fd02+2537394]
	GetHandleVerifier [0x0x6da2fa+220586]
	GetHandleVerifier [0x0x6caae8+157080]
	GetHandleVerifier [0x0x6d141d+184013]
	GetHandleVerifier [0x0x6bba68+95512]
	GetHandleVerifier [0x0x6bbc10+95936]
	GetHandleVerifier [0x0x6a6b5a+9738]
	BaseThreadInitThunk [0x0x774afcc9+25]
	RtlGetAppContainerNamedObjectPath [0x0x776a82ae+286]
	RtlGetAppContainerNamedObjectPath [0x0x776a827e+238]

[ 2025-06-24 13:58:13,980 ] 229 RERAScrapper - ERROR - Timed out waiting for Completion Details page: Message: 
Stacktrace:
	GetHandleVerifier [0x0x6b3b03+62899]
	GetHandleVerifier [0x0x6b3b44+62964]
	(No symbol) [0x0x4e10f3]
	(No symbol) [0x0x52980e]
	(No symbol) [0x0x529bab]
	(No symbol) [0x0x5725c2]
	(No symbol) [0x0x54e554]
	(No symbol) [0x0x56fd81]
	(No symbol) [0x0x54e306]
	(No symbol) [0x0x51d670]
	(No symbol) [0x0x51e4e4]
	GetHandleVerifier [0x0x914793+2556483]
	GetHandleVerifier [0x0x90fd02+2537394]
	GetHandleVerifier [0x0x6da2fa+220586]
	GetHandleVerifier [0x0x6caae8+157080]
	GetHandleVerifier [0x0x6d141d+184013]
	GetHandleVerifier [0x0x6bba68+95512]
	GetHandleVerifier [0x0x6bbc10+95936]
	GetHandleVerifier [0x0x6a6b5a+9738]
	BaseThreadInitThunk [0x0x774afcc9+25]
	RtlGetAppContainerNamedObjectPath [0x0x776a82ae+286]
	RtlGetAppContainerNamedObjectPath [0x0x776a827e+238]

[ 2025-06-24 13:58:36,020 ] 248 RERAScrapper - WARNING - Completion Details 'completion_details' **************not************** scrapped.
[ 2025-06-24 13:58:36,020 ] 249 RERAScrapper - WARNING - Development Details 'development_details_completion' **************not************** scrapped.
[ 2025-06-24 13:58:36,020 ] 250 RERAScrapper - WARNING - Uploaded Documents 'uploaded_documents' **************not************** scrapped.
[ 2025-06-24 13:58:36,021 ] 251 RERAScrapper - WARNING - Photos Uploaded 'photos_uploaded' **************not************** scrapped.
[ 2025-06-24 13:58:36,021 ] 302 RERAScrapper - ERROR - An error occurred in scrape_project_details: local variable 'project_details' referenced before assignment
[ 2025-06-24 13:58:40,092 ] 102 RERAScrapper - INFO - Home table JSON extracted: home_table_json
[ 2025-06-24 13:58:40,128 ] 130 RERAScrapper - INFO - Home Table JSON 'home_table_json' scrapped.
[ 2025-06-24 13:58:41,698 ] 141 RERAScrapper - INFO - Promoter Details 'promoter_details' scrapped.
[ 2025-06-24 13:58:41,698 ] 142 RERAScrapper - INFO - Authorized Signatory Detail 'authorized_signatory_details' scrapped.
[ 2025-06-24 13:58:41,698 ] 143 RERAScrapper - INFO - Project Member Details 'project_member_details' scrapped.
[ 2025-06-24 13:58:41,699 ] 144 RERAScrapper - INFO - Project Land Owner Details 'project_land_owner_details' scrapped.
[ 2025-06-24 13:58:41,699 ] 145 RERAScrapper - INFO - RERA Registration Details with any other State/UTs 'rera_registration_details_with_any_details' scrapped.
[ 2025-06-24 13:58:41,699 ] 146 RERAScrapper - INFO - Previous Project Details (Last 5 years only) 'previous_project_details' scrapped.
[ 2025-06-24 13:58:43,734 ] 171 RERAScrapper - INFO - Project Details page clicked.
[ 2025-06-24 13:58:44,729 ] 186 RERAScrapper - INFO - Project Details 'project_details' scrapped.
[ 2025-06-24 13:58:44,729 ] 187 RERAScrapper - INFO - Development Details 'development_details' scrapped.
[ 2025-06-24 13:58:44,729 ] 188 RERAScrapper - INFO - External Development Work 'external_development_work' scrapped.
[ 2025-06-24 13:58:44,729 ] 189 RERAScrapper - INFO - Other External Development Work 'other_external_development_work' scrapped.
[ 2025-06-24 13:58:44,730 ] 190 RERAScrapper - INFO - Project Bank ( Escrow Account ) Details 'project_bank_details' scrapped.
[ 2025-06-24 13:58:44,730 ] 191 RERAScrapper - INFO - Project Agents 'project_agents' scrapped.
[ 2025-06-24 13:58:44,730 ] 192 RERAScrapper - INFO - Project Detail Table 'project_detail_table' scrapped.
[ 2025-06-24 13:58:44,761 ] 199 RERAScrapper - INFO - Uploaded Documents page clicked.
[ 2025-06-24 13:58:45,904 ] 213 RERAScrapper - INFO - Project Documents 'project_documents' scrapped.
[ 2025-06-24 13:58:45,905 ] 214 RERAScrapper - INFO - Project Approval 'project_approval' scrapped.
[ 2025-06-24 13:58:45,905 ] 215 RERAScrapper - INFO - Declaration 'declaration' scrapped.
[ 2025-06-24 13:58:45,905 ] 216 RERAScrapper - INFO - Other Documents 'other_documents' scrapped.
[ 2025-06-24 13:58:45,905 ] 217 RERAScrapper - INFO - Project Photo 'project_photo' scrapped.
[ 2025-06-24 13:58:45,905 ] 218 RERAScrapper - INFO - Financial Document 'financial_document' scrapped.
[ 2025-06-24 13:58:45,939 ] 227 RERAScrapper - INFO - Completion Details page clicked.
[ 2025-06-24 13:58:48,211 ] 248 RERAScrapper - WARNING - Completion Details 'completion_details' **************not************** scrapped.
[ 2025-06-24 13:58:48,211 ] 249 RERAScrapper - WARNING - Development Details 'development_details_completion' **************not************** scrapped.
[ 2025-06-24 13:58:48,211 ] 250 RERAScrapper - WARNING - Uploaded Documents 'uploaded_documents' **************not************** scrapped.
[ 2025-06-24 13:58:48,212 ] 251 RERAScrapper - WARNING - Photos Uploaded 'photos_uploaded' **************not************** scrapped.
[ 2025-06-24 13:58:54,583 ] 83 RERAScrapper - INFO - City 'Kolar' selected from dropdown.
[ 2025-06-24 13:58:59,365 ] 90 RERAScrapper - INFO - Select Button Clicked.
[ 2025-06-24 13:59:06,427 ] 102 RERAScrapper - INFO - Home table JSON extracted: home_table_json
[ 2025-06-24 13:59:06,470 ] 130 RERAScrapper - INFO - Home Table JSON 'home_table_json' scrapped.
[ 2025-06-24 13:59:07,699 ] 149 RERAScrapper - WARNING - Promoter Details 'promoter_details' **************not************** scrapped.
[ 2025-06-24 13:59:07,699 ] 150 RERAScrapper - WARNING - Authorized Signatory Detail 'authorized_signatory_details' **************not************** scrapped.
[ 2025-06-24 13:59:07,700 ] 151 RERAScrapper - WARNING - Project Member Details 'project_member_details' **************not************** scrapped.
[ 2025-06-24 13:59:07,700 ] 152 RERAScrapper - WARNING - Project Land Owner Details 'project_land_owner_details' **************not************** scrapped.
[ 2025-06-24 13:59:07,700 ] 153 RERAScrapper - WARNING - RERA Registration Details with any other State/UTs 'rera_registration_details_with_any_details' **************not************** scrapped.
[ 2025-06-24 13:59:07,700 ] 154 RERAScrapper - WARNING - Previous Project Details (Last 5 years only) 'previous_project_details' **************not************** scrapped.
[ 2025-06-24 13:59:09,743 ] 171 RERAScrapper - INFO - Project Details page clicked.
[ 2025-06-24 13:59:10,763 ] 186 RERAScrapper - INFO - Project Details 'project_details' scrapped.
[ 2025-06-24 13:59:10,763 ] 187 RERAScrapper - INFO - Development Details 'development_details' scrapped.
[ 2025-06-24 13:59:10,764 ] 188 RERAScrapper - INFO - External Development Work 'external_development_work' scrapped.
[ 2025-06-24 13:59:10,764 ] 189 RERAScrapper - INFO - Other External Development Work 'other_external_development_work' scrapped.
[ 2025-06-24 13:59:10,764 ] 190 RERAScrapper - INFO - Project Bank ( Escrow Account ) Details 'project_bank_details' scrapped.
[ 2025-06-24 13:59:10,764 ] 191 RERAScrapper - INFO - Project Agents 'project_agents' scrapped.
[ 2025-06-24 13:59:10,764 ] 192 RERAScrapper - INFO - Project Detail Table 'project_detail_table' scrapped.
[ 2025-06-24 13:59:10,801 ] 199 RERAScrapper - INFO - Uploaded Documents page clicked.
[ 2025-06-24 13:59:12,002 ] 213 RERAScrapper - INFO - Project Documents 'project_documents' scrapped.
[ 2025-06-24 13:59:12,003 ] 214 RERAScrapper - INFO - Project Approval 'project_approval' scrapped.
[ 2025-06-24 13:59:12,003 ] 215 RERAScrapper - INFO - Declaration 'declaration' scrapped.
[ 2025-06-24 13:59:12,003 ] 216 RERAScrapper - INFO - Other Documents 'other_documents' scrapped.
[ 2025-06-24 13:59:12,003 ] 217 RERAScrapper - INFO - Project Photo 'project_photo' scrapped.
[ 2025-06-24 13:59:12,003 ] 218 RERAScrapper - INFO - Financial Document 'financial_document' scrapped.
[ 2025-06-24 13:59:12,038 ] 227 RERAScrapper - INFO - Completion Details page clicked.
[ 2025-06-24 13:59:14,312 ] 248 RERAScrapper - WARNING - Completion Details 'completion_details' **************not************** scrapped.
[ 2025-06-24 13:59:14,312 ] 249 RERAScrapper - WARNING - Development Details 'development_details_completion' **************not************** scrapped.
[ 2025-06-24 13:59:14,312 ] 250 RERAScrapper - WARNING - Uploaded Documents 'uploaded_documents' **************not************** scrapped.
[ 2025-06-24 13:59:14,313 ] 251 RERAScrapper - WARNING - Photos Uploaded 'photos_uploaded' **************not************** scrapped.
[ 2025-06-24 13:59:20,486 ] 83 RERAScrapper - INFO - City 'Kolar' selected from dropdown.
[ 2025-06-24 13:59:25,156 ] 90 RERAScrapper - INFO - Select Button Clicked.
[ 2025-06-24 13:59:32,209 ] 102 RERAScrapper - INFO - Home table JSON extracted: home_table_json
[ 2025-06-24 13:59:32,248 ] 130 RERAScrapper - INFO - Home Table JSON 'home_table_json' scrapped.
[ 2025-06-24 13:59:34,170 ] 141 RERAScrapper - INFO - Promoter Details 'promoter_details' scrapped.
[ 2025-06-24 13:59:34,170 ] 142 RERAScrapper - INFO - Authorized Signatory Detail 'authorized_signatory_details' scrapped.
[ 2025-06-24 13:59:34,170 ] 143 RERAScrapper - INFO - Project Member Details 'project_member_details' scrapped.
[ 2025-06-24 13:59:34,170 ] 144 RERAScrapper - INFO - Project Land Owner Details 'project_land_owner_details' scrapped.
[ 2025-06-24 13:59:34,170 ] 145 RERAScrapper - INFO - RERA Registration Details with any other State/UTs 'rera_registration_details_with_any_details' scrapped.
[ 2025-06-24 13:59:34,171 ] 146 RERAScrapper - INFO - Previous Project Details (Last 5 years only) 'previous_project_details' scrapped.
[ 2025-06-24 13:59:36,210 ] 171 RERAScrapper - INFO - Project Details page clicked.
[ 2025-06-24 13:59:37,103 ] 186 RERAScrapper - INFO - Project Details 'project_details' scrapped.
[ 2025-06-24 13:59:37,103 ] 187 RERAScrapper - INFO - Development Details 'development_details' scrapped.
[ 2025-06-24 13:59:37,103 ] 188 RERAScrapper - INFO - External Development Work 'external_development_work' scrapped.
[ 2025-06-24 13:59:37,103 ] 189 RERAScrapper - INFO - Other External Development Work 'other_external_development_work' scrapped.
[ 2025-06-24 13:59:37,103 ] 190 RERAScrapper - INFO - Project Bank ( Escrow Account ) Details 'project_bank_details' scrapped.
[ 2025-06-24 13:59:37,104 ] 191 RERAScrapper - INFO - Project Agents 'project_agents' scrapped.
[ 2025-06-24 13:59:37,104 ] 192 RERAScrapper - INFO - Project Detail Table 'project_detail_table' scrapped.
[ 2025-06-24 13:59:37,142 ] 199 RERAScrapper - INFO - Uploaded Documents page clicked.
[ 2025-06-24 13:59:38,230 ] 213 RERAScrapper - INFO - Project Documents 'project_documents' scrapped.
[ 2025-06-24 13:59:38,231 ] 214 RERAScrapper - INFO - Project Approval 'project_approval' scrapped.
[ 2025-06-24 13:59:38,231 ] 215 RERAScrapper - INFO - Declaration 'declaration' scrapped.
[ 2025-06-24 13:59:38,231 ] 216 RERAScrapper - INFO - Other Documents 'other_documents' scrapped.
[ 2025-06-24 13:59:38,231 ] 217 RERAScrapper - INFO - Project Photo 'project_photo' scrapped.
[ 2025-06-24 13:59:38,231 ] 218 RERAScrapper - INFO - Financial Document 'financial_document' scrapped.
[ 2025-06-24 13:59:38,262 ] 227 RERAScrapper - INFO - Completion Details page clicked.
[ 2025-06-24 13:59:40,549 ] 248 RERAScrapper - WARNING - Completion Details 'completion_details' **************not************** scrapped.
[ 2025-06-24 13:59:40,550 ] 249 RERAScrapper - WARNING - Development Details 'development_details_completion' **************not************** scrapped.
[ 2025-06-24 13:59:40,550 ] 250 RERAScrapper - WARNING - Uploaded Documents 'uploaded_documents' **************not************** scrapped.
[ 2025-06-24 13:59:40,550 ] 251 RERAScrapper - WARNING - Photos Uploaded 'photos_uploaded' **************not************** scrapped.
[ 2025-06-24 13:59:46,817 ] 83 RERAScrapper - INFO - City 'Kolar' selected from dropdown.
[ 2025-06-24 13:59:55,877 ] 90 RERAScrapper - INFO - Select Button Clicked.
[ 2025-06-24 14:00:02,932 ] 102 RERAScrapper - INFO - Home table JSON extracted: home_table_json
[ 2025-06-24 14:00:02,970 ] 130 RERAScrapper - INFO - Home Table JSON 'home_table_json' scrapped.
[ 2025-06-24 14:00:04,306 ] 141 RERAScrapper - INFO - Promoter Details 'promoter_details' scrapped.
[ 2025-06-24 14:00:04,306 ] 142 RERAScrapper - INFO - Authorized Signatory Detail 'authorized_signatory_details' scrapped.
[ 2025-06-24 14:00:04,307 ] 143 RERAScrapper - INFO - Project Member Details 'project_member_details' scrapped.
[ 2025-06-24 14:00:04,307 ] 144 RERAScrapper - INFO - Project Land Owner Details 'project_land_owner_details' scrapped.
[ 2025-06-24 14:00:04,307 ] 145 RERAScrapper - INFO - RERA Registration Details with any other State/UTs 'rera_registration_details_with_any_details' scrapped.
[ 2025-06-24 14:00:04,307 ] 146 RERAScrapper - INFO - Previous Project Details (Last 5 years only) 'previous_project_details' scrapped.
[ 2025-06-24 14:00:06,348 ] 171 RERAScrapper - INFO - Project Details page clicked.
[ 2025-06-24 14:00:07,225 ] 186 RERAScrapper - INFO - Project Details 'project_details' scrapped.
[ 2025-06-24 14:00:07,226 ] 187 RERAScrapper - INFO - Development Details 'development_details' scrapped.
[ 2025-06-24 14:00:07,226 ] 188 RERAScrapper - INFO - External Development Work 'external_development_work' scrapped.
[ 2025-06-24 14:00:07,226 ] 189 RERAScrapper - INFO - Other External Development Work 'other_external_development_work' scrapped.
[ 2025-06-24 14:00:07,226 ] 190 RERAScrapper - INFO - Project Bank ( Escrow Account ) Details 'project_bank_details' scrapped.
[ 2025-06-24 14:00:07,226 ] 191 RERAScrapper - INFO - Project Agents 'project_agents' scrapped.
[ 2025-06-24 14:00:07,226 ] 192 RERAScrapper - INFO - Project Detail Table 'project_detail_table' scrapped.
[ 2025-06-24 14:00:07,258 ] 199 RERAScrapper - INFO - Uploaded Documents page clicked.
[ 2025-06-24 14:00:08,377 ] 213 RERAScrapper - INFO - Project Documents 'project_documents' scrapped.
[ 2025-06-24 14:00:08,377 ] 214 RERAScrapper - INFO - Project Approval 'project_approval' scrapped.
[ 2025-06-24 14:00:08,377 ] 215 RERAScrapper - INFO - Declaration 'declaration' scrapped.
[ 2025-06-24 14:00:08,377 ] 216 RERAScrapper - INFO - Other Documents 'other_documents' scrapped.
[ 2025-06-24 14:00:08,377 ] 217 RERAScrapper - INFO - Project Photo 'project_photo' scrapped.
[ 2025-06-24 14:00:08,377 ] 218 RERAScrapper - INFO - Financial Document 'financial_document' scrapped.
[ 2025-06-24 14:00:28,412 ] 229 RERAScrapper - ERROR - Timed out waiting for Completion Details page: Message: 
Stacktrace:
	GetHandleVerifier [0x0x6b3b03+62899]
	GetHandleVerifier [0x0x6b3b44+62964]
	(No symbol) [0x0x4e10f3]
	(No symbol) [0x0x52980e]
	(No symbol) [0x0x529bab]
	(No symbol) [0x0x5725c2]
	(No symbol) [0x0x54e554]
	(No symbol) [0x0x56fd81]
	(No symbol) [0x0x54e306]
	(No symbol) [0x0x51d670]
	(No symbol) [0x0x51e4e4]
	GetHandleVerifier [0x0x914793+2556483]
	GetHandleVerifier [0x0x90fd02+2537394]
	GetHandleVerifier [0x0x6da2fa+220586]
	GetHandleVerifier [0x0x6caae8+157080]
	GetHandleVerifier [0x0x6d141d+184013]
	GetHandleVerifier [0x0x6bba68+95512]
	GetHandleVerifier [0x0x6bbc10+95936]
	GetHandleVerifier [0x0x6a6b5a+9738]
	BaseThreadInitThunk [0x0x774afcc9+25]
	RtlGetAppContainerNamedObjectPath [0x0x776a82ae+286]
	RtlGetAppContainerNamedObjectPath [0x0x776a827e+238]

[ 2025-06-24 14:00:30,454 ] 248 RERAScrapper - WARNING - Completion Details 'completion_details' **************not************** scrapped.
[ 2025-06-24 14:00:30,454 ] 249 RERAScrapper - WARNING - Development Details 'development_details_completion' **************not************** scrapped.
[ 2025-06-24 14:00:30,454 ] 250 RERAScrapper - WARNING - Uploaded Documents 'uploaded_documents' **************not************** scrapped.
[ 2025-06-24 14:00:30,455 ] 251 RERAScrapper - WARNING - Photos Uploaded 'photos_uploaded' **************not************** scrapped.
[ 2025-06-24 14:00:36,720 ] 83 RERAScrapper - INFO - City 'Kolar' selected from dropdown.
[ 2025-06-24 14:00:41,471 ] 90 RERAScrapper - INFO - Select Button Clicked.
[ 2025-06-24 14:00:48,532 ] 102 RERAScrapper - INFO - Home table JSON extracted: home_table_json
[ 2025-06-24 14:00:48,587 ] 130 RERAScrapper - INFO - Home Table JSON 'home_table_json' scrapped.
[ 2025-06-24 14:00:50,032 ] 141 RERAScrapper - INFO - Promoter Details 'promoter_details' scrapped.
[ 2025-06-24 14:00:50,032 ] 142 RERAScrapper - INFO - Authorized Signatory Detail 'authorized_signatory_details' scrapped.
[ 2025-06-24 14:00:50,032 ] 143 RERAScrapper - INFO - Project Member Details 'project_member_details' scrapped.
[ 2025-06-24 14:00:50,032 ] 144 RERAScrapper - INFO - Project Land Owner Details 'project_land_owner_details' scrapped.
[ 2025-06-24 14:00:50,032 ] 145 RERAScrapper - INFO - RERA Registration Details with any other State/UTs 'rera_registration_details_with_any_details' scrapped.
[ 2025-06-24 14:00:50,033 ] 146 RERAScrapper - INFO - Previous Project Details (Last 5 years only) 'previous_project_details' scrapped.
[ 2025-06-24 14:00:52,082 ] 171 RERAScrapper - INFO - Project Details page clicked.
[ 2025-06-24 14:00:53,150 ] 186 RERAScrapper - INFO - Project Details 'project_details' scrapped.
[ 2025-06-24 14:00:53,150 ] 187 RERAScrapper - INFO - Development Details 'development_details' scrapped.
[ 2025-06-24 14:00:53,150 ] 188 RERAScrapper - INFO - External Development Work 'external_development_work' scrapped.
[ 2025-06-24 14:00:53,150 ] 189 RERAScrapper - INFO - Other External Development Work 'other_external_development_work' scrapped.
[ 2025-06-24 14:00:53,150 ] 190 RERAScrapper - INFO - Project Bank ( Escrow Account ) Details 'project_bank_details' scrapped.
[ 2025-06-24 14:00:53,150 ] 191 RERAScrapper - INFO - Project Agents 'project_agents' scrapped.
[ 2025-06-24 14:00:53,150 ] 192 RERAScrapper - INFO - Project Detail Table 'project_detail_table' scrapped.
[ 2025-06-24 14:00:53,186 ] 199 RERAScrapper - INFO - Uploaded Documents page clicked.
[ 2025-06-24 14:00:54,385 ] 213 RERAScrapper - INFO - Project Documents 'project_documents' scrapped.
[ 2025-06-24 14:00:54,385 ] 214 RERAScrapper - INFO - Project Approval 'project_approval' scrapped.
[ 2025-06-24 14:00:54,386 ] 215 RERAScrapper - INFO - Declaration 'declaration' scrapped.
[ 2025-06-24 14:00:54,386 ] 216 RERAScrapper - INFO - Other Documents 'other_documents' scrapped.
[ 2025-06-24 14:00:54,386 ] 217 RERAScrapper - INFO - Project Photo 'project_photo' scrapped.
[ 2025-06-24 14:00:54,386 ] 218 RERAScrapper - INFO - Financial Document 'financial_document' scrapped.
[ 2025-06-24 14:01:14,410 ] 229 RERAScrapper - ERROR - Timed out waiting for Completion Details page: Message: 
Stacktrace:
	GetHandleVerifier [0x0x6b3b03+62899]
	GetHandleVerifier [0x0x6b3b44+62964]
	(No symbol) [0x0x4e10f3]
	(No symbol) [0x0x52980e]
	(No symbol) [0x0x529bab]
	(No symbol) [0x0x5725c2]
	(No symbol) [0x0x54e554]
	(No symbol) [0x0x56fd81]
	(No symbol) [0x0x54e306]
	(No symbol) [0x0x51d670]
	(No symbol) [0x0x51e4e4]
	GetHandleVerifier [0x0x914793+2556483]
	GetHandleVerifier [0x0x90fd02+2537394]
	GetHandleVerifier [0x0x6da2fa+220586]
	GetHandleVerifier [0x0x6caae8+157080]
	GetHandleVerifier [0x0x6d141d+184013]
	GetHandleVerifier [0x0x6bba68+95512]
	GetHandleVerifier [0x0x6bbc10+95936]
	GetHandleVerifier [0x0x6a6b5a+9738]
	BaseThreadInitThunk [0x0x774afcc9+25]
	RtlGetAppContainerNamedObjectPath [0x0x776a82ae+286]
	RtlGetAppContainerNamedObjectPath [0x0x776a827e+238]

[ 2025-06-24 14:01:16,453 ] 248 RERAScrapper - WARNING - Completion Details 'completion_details' **************not************** scrapped.
[ 2025-06-24 14:01:16,454 ] 249 RERAScrapper - WARNING - Development Details 'development_details_completion' **************not************** scrapped.
[ 2025-06-24 14:01:16,454 ] 250 RERAScrapper - WARNING - Uploaded Documents 'uploaded_documents' **************not************** scrapped.
[ 2025-06-24 14:01:16,454 ] 251 RERAScrapper - WARNING - Photos Uploaded 'photos_uploaded' **************not************** scrapped.
[ 2025-06-24 14:01:22,819 ] 83 RERAScrapper - INFO - City 'Kolar' selected from dropdown.
[ 2025-06-24 14:01:23,866 ] 90 RERAScrapper - INFO - Select Button Clicked.
[ 2025-06-24 14:01:31,890 ] 102 RERAScrapper - INFO - Home table JSON extracted: home_table_json
[ 2025-06-24 14:01:31,925 ] 130 RERAScrapper - INFO - Home Table JSON 'home_table_json' scrapped.
[ 2025-06-24 14:01:32,641 ] 149 RERAScrapper - WARNING - Promoter Details 'promoter_details' **************not************** scrapped.
[ 2025-06-24 14:01:32,641 ] 150 RERAScrapper - WARNING - Authorized Signatory Detail 'authorized_signatory_details' **************not************** scrapped.
[ 2025-06-24 14:01:32,641 ] 151 RERAScrapper - WARNING - Project Member Details 'project_member_details' **************not************** scrapped.
[ 2025-06-24 14:01:32,642 ] 152 RERAScrapper - WARNING - Project Land Owner Details 'project_land_owner_details' **************not************** scrapped.
[ 2025-06-24 14:01:32,642 ] 153 RERAScrapper - WARNING - RERA Registration Details with any other State/UTs 'rera_registration_details_with_any_details' **************not************** scrapped.
[ 2025-06-24 14:01:32,642 ] 154 RERAScrapper - WARNING - Previous Project Details (Last 5 years only) 'previous_project_details' **************not************** scrapped.
[ 2025-06-24 14:01:34,687 ] 171 RERAScrapper - INFO - Project Details page clicked.
[ 2025-06-24 14:01:35,686 ] 186 RERAScrapper - INFO - Project Details 'project_details' scrapped.
[ 2025-06-24 14:01:35,686 ] 187 RERAScrapper - INFO - Development Details 'development_details' scrapped.
[ 2025-06-24 14:01:35,687 ] 188 RERAScrapper - INFO - External Development Work 'external_development_work' scrapped.
[ 2025-06-24 14:01:35,687 ] 189 RERAScrapper - INFO - Other External Development Work 'other_external_development_work' scrapped.
[ 2025-06-24 14:01:35,687 ] 190 RERAScrapper - INFO - Project Bank ( Escrow Account ) Details 'project_bank_details' scrapped.
[ 2025-06-24 14:01:35,687 ] 191 RERAScrapper - INFO - Project Agents 'project_agents' scrapped.
[ 2025-06-24 14:01:35,688 ] 192 RERAScrapper - INFO - Project Detail Table 'project_detail_table' scrapped.
[ 2025-06-24 14:01:35,716 ] 199 RERAScrapper - INFO - Uploaded Documents page clicked.
[ 2025-06-24 14:01:36,945 ] 213 RERAScrapper - INFO - Project Documents 'project_documents' scrapped.
[ 2025-06-24 14:01:36,945 ] 214 RERAScrapper - INFO - Project Approval 'project_approval' scrapped.
[ 2025-06-24 14:01:36,945 ] 215 RERAScrapper - INFO - Declaration 'declaration' scrapped.
[ 2025-06-24 14:01:36,946 ] 216 RERAScrapper - INFO - Other Documents 'other_documents' scrapped.
[ 2025-06-24 14:01:36,946 ] 217 RERAScrapper - INFO - Project Photo 'project_photo' scrapped.
[ 2025-06-24 14:01:36,946 ] 218 RERAScrapper - INFO - Financial Document 'financial_document' scrapped.
[ 2025-06-24 14:01:36,980 ] 227 RERAScrapper - INFO - Completion Details page clicked.
[ 2025-06-24 14:01:39,287 ] 248 RERAScrapper - WARNING - Completion Details 'completion_details' **************not************** scrapped.
[ 2025-06-24 14:01:39,287 ] 249 RERAScrapper - WARNING - Development Details 'development_details_completion' **************not************** scrapped.
[ 2025-06-24 14:01:39,288 ] 250 RERAScrapper - WARNING - Uploaded Documents 'uploaded_documents' **************not************** scrapped.
[ 2025-06-24 14:01:39,288 ] 251 RERAScrapper - WARNING - Photos Uploaded 'photos_uploaded' **************not************** scrapped.
[ 2025-06-24 14:01:45,318 ] 83 RERAScrapper - INFO - City 'Kolar' selected from dropdown.
[ 2025-06-24 14:01:50,165 ] 90 RERAScrapper - INFO - Select Button Clicked.
[ 2025-06-24 14:01:57,221 ] 102 RERAScrapper - INFO - Home table JSON extracted: home_table_json
[ 2025-06-24 14:01:57,257 ] 130 RERAScrapper - INFO - Home Table JSON 'home_table_json' scrapped.
[ 2025-06-24 14:01:58,688 ] 141 RERAScrapper - INFO - Promoter Details 'promoter_details' scrapped.
[ 2025-06-24 14:01:58,688 ] 142 RERAScrapper - INFO - Authorized Signatory Detail 'authorized_signatory_details' scrapped.
[ 2025-06-24 14:01:58,688 ] 143 RERAScrapper - INFO - Project Member Details 'project_member_details' scrapped.
[ 2025-06-24 14:01:58,688 ] 144 RERAScrapper - INFO - Project Land Owner Details 'project_land_owner_details' scrapped.
[ 2025-06-24 14:01:58,689 ] 145 RERAScrapper - INFO - RERA Registration Details with any other State/UTs 'rera_registration_details_with_any_details' scrapped.
[ 2025-06-24 14:01:58,689 ] 146 RERAScrapper - INFO - Previous Project Details (Last 5 years only) 'previous_project_details' scrapped.
[ 2025-06-24 14:02:00,734 ] 171 RERAScrapper - INFO - Project Details page clicked.
[ 2025-06-24 14:02:01,673 ] 186 RERAScrapper - INFO - Project Details 'project_details' scrapped.
[ 2025-06-24 14:02:01,673 ] 187 RERAScrapper - INFO - Development Details 'development_details' scrapped.
[ 2025-06-24 14:02:01,673 ] 188 RERAScrapper - INFO - External Development Work 'external_development_work' scrapped.
[ 2025-06-24 14:02:01,673 ] 189 RERAScrapper - INFO - Other External Development Work 'other_external_development_work' scrapped.
[ 2025-06-24 14:02:01,674 ] 190 RERAScrapper - INFO - Project Bank ( Escrow Account ) Details 'project_bank_details' scrapped.
[ 2025-06-24 14:02:01,674 ] 191 RERAScrapper - INFO - Project Agents 'project_agents' scrapped.
[ 2025-06-24 14:02:01,674 ] 192 RERAScrapper - INFO - Project Detail Table 'project_detail_table' scrapped.
[ 2025-06-24 14:02:01,706 ] 199 RERAScrapper - INFO - Uploaded Documents page clicked.
[ 2025-06-24 14:02:02,945 ] 213 RERAScrapper - INFO - Project Documents 'project_documents' scrapped.
[ 2025-06-24 14:02:02,945 ] 214 RERAScrapper - INFO - Project Approval 'project_approval' scrapped.
[ 2025-06-24 14:02:02,946 ] 215 RERAScrapper - INFO - Declaration 'declaration' scrapped.
[ 2025-06-24 14:02:02,946 ] 216 RERAScrapper - INFO - Other Documents 'other_documents' scrapped.
[ 2025-06-24 14:02:02,946 ] 217 RERAScrapper - INFO - Project Photo 'project_photo' scrapped.
[ 2025-06-24 14:02:02,946 ] 218 RERAScrapper - INFO - Financial Document 'financial_document' scrapped.
[ 2025-06-24 14:02:22,980 ] 229 RERAScrapper - ERROR - Timed out waiting for Completion Details page: Message: 
Stacktrace:
	GetHandleVerifier [0x0x6b3b03+62899]
	GetHandleVerifier [0x0x6b3b44+62964]
	(No symbol) [0x0x4e10f3]
	(No symbol) [0x0x52980e]
	(No symbol) [0x0x529bab]
	(No symbol) [0x0x5725c2]
	(No symbol) [0x0x54e554]
	(No symbol) [0x0x56fd81]
	(No symbol) [0x0x54e306]
	(No symbol) [0x0x51d670]
	(No symbol) [0x0x51e4e4]
	GetHandleVerifier [0x0x914793+2556483]
	GetHandleVerifier [0x0x90fd02+2537394]
	GetHandleVerifier [0x0x6da2fa+220586]
	GetHandleVerifier [0x0x6caae8+157080]
	GetHandleVerifier [0x0x6d141d+184013]
	GetHandleVerifier [0x0x6bba68+95512]
	GetHandleVerifier [0x0x6bbc10+95936]
	GetHandleVerifier [0x0x6a6b5a+9738]
	BaseThreadInitThunk [0x0x774afcc9+25]
	RtlGetAppContainerNamedObjectPath [0x0x776a82ae+286]
	RtlGetAppContainerNamedObjectPath [0x0x776a827e+238]

[ 2025-06-24 14:02:25,021 ] 248 RERAScrapper - WARNING - Completion Details 'completion_details' **************not************** scrapped.
[ 2025-06-24 14:02:25,021 ] 249 RERAScrapper - WARNING - Development Details 'development_details_completion' **************not************** scrapped.
[ 2025-06-24 14:02:25,022 ] 250 RERAScrapper - WARNING - Uploaded Documents 'uploaded_documents' **************not************** scrapped.
[ 2025-06-24 14:02:25,022 ] 251 RERAScrapper - WARNING - Photos Uploaded 'photos_uploaded' **************not************** scrapped.
[ 2025-06-24 14:02:31,347 ] 83 RERAScrapper - INFO - City 'Kolar' selected from dropdown.
[ 2025-06-24 14:02:35,949 ] 90 RERAScrapper - INFO - Select Button Clicked.
[ 2025-06-24 14:02:45,098 ] 102 RERAScrapper - INFO - Home table JSON extracted: home_table_json
[ 2025-06-24 14:02:45,128 ] 130 RERAScrapper - INFO - Home Table JSON 'home_table_json' scrapped.
[ 2025-06-24 14:02:46,559 ] 141 RERAScrapper - INFO - Promoter Details 'promoter_details' scrapped.
[ 2025-06-24 14:02:46,559 ] 142 RERAScrapper - INFO - Authorized Signatory Detail 'authorized_signatory_details' scrapped.
[ 2025-06-24 14:02:46,560 ] 143 RERAScrapper - INFO - Project Member Details 'project_member_details' scrapped.
[ 2025-06-24 14:02:46,560 ] 144 RERAScrapper - INFO - Project Land Owner Details 'project_land_owner_details' scrapped.
[ 2025-06-24 14:02:46,560 ] 145 RERAScrapper - INFO - RERA Registration Details with any other State/UTs 'rera_registration_details_with_any_details' scrapped.
[ 2025-06-24 14:02:46,560 ] 146 RERAScrapper - INFO - Previous Project Details (Last 5 years only) 'previous_project_details' scrapped.
[ 2025-06-24 14:02:48,604 ] 171 RERAScrapper - INFO - Project Details page clicked.
[ 2025-06-24 14:02:49,655 ] 186 RERAScrapper - INFO - Project Details 'project_details' scrapped.
[ 2025-06-24 14:02:49,655 ] 187 RERAScrapper - INFO - Development Details 'development_details' scrapped.
[ 2025-06-24 14:02:49,656 ] 188 RERAScrapper - INFO - External Development Work 'external_development_work' scrapped.
[ 2025-06-24 14:02:49,656 ] 189 RERAScrapper - INFO - Other External Development Work 'other_external_development_work' scrapped.
[ 2025-06-24 14:02:49,656 ] 190 RERAScrapper - INFO - Project Bank ( Escrow Account ) Details 'project_bank_details' scrapped.
[ 2025-06-24 14:02:49,656 ] 191 RERAScrapper - INFO - Project Agents 'project_agents' scrapped.
[ 2025-06-24 14:02:49,656 ] 192 RERAScrapper - INFO - Project Detail Table 'project_detail_table' scrapped.
[ 2025-06-24 14:02:49,685 ] 199 RERAScrapper - INFO - Uploaded Documents page clicked.
[ 2025-06-24 14:02:50,875 ] 213 RERAScrapper - INFO - Project Documents 'project_documents' scrapped.
[ 2025-06-24 14:02:50,875 ] 214 RERAScrapper - INFO - Project Approval 'project_approval' scrapped.
[ 2025-06-24 14:02:50,875 ] 215 RERAScrapper - INFO - Declaration 'declaration' scrapped.
[ 2025-06-24 14:02:50,876 ] 216 RERAScrapper - INFO - Other Documents 'other_documents' scrapped.
[ 2025-06-24 14:02:50,876 ] 217 RERAScrapper - INFO - Project Photo 'project_photo' scrapped.
[ 2025-06-24 14:02:50,876 ] 218 RERAScrapper - INFO - Financial Document 'financial_document' scrapped.
[ 2025-06-24 14:03:10,933 ] 229 RERAScrapper - ERROR - Timed out waiting for Completion Details page: Message: 
Stacktrace:
	GetHandleVerifier [0x0x6b3b03+62899]
	GetHandleVerifier [0x0x6b3b44+62964]
	(No symbol) [0x0x4e10f3]
	(No symbol) [0x0x52980e]
	(No symbol) [0x0x529bab]
	(No symbol) [0x0x5725c2]
	(No symbol) [0x0x54e554]
	(No symbol) [0x0x56fd81]
	(No symbol) [0x0x54e306]
	(No symbol) [0x0x51d670]
	(No symbol) [0x0x51e4e4]
	GetHandleVerifier [0x0x914793+2556483]
	GetHandleVerifier [0x0x90fd02+2537394]
	GetHandleVerifier [0x0x6da2fa+220586]
	GetHandleVerifier [0x0x6caae8+157080]
	GetHandleVerifier [0x0x6d141d+184013]
	GetHandleVerifier [0x0x6bba68+95512]
	GetHandleVerifier [0x0x6bbc10+95936]
	GetHandleVerifier [0x0x6a6b5a+9738]
	BaseThreadInitThunk [0x0x774afcc9+25]
	RtlGetAppContainerNamedObjectPath [0x0x776a82ae+286]
	RtlGetAppContainerNamedObjectPath [0x0x776a827e+238]

[ 2025-06-24 14:03:12,978 ] 248 RERAScrapper - WARNING - Completion Details 'completion_details' **************not************** scrapped.
[ 2025-06-24 14:03:12,978 ] 249 RERAScrapper - WARNING - Development Details 'development_details_completion' **************not************** scrapped.
[ 2025-06-24 14:03:12,978 ] 250 RERAScrapper - WARNING - Uploaded Documents 'uploaded_documents' **************not************** scrapped.
[ 2025-06-24 14:03:12,978 ] 251 RERAScrapper - WARNING - Photos Uploaded 'photos_uploaded' **************not************** scrapped.
[ 2025-06-24 14:03:19,358 ] 83 RERAScrapper - INFO - City 'Kolar' selected from dropdown.
[ 2025-06-24 14:03:29,162 ] 90 RERAScrapper - INFO - Select Button Clicked.
[ 2025-06-24 14:03:37,274 ] 102 RERAScrapper - INFO - Home table JSON extracted: home_table_json
[ 2025-06-24 14:03:37,306 ] 130 RERAScrapper - INFO - Home Table JSON 'home_table_json' scrapped.
[ 2025-06-24 14:03:57,352 ] 149 RERAScrapper - WARNING - Promoter Details 'promoter_details' **************not************** scrapped.
[ 2025-06-24 14:03:57,352 ] 150 RERAScrapper - WARNING - Authorized Signatory Detail 'authorized_signatory_details' **************not************** scrapped.
[ 2025-06-24 14:03:57,352 ] 151 RERAScrapper - WARNING - Project Member Details 'project_member_details' **************not************** scrapped.
[ 2025-06-24 14:03:57,352 ] 152 RERAScrapper - WARNING - Project Land Owner Details 'project_land_owner_details' **************not************** scrapped.
[ 2025-06-24 14:03:57,353 ] 153 RERAScrapper - WARNING - RERA Registration Details with any other State/UTs 'rera_registration_details_with_any_details' **************not************** scrapped.
[ 2025-06-24 14:03:57,353 ] 154 RERAScrapper - WARNING - Previous Project Details (Last 5 years only) 'previous_project_details' **************not************** scrapped.
[ 2025-06-24 14:04:19,417 ] 173 RERAScrapper - ERROR - Timed out waiting for Project Details page: Message: 
Stacktrace:
	GetHandleVerifier [0x0x6b3b03+62899]
	GetHandleVerifier [0x0x6b3b44+62964]
	(No symbol) [0x0x4e10f3]
	(No symbol) [0x0x52980e]
	(No symbol) [0x0x529bab]
	(No symbol) [0x0x5725c2]
	(No symbol) [0x0x54e554]
	(No symbol) [0x0x56fd81]
	(No symbol) [0x0x54e306]
	(No symbol) [0x0x51d670]
	(No symbol) [0x0x51e4e4]
	GetHandleVerifier [0x0x914793+2556483]
	GetHandleVerifier [0x0x90fd02+2537394]
	GetHandleVerifier [0x0x6da2fa+220586]
	GetHandleVerifier [0x0x6caae8+157080]
	GetHandleVerifier [0x0x6d141d+184013]
	GetHandleVerifier [0x0x6bba68+95512]
	GetHandleVerifier [0x0x6bbc10+95936]
	GetHandleVerifier [0x0x6a6b5a+9738]
	BaseThreadInitThunk [0x0x774afcc9+25]
	RtlGetAppContainerNamedObjectPath [0x0x776a82ae+286]
	RtlGetAppContainerNamedObjectPath [0x0x776a827e+238]

[ 2025-06-24 14:04:39,461 ] 201 RERAScrapper - ERROR - Timed out waiting for Uploaded Documents page: Message: 
Stacktrace:
	GetHandleVerifier [0x0x6b3b03+62899]
	GetHandleVerifier [0x0x6b3b44+62964]
	(No symbol) [0x0x4e10f3]
	(No symbol) [0x0x52980e]
	(No symbol) [0x0x529bab]
	(No symbol) [0x0x5725c2]
	(No symbol) [0x0x54e554]
	(No symbol) [0x0x56fd81]
	(No symbol) [0x0x54e306]
	(No symbol) [0x0x51d670]
	(No symbol) [0x0x51e4e4]
	GetHandleVerifier [0x0x914793+2556483]
	GetHandleVerifier [0x0x90fd02+2537394]
	GetHandleVerifier [0x0x6da2fa+220586]
	GetHandleVerifier [0x0x6caae8+157080]
	GetHandleVerifier [0x0x6d141d+184013]
	GetHandleVerifier [0x0x6bba68+95512]
	GetHandleVerifier [0x0x6bbc10+95936]
	GetHandleVerifier [0x0x6a6b5a+9738]
	BaseThreadInitThunk [0x0x774afcc9+25]
	RtlGetAppContainerNamedObjectPath [0x0x776a82ae+286]
	RtlGetAppContainerNamedObjectPath [0x0x776a827e+238]

[ 2025-06-24 14:04:59,503 ] 229 RERAScrapper - ERROR - Timed out waiting for Completion Details page: Message: 
Stacktrace:
	GetHandleVerifier [0x0x6b3b03+62899]
	GetHandleVerifier [0x0x6b3b44+62964]
	(No symbol) [0x0x4e10f3]
	(No symbol) [0x0x52980e]
	(No symbol) [0x0x529bab]
	(No symbol) [0x0x5725c2]
	(No symbol) [0x0x54e554]
	(No symbol) [0x0x56fd81]
	(No symbol) [0x0x54e306]
	(No symbol) [0x0x51d670]
	(No symbol) [0x0x51e4e4]
	GetHandleVerifier [0x0x914793+2556483]
	GetHandleVerifier [0x0x90fd02+2537394]
	GetHandleVerifier [0x0x6da2fa+220586]
	GetHandleVerifier [0x0x6caae8+157080]
	GetHandleVerifier [0x0x6d141d+184013]
	GetHandleVerifier [0x0x6bba68+95512]
	GetHandleVerifier [0x0x6bbc10+95936]
	GetHandleVerifier [0x0x6a6b5a+9738]
	BaseThreadInitThunk [0x0x774afcc9+25]
	RtlGetAppContainerNamedObjectPath [0x0x776a82ae+286]
	RtlGetAppContainerNamedObjectPath [0x0x776a827e+238]

[ 2025-06-24 14:05:21,550 ] 248 RERAScrapper - WARNING - Completion Details 'completion_details' **************not************** scrapped.
[ 2025-06-24 14:05:21,550 ] 249 RERAScrapper - WARNING - Development Details 'development_details_completion' **************not************** scrapped.
[ 2025-06-24 14:05:21,550 ] 250 RERAScrapper - WARNING - Uploaded Documents 'uploaded_documents' **************not************** scrapped.
[ 2025-06-24 14:05:21,551 ] 251 RERAScrapper - WARNING - Photos Uploaded 'photos_uploaded' **************not************** scrapped.
[ 2025-06-24 14:05:21,551 ] 302 RERAScrapper - ERROR - An error occurred in scrape_project_details: local variable 'project_details' referenced before assignment
[ 2025-06-24 14:05:25,622 ] 102 RERAScrapper - INFO - Home table JSON extracted: home_table_json
[ 2025-06-24 14:05:25,654 ] 130 RERAScrapper - INFO - Home Table JSON 'home_table_json' scrapped.
[ 2025-06-24 14:05:27,158 ] 141 RERAScrapper - INFO - Promoter Details 'promoter_details' scrapped.
[ 2025-06-24 14:05:27,159 ] 142 RERAScrapper - INFO - Authorized Signatory Detail 'authorized_signatory_details' scrapped.
[ 2025-06-24 14:05:27,159 ] 143 RERAScrapper - INFO - Project Member Details 'project_member_details' scrapped.
[ 2025-06-24 14:05:27,159 ] 144 RERAScrapper - INFO - Project Land Owner Details 'project_land_owner_details' scrapped.
[ 2025-06-24 14:05:27,159 ] 145 RERAScrapper - INFO - RERA Registration Details with any other State/UTs 'rera_registration_details_with_any_details' scrapped.
[ 2025-06-24 14:05:27,160 ] 146 RERAScrapper - INFO - Previous Project Details (Last 5 years only) 'previous_project_details' scrapped.
[ 2025-06-24 14:05:29,209 ] 171 RERAScrapper - INFO - Project Details page clicked.
[ 2025-06-24 14:05:30,329 ] 186 RERAScrapper - INFO - Project Details 'project_details' scrapped.
[ 2025-06-24 14:05:30,329 ] 187 RERAScrapper - INFO - Development Details 'development_details' scrapped.
[ 2025-06-24 14:05:30,329 ] 188 RERAScrapper - INFO - External Development Work 'external_development_work' scrapped.
[ 2025-06-24 14:05:30,330 ] 189 RERAScrapper - INFO - Other External Development Work 'other_external_development_work' scrapped.
[ 2025-06-24 14:05:30,330 ] 190 RERAScrapper - INFO - Project Bank ( Escrow Account ) Details 'project_bank_details' scrapped.
[ 2025-06-24 14:05:30,330 ] 191 RERAScrapper - INFO - Project Agents 'project_agents' scrapped.
[ 2025-06-24 14:05:30,330 ] 192 RERAScrapper - INFO - Project Detail Table 'project_detail_table' scrapped.
[ 2025-06-24 14:05:30,360 ] 199 RERAScrapper - INFO - Uploaded Documents page clicked.
[ 2025-06-24 14:05:31,628 ] 213 RERAScrapper - INFO - Project Documents 'project_documents' scrapped.
[ 2025-06-24 14:05:31,628 ] 214 RERAScrapper - INFO - Project Approval 'project_approval' scrapped.
[ 2025-06-24 14:05:31,628 ] 215 RERAScrapper - INFO - Declaration 'declaration' scrapped.
[ 2025-06-24 14:05:31,629 ] 216 RERAScrapper - INFO - Other Documents 'other_documents' scrapped.
[ 2025-06-24 14:05:31,629 ] 217 RERAScrapper - INFO - Project Photo 'project_photo' scrapped.
[ 2025-06-24 14:05:31,629 ] 218 RERAScrapper - INFO - Financial Document 'financial_document' scrapped.
[ 2025-06-24 14:05:51,648 ] 229 RERAScrapper - ERROR - Timed out waiting for Completion Details page: Message: 
Stacktrace:
	GetHandleVerifier [0x0x6b3b03+62899]
	GetHandleVerifier [0x0x6b3b44+62964]
	(No symbol) [0x0x4e10f3]
	(No symbol) [0x0x52980e]
	(No symbol) [0x0x529bab]
	(No symbol) [0x0x5725c2]
	(No symbol) [0x0x54e554]
	(No symbol) [0x0x56fd81]
	(No symbol) [0x0x54e306]
	(No symbol) [0x0x51d670]
	(No symbol) [0x0x51e4e4]
	GetHandleVerifier [0x0x914793+2556483]
	GetHandleVerifier [0x0x90fd02+2537394]
	GetHandleVerifier [0x0x6da2fa+220586]
	GetHandleVerifier [0x0x6caae8+157080]
	GetHandleVerifier [0x0x6d141d+184013]
	GetHandleVerifier [0x0x6bba68+95512]
	GetHandleVerifier [0x0x6bbc10+95936]
	GetHandleVerifier [0x0x6a6b5a+9738]
	BaseThreadInitThunk [0x0x774afcc9+25]
	RtlGetAppContainerNamedObjectPath [0x0x776a82ae+286]
	RtlGetAppContainerNamedObjectPath [0x0x776a827e+238]

[ 2025-06-24 14:05:53,700 ] 248 RERAScrapper - WARNING - Completion Details 'completion_details' **************not************** scrapped.
[ 2025-06-24 14:05:53,700 ] 249 RERAScrapper - WARNING - Development Details 'development_details_completion' **************not************** scrapped.
[ 2025-06-24 14:05:53,700 ] 250 RERAScrapper - WARNING - Uploaded Documents 'uploaded_documents' **************not************** scrapped.
[ 2025-06-24 14:05:53,700 ] 251 RERAScrapper - WARNING - Photos Uploaded 'photos_uploaded' **************not************** scrapped.
[ 2025-06-24 14:06:00,141 ] 83 RERAScrapper - INFO - City 'Kolar' selected from dropdown.
[ 2025-06-24 14:06:04,940 ] 90 RERAScrapper - INFO - Select Button Clicked.
[ 2025-06-24 14:06:13,055 ] 102 RERAScrapper - INFO - Home table JSON extracted: home_table_json
[ 2025-06-24 14:06:13,084 ] 130 RERAScrapper - INFO - Home Table JSON 'home_table_json' scrapped.
[ 2025-06-24 14:06:33,117 ] 149 RERAScrapper - WARNING - Promoter Details 'promoter_details' **************not************** scrapped.
[ 2025-06-24 14:06:33,117 ] 150 RERAScrapper - WARNING - Authorized Signatory Detail 'authorized_signatory_details' **************not************** scrapped.
[ 2025-06-24 14:06:33,118 ] 151 RERAScrapper - WARNING - Project Member Details 'project_member_details' **************not************** scrapped.
[ 2025-06-24 14:06:33,118 ] 152 RERAScrapper - WARNING - Project Land Owner Details 'project_land_owner_details' **************not************** scrapped.
[ 2025-06-24 14:06:33,118 ] 153 RERAScrapper - WARNING - RERA Registration Details with any other State/UTs 'rera_registration_details_with_any_details' **************not************** scrapped.
[ 2025-06-24 14:06:33,118 ] 154 RERAScrapper - WARNING - Previous Project Details (Last 5 years only) 'previous_project_details' **************not************** scrapped.
[ 2025-06-24 14:06:55,205 ] 173 RERAScrapper - ERROR - Timed out waiting for Project Details page: Message: 
Stacktrace:
	GetHandleVerifier [0x0x6b3b03+62899]
	GetHandleVerifier [0x0x6b3b44+62964]
	(No symbol) [0x0x4e10f3]
	(No symbol) [0x0x52980e]
	(No symbol) [0x0x529bab]
	(No symbol) [0x0x5725c2]
	(No symbol) [0x0x54e554]
	(No symbol) [0x0x56fd81]
	(No symbol) [0x0x54e306]
	(No symbol) [0x0x51d670]
	(No symbol) [0x0x51e4e4]
	GetHandleVerifier [0x0x914793+2556483]
	GetHandleVerifier [0x0x90fd02+2537394]
	GetHandleVerifier [0x0x6da2fa+220586]
	GetHandleVerifier [0x0x6caae8+157080]
	GetHandleVerifier [0x0x6d141d+184013]
	GetHandleVerifier [0x0x6bba68+95512]
	GetHandleVerifier [0x0x6bbc10+95936]
	GetHandleVerifier [0x0x6a6b5a+9738]
	BaseThreadInitThunk [0x0x774afcc9+25]
	RtlGetAppContainerNamedObjectPath [0x0x776a82ae+286]
	RtlGetAppContainerNamedObjectPath [0x0x776a827e+238]

[ 2025-06-24 14:07:15,708 ] 201 RERAScrapper - ERROR - Timed out waiting for Uploaded Documents page: Message: 
Stacktrace:
	GetHandleVerifier [0x0x6b3b03+62899]
	GetHandleVerifier [0x0x6b3b44+62964]
	(No symbol) [0x0x4e10f3]
	(No symbol) [0x0x52980e]
	(No symbol) [0x0x529bab]
	(No symbol) [0x0x5725c2]
	(No symbol) [0x0x54e554]
	(No symbol) [0x0x56fd81]
	(No symbol) [0x0x54e306]
	(No symbol) [0x0x51d670]
	(No symbol) [0x0x51e4e4]
	GetHandleVerifier [0x0x914793+2556483]
	GetHandleVerifier [0x0x90fd02+2537394]
	GetHandleVerifier [0x0x6da2fa+220586]
	GetHandleVerifier [0x0x6caae8+157080]
	GetHandleVerifier [0x0x6d141d+184013]
	GetHandleVerifier [0x0x6bba68+95512]
	GetHandleVerifier [0x0x6bbc10+95936]
	GetHandleVerifier [0x0x6a6b5a+9738]
	BaseThreadInitThunk [0x0x774afcc9+25]
	RtlGetAppContainerNamedObjectPath [0x0x776a82ae+286]
	RtlGetAppContainerNamedObjectPath [0x0x776a827e+238]

[ 2025-06-24 14:07:35,723 ] 229 RERAScrapper - ERROR - Timed out waiting for Completion Details page: Message: 
Stacktrace:
	GetHandleVerifier [0x0x6b3b03+62899]
	GetHandleVerifier [0x0x6b3b44+62964]
	(No symbol) [0x0x4e10f3]
	(No symbol) [0x0x52980e]
	(No symbol) [0x0x529bab]
	(No symbol) [0x0x5725c2]
	(No symbol) [0x0x54e554]
	(No symbol) [0x0x56fd81]
	(No symbol) [0x0x54e306]
	(No symbol) [0x0x51d670]
	(No symbol) [0x0x51e4e4]
	GetHandleVerifier [0x0x914793+2556483]
	GetHandleVerifier [0x0x90fd02+2537394]
	GetHandleVerifier [0x0x6da2fa+220586]
	GetHandleVerifier [0x0x6caae8+157080]
	GetHandleVerifier [0x0x6d141d+184013]
	GetHandleVerifier [0x0x6bba68+95512]
	GetHandleVerifier [0x0x6bbc10+95936]
	GetHandleVerifier [0x0x6a6b5a+9738]
	BaseThreadInitThunk [0x0x774afcc9+25]
	RtlGetAppContainerNamedObjectPath [0x0x776a82ae+286]
	RtlGetAppContainerNamedObjectPath [0x0x776a827e+238]

[ 2025-06-24 14:07:57,766 ] 248 RERAScrapper - WARNING - Completion Details 'completion_details' **************not************** scrapped.
[ 2025-06-24 14:07:57,766 ] 249 RERAScrapper - WARNING - Development Details 'development_details_completion' **************not************** scrapped.
[ 2025-06-24 14:07:57,766 ] 250 RERAScrapper - WARNING - Uploaded Documents 'uploaded_documents' **************not************** scrapped.
[ 2025-06-24 14:07:57,766 ] 251 RERAScrapper - WARNING - Photos Uploaded 'photos_uploaded' **************not************** scrapped.
[ 2025-06-24 14:07:57,767 ] 302 RERAScrapper - ERROR - An error occurred in scrape_project_details: local variable 'project_details' referenced before assignment
[ 2025-06-24 14:08:01,848 ] 102 RERAScrapper - INFO - Home table JSON extracted: home_table_json
[ 2025-06-24 14:08:01,879 ] 130 RERAScrapper - INFO - Home Table JSON 'home_table_json' scrapped.
[ 2025-06-24 14:08:03,277 ] 141 RERAScrapper - INFO - Promoter Details 'promoter_details' scrapped.
[ 2025-06-24 14:08:03,277 ] 142 RERAScrapper - INFO - Authorized Signatory Detail 'authorized_signatory_details' scrapped.
[ 2025-06-24 14:08:03,277 ] 143 RERAScrapper - INFO - Project Member Details 'project_member_details' scrapped.
[ 2025-06-24 14:08:03,278 ] 144 RERAScrapper - INFO - Project Land Owner Details 'project_land_owner_details' scrapped.
[ 2025-06-24 14:08:03,278 ] 145 RERAScrapper - INFO - RERA Registration Details with any other State/UTs 'rera_registration_details_with_any_details' scrapped.
[ 2025-06-24 14:08:03,278 ] 146 RERAScrapper - INFO - Previous Project Details (Last 5 years only) 'previous_project_details' scrapped.
[ 2025-06-24 14:08:05,320 ] 171 RERAScrapper - INFO - Project Details page clicked.
[ 2025-06-24 14:08:06,494 ] 186 RERAScrapper - INFO - Project Details 'project_details' scrapped.
[ 2025-06-24 14:08:06,494 ] 187 RERAScrapper - INFO - Development Details 'development_details' scrapped.
[ 2025-06-24 14:08:06,495 ] 188 RERAScrapper - INFO - External Development Work 'external_development_work' scrapped.
[ 2025-06-24 14:08:06,495 ] 189 RERAScrapper - INFO - Other External Development Work 'other_external_development_work' scrapped.
[ 2025-06-24 14:08:06,495 ] 190 RERAScrapper - INFO - Project Bank ( Escrow Account ) Details 'project_bank_details' scrapped.
[ 2025-06-24 14:08:06,495 ] 191 RERAScrapper - INFO - Project Agents 'project_agents' scrapped.
[ 2025-06-24 14:08:06,495 ] 192 RERAScrapper - INFO - Project Detail Table 'project_detail_table' scrapped.
[ 2025-06-24 14:08:06,526 ] 199 RERAScrapper - INFO - Uploaded Documents page clicked.
[ 2025-06-24 14:08:07,833 ] 213 RERAScrapper - INFO - Project Documents 'project_documents' scrapped.
[ 2025-06-24 14:08:07,833 ] 214 RERAScrapper - INFO - Project Approval 'project_approval' scrapped.
[ 2025-06-24 14:08:07,833 ] 215 RERAScrapper - INFO - Declaration 'declaration' scrapped.
[ 2025-06-24 14:08:07,833 ] 216 RERAScrapper - INFO - Other Documents 'other_documents' scrapped.
[ 2025-06-24 14:08:07,834 ] 217 RERAScrapper - INFO - Project Photo 'project_photo' scrapped.
[ 2025-06-24 14:08:07,834 ] 218 RERAScrapper - INFO - Financial Document 'financial_document' scrapped.
[ 2025-06-24 14:08:07,869 ] 227 RERAScrapper - INFO - Completion Details page clicked.
[ 2025-06-24 14:08:10,199 ] 248 RERAScrapper - WARNING - Completion Details 'completion_details' **************not************** scrapped.
[ 2025-06-24 14:08:10,200 ] 249 RERAScrapper - WARNING - Development Details 'development_details_completion' **************not************** scrapped.
[ 2025-06-24 14:08:10,200 ] 250 RERAScrapper - WARNING - Uploaded Documents 'uploaded_documents' **************not************** scrapped.
[ 2025-06-24 14:08:10,200 ] 251 RERAScrapper - WARNING - Photos Uploaded 'photos_uploaded' **************not************** scrapped.
[ 2025-06-24 14:08:16,641 ] 83 RERAScrapper - INFO - City 'Kolar' selected from dropdown.
[ 2025-06-24 14:09:04,053 ] 90 RERAScrapper - INFO - Select Button Clicked.
