[ 2025-06-20 11:03:08,244 ] 346 undetected_chromedriver.patcher - INFO - patching driver executable C:\Users\Utkarsh\appdata\roaming\undetected_chromedriver\undetected_chromedriver.exe
[ 2025-06-20 11:03:08,837 ] 62 RERAScrapper - INFO - Browser initialized successfully.
[ 2025-06-20 11:03:12,745 ] 70 RERAScrapper - INFO - Navigated to URL: https://rera.karnataka.gov.in/viewAllProjects
[ 2025-06-20 11:03:12,922 ] 83 RERAScrapper - INFO - City 'Kolar' selected from dropdown.
[ 2025-06-20 11:03:17,906 ] 90 RERAScrapper - INFO - Select Button Clicked.
[ 2025-06-20 11:03:18,967 ] 102 RERAScrapper - INFO - Home table JSON extracted: home_table_json
[ 2025-06-20 11:03:20,365 ] 134 RERAScrapper - INFO - Promoter Details 'promoter_details' scrapped.
[ 2025-06-20 11:03:20,365 ] 135 RERAScrapper - INFO - Authorized Signatory Detail 'authorized_signatory_details' scrapped.
[ 2025-06-20 11:03:20,365 ] 136 RERAScrapper - INFO - Project Member Details 'project_member_details' scrapped.
[ 2025-06-20 11:03:20,365 ] 137 RERAScrapper - INFO - Project Land Owner Details 'project_land_owner_details' scrapped.
[ 2025-06-20 11:03:20,365 ] 138 RERAScrapper - INFO - RERA Registration Details with any other State/UTs 'rera_registration_details_with_any_details' scrapped.
[ 2025-06-20 11:03:20,365 ] 139 RERAScrapper - INFO - Previous Project Details (Last 5 years only) 'previous_project_details' scrapped.
[ 2025-06-20 11:03:22,402 ] 148 RERAScrapper - INFO - Project Details page clicked.
[ 2025-06-20 11:03:23,652 ] 163 RERAScrapper - INFO - Project Details 'project_details' scrapped.
[ 2025-06-20 11:03:23,652 ] 164 RERAScrapper - INFO - Development Details 'development_details' scrapped.
[ 2025-06-20 11:03:23,653 ] 165 RERAScrapper - INFO - External Development Work 'external_development_work' scrapped.
[ 2025-06-20 11:03:23,653 ] 166 RERAScrapper - INFO - Other External Development Work 'other_external_development_work' scrapped.
[ 2025-06-20 11:03:23,653 ] 167 RERAScrapper - INFO - Project Bank ( Escrow Account ) Details 'project_bank_details' scrapped.
[ 2025-06-20 11:03:23,653 ] 168 RERAScrapper - INFO - Project Agents 'project_agents' scrapped.
[ 2025-06-20 11:03:23,653 ] 169 RERAScrapper - INFO - Project Detail Table 'project_detail_table' scrapped.
[ 2025-06-20 11:03:23,689 ] 176 RERAScrapper - INFO - Uploaded Documents page clicked.
[ 2025-06-20 11:03:25,419 ] 190 RERAScrapper - INFO - Project Documents 'project_documents' scrapped.
[ 2025-06-20 11:03:25,420 ] 191 RERAScrapper - INFO - Project Approval 'project_approval' scrapped.
[ 2025-06-20 11:03:25,420 ] 192 RERAScrapper - INFO - Declaration 'declaration' scrapped.
[ 2025-06-20 11:03:25,420 ] 193 RERAScrapper - INFO - Other Documents 'other_documents' scrapped.
[ 2025-06-20 11:03:25,420 ] 194 RERAScrapper - INFO - Project Photo 'project_photo' scrapped.
[ 2025-06-20 11:03:25,420 ] 195 RERAScrapper - INFO - Financial Document 'financial_document' scrapped.
[ 2025-06-20 11:03:25,455 ] 204 RERAScrapper - INFO - Completion Details page clicked.
[ 2025-06-20 11:03:25,651 ] 212 RERAScrapper - INFO - Completion Details '{
    "": {
        "": []
    }
}' scrapped.
[ 2025-06-20 11:03:32,407 ] 102 RERAScrapper - INFO - Home table JSON extracted: home_table_json
[ 2025-06-20 11:03:33,955 ] 134 RERAScrapper - INFO - Promoter Details 'promoter_details' scrapped.
[ 2025-06-20 11:03:33,955 ] 135 RERAScrapper - INFO - Authorized Signatory Detail 'authorized_signatory_details' scrapped.
[ 2025-06-20 11:03:33,955 ] 136 RERAScrapper - INFO - Project Member Details 'project_member_details' scrapped.
[ 2025-06-20 11:03:33,955 ] 137 RERAScrapper - INFO - Project Land Owner Details 'project_land_owner_details' scrapped.
[ 2025-06-20 11:03:33,955 ] 138 RERAScrapper - INFO - RERA Registration Details with any other State/UTs 'rera_registration_details_with_any_details' scrapped.
[ 2025-06-20 11:03:33,956 ] 139 RERAScrapper - INFO - Previous Project Details (Last 5 years only) 'previous_project_details' scrapped.
[ 2025-06-20 11:03:35,991 ] 148 RERAScrapper - INFO - Project Details page clicked.
[ 2025-06-20 11:03:37,837 ] 163 RERAScrapper - INFO - Project Details 'project_details' scrapped.
[ 2025-06-20 11:03:37,837 ] 164 RERAScrapper - INFO - Development Details 'development_details' scrapped.
[ 2025-06-20 11:03:37,837 ] 165 RERAScrapper - INFO - External Development Work 'external_development_work' scrapped.
[ 2025-06-20 11:03:37,837 ] 166 RERAScrapper - INFO - Other External Development Work 'other_external_development_work' scrapped.
[ 2025-06-20 11:03:37,837 ] 167 RERAScrapper - INFO - Project Bank ( Escrow Account ) Details 'project_bank_details' scrapped.
[ 2025-06-20 11:03:37,838 ] 168 RERAScrapper - INFO - Project Agents 'project_agents' scrapped.
[ 2025-06-20 11:03:37,838 ] 169 RERAScrapper - INFO - Project Detail Table 'project_detail_table' scrapped.
[ 2025-06-20 11:03:37,870 ] 176 RERAScrapper - INFO - Uploaded Documents page clicked.
[ 2025-06-20 11:03:40,149 ] 190 RERAScrapper - INFO - Project Documents 'project_documents' scrapped.
[ 2025-06-20 11:03:40,150 ] 191 RERAScrapper - INFO - Project Approval 'project_approval' scrapped.
[ 2025-06-20 11:03:40,150 ] 192 RERAScrapper - INFO - Declaration 'declaration' scrapped.
[ 2025-06-20 11:03:40,150 ] 193 RERAScrapper - INFO - Other Documents 'other_documents' scrapped.
[ 2025-06-20 11:03:40,150 ] 194 RERAScrapper - INFO - Project Photo 'project_photo' scrapped.
[ 2025-06-20 11:03:40,151 ] 195 RERAScrapper - INFO - Financial Document 'financial_document' scrapped.
[ 2025-06-20 11:04:00,183 ] 206 RERAScrapper - ERROR - Timed out waiting for Completion Details page: Message: 
Stacktrace:
	GetHandleVerifier [0x0x11c3b03+62899]
	GetHandleVerifier [0x0x11c3b44+62964]
	(No symbol) [0x0xff10f3]
	(No symbol) [0x0x103980e]
	(No symbol) [0x0x1039bab]
	(No symbol) [0x0x10825c2]
	(No symbol) [0x0x105e554]
	(No symbol) [0x0x107fd81]
	(No symbol) [0x0x105e306]
	(No symbol) [0x0x102d670]
	(No symbol) [0x0x102e4e4]
	GetHandleVerifier [0x0x1424793+2556483]
	GetHandleVerifier [0x0x141fd02+2537394]
	GetHandleVerifier [0x0x11ea2fa+220586]
	GetHandleVerifier [0x0x11daae8+157080]
	GetHandleVerifier [0x0x11e141d+184013]
	GetHandleVerifier [0x0x11cba68+95512]
	GetHandleVerifier [0x0x11cbc10+95936]
	GetHandleVerifier [0x0x11b6b5a+9738]
	BaseThreadInitThunk [0x0x75edfcc9+25]
	RtlGetAppContainerNamedObjectPath [0x0x77e682ae+286]
	RtlGetAppContainerNamedObjectPath [0x0x77e6827e+238]

[ 2025-06-20 11:04:04,379 ] 83 RERAScrapper - INFO - City 'Kolar' selected from dropdown.
[ 2025-06-20 11:04:10,265 ] 90 RERAScrapper - INFO - Select Button Clicked.
[ 2025-06-20 11:04:17,393 ] 102 RERAScrapper - INFO - Home table JSON extracted: home_table_json
[ 2025-06-20 11:04:37,459 ] 253 RERAScrapper - ERROR - An error occurred in scrape_project_details: local variable 'h1_elements' referenced before assignment
