[ 2025-06-25 15:44:40,537 ] 346 undetected_chromedriver.patcher - INFO - patching driver executable C:\Users\Utkarsh\appdata\roaming\undetected_chromedriver\undetected_chromedriver.exe
[ 2025-06-25 15:44:40,806 ] 63 RERAScrapper - ERROR - Error initializing browser: [WinError 183] Cannot create a file when that file already exists: 'C:\\Users\\Utkarsh\\appdata\\roaming\\undetected_chromedriver\\undetected\\chromedriver-win32\\chromedriver.exe' -> 'C:\\Users\\Utkarsh\\appdata\\roaming\\undetected_chromedriver\\undetected_chromedriver.exe'
[ 2025-06-25 15:44:41,162 ] 61 RERAScrapper - INFO - Browser initialized successfully.
[ 2025-06-25 15:44:44,440 ] 69 RERAScrapper - INFO - Navigated to URL: https://rera.karnataka.gov.in/viewAllProjects
[ 2025-06-25 15:44:44,441 ] 95 RERAScrapper - ERROR - Error during city selection: Message: no such window: target window already closed
from unknown error: web view not found
  (Session info: chrome=137.0.7151.120)
Stacktrace:
	GetHandleVerifier [0x0xa73b03+62899]
	GetHandleVerifier [0x0xa73b44+62964]
	(No symbol) [0x0x8a10f3]
	(No symbol) [0x0x87ff59]
	(No symbol) [0x0x914f7e]
	(No symbol) [0x0x92f6a9]
	(No symbol) [0x0x90e306]
	(No symbol) [0x0x8dd670]
	(No symbol) [0x0x8de4e4]
	GetHandleVerifier [0x0xcd4793+2556483]
	GetHandleVerifier [0x0xccfd02+2537394]
	GetHandleVerifier [0x0xa9a2fa+220586]
	GetHandleVerifier [0x0xa8aae8+157080]
	GetHandleVerifier [0x0xa9141d+184013]
	GetHandleVerifier [0x0xa7ba68+95512]
	GetHandleVerifier [0x0xa7bc10+95936]
	GetHandleVerifier [0x0xa66b5a+9738]
	BaseThreadInitThunk [0x0x774afcc9+25]
	RtlGetAppContainerNamedObjectPath [0x0x776a82ae+286]
	RtlGetAppContainerNamedObjectPath [0x0x776a827e+238]

[ 2025-06-25 15:45:00,541 ] 61 RERAScrapper - INFO - Browser initialized successfully.
[ 2025-06-25 15:45:01,914 ] 69 RERAScrapper - INFO - Navigated to URL: https://rera.karnataka.gov.in/viewAllProjects
[ 2025-06-25 15:45:01,915 ] 95 RERAScrapper - ERROR - Error during city selection: Message: no such window: target window already closed
from unknown error: web view not found
  (Session info: chrome=137.0.7151.120)
Stacktrace:
	GetHandleVerifier [0x0xa73b03+62899]
	GetHandleVerifier [0x0xa73b44+62964]
	(No symbol) [0x0x8a10f3]
	(No symbol) [0x0x87ff59]
	(No symbol) [0x0x914f7e]
	(No symbol) [0x0x92f6a9]
	(No symbol) [0x0x90e306]
	(No symbol) [0x0x8dd670]
	(No symbol) [0x0x8de4e4]
	GetHandleVerifier [0x0xcd4793+2556483]
	GetHandleVerifier [0x0xccfd02+2537394]
	GetHandleVerifier [0x0xa9a2fa+220586]
	GetHandleVerifier [0x0xa8aae8+157080]
	GetHandleVerifier [0x0xa9141d+184013]
	GetHandleVerifier [0x0xa7ba68+95512]
	GetHandleVerifier [0x0xa7bc10+95936]
	GetHandleVerifier [0x0xa66b5a+9738]
	BaseThreadInitThunk [0x0x774afcc9+25]
	RtlGetAppContainerNamedObjectPath [0x0x776a82ae+286]
	RtlGetAppContainerNamedObjectPath [0x0x776a827e+238]

