[ 2025-06-24 11:58:36,132 ] 346 undetected_chromedriver.patcher - INFO - patching driver executable C:\Users\Utkarsh\appdata\roaming\undetected_chromedriver\undetected_chromedriver.exe
[ 2025-06-24 11:58:36,761 ] 62 RERAScrapper - INFO - Browser initialized successfully.
[ 2025-06-24 11:58:42,243 ] 70 RERAScrapper - INFO - Navigated to URL: https://rera.karnataka.gov.in/viewAllProjects
[ 2025-06-24 11:58:46,286 ] 83 RERAScrapper - INFO - City 'Kolar' selected from dropdown.
[ 2025-06-24 11:58:51,033 ] 90 RERAScrapper - INFO - Select Button Clicked.
[ 2025-06-24 11:58:52,107 ] 102 RERAScrapper - INFO - Home table JSON extracted: home_table_json
[ 2025-06-24 11:58:52,138 ] 130 RERAScrapper - INFO - Home Table JSON 'home_table_json' scrapped.
[ 2025-06-24 11:58:53,022 ] 140 RERAScrapper - INFO - Promoter Details 'promoter_details' scrapped.
[ 2025-06-24 11:58:53,023 ] 141 RERAScrapper - INFO - Authorized Signatory Detail 'authorized_signatory_details' scrapped.
[ 2025-06-24 11:58:53,023 ] 142 RERAScrapper - INFO - Project Member Details 'project_member_details' scrapped.
[ 2025-06-24 11:58:53,023 ] 143 RERAScrapper - INFO - Project Land Owner Details 'project_land_owner_details' scrapped.
[ 2025-06-24 11:58:53,023 ] 144 RERAScrapper - INFO - RERA Registration Details with any other State/UTs 'rera_registration_details_with_any_details' scrapped.
[ 2025-06-24 11:58:53,023 ] 145 RERAScrapper - INFO - Previous Project Details (Last 5 years only) 'previous_project_details' scrapped.
[ 2025-06-24 11:58:55,072 ] 154 RERAScrapper - INFO - Project Details page clicked.
[ 2025-06-24 11:58:56,332 ] 169 RERAScrapper - INFO - Project Details 'project_details' scrapped.
[ 2025-06-24 11:58:56,333 ] 170 RERAScrapper - INFO - Development Details 'development_details' scrapped.
[ 2025-06-24 11:58:56,333 ] 171 RERAScrapper - INFO - External Development Work 'external_development_work' scrapped.
[ 2025-06-24 11:58:56,333 ] 172 RERAScrapper - INFO - Other External Development Work 'other_external_development_work' scrapped.
[ 2025-06-24 11:58:56,333 ] 173 RERAScrapper - INFO - Project Bank ( Escrow Account ) Details 'project_bank_details' scrapped.
[ 2025-06-24 11:58:56,333 ] 174 RERAScrapper - INFO - Project Agents 'project_agents' scrapped.
[ 2025-06-24 11:58:56,333 ] 175 RERAScrapper - INFO - Project Detail Table 'project_detail_table' scrapped.
[ 2025-06-24 11:58:56,369 ] 182 RERAScrapper - INFO - Uploaded Documents page clicked.
[ 2025-06-24 11:58:58,093 ] 196 RERAScrapper - INFO - Project Documents 'project_documents' scrapped.
[ 2025-06-24 11:58:58,093 ] 197 RERAScrapper - INFO - Project Approval 'project_approval' scrapped.
[ 2025-06-24 11:58:58,094 ] 198 RERAScrapper - INFO - Declaration 'declaration' scrapped.
[ 2025-06-24 11:58:58,094 ] 199 RERAScrapper - INFO - Other Documents 'other_documents' scrapped.
[ 2025-06-24 11:58:58,094 ] 200 RERAScrapper - INFO - Project Photo 'project_photo' scrapped.
[ 2025-06-24 11:58:58,094 ] 201 RERAScrapper - INFO - Financial Document 'financial_document' scrapped.
[ 2025-06-24 11:58:58,133 ] 210 RERAScrapper - INFO - Completion Details page clicked.
[ 2025-06-24 11:59:00,999 ] 226 RERAScrapper - INFO - Completion Details 'completion_details' scrapped.
[ 2025-06-24 11:59:01,000 ] 227 RERAScrapper - INFO - Development Details 'development_details' scrapped.
[ 2025-06-24 11:59:01,000 ] 228 RERAScrapper - INFO - Uploaded Documents 'uploaded_documents' scrapped.
[ 2025-06-24 11:59:01,000 ] 229 RERAScrapper - INFO - Photos Uploaded 'photos_uploaded' scrapped.
[ 2025-06-24 11:59:09,955 ] 102 RERAScrapper - INFO - Home table JSON extracted: home_table_json
[ 2025-06-24 11:59:09,990 ] 130 RERAScrapper - INFO - Home Table JSON 'home_table_json' scrapped.
[ 2025-06-24 11:59:11,531 ] 140 RERAScrapper - INFO - Promoter Details 'promoter_details' scrapped.
[ 2025-06-24 11:59:11,531 ] 141 RERAScrapper - INFO - Authorized Signatory Detail 'authorized_signatory_details' scrapped.
[ 2025-06-24 11:59:11,532 ] 142 RERAScrapper - INFO - Project Member Details 'project_member_details' scrapped.
[ 2025-06-24 11:59:11,532 ] 143 RERAScrapper - INFO - Project Land Owner Details 'project_land_owner_details' scrapped.
[ 2025-06-24 11:59:11,532 ] 144 RERAScrapper - INFO - RERA Registration Details with any other State/UTs 'rera_registration_details_with_any_details' scrapped.
[ 2025-06-24 11:59:11,532 ] 145 RERAScrapper - INFO - Previous Project Details (Last 5 years only) 'previous_project_details' scrapped.
[ 2025-06-24 11:59:13,581 ] 154 RERAScrapper - INFO - Project Details page clicked.
[ 2025-06-24 11:59:15,552 ] 169 RERAScrapper - INFO - Project Details 'project_details' scrapped.
[ 2025-06-24 11:59:15,552 ] 170 RERAScrapper - INFO - Development Details 'development_details' scrapped.
[ 2025-06-24 11:59:15,552 ] 171 RERAScrapper - INFO - External Development Work 'external_development_work' scrapped.
[ 2025-06-24 11:59:15,552 ] 172 RERAScrapper - INFO - Other External Development Work 'other_external_development_work' scrapped.
[ 2025-06-24 11:59:15,552 ] 173 RERAScrapper - INFO - Project Bank ( Escrow Account ) Details 'project_bank_details' scrapped.
[ 2025-06-24 11:59:15,552 ] 174 RERAScrapper - INFO - Project Agents 'project_agents' scrapped.
[ 2025-06-24 11:59:15,552 ] 175 RERAScrapper - INFO - Project Detail Table 'project_detail_table' scrapped.
[ 2025-06-24 11:59:15,591 ] 182 RERAScrapper - INFO - Uploaded Documents page clicked.
[ 2025-06-24 11:59:18,157 ] 196 RERAScrapper - INFO - Project Documents 'project_documents' scrapped.
[ 2025-06-24 11:59:18,157 ] 197 RERAScrapper - INFO - Project Approval 'project_approval' scrapped.
[ 2025-06-24 11:59:18,157 ] 198 RERAScrapper - INFO - Declaration 'declaration' scrapped.
[ 2025-06-24 11:59:18,158 ] 199 RERAScrapper - INFO - Other Documents 'other_documents' scrapped.
[ 2025-06-24 11:59:18,158 ] 200 RERAScrapper - INFO - Project Photo 'project_photo' scrapped.
[ 2025-06-24 11:59:18,158 ] 201 RERAScrapper - INFO - Financial Document 'financial_document' scrapped.
[ 2025-06-24 11:59:38,670 ] 212 RERAScrapper - ERROR - Timed out waiting for Completion Details page: Message: 
Stacktrace:
	GetHandleVerifier [0x0x533b03+62899]
	GetHandleVerifier [0x0x533b44+62964]
	(No symbol) [0x0x3610f3]
	(No symbol) [0x0x3a980e]
	(No symbol) [0x0x3a9bab]
	(No symbol) [0x0x3f25c2]
	(No symbol) [0x0x3ce554]
	(No symbol) [0x0x3efd81]
	(No symbol) [0x0x3ce306]
	(No symbol) [0x0x39d670]
	(No symbol) [0x0x39e4e4]
	GetHandleVerifier [0x0x794793+2556483]
	GetHandleVerifier [0x0x78fd02+2537394]
	GetHandleVerifier [0x0x55a2fa+220586]
	GetHandleVerifier [0x0x54aae8+157080]
	GetHandleVerifier [0x0x55141d+184013]
	GetHandleVerifier [0x0x53ba68+95512]
	GetHandleVerifier [0x0x53bc10+95936]
	GetHandleVerifier [0x0x526b5a+9738]
	BaseThreadInitThunk [0x0x774afcc9+25]
	RtlGetAppContainerNamedObjectPath [0x0x776a82ae+286]
	RtlGetAppContainerNamedObjectPath [0x0x776a827e+238]

[ 2025-06-24 11:59:40,684 ] 274 RERAScrapper - ERROR - An error occurred in scrape_project_details: local variable 'uploaded_documents' referenced before assignment
[ 2025-06-24 11:59:44,879 ] 83 RERAScrapper - INFO - City 'Kolar' selected from dropdown.
[ 2025-06-24 11:59:45,927 ] 90 RERAScrapper - INFO - Select Button Clicked.
[ 2025-06-24 11:59:53,692 ] 102 RERAScrapper - INFO - Home table JSON extracted: home_table_json
[ 2025-06-24 11:59:53,728 ] 130 RERAScrapper - INFO - Home Table JSON 'home_table_json' scrapped.
[ 2025-06-24 12:00:14,225 ] 274 RERAScrapper - ERROR - An error occurred in scrape_project_details: local variable 'h1_elements' referenced before assignment
[ 2025-06-24 12:00:18,288 ] 102 RERAScrapper - INFO - Home table JSON extracted: home_table_json
[ 2025-06-24 12:00:18,323 ] 130 RERAScrapper - INFO - Home Table JSON 'home_table_json' scrapped.
[ 2025-06-24 12:00:38,335 ] 274 RERAScrapper - ERROR - An error occurred in scrape_project_details: local variable 'h1_elements' referenced before assignment
[ 2025-06-24 12:00:42,397 ] 102 RERAScrapper - INFO - Home table JSON extracted: home_table_json
[ 2025-06-24 12:00:42,429 ] 130 RERAScrapper - INFO - Home Table JSON 'home_table_json' scrapped.
[ 2025-06-24 12:00:53,911 ] 274 RERAScrapper - ERROR - An error occurred in scrape_project_details: local variable 'h1_elements' referenced before assignment
[ 2025-06-24 12:00:58,013 ] 83 RERAScrapper - INFO - City 'Kolar' selected from dropdown.
[ 2025-06-24 12:00:59,050 ] 90 RERAScrapper - INFO - Select Button Clicked.
[ 2025-06-24 12:01:06,829 ] 102 RERAScrapper - INFO - Home table JSON extracted: home_table_json
[ 2025-06-24 12:01:06,860 ] 130 RERAScrapper - INFO - Home Table JSON 'home_table_json' scrapped.
[ 2025-06-24 12:01:27,367 ] 274 RERAScrapper - ERROR - An error occurred in scrape_project_details: local variable 'h1_elements' referenced before assignment
[ 2025-06-24 12:01:31,445 ] 102 RERAScrapper - INFO - Home table JSON extracted: home_table_json
[ 2025-06-24 12:01:31,483 ] 130 RERAScrapper - INFO - Home Table JSON 'home_table_json' scrapped.
[ 2025-06-24 12:01:32,789 ] 140 RERAScrapper - INFO - Promoter Details 'promoter_details' scrapped.
[ 2025-06-24 12:01:32,789 ] 141 RERAScrapper - INFO - Authorized Signatory Detail 'authorized_signatory_details' scrapped.
[ 2025-06-24 12:01:32,790 ] 142 RERAScrapper - INFO - Project Member Details 'project_member_details' scrapped.
[ 2025-06-24 12:01:32,790 ] 143 RERAScrapper - INFO - Project Land Owner Details 'project_land_owner_details' scrapped.
[ 2025-06-24 12:01:32,790 ] 144 RERAScrapper - INFO - RERA Registration Details with any other State/UTs 'rera_registration_details_with_any_details' scrapped.
[ 2025-06-24 12:01:32,790 ] 145 RERAScrapper - INFO - Previous Project Details (Last 5 years only) 'previous_project_details' scrapped.
[ 2025-06-24 12:01:34,834 ] 154 RERAScrapper - INFO - Project Details page clicked.
[ 2025-06-24 12:01:35,752 ] 169 RERAScrapper - INFO - Project Details 'project_details' scrapped.
[ 2025-06-24 12:01:35,752 ] 170 RERAScrapper - INFO - Development Details 'development_details' scrapped.
[ 2025-06-24 12:01:35,753 ] 171 RERAScrapper - INFO - External Development Work 'external_development_work' scrapped.
[ 2025-06-24 12:01:35,753 ] 172 RERAScrapper - INFO - Other External Development Work 'other_external_development_work' scrapped.
[ 2025-06-24 12:01:35,753 ] 173 RERAScrapper - INFO - Project Bank ( Escrow Account ) Details 'project_bank_details' scrapped.
[ 2025-06-24 12:01:35,753 ] 174 RERAScrapper - INFO - Project Agents 'project_agents' scrapped.
[ 2025-06-24 12:01:35,753 ] 175 RERAScrapper - INFO - Project Detail Table 'project_detail_table' scrapped.
[ 2025-06-24 12:01:35,788 ] 182 RERAScrapper - INFO - Uploaded Documents page clicked.
[ 2025-06-24 12:01:36,942 ] 196 RERAScrapper - INFO - Project Documents 'project_documents' scrapped.
[ 2025-06-24 12:01:36,942 ] 197 RERAScrapper - INFO - Project Approval 'project_approval' scrapped.
[ 2025-06-24 12:01:36,942 ] 198 RERAScrapper - INFO - Declaration 'declaration' scrapped.
[ 2025-06-24 12:01:36,943 ] 199 RERAScrapper - INFO - Other Documents 'other_documents' scrapped.
[ 2025-06-24 12:01:36,943 ] 200 RERAScrapper - INFO - Project Photo 'project_photo' scrapped.
[ 2025-06-24 12:01:36,943 ] 201 RERAScrapper - INFO - Financial Document 'financial_document' scrapped.
[ 2025-06-24 12:01:56,975 ] 212 RERAScrapper - ERROR - Timed out waiting for Completion Details page: Message: 
Stacktrace:
	GetHandleVerifier [0x0x533b03+62899]
	GetHandleVerifier [0x0x533b44+62964]
	(No symbol) [0x0x3610f3]
	(No symbol) [0x0x3a980e]
	(No symbol) [0x0x3a9bab]
	(No symbol) [0x0x3f25c2]
	(No symbol) [0x0x3ce554]
	(No symbol) [0x0x3efd81]
	(No symbol) [0x0x3ce306]
	(No symbol) [0x0x39d670]
	(No symbol) [0x0x39e4e4]
	GetHandleVerifier [0x0x794793+2556483]
	GetHandleVerifier [0x0x78fd02+2537394]
	GetHandleVerifier [0x0x55a2fa+220586]
	GetHandleVerifier [0x0x54aae8+157080]
	GetHandleVerifier [0x0x55141d+184013]
	GetHandleVerifier [0x0x53ba68+95512]
	GetHandleVerifier [0x0x53bc10+95936]
	GetHandleVerifier [0x0x526b5a+9738]
	BaseThreadInitThunk [0x0x774afcc9+25]
	RtlGetAppContainerNamedObjectPath [0x0x776a82ae+286]
	RtlGetAppContainerNamedObjectPath [0x0x776a827e+238]

[ 2025-06-24 12:01:58,987 ] 274 RERAScrapper - ERROR - An error occurred in scrape_project_details: local variable 'uploaded_documents' referenced before assignment
[ 2025-06-24 12:02:03,105 ] 83 RERAScrapper - INFO - City 'Kolar' selected from dropdown.
[ 2025-06-24 12:02:08,367 ] 90 RERAScrapper - INFO - Select Button Clicked.
[ 2025-06-24 12:02:15,428 ] 102 RERAScrapper - INFO - Home table JSON extracted: home_table_json
[ 2025-06-24 12:02:15,465 ] 130 RERAScrapper - INFO - Home Table JSON 'home_table_json' scrapped.
[ 2025-06-24 12:02:16,889 ] 140 RERAScrapper - INFO - Promoter Details 'promoter_details' scrapped.
[ 2025-06-24 12:02:16,890 ] 141 RERAScrapper - INFO - Authorized Signatory Detail 'authorized_signatory_details' scrapped.
[ 2025-06-24 12:02:16,890 ] 142 RERAScrapper - INFO - Project Member Details 'project_member_details' scrapped.
[ 2025-06-24 12:02:16,890 ] 143 RERAScrapper - INFO - Project Land Owner Details 'project_land_owner_details' scrapped.
[ 2025-06-24 12:02:16,890 ] 144 RERAScrapper - INFO - RERA Registration Details with any other State/UTs 'rera_registration_details_with_any_details' scrapped.
[ 2025-06-24 12:02:16,890 ] 145 RERAScrapper - INFO - Previous Project Details (Last 5 years only) 'previous_project_details' scrapped.
[ 2025-06-24 12:02:18,931 ] 154 RERAScrapper - INFO - Project Details page clicked.
[ 2025-06-24 12:02:19,911 ] 169 RERAScrapper - INFO - Project Details 'project_details' scrapped.
[ 2025-06-24 12:02:19,911 ] 170 RERAScrapper - INFO - Development Details 'development_details' scrapped.
[ 2025-06-24 12:02:19,911 ] 171 RERAScrapper - INFO - External Development Work 'external_development_work' scrapped.
[ 2025-06-24 12:02:19,911 ] 172 RERAScrapper - INFO - Other External Development Work 'other_external_development_work' scrapped.
[ 2025-06-24 12:02:19,912 ] 173 RERAScrapper - INFO - Project Bank ( Escrow Account ) Details 'project_bank_details' scrapped.
[ 2025-06-24 12:02:19,912 ] 174 RERAScrapper - INFO - Project Agents 'project_agents' scrapped.
[ 2025-06-24 12:02:19,912 ] 175 RERAScrapper - INFO - Project Detail Table 'project_detail_table' scrapped.
[ 2025-06-24 12:02:19,942 ] 182 RERAScrapper - INFO - Uploaded Documents page clicked.
[ 2025-06-24 12:02:21,079 ] 196 RERAScrapper - INFO - Project Documents 'project_documents' scrapped.
[ 2025-06-24 12:02:21,079 ] 197 RERAScrapper - INFO - Project Approval 'project_approval' scrapped.
[ 2025-06-24 12:02:21,079 ] 198 RERAScrapper - INFO - Declaration 'declaration' scrapped.
[ 2025-06-24 12:02:21,079 ] 199 RERAScrapper - INFO - Other Documents 'other_documents' scrapped.
[ 2025-06-24 12:02:21,080 ] 200 RERAScrapper - INFO - Project Photo 'project_photo' scrapped.
[ 2025-06-24 12:02:21,080 ] 201 RERAScrapper - INFO - Financial Document 'financial_document' scrapped.
[ 2025-06-24 12:02:41,117 ] 212 RERAScrapper - ERROR - Timed out waiting for Completion Details page: Message: 
Stacktrace:
	GetHandleVerifier [0x0x533b03+62899]
	GetHandleVerifier [0x0x533b44+62964]
	(No symbol) [0x0x3610f3]
	(No symbol) [0x0x3a980e]
	(No symbol) [0x0x3a9bab]
	(No symbol) [0x0x3f25c2]
	(No symbol) [0x0x3ce554]
	(No symbol) [0x0x3efd81]
	(No symbol) [0x0x3ce306]
	(No symbol) [0x0x39d670]
	(No symbol) [0x0x39e4e4]
	GetHandleVerifier [0x0x794793+2556483]
	GetHandleVerifier [0x0x78fd02+2537394]
	GetHandleVerifier [0x0x55a2fa+220586]
	GetHandleVerifier [0x0x54aae8+157080]
	GetHandleVerifier [0x0x55141d+184013]
	GetHandleVerifier [0x0x53ba68+95512]
	GetHandleVerifier [0x0x53bc10+95936]
	GetHandleVerifier [0x0x526b5a+9738]
	BaseThreadInitThunk [0x0x774afcc9+25]
	RtlGetAppContainerNamedObjectPath [0x0x776a82ae+286]
	RtlGetAppContainerNamedObjectPath [0x0x776a827e+238]

[ 2025-06-24 12:02:43,119 ] 274 RERAScrapper - ERROR - An error occurred in scrape_project_details: local variable 'uploaded_documents' referenced before assignment
[ 2025-06-24 12:02:47,236 ] 83 RERAScrapper - INFO - City 'Kolar' selected from dropdown.
[ 2025-06-24 12:02:48,278 ] 90 RERAScrapper - INFO - Select Button Clicked.
[ 2025-06-24 12:02:56,229 ] 102 RERAScrapper - INFO - Home table JSON extracted: home_table_json
[ 2025-06-24 12:02:56,260 ] 130 RERAScrapper - INFO - Home Table JSON 'home_table_json' scrapped.
[ 2025-06-24 12:03:16,274 ] 274 RERAScrapper - ERROR - An error occurred in scrape_project_details: local variable 'h1_elements' referenced before assignment
[ 2025-06-24 12:03:20,353 ] 102 RERAScrapper - INFO - Home table JSON extracted: home_table_json
[ 2025-06-24 12:03:20,393 ] 130 RERAScrapper - INFO - Home Table JSON 'home_table_json' scrapped.
[ 2025-06-24 12:03:21,856 ] 140 RERAScrapper - INFO - Promoter Details 'promoter_details' scrapped.
[ 2025-06-24 12:03:21,857 ] 141 RERAScrapper - INFO - Authorized Signatory Detail 'authorized_signatory_details' scrapped.
[ 2025-06-24 12:03:21,857 ] 142 RERAScrapper - INFO - Project Member Details 'project_member_details' scrapped.
[ 2025-06-24 12:03:21,857 ] 143 RERAScrapper - INFO - Project Land Owner Details 'project_land_owner_details' scrapped.
[ 2025-06-24 12:03:21,857 ] 144 RERAScrapper - INFO - RERA Registration Details with any other State/UTs 'rera_registration_details_with_any_details' scrapped.
[ 2025-06-24 12:03:21,857 ] 145 RERAScrapper - INFO - Previous Project Details (Last 5 years only) 'previous_project_details' scrapped.
[ 2025-06-24 12:03:23,899 ] 154 RERAScrapper - INFO - Project Details page clicked.
[ 2025-06-24 12:03:24,908 ] 169 RERAScrapper - INFO - Project Details 'project_details' scrapped.
[ 2025-06-24 12:03:24,908 ] 170 RERAScrapper - INFO - Development Details 'development_details' scrapped.
[ 2025-06-24 12:03:24,909 ] 171 RERAScrapper - INFO - External Development Work 'external_development_work' scrapped.
[ 2025-06-24 12:03:24,909 ] 172 RERAScrapper - INFO - Other External Development Work 'other_external_development_work' scrapped.
[ 2025-06-24 12:03:24,909 ] 173 RERAScrapper - INFO - Project Bank ( Escrow Account ) Details 'project_bank_details' scrapped.
[ 2025-06-24 12:03:24,909 ] 174 RERAScrapper - INFO - Project Agents 'project_agents' scrapped.
[ 2025-06-24 12:03:24,909 ] 175 RERAScrapper - INFO - Project Detail Table 'project_detail_table' scrapped.
[ 2025-06-24 12:03:24,944 ] 182 RERAScrapper - INFO - Uploaded Documents page clicked.
[ 2025-06-24 12:03:26,201 ] 196 RERAScrapper - INFO - Project Documents 'project_documents' scrapped.
[ 2025-06-24 12:03:26,201 ] 197 RERAScrapper - INFO - Project Approval 'project_approval' scrapped.
[ 2025-06-24 12:03:26,201 ] 198 RERAScrapper - INFO - Declaration 'declaration' scrapped.
[ 2025-06-24 12:03:26,201 ] 199 RERAScrapper - INFO - Other Documents 'other_documents' scrapped.
[ 2025-06-24 12:03:26,201 ] 200 RERAScrapper - INFO - Project Photo 'project_photo' scrapped.
[ 2025-06-24 12:03:26,202 ] 201 RERAScrapper - INFO - Financial Document 'financial_document' scrapped.
[ 2025-06-24 12:03:46,227 ] 212 RERAScrapper - ERROR - Timed out waiting for Completion Details page: Message: 
Stacktrace:
	GetHandleVerifier [0x0x533b03+62899]
	GetHandleVerifier [0x0x533b44+62964]
	(No symbol) [0x0x3610f3]
	(No symbol) [0x0x3a980e]
	(No symbol) [0x0x3a9bab]
	(No symbol) [0x0x3f25c2]
	(No symbol) [0x0x3ce554]
	(No symbol) [0x0x3efd81]
	(No symbol) [0x0x3ce306]
	(No symbol) [0x0x39d670]
	(No symbol) [0x0x39e4e4]
	GetHandleVerifier [0x0x794793+2556483]
	GetHandleVerifier [0x0x78fd02+2537394]
	GetHandleVerifier [0x0x55a2fa+220586]
	GetHandleVerifier [0x0x54aae8+157080]
	GetHandleVerifier [0x0x55141d+184013]
	GetHandleVerifier [0x0x53ba68+95512]
	GetHandleVerifier [0x0x53bc10+95936]
	GetHandleVerifier [0x0x526b5a+9738]
	BaseThreadInitThunk [0x0x774afcc9+25]
	RtlGetAppContainerNamedObjectPath [0x0x776a82ae+286]
	RtlGetAppContainerNamedObjectPath [0x0x776a827e+238]

[ 2025-06-24 12:03:48,237 ] 274 RERAScrapper - ERROR - An error occurred in scrape_project_details: local variable 'uploaded_documents' referenced before assignment
[ 2025-06-24 12:03:52,339 ] 83 RERAScrapper - INFO - City 'Kolar' selected from dropdown.
[ 2025-06-24 12:03:53,382 ] 90 RERAScrapper - INFO - Select Button Clicked.
[ 2025-06-24 12:04:03,632 ] 102 RERAScrapper - INFO - Home table JSON extracted: home_table_json
[ 2025-06-24 12:04:03,663 ] 130 RERAScrapper - INFO - Home Table JSON 'home_table_json' scrapped.
[ 2025-06-24 12:04:05,134 ] 140 RERAScrapper - INFO - Promoter Details 'promoter_details' scrapped.
[ 2025-06-24 12:04:05,134 ] 141 RERAScrapper - INFO - Authorized Signatory Detail 'authorized_signatory_details' scrapped.
[ 2025-06-24 12:04:05,135 ] 142 RERAScrapper - INFO - Project Member Details 'project_member_details' scrapped.
[ 2025-06-24 12:04:05,135 ] 143 RERAScrapper - INFO - Project Land Owner Details 'project_land_owner_details' scrapped.
[ 2025-06-24 12:04:05,135 ] 144 RERAScrapper - INFO - RERA Registration Details with any other State/UTs 'rera_registration_details_with_any_details' scrapped.
[ 2025-06-24 12:04:05,135 ] 145 RERAScrapper - INFO - Previous Project Details (Last 5 years only) 'previous_project_details' scrapped.
[ 2025-06-24 12:04:07,173 ] 154 RERAScrapper - INFO - Project Details page clicked.
[ 2025-06-24 12:04:08,355 ] 169 RERAScrapper - INFO - Project Details 'project_details' scrapped.
[ 2025-06-24 12:04:08,355 ] 170 RERAScrapper - INFO - Development Details 'development_details' scrapped.
[ 2025-06-24 12:04:08,356 ] 171 RERAScrapper - INFO - External Development Work 'external_development_work' scrapped.
[ 2025-06-24 12:04:08,356 ] 172 RERAScrapper - INFO - Other External Development Work 'other_external_development_work' scrapped.
[ 2025-06-24 12:04:08,356 ] 173 RERAScrapper - INFO - Project Bank ( Escrow Account ) Details 'project_bank_details' scrapped.
[ 2025-06-24 12:04:08,356 ] 174 RERAScrapper - INFO - Project Agents 'project_agents' scrapped.
[ 2025-06-24 12:04:08,356 ] 175 RERAScrapper - INFO - Project Detail Table 'project_detail_table' scrapped.
[ 2025-06-24 12:04:08,395 ] 182 RERAScrapper - INFO - Uploaded Documents page clicked.
[ 2025-06-24 12:04:09,753 ] 196 RERAScrapper - INFO - Project Documents 'project_documents' scrapped.
[ 2025-06-24 12:04:09,753 ] 197 RERAScrapper - INFO - Project Approval 'project_approval' scrapped.
[ 2025-06-24 12:04:09,753 ] 198 RERAScrapper - INFO - Declaration 'declaration' scrapped.
[ 2025-06-24 12:04:09,754 ] 199 RERAScrapper - INFO - Other Documents 'other_documents' scrapped.
[ 2025-06-24 12:04:09,754 ] 200 RERAScrapper - INFO - Project Photo 'project_photo' scrapped.
[ 2025-06-24 12:04:09,754 ] 201 RERAScrapper - INFO - Financial Document 'financial_document' scrapped.
