[ 2025-06-24 13:48:31,811 ] 346 undetected_chromedriver.patcher - INFO - patching driver executable C:\Users\Utkarsh\appdata\roaming\undetected_chromedriver\undetected_chromedriver.exe
[ 2025-06-24 13:48:32,475 ] 62 RERAScrapper - INFO - Browser initialized successfully.
[ 2025-06-24 13:48:36,702 ] 70 RERAScrapper - INFO - Navigated to URL: https://rera.karnataka.gov.in/viewAllProjects
[ 2025-06-24 13:48:36,869 ] 83 RERAScrapper - INFO - City 'Kolar' selected from dropdown.
[ 2025-06-24 13:48:41,541 ] 90 RERAScrapper - INFO - Select Button Clicked.
[ 2025-06-24 13:48:42,605 ] 102 RERAScrapper - INFO - Home table JSON extracted: home_table_json
[ 2025-06-24 13:48:42,640 ] 130 RERAScrapper - INFO - Home Table JSON 'home_table_json' scrapped.
[ 2025-06-24 13:48:43,590 ] 141 RERAScrapper - INFO - Promoter Details 'promoter_details' scrapped.
[ 2025-06-24 13:48:43,590 ] 142 RERAScrapper - INFO - Authorized Signatory Detail 'authorized_signatory_details' scrapped.
[ 2025-06-24 13:48:43,590 ] 143 RERAScrapper - INFO - Project Member Details 'project_member_details' scrapped.
[ 2025-06-24 13:48:43,590 ] 144 RERAScrapper - INFO - Project Land Owner Details 'project_land_owner_details' scrapped.
[ 2025-06-24 13:48:43,590 ] 145 RERAScrapper - INFO - RERA Registration Details with any other State/UTs 'rera_registration_details_with_any_details' scrapped.
[ 2025-06-24 13:48:43,590 ] 146 RERAScrapper - INFO - Previous Project Details (Last 5 years only) 'previous_project_details' scrapped.
[ 2025-06-24 13:48:45,639 ] 171 RERAScrapper - INFO - Project Details page clicked.
[ 2025-06-24 13:48:46,669 ] 186 RERAScrapper - INFO - Project Details 'project_details' scrapped.
[ 2025-06-24 13:48:46,669 ] 187 RERAScrapper - INFO - Development Details 'development_details' scrapped.
[ 2025-06-24 13:48:46,670 ] 188 RERAScrapper - INFO - External Development Work 'external_development_work' scrapped.
[ 2025-06-24 13:48:46,670 ] 189 RERAScrapper - INFO - Other External Development Work 'other_external_development_work' scrapped.
[ 2025-06-24 13:48:46,670 ] 190 RERAScrapper - INFO - Project Bank ( Escrow Account ) Details 'project_bank_details' scrapped.
[ 2025-06-24 13:48:46,670 ] 191 RERAScrapper - INFO - Project Agents 'project_agents' scrapped.
[ 2025-06-24 13:48:46,670 ] 192 RERAScrapper - INFO - Project Detail Table 'project_detail_table' scrapped.
[ 2025-06-24 13:48:46,709 ] 199 RERAScrapper - INFO - Uploaded Documents page clicked.
[ 2025-06-24 13:48:47,935 ] 213 RERAScrapper - INFO - Project Documents 'project_documents' scrapped.
[ 2025-06-24 13:48:47,936 ] 214 RERAScrapper - INFO - Project Approval 'project_approval' scrapped.
[ 2025-06-24 13:48:47,936 ] 215 RERAScrapper - INFO - Declaration 'declaration' scrapped.
[ 2025-06-24 13:48:47,936 ] 216 RERAScrapper - INFO - Other Documents 'other_documents' scrapped.
[ 2025-06-24 13:48:47,936 ] 217 RERAScrapper - INFO - Project Photo 'project_photo' scrapped.
[ 2025-06-24 13:48:47,936 ] 218 RERAScrapper - INFO - Financial Document 'financial_document' scrapped.
[ 2025-06-24 13:48:47,977 ] 227 RERAScrapper - INFO - Completion Details page clicked.
[ 2025-06-24 13:48:50,531 ] 242 RERAScrapper - INFO - Completion Details 'completion_details' scrapped.
[ 2025-06-24 13:48:50,531 ] 243 RERAScrapper - INFO - Development Details 'development_details_completion' scrapped.
[ 2025-06-24 13:48:50,531 ] 244 RERAScrapper - INFO - Uploaded Documents 'uploaded_documents' scrapped.
[ 2025-06-24 13:48:50,531 ] 245 RERAScrapper - INFO - Photos Uploaded 'photos_uploaded' scrapped.
[ 2025-06-24 13:49:00,785 ] 102 RERAScrapper - INFO - Home table JSON extracted: home_table_json
[ 2025-06-24 13:49:00,820 ] 130 RERAScrapper - INFO - Home Table JSON 'home_table_json' scrapped.
[ 2025-06-24 13:49:02,635 ] 141 RERAScrapper - INFO - Promoter Details 'promoter_details' scrapped.
[ 2025-06-24 13:49:02,635 ] 142 RERAScrapper - INFO - Authorized Signatory Detail 'authorized_signatory_details' scrapped.
[ 2025-06-24 13:49:02,635 ] 143 RERAScrapper - INFO - Project Member Details 'project_member_details' scrapped.
[ 2025-06-24 13:49:02,635 ] 144 RERAScrapper - INFO - Project Land Owner Details 'project_land_owner_details' scrapped.
[ 2025-06-24 13:49:02,636 ] 145 RERAScrapper - INFO - RERA Registration Details with any other State/UTs 'rera_registration_details_with_any_details' scrapped.
[ 2025-06-24 13:49:02,636 ] 146 RERAScrapper - INFO - Previous Project Details (Last 5 years only) 'previous_project_details' scrapped.
[ 2025-06-24 13:49:04,677 ] 171 RERAScrapper - INFO - Project Details page clicked.
[ 2025-06-24 13:49:05,582 ] 186 RERAScrapper - INFO - Project Details 'project_details' scrapped.
[ 2025-06-24 13:49:05,583 ] 187 RERAScrapper - INFO - Development Details 'development_details' scrapped.
[ 2025-06-24 13:49:05,583 ] 188 RERAScrapper - INFO - External Development Work 'external_development_work' scrapped.
[ 2025-06-24 13:49:05,583 ] 189 RERAScrapper - INFO - Other External Development Work 'other_external_development_work' scrapped.
[ 2025-06-24 13:49:05,583 ] 190 RERAScrapper - INFO - Project Bank ( Escrow Account ) Details 'project_bank_details' scrapped.
[ 2025-06-24 13:49:05,583 ] 191 RERAScrapper - INFO - Project Agents 'project_agents' scrapped.
[ 2025-06-24 13:49:05,583 ] 192 RERAScrapper - INFO - Project Detail Table 'project_detail_table' scrapped.
[ 2025-06-24 13:49:05,613 ] 199 RERAScrapper - INFO - Uploaded Documents page clicked.
[ 2025-06-24 13:49:06,769 ] 213 RERAScrapper - INFO - Project Documents 'project_documents' scrapped.
[ 2025-06-24 13:49:06,769 ] 214 RERAScrapper - INFO - Project Approval 'project_approval' scrapped.
[ 2025-06-24 13:49:06,769 ] 215 RERAScrapper - INFO - Declaration 'declaration' scrapped.
[ 2025-06-24 13:49:06,770 ] 216 RERAScrapper - INFO - Other Documents 'other_documents' scrapped.
[ 2025-06-24 13:49:06,770 ] 217 RERAScrapper - INFO - Project Photo 'project_photo' scrapped.
[ 2025-06-24 13:49:06,770 ] 218 RERAScrapper - INFO - Financial Document 'financial_document' scrapped.
[ 2025-06-24 13:49:27,298 ] 229 RERAScrapper - ERROR - Timed out waiting for Completion Details page: Message: 
Stacktrace:
	GetHandleVerifier [0x0x7e3b03+62899]
	GetHandleVerifier [0x0x7e3b44+62964]
	(No symbol) [0x0x6110f3]
	(No symbol) [0x0x65980e]
	(No symbol) [0x0x659bab]
	(No symbol) [0x0x6a25c2]
	(No symbol) [0x0x67e554]
	(No symbol) [0x0x69fd81]
	(No symbol) [0x0x67e306]
	(No symbol) [0x0x64d670]
	(No symbol) [0x0x64e4e4]
	GetHandleVerifier [0x0xa44793+2556483]
	GetHandleVerifier [0x0xa3fd02+2537394]
	GetHandleVerifier [0x0x80a2fa+220586]
	GetHandleVerifier [0x0x7faae8+157080]
	GetHandleVerifier [0x0x80141d+184013]
	GetHandleVerifier [0x0x7eba68+95512]
	GetHandleVerifier [0x0x7ebc10+95936]
	GetHandleVerifier [0x0x7d6b5a+9738]
	BaseThreadInitThunk [0x0x774afcc9+25]
	RtlGetAppContainerNamedObjectPath [0x0x776a82ae+286]
	RtlGetAppContainerNamedObjectPath [0x0x776a827e+238]

[ 2025-06-24 13:49:29,301 ] 302 RERAScrapper - ERROR - An error occurred in scrape_project_details: local variable 'completion_details' referenced before assignment
[ 2025-06-24 13:49:33,411 ] 83 RERAScrapper - INFO - City 'Kolar' selected from dropdown.
[ 2025-06-24 13:49:42,485 ] 90 RERAScrapper - INFO - Select Button Clicked.
[ 2025-06-24 13:49:49,541 ] 102 RERAScrapper - INFO - Home table JSON extracted: home_table_json
[ 2025-06-24 13:49:49,588 ] 130 RERAScrapper - INFO - Home Table JSON 'home_table_json' scrapped.
[ 2025-06-24 13:50:10,102 ] 149 RERAScrapper - WARNING - Promoter Details 'promoter_details' **************not************** scrapped.
[ 2025-06-24 13:50:10,102 ] 150 RERAScrapper - WARNING - Authorized Signatory Detail 'authorized_signatory_details' **************not************** scrapped.
[ 2025-06-24 13:50:10,102 ] 151 RERAScrapper - WARNING - Project Member Details 'project_member_details' **************not************** scrapped.
[ 2025-06-24 13:50:10,102 ] 152 RERAScrapper - WARNING - Project Land Owner Details 'project_land_owner_details' **************not************** scrapped.
[ 2025-06-24 13:50:10,103 ] 153 RERAScrapper - WARNING - RERA Registration Details with any other State/UTs 'rera_registration_details_with_any_details' **************not************** scrapped.
[ 2025-06-24 13:50:10,103 ] 154 RERAScrapper - WARNING - Previous Project Details (Last 5 years only) 'previous_project_details' **************not************** scrapped.
[ 2025-06-24 13:50:32,160 ] 173 RERAScrapper - ERROR - Timed out waiting for Project Details page: Message: 
Stacktrace:
	GetHandleVerifier [0x0x7e3b03+62899]
	GetHandleVerifier [0x0x7e3b44+62964]
	(No symbol) [0x0x6110f3]
	(No symbol) [0x0x65980e]
	(No symbol) [0x0x659bab]
	(No symbol) [0x0x6a25c2]
	(No symbol) [0x0x67e554]
	(No symbol) [0x0x69fd81]
	(No symbol) [0x0x67e306]
	(No symbol) [0x0x64d670]
	(No symbol) [0x0x64e4e4]
	GetHandleVerifier [0x0xa44793+2556483]
	GetHandleVerifier [0x0xa3fd02+2537394]
	GetHandleVerifier [0x0x80a2fa+220586]
	GetHandleVerifier [0x0x7faae8+157080]
	GetHandleVerifier [0x0x80141d+184013]
	GetHandleVerifier [0x0x7eba68+95512]
	GetHandleVerifier [0x0x7ebc10+95936]
	GetHandleVerifier [0x0x7d6b5a+9738]
	BaseThreadInitThunk [0x0x774afcc9+25]
	RtlGetAppContainerNamedObjectPath [0x0x776a82ae+286]
	RtlGetAppContainerNamedObjectPath [0x0x776a827e+238]

[ 2025-06-24 13:50:52,188 ] 201 RERAScrapper - ERROR - Timed out waiting for Uploaded Documents page: Message: 
Stacktrace:
	GetHandleVerifier [0x0x7e3b03+62899]
	GetHandleVerifier [0x0x7e3b44+62964]
	(No symbol) [0x0x6110f3]
	(No symbol) [0x0x65980e]
	(No symbol) [0x0x659bab]
	(No symbol) [0x0x6a25c2]
	(No symbol) [0x0x67e554]
	(No symbol) [0x0x69fd81]
	(No symbol) [0x0x67e306]
	(No symbol) [0x0x64d670]
	(No symbol) [0x0x64e4e4]
	GetHandleVerifier [0x0xa44793+2556483]
	GetHandleVerifier [0x0xa3fd02+2537394]
	GetHandleVerifier [0x0x80a2fa+220586]
	GetHandleVerifier [0x0x7faae8+157080]
	GetHandleVerifier [0x0x80141d+184013]
	GetHandleVerifier [0x0x7eba68+95512]
	GetHandleVerifier [0x0x7ebc10+95936]
	GetHandleVerifier [0x0x7d6b5a+9738]
	BaseThreadInitThunk [0x0x774afcc9+25]
	RtlGetAppContainerNamedObjectPath [0x0x776a82ae+286]
	RtlGetAppContainerNamedObjectPath [0x0x776a827e+238]

[ 2025-06-24 13:51:12,197 ] 229 RERAScrapper - ERROR - Timed out waiting for Completion Details page: Message: 
Stacktrace:
	GetHandleVerifier [0x0x7e3b03+62899]
	GetHandleVerifier [0x0x7e3b44+62964]
	(No symbol) [0x0x6110f3]
	(No symbol) [0x0x65980e]
	(No symbol) [0x0x659bab]
	(No symbol) [0x0x6a25c2]
	(No symbol) [0x0x67e554]
	(No symbol) [0x0x69fd81]
	(No symbol) [0x0x67e306]
	(No symbol) [0x0x64d670]
	(No symbol) [0x0x64e4e4]
	GetHandleVerifier [0x0xa44793+2556483]
	GetHandleVerifier [0x0xa3fd02+2537394]
	GetHandleVerifier [0x0x80a2fa+220586]
	GetHandleVerifier [0x0x7faae8+157080]
	GetHandleVerifier [0x0x80141d+184013]
	GetHandleVerifier [0x0x7eba68+95512]
	GetHandleVerifier [0x0x7ebc10+95936]
	GetHandleVerifier [0x0x7d6b5a+9738]
	BaseThreadInitThunk [0x0x774afcc9+25]
	RtlGetAppContainerNamedObjectPath [0x0x776a82ae+286]
	RtlGetAppContainerNamedObjectPath [0x0x776a827e+238]

[ 2025-06-24 13:51:14,203 ] 302 RERAScrapper - ERROR - An error occurred in scrape_project_details: local variable 'project_details' referenced before assignment
[ 2025-06-24 13:51:18,278 ] 102 RERAScrapper - INFO - Home table JSON extracted: home_table_json
[ 2025-06-24 13:51:18,320 ] 130 RERAScrapper - INFO - Home Table JSON 'home_table_json' scrapped.
[ 2025-06-24 13:51:19,891 ] 141 RERAScrapper - INFO - Promoter Details 'promoter_details' scrapped.
[ 2025-06-24 13:51:19,891 ] 142 RERAScrapper - INFO - Authorized Signatory Detail 'authorized_signatory_details' scrapped.
[ 2025-06-24 13:51:19,892 ] 143 RERAScrapper - INFO - Project Member Details 'project_member_details' scrapped.
[ 2025-06-24 13:51:19,892 ] 144 RERAScrapper - INFO - Project Land Owner Details 'project_land_owner_details' scrapped.
[ 2025-06-24 13:51:19,892 ] 145 RERAScrapper - INFO - RERA Registration Details with any other State/UTs 'rera_registration_details_with_any_details' scrapped.
[ 2025-06-24 13:51:19,892 ] 146 RERAScrapper - INFO - Previous Project Details (Last 5 years only) 'previous_project_details' scrapped.
[ 2025-06-24 13:51:21,931 ] 171 RERAScrapper - INFO - Project Details page clicked.
[ 2025-06-24 13:51:22,941 ] 186 RERAScrapper - INFO - Project Details 'project_details' scrapped.
[ 2025-06-24 13:51:22,941 ] 187 RERAScrapper - INFO - Development Details 'development_details' scrapped.
[ 2025-06-24 13:51:22,941 ] 188 RERAScrapper - INFO - External Development Work 'external_development_work' scrapped.
[ 2025-06-24 13:51:22,942 ] 189 RERAScrapper - INFO - Other External Development Work 'other_external_development_work' scrapped.
[ 2025-06-24 13:51:22,942 ] 190 RERAScrapper - INFO - Project Bank ( Escrow Account ) Details 'project_bank_details' scrapped.
[ 2025-06-24 13:51:22,942 ] 191 RERAScrapper - INFO - Project Agents 'project_agents' scrapped.
[ 2025-06-24 13:51:22,942 ] 192 RERAScrapper - INFO - Project Detail Table 'project_detail_table' scrapped.
[ 2025-06-24 13:51:22,977 ] 199 RERAScrapper - INFO - Uploaded Documents page clicked.
[ 2025-06-24 13:51:24,198 ] 213 RERAScrapper - INFO - Project Documents 'project_documents' scrapped.
[ 2025-06-24 13:51:24,198 ] 214 RERAScrapper - INFO - Project Approval 'project_approval' scrapped.
[ 2025-06-24 13:51:24,199 ] 215 RERAScrapper - INFO - Declaration 'declaration' scrapped.
[ 2025-06-24 13:51:24,199 ] 216 RERAScrapper - INFO - Other Documents 'other_documents' scrapped.
[ 2025-06-24 13:51:24,199 ] 217 RERAScrapper - INFO - Project Photo 'project_photo' scrapped.
[ 2025-06-24 13:51:24,199 ] 218 RERAScrapper - INFO - Financial Document 'financial_document' scrapped.
[ 2025-06-24 13:51:24,233 ] 227 RERAScrapper - INFO - Completion Details page clicked.
[ 2025-06-24 13:51:26,521 ] 248 RERAScrapper - WARNING - Completion Details 'completion_details' **************not************** scrapped.
[ 2025-06-24 13:51:26,521 ] 249 RERAScrapper - WARNING - Development Details 'development_details_completion' **************not************** scrapped.
[ 2025-06-24 13:51:26,521 ] 250 RERAScrapper - WARNING - Uploaded Documents 'uploaded_documents' **************not************** scrapped.
[ 2025-06-24 13:51:26,522 ] 251 RERAScrapper - WARNING - Photos Uploaded 'photos_uploaded' **************not************** scrapped.
[ 2025-06-24 13:51:33,053 ] 83 RERAScrapper - INFO - City 'Kolar' selected from dropdown.
[ 2025-06-24 13:51:37,892 ] 90 RERAScrapper - INFO - Select Button Clicked.
[ 2025-06-24 13:51:44,948 ] 102 RERAScrapper - INFO - Home table JSON extracted: home_table_json
[ 2025-06-24 13:51:44,987 ] 130 RERAScrapper - INFO - Home Table JSON 'home_table_json' scrapped.
[ 2025-06-24 13:51:46,736 ] 149 RERAScrapper - WARNING - Promoter Details 'promoter_details' **************not************** scrapped.
[ 2025-06-24 13:51:46,736 ] 150 RERAScrapper - WARNING - Authorized Signatory Detail 'authorized_signatory_details' **************not************** scrapped.
[ 2025-06-24 13:51:46,736 ] 151 RERAScrapper - WARNING - Project Member Details 'project_member_details' **************not************** scrapped.
[ 2025-06-24 13:51:46,737 ] 152 RERAScrapper - WARNING - Project Land Owner Details 'project_land_owner_details' **************not************** scrapped.
[ 2025-06-24 13:51:46,737 ] 153 RERAScrapper - WARNING - RERA Registration Details with any other State/UTs 'rera_registration_details_with_any_details' **************not************** scrapped.
[ 2025-06-24 13:51:46,737 ] 154 RERAScrapper - WARNING - Previous Project Details (Last 5 years only) 'previous_project_details' **************not************** scrapped.
[ 2025-06-24 13:51:48,774 ] 171 RERAScrapper - INFO - Project Details page clicked.
[ 2025-06-24 13:51:49,860 ] 186 RERAScrapper - INFO - Project Details 'project_details' scrapped.
[ 2025-06-24 13:51:49,861 ] 187 RERAScrapper - INFO - Development Details 'development_details' scrapped.
[ 2025-06-24 13:51:49,861 ] 188 RERAScrapper - INFO - External Development Work 'external_development_work' scrapped.
[ 2025-06-24 13:51:49,861 ] 189 RERAScrapper - INFO - Other External Development Work 'other_external_development_work' scrapped.
[ 2025-06-24 13:51:49,861 ] 190 RERAScrapper - INFO - Project Bank ( Escrow Account ) Details 'project_bank_details' scrapped.
[ 2025-06-24 13:51:49,862 ] 191 RERAScrapper - INFO - Project Agents 'project_agents' scrapped.
[ 2025-06-24 13:51:49,862 ] 192 RERAScrapper - INFO - Project Detail Table 'project_detail_table' scrapped.
[ 2025-06-24 13:51:49,898 ] 199 RERAScrapper - INFO - Uploaded Documents page clicked.
[ 2025-06-24 13:51:51,132 ] 213 RERAScrapper - INFO - Project Documents 'project_documents' scrapped.
[ 2025-06-24 13:51:51,132 ] 214 RERAScrapper - INFO - Project Approval 'project_approval' scrapped.
[ 2025-06-24 13:51:51,132 ] 215 RERAScrapper - INFO - Declaration 'declaration' scrapped.
[ 2025-06-24 13:51:51,133 ] 216 RERAScrapper - INFO - Other Documents 'other_documents' scrapped.
[ 2025-06-24 13:51:51,133 ] 217 RERAScrapper - INFO - Project Photo 'project_photo' scrapped.
[ 2025-06-24 13:51:51,133 ] 218 RERAScrapper - INFO - Financial Document 'financial_document' scrapped.
[ 2025-06-24 13:51:51,164 ] 227 RERAScrapper - INFO - Completion Details page clicked.
[ 2025-06-24 13:51:53,448 ] 248 RERAScrapper - WARNING - Completion Details 'completion_details' **************not************** scrapped.
[ 2025-06-24 13:51:53,448 ] 249 RERAScrapper - WARNING - Development Details 'development_details_completion' **************not************** scrapped.
[ 2025-06-24 13:51:53,448 ] 250 RERAScrapper - WARNING - Uploaded Documents 'uploaded_documents' **************not************** scrapped.
[ 2025-06-24 13:51:53,449 ] 251 RERAScrapper - WARNING - Photos Uploaded 'photos_uploaded' **************not************** scrapped.
[ 2025-06-24 13:51:59,774 ] 83 RERAScrapper - INFO - City 'Kolar' selected from dropdown.
[ 2025-06-24 13:52:09,639 ] 90 RERAScrapper - INFO - Select Button Clicked.
