[ 2025-06-21 10:22:31,031 ] 346 undetected_chromedriver.patcher - INFO - patching driver executable C:\Users\Utkarsh\appdata\roaming\undetected_chromedriver\undetected_chromedriver.exe
[ 2025-06-21 10:22:32,233 ] 62 RERAScrapper - INFO - Browser initialized successfully.
[ 2025-06-21 10:22:43,266 ] 70 RERAScrapper - INFO - Navigated to URL: https://rera.karnataka.gov.in/viewAllProjects
[ 2025-06-21 10:22:49,561 ] 83 RERAScrapper - INFO - City 'Kolar' selected from dropdown.
[ 2025-06-21 10:22:59,510 ] 90 RERAScrapper - INFO - Select Button Clicked.
[ 2025-06-21 10:23:00,580 ] 102 RERAScrapper - INFO - Home table JSON extracted: home_table_json
[ 2025-06-21 10:23:00,622 ] 102 RERAScrapper - INFO - Home table JSON extracted: home_table_json
[ 2025-06-21 10:23:02,551 ] 133 RERAScrapper - INFO - Promoter Details 'promoter_details' scrapped.
[ 2025-06-21 10:23:02,551 ] 134 RERAScrapper - INFO - Authorized Signatory Detail 'authorized_signatory_details' scrapped.
[ 2025-06-21 10:23:02,551 ] 135 RERAScrapper - INFO - Project Member Details 'project_member_details' scrapped.
[ 2025-06-21 10:23:02,551 ] 136 RERAScrapper - INFO - Project Land Owner Details 'project_land_owner_details' scrapped.
[ 2025-06-21 10:23:02,551 ] 137 RERAScrapper - INFO - RERA Registration Details with any other State/UTs 'rera_registration_details_with_any_details' scrapped.
[ 2025-06-21 10:23:02,551 ] 138 RERAScrapper - INFO - Previous Project Details (Last 5 years only) 'previous_project_details' scrapped.
[ 2025-06-21 10:23:04,605 ] 147 RERAScrapper - INFO - Project Details page clicked.
[ 2025-06-21 10:23:04,718 ] 162 RERAScrapper - INFO - Project Details 'project_details' scrapped.
[ 2025-06-21 10:23:04,718 ] 163 RERAScrapper - INFO - Development Details 'development_details' scrapped.
[ 2025-06-21 10:23:04,719 ] 164 RERAScrapper - INFO - External Development Work 'external_development_work' scrapped.
[ 2025-06-21 10:23:04,719 ] 165 RERAScrapper - INFO - Other External Development Work 'other_external_development_work' scrapped.
[ 2025-06-21 10:23:04,719 ] 166 RERAScrapper - INFO - Project Bank ( Escrow Account ) Details 'project_bank_details' scrapped.
[ 2025-06-21 10:23:04,719 ] 167 RERAScrapper - INFO - Project Agents 'project_agents' scrapped.
[ 2025-06-21 10:23:04,719 ] 168 RERAScrapper - INFO - Project Detail Table 'project_detail_table' scrapped.
[ 2025-06-21 10:23:04,765 ] 175 RERAScrapper - INFO - Uploaded Documents page clicked.
[ 2025-06-21 10:23:04,864 ] 189 RERAScrapper - INFO - Project Documents 'project_documents' scrapped.
[ 2025-06-21 10:23:04,864 ] 190 RERAScrapper - INFO - Project Approval 'project_approval' scrapped.
[ 2025-06-21 10:23:04,864 ] 191 RERAScrapper - INFO - Declaration 'declaration' scrapped.
[ 2025-06-21 10:23:04,865 ] 192 RERAScrapper - INFO - Other Documents 'other_documents' scrapped.
[ 2025-06-21 10:23:04,865 ] 193 RERAScrapper - INFO - Project Photo 'project_photo' scrapped.
[ 2025-06-21 10:23:04,865 ] 194 RERAScrapper - INFO - Financial Document 'financial_document' scrapped.
[ 2025-06-21 10:23:04,900 ] 203 RERAScrapper - INFO - Completion Details page clicked.
[ 2025-06-21 10:23:04,952 ] 211 RERAScrapper - INFO - Completion Details '{
    "": {
        "": []
    }
}' scrapped.
[ 2025-06-21 10:23:12,167 ] 102 RERAScrapper - INFO - Home table JSON extracted: home_table_json
[ 2025-06-21 10:23:12,207 ] 102 RERAScrapper - INFO - Home table JSON extracted: home_table_json
[ 2025-06-21 10:23:13,669 ] 133 RERAScrapper - INFO - Promoter Details 'promoter_details' scrapped.
[ 2025-06-21 10:23:13,670 ] 134 RERAScrapper - INFO - Authorized Signatory Detail 'authorized_signatory_details' scrapped.
[ 2025-06-21 10:23:13,670 ] 135 RERAScrapper - INFO - Project Member Details 'project_member_details' scrapped.
[ 2025-06-21 10:23:13,670 ] 136 RERAScrapper - INFO - Project Land Owner Details 'project_land_owner_details' scrapped.
[ 2025-06-21 10:23:13,670 ] 137 RERAScrapper - INFO - RERA Registration Details with any other State/UTs 'rera_registration_details_with_any_details' scrapped.
[ 2025-06-21 10:23:13,670 ] 138 RERAScrapper - INFO - Previous Project Details (Last 5 years only) 'previous_project_details' scrapped.
[ 2025-06-21 10:23:15,709 ] 147 RERAScrapper - INFO - Project Details page clicked.
[ 2025-06-21 10:23:15,813 ] 162 RERAScrapper - INFO - Project Details 'project_details' scrapped.
[ 2025-06-21 10:23:15,814 ] 163 RERAScrapper - INFO - Development Details 'development_details' scrapped.
[ 2025-06-21 10:23:15,814 ] 164 RERAScrapper - INFO - External Development Work 'external_development_work' scrapped.
[ 2025-06-21 10:23:15,814 ] 165 RERAScrapper - INFO - Other External Development Work 'other_external_development_work' scrapped.
[ 2025-06-21 10:23:15,814 ] 166 RERAScrapper - INFO - Project Bank ( Escrow Account ) Details 'project_bank_details' scrapped.
[ 2025-06-21 10:23:15,814 ] 167 RERAScrapper - INFO - Project Agents 'project_agents' scrapped.
[ 2025-06-21 10:23:15,814 ] 168 RERAScrapper - INFO - Project Detail Table 'project_detail_table' scrapped.
[ 2025-06-21 10:23:15,845 ] 175 RERAScrapper - INFO - Uploaded Documents page clicked.
[ 2025-06-21 10:23:15,955 ] 189 RERAScrapper - INFO - Project Documents 'project_documents' scrapped.
[ 2025-06-21 10:23:15,956 ] 190 RERAScrapper - INFO - Project Approval 'project_approval' scrapped.
[ 2025-06-21 10:23:15,956 ] 191 RERAScrapper - INFO - Declaration 'declaration' scrapped.
[ 2025-06-21 10:23:15,956 ] 192 RERAScrapper - INFO - Other Documents 'other_documents' scrapped.
[ 2025-06-21 10:23:15,956 ] 193 RERAScrapper - INFO - Project Photo 'project_photo' scrapped.
[ 2025-06-21 10:23:15,956 ] 194 RERAScrapper - INFO - Financial Document 'financial_document' scrapped.
[ 2025-06-21 10:23:36,428 ] 205 RERAScrapper - ERROR - Timed out waiting for Completion Details page: Message: 
Stacktrace:
	GetHandleVerifier [0x0x423b03+62899]
	GetHandleVerifier [0x0x423b44+62964]
	(No symbol) [0x0x2510f3]
	(No symbol) [0x0x29980e]
	(No symbol) [0x0x299bab]
	(No symbol) [0x0x2e25c2]
	(No symbol) [0x0x2be554]
	(No symbol) [0x0x2dfd81]
	(No symbol) [0x0x2be306]
	(No symbol) [0x0x28d670]
	(No symbol) [0x0x28e4e4]
	GetHandleVerifier [0x0x684793+2556483]
	GetHandleVerifier [0x0x67fd02+2537394]
	GetHandleVerifier [0x0x44a2fa+220586]
	GetHandleVerifier [0x0x43aae8+157080]
	GetHandleVerifier [0x0x44141d+184013]
	GetHandleVerifier [0x0x42ba68+95512]
	GetHandleVerifier [0x0x42bc10+95936]
	GetHandleVerifier [0x0x416b5a+9738]
	BaseThreadInitThunk [0x0x774afcc9+25]
	RtlGetAppContainerNamedObjectPath [0x0x776a82ae+286]
	RtlGetAppContainerNamedObjectPath [0x0x776a827e+238]

[ 2025-06-21 10:23:36,429 ] 247 RERAScrapper - ERROR - An error occurred in scrape_project_details: local variable 'completion_details_page' referenced before assignment
[ 2025-06-21 10:23:40,549 ] 83 RERAScrapper - INFO - City 'Kolar' selected from dropdown.
[ 2025-06-21 10:23:47,198 ] 90 RERAScrapper - INFO - Select Button Clicked.
[ 2025-06-21 10:23:54,269 ] 102 RERAScrapper - INFO - Home table JSON extracted: home_table_json
[ 2025-06-21 10:23:54,308 ] 102 RERAScrapper - INFO - Home table JSON extracted: home_table_json
[ 2025-06-21 10:24:16,231 ] 247 RERAScrapper - ERROR - An error occurred in scrape_project_details: local variable 'h1_elements' referenced before assignment
[ 2025-06-21 10:24:20,303 ] 102 RERAScrapper - INFO - Home table JSON extracted: home_table_json
[ 2025-06-21 10:24:20,355 ] 102 RERAScrapper - INFO - Home table JSON extracted: home_table_json
[ 2025-06-21 10:24:23,076 ] 133 RERAScrapper - INFO - Promoter Details 'promoter_details' scrapped.
[ 2025-06-21 10:24:23,076 ] 134 RERAScrapper - INFO - Authorized Signatory Detail 'authorized_signatory_details' scrapped.
[ 2025-06-21 10:24:23,076 ] 135 RERAScrapper - INFO - Project Member Details 'project_member_details' scrapped.
[ 2025-06-21 10:24:23,076 ] 136 RERAScrapper - INFO - Project Land Owner Details 'project_land_owner_details' scrapped.
[ 2025-06-21 10:24:23,076 ] 137 RERAScrapper - INFO - RERA Registration Details with any other State/UTs 'rera_registration_details_with_any_details' scrapped.
[ 2025-06-21 10:24:23,077 ] 138 RERAScrapper - INFO - Previous Project Details (Last 5 years only) 'previous_project_details' scrapped.
[ 2025-06-21 10:24:25,124 ] 147 RERAScrapper - INFO - Project Details page clicked.
[ 2025-06-21 10:24:25,248 ] 162 RERAScrapper - INFO - Project Details 'project_details' scrapped.
[ 2025-06-21 10:24:25,248 ] 163 RERAScrapper - INFO - Development Details 'development_details' scrapped.
[ 2025-06-21 10:24:25,248 ] 164 RERAScrapper - INFO - External Development Work 'external_development_work' scrapped.
[ 2025-06-21 10:24:25,249 ] 165 RERAScrapper - INFO - Other External Development Work 'other_external_development_work' scrapped.
[ 2025-06-21 10:24:25,249 ] 166 RERAScrapper - INFO - Project Bank ( Escrow Account ) Details 'project_bank_details' scrapped.
[ 2025-06-21 10:24:25,249 ] 167 RERAScrapper - INFO - Project Agents 'project_agents' scrapped.
[ 2025-06-21 10:24:25,249 ] 168 RERAScrapper - INFO - Project Detail Table 'project_detail_table' scrapped.
[ 2025-06-21 10:24:25,288 ] 175 RERAScrapper - INFO - Uploaded Documents page clicked.
[ 2025-06-21 10:24:25,400 ] 189 RERAScrapper - INFO - Project Documents 'project_documents' scrapped.
[ 2025-06-21 10:24:25,400 ] 190 RERAScrapper - INFO - Project Approval 'project_approval' scrapped.
[ 2025-06-21 10:24:25,400 ] 191 RERAScrapper - INFO - Declaration 'declaration' scrapped.
[ 2025-06-21 10:24:25,400 ] 192 RERAScrapper - INFO - Other Documents 'other_documents' scrapped.
[ 2025-06-21 10:24:25,401 ] 193 RERAScrapper - INFO - Project Photo 'project_photo' scrapped.
[ 2025-06-21 10:24:25,401 ] 194 RERAScrapper - INFO - Financial Document 'financial_document' scrapped.
[ 2025-06-21 10:24:25,439 ] 203 RERAScrapper - INFO - Completion Details page clicked.
[ 2025-06-21 10:24:25,488 ] 211 RERAScrapper - INFO - Completion Details '{
    "": {
        "Promoter has Applied for Completion on 14/12/2018": []
    }
}' scrapped.
[ 2025-06-21 10:24:30,128 ] 83 RERAScrapper - INFO - City 'Kolar' selected from dropdown.
[ 2025-06-21 10:24:36,099 ] 90 RERAScrapper - INFO - Select Button Clicked.
[ 2025-06-21 10:24:43,153 ] 102 RERAScrapper - INFO - Home table JSON extracted: home_table_json
[ 2025-06-21 10:24:43,199 ] 102 RERAScrapper - INFO - Home table JSON extracted: home_table_json
[ 2025-06-21 10:24:44,578 ] 247 RERAScrapper - ERROR - An error occurred in scrape_project_details: local variable 'h1_elements' referenced before assignment
[ 2025-06-21 10:24:48,707 ] 83 RERAScrapper - INFO - City 'Kolar' selected from dropdown.
[ 2025-06-21 10:24:55,732 ] 90 RERAScrapper - INFO - Select Button Clicked.
[ 2025-06-21 10:25:02,806 ] 102 RERAScrapper - INFO - Home table JSON extracted: home_table_json
[ 2025-06-21 10:25:02,851 ] 102 RERAScrapper - INFO - Home table JSON extracted: home_table_json
[ 2025-06-21 10:25:04,345 ] 133 RERAScrapper - INFO - Promoter Details 'promoter_details' scrapped.
[ 2025-06-21 10:25:04,346 ] 134 RERAScrapper - INFO - Authorized Signatory Detail 'authorized_signatory_details' scrapped.
[ 2025-06-21 10:25:04,346 ] 135 RERAScrapper - INFO - Project Member Details 'project_member_details' scrapped.
[ 2025-06-21 10:25:04,346 ] 136 RERAScrapper - INFO - Project Land Owner Details 'project_land_owner_details' scrapped.
[ 2025-06-21 10:25:04,346 ] 137 RERAScrapper - INFO - RERA Registration Details with any other State/UTs 'rera_registration_details_with_any_details' scrapped.
[ 2025-06-21 10:25:04,346 ] 138 RERAScrapper - INFO - Previous Project Details (Last 5 years only) 'previous_project_details' scrapped.
[ 2025-06-21 10:25:06,382 ] 147 RERAScrapper - INFO - Project Details page clicked.
[ 2025-06-21 10:25:06,498 ] 162 RERAScrapper - INFO - Project Details 'project_details' scrapped.
[ 2025-06-21 10:25:06,498 ] 163 RERAScrapper - INFO - Development Details 'development_details' scrapped.
[ 2025-06-21 10:25:06,498 ] 164 RERAScrapper - INFO - External Development Work 'external_development_work' scrapped.
[ 2025-06-21 10:25:06,498 ] 165 RERAScrapper - INFO - Other External Development Work 'other_external_development_work' scrapped.
[ 2025-06-21 10:25:06,498 ] 166 RERAScrapper - INFO - Project Bank ( Escrow Account ) Details 'project_bank_details' scrapped.
[ 2025-06-21 10:25:06,498 ] 167 RERAScrapper - INFO - Project Agents 'project_agents' scrapped.
[ 2025-06-21 10:25:06,499 ] 168 RERAScrapper - INFO - Project Detail Table 'project_detail_table' scrapped.
[ 2025-06-21 10:25:06,541 ] 175 RERAScrapper - INFO - Uploaded Documents page clicked.
[ 2025-06-21 10:25:06,644 ] 189 RERAScrapper - INFO - Project Documents 'project_documents' scrapped.
[ 2025-06-21 10:25:06,644 ] 190 RERAScrapper - INFO - Project Approval 'project_approval' scrapped.
[ 2025-06-21 10:25:06,644 ] 191 RERAScrapper - INFO - Declaration 'declaration' scrapped.
[ 2025-06-21 10:25:06,644 ] 192 RERAScrapper - INFO - Other Documents 'other_documents' scrapped.
[ 2025-06-21 10:25:06,645 ] 193 RERAScrapper - INFO - Project Photo 'project_photo' scrapped.
[ 2025-06-21 10:25:06,645 ] 194 RERAScrapper - INFO - Financial Document 'financial_document' scrapped.
[ 2025-06-21 10:25:06,675 ] 203 RERAScrapper - INFO - Completion Details page clicked.
[ 2025-06-21 10:25:06,714 ] 211 RERAScrapper - INFO - Completion Details '{
    "": {
        "": []
    }
}' scrapped.
[ 2025-06-21 10:25:11,386 ] 83 RERAScrapper - INFO - City 'Kolar' selected from dropdown.
[ 2025-06-21 10:25:17,519 ] 90 RERAScrapper - INFO - Select Button Clicked.
[ 2025-06-21 10:25:24,594 ] 102 RERAScrapper - INFO - Home table JSON extracted: home_table_json
[ 2025-06-21 10:25:24,642 ] 102 RERAScrapper - INFO - Home table JSON extracted: home_table_json
[ 2025-06-21 10:25:26,121 ] 133 RERAScrapper - INFO - Promoter Details 'promoter_details' scrapped.
[ 2025-06-21 10:25:26,121 ] 134 RERAScrapper - INFO - Authorized Signatory Detail 'authorized_signatory_details' scrapped.
[ 2025-06-21 10:25:26,121 ] 135 RERAScrapper - INFO - Project Member Details 'project_member_details' scrapped.
[ 2025-06-21 10:25:26,121 ] 136 RERAScrapper - INFO - Project Land Owner Details 'project_land_owner_details' scrapped.
[ 2025-06-21 10:25:26,122 ] 137 RERAScrapper - INFO - RERA Registration Details with any other State/UTs 'rera_registration_details_with_any_details' scrapped.
[ 2025-06-21 10:25:26,122 ] 138 RERAScrapper - INFO - Previous Project Details (Last 5 years only) 'previous_project_details' scrapped.
[ 2025-06-21 10:25:28,171 ] 147 RERAScrapper - INFO - Project Details page clicked.
[ 2025-06-21 10:25:28,305 ] 162 RERAScrapper - INFO - Project Details 'project_details' scrapped.
[ 2025-06-21 10:25:28,305 ] 163 RERAScrapper - INFO - Development Details 'development_details' scrapped.
[ 2025-06-21 10:25:28,305 ] 164 RERAScrapper - INFO - External Development Work 'external_development_work' scrapped.
[ 2025-06-21 10:25:28,305 ] 165 RERAScrapper - INFO - Other External Development Work 'other_external_development_work' scrapped.
[ 2025-06-21 10:25:28,305 ] 166 RERAScrapper - INFO - Project Bank ( Escrow Account ) Details 'project_bank_details' scrapped.
[ 2025-06-21 10:25:28,306 ] 167 RERAScrapper - INFO - Project Agents 'project_agents' scrapped.
[ 2025-06-21 10:25:28,306 ] 168 RERAScrapper - INFO - Project Detail Table 'project_detail_table' scrapped.
[ 2025-06-21 10:25:28,345 ] 175 RERAScrapper - INFO - Uploaded Documents page clicked.
[ 2025-06-21 10:25:28,456 ] 189 RERAScrapper - INFO - Project Documents 'project_documents' scrapped.
[ 2025-06-21 10:25:28,456 ] 190 RERAScrapper - INFO - Project Approval 'project_approval' scrapped.
[ 2025-06-21 10:25:28,457 ] 191 RERAScrapper - INFO - Declaration 'declaration' scrapped.
[ 2025-06-21 10:25:28,457 ] 192 RERAScrapper - INFO - Other Documents 'other_documents' scrapped.
[ 2025-06-21 10:25:28,457 ] 193 RERAScrapper - INFO - Project Photo 'project_photo' scrapped.
[ 2025-06-21 10:25:28,457 ] 194 RERAScrapper - INFO - Financial Document 'financial_document' scrapped.
[ 2025-06-21 10:25:48,934 ] 205 RERAScrapper - ERROR - Timed out waiting for Completion Details page: Message: 
Stacktrace:
	GetHandleVerifier [0x0x423b03+62899]
	GetHandleVerifier [0x0x423b44+62964]
	(No symbol) [0x0x2510f3]
	(No symbol) [0x0x29980e]
	(No symbol) [0x0x299bab]
	(No symbol) [0x0x2e25c2]
	(No symbol) [0x0x2be554]
	(No symbol) [0x0x2dfd81]
	(No symbol) [0x0x2be306]
	(No symbol) [0x0x28d670]
	(No symbol) [0x0x28e4e4]
	GetHandleVerifier [0x0x684793+2556483]
	GetHandleVerifier [0x0x67fd02+2537394]
	GetHandleVerifier [0x0x44a2fa+220586]
	GetHandleVerifier [0x0x43aae8+157080]
	GetHandleVerifier [0x0x44141d+184013]
	GetHandleVerifier [0x0x42ba68+95512]
	GetHandleVerifier [0x0x42bc10+95936]
	GetHandleVerifier [0x0x416b5a+9738]
	BaseThreadInitThunk [0x0x774afcc9+25]
	RtlGetAppContainerNamedObjectPath [0x0x776a82ae+286]
	RtlGetAppContainerNamedObjectPath [0x0x776a827e+238]

[ 2025-06-21 10:25:48,935 ] 247 RERAScrapper - ERROR - An error occurred in scrape_project_details: local variable 'completion_details_page' referenced before assignment
[ 2025-06-21 10:25:53,071 ] 83 RERAScrapper - INFO - City 'Kolar' selected from dropdown.
[ 2025-06-21 10:26:00,838 ] 90 RERAScrapper - INFO - Select Button Clicked.
[ 2025-06-21 10:26:07,930 ] 102 RERAScrapper - INFO - Home table JSON extracted: home_table_json
[ 2025-06-21 10:26:07,978 ] 102 RERAScrapper - INFO - Home table JSON extracted: home_table_json
[ 2025-06-21 10:26:09,310 ] 133 RERAScrapper - INFO - Promoter Details 'promoter_details' scrapped.
[ 2025-06-21 10:26:09,310 ] 134 RERAScrapper - INFO - Authorized Signatory Detail 'authorized_signatory_details' scrapped.
[ 2025-06-21 10:26:09,310 ] 135 RERAScrapper - INFO - Project Member Details 'project_member_details' scrapped.
[ 2025-06-21 10:26:09,310 ] 136 RERAScrapper - INFO - Project Land Owner Details 'project_land_owner_details' scrapped.
[ 2025-06-21 10:26:09,310 ] 137 RERAScrapper - INFO - RERA Registration Details with any other State/UTs 'rera_registration_details_with_any_details' scrapped.
[ 2025-06-21 10:26:09,311 ] 138 RERAScrapper - INFO - Previous Project Details (Last 5 years only) 'previous_project_details' scrapped.
[ 2025-06-21 10:26:11,349 ] 147 RERAScrapper - INFO - Project Details page clicked.
[ 2025-06-21 10:26:11,471 ] 162 RERAScrapper - INFO - Project Details 'project_details' scrapped.
[ 2025-06-21 10:26:11,471 ] 163 RERAScrapper - INFO - Development Details 'development_details' scrapped.
[ 2025-06-21 10:26:11,471 ] 164 RERAScrapper - INFO - External Development Work 'external_development_work' scrapped.
[ 2025-06-21 10:26:11,471 ] 165 RERAScrapper - INFO - Other External Development Work 'other_external_development_work' scrapped.
[ 2025-06-21 10:26:11,471 ] 166 RERAScrapper - INFO - Project Bank ( Escrow Account ) Details 'project_bank_details' scrapped.
[ 2025-06-21 10:26:11,472 ] 167 RERAScrapper - INFO - Project Agents 'project_agents' scrapped.
[ 2025-06-21 10:26:11,472 ] 168 RERAScrapper - INFO - Project Detail Table 'project_detail_table' scrapped.
[ 2025-06-21 10:26:11,509 ] 175 RERAScrapper - INFO - Uploaded Documents page clicked.
[ 2025-06-21 10:26:11,627 ] 189 RERAScrapper - INFO - Project Documents 'project_documents' scrapped.
[ 2025-06-21 10:26:11,627 ] 190 RERAScrapper - INFO - Project Approval 'project_approval' scrapped.
[ 2025-06-21 10:26:11,627 ] 191 RERAScrapper - INFO - Declaration 'declaration' scrapped.
[ 2025-06-21 10:26:11,627 ] 192 RERAScrapper - INFO - Other Documents 'other_documents' scrapped.
[ 2025-06-21 10:26:11,627 ] 193 RERAScrapper - INFO - Project Photo 'project_photo' scrapped.
[ 2025-06-21 10:26:11,628 ] 194 RERAScrapper - INFO - Financial Document 'financial_document' scrapped.
[ 2025-06-21 10:26:32,125 ] 205 RERAScrapper - ERROR - Timed out waiting for Completion Details page: Message: 
Stacktrace:
	GetHandleVerifier [0x0x423b03+62899]
	GetHandleVerifier [0x0x423b44+62964]
	(No symbol) [0x0x2510f3]
	(No symbol) [0x0x29980e]
	(No symbol) [0x0x299bab]
	(No symbol) [0x0x2e25c2]
	(No symbol) [0x0x2be554]
	(No symbol) [0x0x2dfd81]
	(No symbol) [0x0x2be306]
	(No symbol) [0x0x28d670]
	(No symbol) [0x0x28e4e4]
	GetHandleVerifier [0x0x684793+2556483]
	GetHandleVerifier [0x0x67fd02+2537394]
	GetHandleVerifier [0x0x44a2fa+220586]
	GetHandleVerifier [0x0x43aae8+157080]
	GetHandleVerifier [0x0x44141d+184013]
	GetHandleVerifier [0x0x42ba68+95512]
	GetHandleVerifier [0x0x42bc10+95936]
	GetHandleVerifier [0x0x416b5a+9738]
	BaseThreadInitThunk [0x0x774afcc9+25]
	RtlGetAppContainerNamedObjectPath [0x0x776a82ae+286]
	RtlGetAppContainerNamedObjectPath [0x0x776a827e+238]

[ 2025-06-21 10:26:32,126 ] 247 RERAScrapper - ERROR - An error occurred in scrape_project_details: local variable 'completion_details_page' referenced before assignment
[ 2025-06-21 10:26:36,253 ] 83 RERAScrapper - INFO - City 'Kolar' selected from dropdown.
[ 2025-06-21 10:26:42,564 ] 90 RERAScrapper - INFO - Select Button Clicked.
[ 2025-06-21 10:26:49,649 ] 102 RERAScrapper - INFO - Home table JSON extracted: home_table_json
[ 2025-06-21 10:26:49,694 ] 102 RERAScrapper - INFO - Home table JSON extracted: home_table_json
[ 2025-06-21 10:26:51,420 ] 247 RERAScrapper - ERROR - An error occurred in scrape_project_details: local variable 'h1_elements' referenced before assignment
[ 2025-06-21 10:26:55,561 ] 83 RERAScrapper - INFO - City 'Kolar' selected from dropdown.
[ 2025-06-21 10:27:02,051 ] 90 RERAScrapper - INFO - Select Button Clicked.
[ 2025-06-21 10:27:09,138 ] 102 RERAScrapper - INFO - Home table JSON extracted: home_table_json
[ 2025-06-21 10:27:09,187 ] 102 RERAScrapper - INFO - Home table JSON extracted: home_table_json
[ 2025-06-21 10:27:10,498 ] 133 RERAScrapper - INFO - Promoter Details 'promoter_details' scrapped.
[ 2025-06-21 10:27:10,498 ] 134 RERAScrapper - INFO - Authorized Signatory Detail 'authorized_signatory_details' scrapped.
[ 2025-06-21 10:27:10,498 ] 135 RERAScrapper - INFO - Project Member Details 'project_member_details' scrapped.
[ 2025-06-21 10:27:10,499 ] 136 RERAScrapper - INFO - Project Land Owner Details 'project_land_owner_details' scrapped.
[ 2025-06-21 10:27:10,499 ] 137 RERAScrapper - INFO - RERA Registration Details with any other State/UTs 'rera_registration_details_with_any_details' scrapped.
[ 2025-06-21 10:27:10,499 ] 138 RERAScrapper - INFO - Previous Project Details (Last 5 years only) 'previous_project_details' scrapped.
[ 2025-06-21 10:27:12,557 ] 147 RERAScrapper - INFO - Project Details page clicked.
[ 2025-06-21 10:27:12,705 ] 162 RERAScrapper - INFO - Project Details 'project_details' scrapped.
[ 2025-06-21 10:27:12,705 ] 163 RERAScrapper - INFO - Development Details 'development_details' scrapped.
[ 2025-06-21 10:27:12,705 ] 164 RERAScrapper - INFO - External Development Work 'external_development_work' scrapped.
[ 2025-06-21 10:27:12,705 ] 165 RERAScrapper - INFO - Other External Development Work 'other_external_development_work' scrapped.
[ 2025-06-21 10:27:12,706 ] 166 RERAScrapper - INFO - Project Bank ( Escrow Account ) Details 'project_bank_details' scrapped.
[ 2025-06-21 10:27:12,706 ] 167 RERAScrapper - INFO - Project Agents 'project_agents' scrapped.
[ 2025-06-21 10:27:12,706 ] 168 RERAScrapper - INFO - Project Detail Table 'project_detail_table' scrapped.
[ 2025-06-21 10:27:12,750 ] 175 RERAScrapper - INFO - Uploaded Documents page clicked.
[ 2025-06-21 10:27:12,880 ] 189 RERAScrapper - INFO - Project Documents 'project_documents' scrapped.
[ 2025-06-21 10:27:12,881 ] 190 RERAScrapper - INFO - Project Approval 'project_approval' scrapped.
[ 2025-06-21 10:27:12,881 ] 191 RERAScrapper - INFO - Declaration 'declaration' scrapped.
[ 2025-06-21 10:27:12,881 ] 192 RERAScrapper - INFO - Other Documents 'other_documents' scrapped.
[ 2025-06-21 10:27:12,881 ] 193 RERAScrapper - INFO - Project Photo 'project_photo' scrapped.
[ 2025-06-21 10:27:12,882 ] 194 RERAScrapper - INFO - Financial Document 'financial_document' scrapped.
[ 2025-06-21 10:27:33,369 ] 205 RERAScrapper - ERROR - Timed out waiting for Completion Details page: Message: 
Stacktrace:
	GetHandleVerifier [0x0x423b03+62899]
	GetHandleVerifier [0x0x423b44+62964]
	(No symbol) [0x0x2510f3]
	(No symbol) [0x0x29980e]
	(No symbol) [0x0x299bab]
	(No symbol) [0x0x2e25c2]
	(No symbol) [0x0x2be554]
	(No symbol) [0x0x2dfd81]
	(No symbol) [0x0x2be306]
	(No symbol) [0x0x28d670]
	(No symbol) [0x0x28e4e4]
	GetHandleVerifier [0x0x684793+2556483]
	GetHandleVerifier [0x0x67fd02+2537394]
	GetHandleVerifier [0x0x44a2fa+220586]
	GetHandleVerifier [0x0x43aae8+157080]
	GetHandleVerifier [0x0x44141d+184013]
	GetHandleVerifier [0x0x42ba68+95512]
	GetHandleVerifier [0x0x42bc10+95936]
	GetHandleVerifier [0x0x416b5a+9738]
	BaseThreadInitThunk [0x0x774afcc9+25]
	RtlGetAppContainerNamedObjectPath [0x0x776a82ae+286]
	RtlGetAppContainerNamedObjectPath [0x0x776a827e+238]

[ 2025-06-21 10:27:33,371 ] 247 RERAScrapper - ERROR - An error occurred in scrape_project_details: local variable 'completion_details_page' referenced before assignment
[ 2025-06-21 10:27:37,524 ] 83 RERAScrapper - INFO - City 'Kolar' selected from dropdown.
[ 2025-06-21 10:27:38,575 ] 90 RERAScrapper - INFO - Select Button Clicked.
[ 2025-06-21 10:27:53,570 ] 102 RERAScrapper - INFO - Home table JSON extracted: home_table_json
[ 2025-06-21 10:27:53,609 ] 102 RERAScrapper - INFO - Home table JSON extracted: home_table_json
[ 2025-06-21 10:27:55,170 ] 133 RERAScrapper - INFO - Promoter Details 'promoter_details' scrapped.
[ 2025-06-21 10:27:55,170 ] 134 RERAScrapper - INFO - Authorized Signatory Detail 'authorized_signatory_details' scrapped.
[ 2025-06-21 10:27:55,170 ] 135 RERAScrapper - INFO - Project Member Details 'project_member_details' scrapped.
[ 2025-06-21 10:27:55,170 ] 136 RERAScrapper - INFO - Project Land Owner Details 'project_land_owner_details' scrapped.
[ 2025-06-21 10:27:55,171 ] 137 RERAScrapper - INFO - RERA Registration Details with any other State/UTs 'rera_registration_details_with_any_details' scrapped.
[ 2025-06-21 10:27:55,171 ] 138 RERAScrapper - INFO - Previous Project Details (Last 5 years only) 'previous_project_details' scrapped.
[ 2025-06-21 10:27:57,215 ] 147 RERAScrapper - INFO - Project Details page clicked.
[ 2025-06-21 10:27:57,376 ] 162 RERAScrapper - INFO - Project Details 'project_details' scrapped.
[ 2025-06-21 10:27:57,377 ] 163 RERAScrapper - INFO - Development Details 'development_details' scrapped.
[ 2025-06-21 10:27:57,377 ] 164 RERAScrapper - INFO - External Development Work 'external_development_work' scrapped.
[ 2025-06-21 10:27:57,377 ] 165 RERAScrapper - INFO - Other External Development Work 'other_external_development_work' scrapped.
[ 2025-06-21 10:27:57,377 ] 166 RERAScrapper - INFO - Project Bank ( Escrow Account ) Details 'project_bank_details' scrapped.
[ 2025-06-21 10:27:57,378 ] 167 RERAScrapper - INFO - Project Agents 'project_agents' scrapped.
[ 2025-06-21 10:27:57,378 ] 168 RERAScrapper - INFO - Project Detail Table 'project_detail_table' scrapped.
[ 2025-06-21 10:27:57,412 ] 175 RERAScrapper - INFO - Uploaded Documents page clicked.
[ 2025-06-21 10:27:57,542 ] 189 RERAScrapper - INFO - Project Documents 'project_documents' scrapped.
[ 2025-06-21 10:27:57,543 ] 190 RERAScrapper - INFO - Project Approval 'project_approval' scrapped.
[ 2025-06-21 10:27:57,543 ] 191 RERAScrapper - INFO - Declaration 'declaration' scrapped.
[ 2025-06-21 10:27:57,543 ] 192 RERAScrapper - INFO - Other Documents 'other_documents' scrapped.
[ 2025-06-21 10:27:57,543 ] 193 RERAScrapper - INFO - Project Photo 'project_photo' scrapped.
[ 2025-06-21 10:27:57,543 ] 194 RERAScrapper - INFO - Financial Document 'financial_document' scrapped.
[ 2025-06-21 10:28:18,001 ] 205 RERAScrapper - ERROR - Timed out waiting for Completion Details page: Message: 
Stacktrace:
	GetHandleVerifier [0x0x423b03+62899]
	GetHandleVerifier [0x0x423b44+62964]
	(No symbol) [0x0x2510f3]
	(No symbol) [0x0x29980e]
	(No symbol) [0x0x299bab]
	(No symbol) [0x0x2e25c2]
	(No symbol) [0x0x2be554]
	(No symbol) [0x0x2dfd81]
	(No symbol) [0x0x2be306]
	(No symbol) [0x0x28d670]
	(No symbol) [0x0x28e4e4]
	GetHandleVerifier [0x0x684793+2556483]
	GetHandleVerifier [0x0x67fd02+2537394]
	GetHandleVerifier [0x0x44a2fa+220586]
	GetHandleVerifier [0x0x43aae8+157080]
	GetHandleVerifier [0x0x44141d+184013]
	GetHandleVerifier [0x0x42ba68+95512]
	GetHandleVerifier [0x0x42bc10+95936]
	GetHandleVerifier [0x0x416b5a+9738]
	BaseThreadInitThunk [0x0x774afcc9+25]
	RtlGetAppContainerNamedObjectPath [0x0x776a82ae+286]
	RtlGetAppContainerNamedObjectPath [0x0x776a827e+238]

[ 2025-06-21 10:28:18,002 ] 247 RERAScrapper - ERROR - An error occurred in scrape_project_details: local variable 'completion_details_page' referenced before assignment
[ 2025-06-21 10:28:22,138 ] 83 RERAScrapper - INFO - City 'Kolar' selected from dropdown.
[ 2025-06-21 10:28:23,177 ] 90 RERAScrapper - INFO - Select Button Clicked.
[ 2025-06-21 10:28:34,198 ] 102 RERAScrapper - INFO - Home table JSON extracted: home_table_json
[ 2025-06-21 10:28:34,241 ] 102 RERAScrapper - INFO - Home table JSON extracted: home_table_json
[ 2025-06-21 10:28:56,229 ] 247 RERAScrapper - ERROR - An error occurred in scrape_project_details: local variable 'h1_elements' referenced before assignment
[ 2025-06-21 10:29:00,298 ] 102 RERAScrapper - INFO - Home table JSON extracted: home_table_json
[ 2025-06-21 10:29:00,339 ] 102 RERAScrapper - INFO - Home table JSON extracted: home_table_json
[ 2025-06-21 10:29:01,984 ] 133 RERAScrapper - INFO - Promoter Details 'promoter_details' scrapped.
[ 2025-06-21 10:29:01,984 ] 134 RERAScrapper - INFO - Authorized Signatory Detail 'authorized_signatory_details' scrapped.
[ 2025-06-21 10:29:01,984 ] 135 RERAScrapper - INFO - Project Member Details 'project_member_details' scrapped.
[ 2025-06-21 10:29:01,985 ] 136 RERAScrapper - INFO - Project Land Owner Details 'project_land_owner_details' scrapped.
[ 2025-06-21 10:29:01,985 ] 137 RERAScrapper - INFO - RERA Registration Details with any other State/UTs 'rera_registration_details_with_any_details' scrapped.
[ 2025-06-21 10:29:01,985 ] 138 RERAScrapper - INFO - Previous Project Details (Last 5 years only) 'previous_project_details' scrapped.
[ 2025-06-21 10:29:04,029 ] 147 RERAScrapper - INFO - Project Details page clicked.
[ 2025-06-21 10:29:04,196 ] 162 RERAScrapper - INFO - Project Details 'project_details' scrapped.
[ 2025-06-21 10:29:04,196 ] 163 RERAScrapper - INFO - Development Details 'development_details' scrapped.
[ 2025-06-21 10:29:04,196 ] 164 RERAScrapper - INFO - External Development Work 'external_development_work' scrapped.
[ 2025-06-21 10:29:04,196 ] 165 RERAScrapper - INFO - Other External Development Work 'other_external_development_work' scrapped.
[ 2025-06-21 10:29:04,197 ] 166 RERAScrapper - INFO - Project Bank ( Escrow Account ) Details 'project_bank_details' scrapped.
[ 2025-06-21 10:29:04,197 ] 167 RERAScrapper - INFO - Project Agents 'project_agents' scrapped.
[ 2025-06-21 10:29:04,197 ] 168 RERAScrapper - INFO - Project Detail Table 'project_detail_table' scrapped.
[ 2025-06-21 10:29:04,234 ] 175 RERAScrapper - INFO - Uploaded Documents page clicked.
[ 2025-06-21 10:29:04,383 ] 189 RERAScrapper - INFO - Project Documents 'project_documents' scrapped.
[ 2025-06-21 10:29:04,383 ] 190 RERAScrapper - INFO - Project Approval 'project_approval' scrapped.
[ 2025-06-21 10:29:04,384 ] 191 RERAScrapper - INFO - Declaration 'declaration' scrapped.
[ 2025-06-21 10:29:04,384 ] 192 RERAScrapper - INFO - Other Documents 'other_documents' scrapped.
[ 2025-06-21 10:29:04,384 ] 193 RERAScrapper - INFO - Project Photo 'project_photo' scrapped.
[ 2025-06-21 10:29:04,384 ] 194 RERAScrapper - INFO - Financial Document 'financial_document' scrapped.
[ 2025-06-21 10:29:24,850 ] 205 RERAScrapper - ERROR - Timed out waiting for Completion Details page: Message: 
Stacktrace:
	GetHandleVerifier [0x0x423b03+62899]
	GetHandleVerifier [0x0x423b44+62964]
	(No symbol) [0x0x2510f3]
	(No symbol) [0x0x29980e]
	(No symbol) [0x0x299bab]
	(No symbol) [0x0x2e25c2]
	(No symbol) [0x0x2be554]
	(No symbol) [0x0x2dfd81]
	(No symbol) [0x0x2be306]
	(No symbol) [0x0x28d670]
	(No symbol) [0x0x28e4e4]
	GetHandleVerifier [0x0x684793+2556483]
	GetHandleVerifier [0x0x67fd02+2537394]
	GetHandleVerifier [0x0x44a2fa+220586]
	GetHandleVerifier [0x0x43aae8+157080]
	GetHandleVerifier [0x0x44141d+184013]
	GetHandleVerifier [0x0x42ba68+95512]
	GetHandleVerifier [0x0x42bc10+95936]
	GetHandleVerifier [0x0x416b5a+9738]
	BaseThreadInitThunk [0x0x774afcc9+25]
	RtlGetAppContainerNamedObjectPath [0x0x776a82ae+286]
	RtlGetAppContainerNamedObjectPath [0x0x776a827e+238]

[ 2025-06-21 10:29:24,852 ] 247 RERAScrapper - ERROR - An error occurred in scrape_project_details: local variable 'completion_details_page' referenced before assignment
[ 2025-06-21 10:29:29,011 ] 83 RERAScrapper - INFO - City 'Kolar' selected from dropdown.
[ 2025-06-21 10:29:34,553 ] 90 RERAScrapper - INFO - Select Button Clicked.
[ 2025-06-21 10:29:42,691 ] 102 RERAScrapper - INFO - Home table JSON extracted: home_table_json
[ 2025-06-21 10:29:42,749 ] 102 RERAScrapper - INFO - Home table JSON extracted: home_table_json
[ 2025-06-21 10:30:04,706 ] 247 RERAScrapper - ERROR - An error occurred in scrape_project_details: local variable 'h1_elements' referenced before assignment
[ 2025-06-21 10:30:08,785 ] 102 RERAScrapper - INFO - Home table JSON extracted: home_table_json
[ 2025-06-21 10:30:08,823 ] 102 RERAScrapper - INFO - Home table JSON extracted: home_table_json
[ 2025-06-21 10:30:10,283 ] 133 RERAScrapper - INFO - Promoter Details 'promoter_details' scrapped.
[ 2025-06-21 10:30:10,283 ] 134 RERAScrapper - INFO - Authorized Signatory Detail 'authorized_signatory_details' scrapped.
[ 2025-06-21 10:30:10,284 ] 135 RERAScrapper - INFO - Project Member Details 'project_member_details' scrapped.
[ 2025-06-21 10:30:10,284 ] 136 RERAScrapper - INFO - Project Land Owner Details 'project_land_owner_details' scrapped.
[ 2025-06-21 10:30:10,284 ] 137 RERAScrapper - INFO - RERA Registration Details with any other State/UTs 'rera_registration_details_with_any_details' scrapped.
[ 2025-06-21 10:30:10,284 ] 138 RERAScrapper - INFO - Previous Project Details (Last 5 years only) 'previous_project_details' scrapped.
[ 2025-06-21 10:30:12,324 ] 147 RERAScrapper - INFO - Project Details page clicked.
[ 2025-06-21 10:30:12,484 ] 162 RERAScrapper - INFO - Project Details 'project_details' scrapped.
[ 2025-06-21 10:30:12,484 ] 163 RERAScrapper - INFO - Development Details 'development_details' scrapped.
[ 2025-06-21 10:30:12,484 ] 164 RERAScrapper - INFO - External Development Work 'external_development_work' scrapped.
[ 2025-06-21 10:30:12,484 ] 165 RERAScrapper - INFO - Other External Development Work 'other_external_development_work' scrapped.
[ 2025-06-21 10:30:12,484 ] 166 RERAScrapper - INFO - Project Bank ( Escrow Account ) Details 'project_bank_details' scrapped.
[ 2025-06-21 10:30:12,485 ] 167 RERAScrapper - INFO - Project Agents 'project_agents' scrapped.
[ 2025-06-21 10:30:12,485 ] 168 RERAScrapper - INFO - Project Detail Table 'project_detail_table' scrapped.
[ 2025-06-21 10:30:12,522 ] 175 RERAScrapper - INFO - Uploaded Documents page clicked.
[ 2025-06-21 10:30:12,667 ] 189 RERAScrapper - INFO - Project Documents 'project_documents' scrapped.
[ 2025-06-21 10:30:12,667 ] 190 RERAScrapper - INFO - Project Approval 'project_approval' scrapped.
[ 2025-06-21 10:30:12,667 ] 191 RERAScrapper - INFO - Declaration 'declaration' scrapped.
[ 2025-06-21 10:30:12,667 ] 192 RERAScrapper - INFO - Other Documents 'other_documents' scrapped.
[ 2025-06-21 10:30:12,668 ] 193 RERAScrapper - INFO - Project Photo 'project_photo' scrapped.
[ 2025-06-21 10:30:12,668 ] 194 RERAScrapper - INFO - Financial Document 'financial_document' scrapped.
[ 2025-06-21 10:30:12,702 ] 203 RERAScrapper - INFO - Completion Details page clicked.
[ 2025-06-21 10:30:12,762 ] 211 RERAScrapper - INFO - Completion Details '{
    "": {
        "": []
    }
}' scrapped.
[ 2025-06-21 10:30:17,341 ] 83 RERAScrapper - INFO - City 'Kolar' selected from dropdown.
[ 2025-06-21 10:30:24,186 ] 90 RERAScrapper - INFO - Select Button Clicked.
[ 2025-06-21 10:30:32,308 ] 102 RERAScrapper - INFO - Home table JSON extracted: home_table_json
[ 2025-06-21 10:30:32,350 ] 102 RERAScrapper - INFO - Home table JSON extracted: home_table_json
[ 2025-06-21 10:30:33,760 ] 133 RERAScrapper - INFO - Promoter Details 'promoter_details' scrapped.
[ 2025-06-21 10:30:33,761 ] 134 RERAScrapper - INFO - Authorized Signatory Detail 'authorized_signatory_details' scrapped.
[ 2025-06-21 10:30:33,761 ] 135 RERAScrapper - INFO - Project Member Details 'project_member_details' scrapped.
[ 2025-06-21 10:30:33,761 ] 136 RERAScrapper - INFO - Project Land Owner Details 'project_land_owner_details' scrapped.
[ 2025-06-21 10:30:33,761 ] 137 RERAScrapper - INFO - RERA Registration Details with any other State/UTs 'rera_registration_details_with_any_details' scrapped.
[ 2025-06-21 10:30:33,761 ] 138 RERAScrapper - INFO - Previous Project Details (Last 5 years only) 'previous_project_details' scrapped.
[ 2025-06-21 10:30:35,799 ] 147 RERAScrapper - INFO - Project Details page clicked.
[ 2025-06-21 10:30:35,951 ] 162 RERAScrapper - INFO - Project Details 'project_details' scrapped.
[ 2025-06-21 10:30:35,951 ] 163 RERAScrapper - INFO - Development Details 'development_details' scrapped.
[ 2025-06-21 10:30:35,951 ] 164 RERAScrapper - INFO - External Development Work 'external_development_work' scrapped.
[ 2025-06-21 10:30:35,951 ] 165 RERAScrapper - INFO - Other External Development Work 'other_external_development_work' scrapped.
[ 2025-06-21 10:30:35,952 ] 166 RERAScrapper - INFO - Project Bank ( Escrow Account ) Details 'project_bank_details' scrapped.
[ 2025-06-21 10:30:35,952 ] 167 RERAScrapper - INFO - Project Agents 'project_agents' scrapped.
[ 2025-06-21 10:30:35,952 ] 168 RERAScrapper - INFO - Project Detail Table 'project_detail_table' scrapped.
[ 2025-06-21 10:30:35,981 ] 175 RERAScrapper - INFO - Uploaded Documents page clicked.
[ 2025-06-21 10:30:36,122 ] 189 RERAScrapper - INFO - Project Documents 'project_documents' scrapped.
[ 2025-06-21 10:30:36,122 ] 190 RERAScrapper - INFO - Project Approval 'project_approval' scrapped.
[ 2025-06-21 10:30:36,122 ] 191 RERAScrapper - INFO - Declaration 'declaration' scrapped.
[ 2025-06-21 10:30:36,122 ] 192 RERAScrapper - INFO - Other Documents 'other_documents' scrapped.
[ 2025-06-21 10:30:36,123 ] 193 RERAScrapper - INFO - Project Photo 'project_photo' scrapped.
[ 2025-06-21 10:30:36,123 ] 194 RERAScrapper - INFO - Financial Document 'financial_document' scrapped.
[ 2025-06-21 10:30:56,618 ] 205 RERAScrapper - ERROR - Timed out waiting for Completion Details page: Message: 
Stacktrace:
	GetHandleVerifier [0x0x423b03+62899]
	GetHandleVerifier [0x0x423b44+62964]
	(No symbol) [0x0x2510f3]
	(No symbol) [0x0x29980e]
	(No symbol) [0x0x299bab]
	(No symbol) [0x0x2e25c2]
	(No symbol) [0x0x2be554]
	(No symbol) [0x0x2dfd81]
	(No symbol) [0x0x2be306]
	(No symbol) [0x0x28d670]
	(No symbol) [0x0x28e4e4]
	GetHandleVerifier [0x0x684793+2556483]
	GetHandleVerifier [0x0x67fd02+2537394]
	GetHandleVerifier [0x0x44a2fa+220586]
	GetHandleVerifier [0x0x43aae8+157080]
	GetHandleVerifier [0x0x44141d+184013]
	GetHandleVerifier [0x0x42ba68+95512]
	GetHandleVerifier [0x0x42bc10+95936]
	GetHandleVerifier [0x0x416b5a+9738]
	BaseThreadInitThunk [0x0x774afcc9+25]
	RtlGetAppContainerNamedObjectPath [0x0x776a82ae+286]
	RtlGetAppContainerNamedObjectPath [0x0x776a827e+238]

[ 2025-06-21 10:30:56,620 ] 247 RERAScrapper - ERROR - An error occurred in scrape_project_details: local variable 'completion_details_page' referenced before assignment
[ 2025-06-21 10:31:00,777 ] 83 RERAScrapper - INFO - City 'Kolar' selected from dropdown.
[ 2025-06-21 10:31:11,939 ] 90 RERAScrapper - INFO - Select Button Clicked.
[ 2025-06-21 10:31:20,089 ] 102 RERAScrapper - INFO - Home table JSON extracted: home_table_json
[ 2025-06-21 10:31:20,140 ] 102 RERAScrapper - INFO - Home table JSON extracted: home_table_json
[ 2025-06-21 10:31:21,579 ] 133 RERAScrapper - INFO - Promoter Details 'promoter_details' scrapped.
[ 2025-06-21 10:31:21,579 ] 134 RERAScrapper - INFO - Authorized Signatory Detail 'authorized_signatory_details' scrapped.
[ 2025-06-21 10:31:21,579 ] 135 RERAScrapper - INFO - Project Member Details 'project_member_details' scrapped.
[ 2025-06-21 10:31:21,579 ] 136 RERAScrapper - INFO - Project Land Owner Details 'project_land_owner_details' scrapped.
[ 2025-06-21 10:31:21,579 ] 137 RERAScrapper - INFO - RERA Registration Details with any other State/UTs 'rera_registration_details_with_any_details' scrapped.
[ 2025-06-21 10:31:21,580 ] 138 RERAScrapper - INFO - Previous Project Details (Last 5 years only) 'previous_project_details' scrapped.
[ 2025-06-21 10:31:23,621 ] 147 RERAScrapper - INFO - Project Details page clicked.
[ 2025-06-21 10:31:23,795 ] 162 RERAScrapper - INFO - Project Details 'project_details' scrapped.
[ 2025-06-21 10:31:23,795 ] 163 RERAScrapper - INFO - Development Details 'development_details' scrapped.
[ 2025-06-21 10:31:23,795 ] 164 RERAScrapper - INFO - External Development Work 'external_development_work' scrapped.
[ 2025-06-21 10:31:23,796 ] 165 RERAScrapper - INFO - Other External Development Work 'other_external_development_work' scrapped.
[ 2025-06-21 10:31:23,796 ] 166 RERAScrapper - INFO - Project Bank ( Escrow Account ) Details 'project_bank_details' scrapped.
[ 2025-06-21 10:31:23,796 ] 167 RERAScrapper - INFO - Project Agents 'project_agents' scrapped.
[ 2025-06-21 10:31:23,796 ] 168 RERAScrapper - INFO - Project Detail Table 'project_detail_table' scrapped.
[ 2025-06-21 10:31:23,843 ] 175 RERAScrapper - INFO - Uploaded Documents page clicked.
[ 2025-06-21 10:31:24,007 ] 189 RERAScrapper - INFO - Project Documents 'project_documents' scrapped.
[ 2025-06-21 10:31:24,008 ] 190 RERAScrapper - INFO - Project Approval 'project_approval' scrapped.
[ 2025-06-21 10:31:24,008 ] 191 RERAScrapper - INFO - Declaration 'declaration' scrapped.
[ 2025-06-21 10:31:24,008 ] 192 RERAScrapper - INFO - Other Documents 'other_documents' scrapped.
[ 2025-06-21 10:31:24,008 ] 193 RERAScrapper - INFO - Project Photo 'project_photo' scrapped.
[ 2025-06-21 10:31:24,008 ] 194 RERAScrapper - INFO - Financial Document 'financial_document' scrapped.
[ 2025-06-21 10:31:24,045 ] 203 RERAScrapper - INFO - Completion Details page clicked.
[ 2025-06-21 10:31:24,103 ] 211 RERAScrapper - INFO - Completion Details '{
    "": {
        "": []
    }
}' scrapped.
[ 2025-06-21 10:31:28,748 ] 83 RERAScrapper - INFO - City 'Kolar' selected from dropdown.
[ 2025-06-21 10:31:29,777 ] 90 RERAScrapper - INFO - Select Button Clicked.
[ 2025-06-21 10:31:44,425 ] 102 RERAScrapper - INFO - Home table JSON extracted: home_table_json
[ 2025-06-21 10:31:44,467 ] 102 RERAScrapper - INFO - Home table JSON extracted: home_table_json
[ 2025-06-21 10:32:06,312 ] 247 RERAScrapper - ERROR - An error occurred in scrape_project_details: local variable 'h1_elements' referenced before assignment
[ 2025-06-21 10:32:10,387 ] 102 RERAScrapper - INFO - Home table JSON extracted: home_table_json
[ 2025-06-21 10:32:10,426 ] 102 RERAScrapper - INFO - Home table JSON extracted: home_table_json
[ 2025-06-21 10:32:32,167 ] 247 RERAScrapper - ERROR - An error occurred in scrape_project_details: local variable 'h1_elements' referenced before assignment
[ 2025-06-21 10:32:36,231 ] 102 RERAScrapper - INFO - Home table JSON extracted: home_table_json
[ 2025-06-21 10:32:36,268 ] 102 RERAScrapper - INFO - Home table JSON extracted: home_table_json
[ 2025-06-21 10:32:58,149 ] 247 RERAScrapper - ERROR - An error occurred in scrape_project_details: local variable 'h1_elements' referenced before assignment
[ 2025-06-21 10:33:04,287 ] 102 RERAScrapper - INFO - Home table JSON extracted: home_table_json
[ 2025-06-21 10:33:04,326 ] 102 RERAScrapper - INFO - Home table JSON extracted: home_table_json
[ 2025-06-21 10:33:26,118 ] 247 RERAScrapper - ERROR - An error occurred in scrape_project_details: local variable 'h1_elements' referenced before assignment
[ 2025-06-21 10:33:30,186 ] 102 RERAScrapper - INFO - Home table JSON extracted: home_table_json
[ 2025-06-21 10:33:30,230 ] 102 RERAScrapper - INFO - Home table JSON extracted: home_table_json
[ 2025-06-21 10:33:52,375 ] 247 RERAScrapper - ERROR - An error occurred in scrape_project_details: local variable 'h1_elements' referenced before assignment
[ 2025-06-21 10:33:56,432 ] 102 RERAScrapper - INFO - Home table JSON extracted: home_table_json
[ 2025-06-21 10:33:56,471 ] 102 RERAScrapper - INFO - Home table JSON extracted: home_table_json
[ 2025-06-21 10:34:18,189 ] 247 RERAScrapper - ERROR - An error occurred in scrape_project_details: local variable 'h1_elements' referenced before assignment
[ 2025-06-21 10:34:22,257 ] 102 RERAScrapper - INFO - Home table JSON extracted: home_table_json
[ 2025-06-21 10:34:22,302 ] 102 RERAScrapper - INFO - Home table JSON extracted: home_table_json
[ 2025-06-21 10:34:44,396 ] 247 RERAScrapper - ERROR - An error occurred in scrape_project_details: local variable 'h1_elements' referenced before assignment
[ 2025-06-21 10:34:48,472 ] 102 RERAScrapper - INFO - Home table JSON extracted: home_table_json
[ 2025-06-21 10:34:48,520 ] 102 RERAScrapper - INFO - Home table JSON extracted: home_table_json
[ 2025-06-21 10:35:10,491 ] 247 RERAScrapper - ERROR - An error occurred in scrape_project_details: local variable 'h1_elements' referenced before assignment
[ 2025-06-21 10:35:14,553 ] 102 RERAScrapper - INFO - Home table JSON extracted: home_table_json
[ 2025-06-21 10:35:14,598 ] 102 RERAScrapper - INFO - Home table JSON extracted: home_table_json
[ 2025-06-21 10:35:36,731 ] 247 RERAScrapper - ERROR - An error occurred in scrape_project_details: local variable 'h1_elements' referenced before assignment
[ 2025-06-21 10:35:40,804 ] 102 RERAScrapper - INFO - Home table JSON extracted: home_table_json
[ 2025-06-21 10:35:40,845 ] 102 RERAScrapper - INFO - Home table JSON extracted: home_table_json
[ 2025-06-21 10:36:02,763 ] 247 RERAScrapper - ERROR - An error occurred in scrape_project_details: local variable 'h1_elements' referenced before assignment
[ 2025-06-21 10:36:06,838 ] 102 RERAScrapper - INFO - Home table JSON extracted: home_table_json
[ 2025-06-21 10:36:06,876 ] 102 RERAScrapper - INFO - Home table JSON extracted: home_table_json
[ 2025-06-21 10:36:29,370 ] 247 RERAScrapper - ERROR - An error occurred in scrape_project_details: local variable 'h1_elements' referenced before assignment
[ 2025-06-21 10:36:33,441 ] 102 RERAScrapper - INFO - Home table JSON extracted: home_table_json
[ 2025-06-21 10:36:33,483 ] 102 RERAScrapper - INFO - Home table JSON extracted: home_table_json
[ 2025-06-21 10:36:55,434 ] 247 RERAScrapper - ERROR - An error occurred in scrape_project_details: local variable 'h1_elements' referenced before assignment
[ 2025-06-21 10:36:59,510 ] 102 RERAScrapper - INFO - Home table JSON extracted: home_table_json
[ 2025-06-21 10:36:59,553 ] 102 RERAScrapper - INFO - Home table JSON extracted: home_table_json
[ 2025-06-21 10:37:21,682 ] 247 RERAScrapper - ERROR - An error occurred in scrape_project_details: local variable 'h1_elements' referenced before assignment
[ 2025-06-21 10:37:27,823 ] 102 RERAScrapper - INFO - Home table JSON extracted: home_table_json
[ 2025-06-21 10:37:27,862 ] 102 RERAScrapper - INFO - Home table JSON extracted: home_table_json
[ 2025-06-21 10:37:49,848 ] 247 RERAScrapper - ERROR - An error occurred in scrape_project_details: local variable 'h1_elements' referenced before assignment
[ 2025-06-21 10:37:53,909 ] 102 RERAScrapper - INFO - Home table JSON extracted: home_table_json
[ 2025-06-21 10:37:53,948 ] 102 RERAScrapper - INFO - Home table JSON extracted: home_table_json
[ 2025-06-21 10:38:15,897 ] 247 RERAScrapper - ERROR - An error occurred in scrape_project_details: local variable 'h1_elements' referenced before assignment
[ 2025-06-21 10:38:19,960 ] 102 RERAScrapper - INFO - Home table JSON extracted: home_table_json
[ 2025-06-21 10:38:19,999 ] 102 RERAScrapper - INFO - Home table JSON extracted: home_table_json
[ 2025-06-21 10:38:41,996 ] 247 RERAScrapper - ERROR - An error occurred in scrape_project_details: local variable 'h1_elements' referenced before assignment
[ 2025-06-21 10:38:46,071 ] 102 RERAScrapper - INFO - Home table JSON extracted: home_table_json
[ 2025-06-21 10:38:46,114 ] 102 RERAScrapper - INFO - Home table JSON extracted: home_table_json
[ 2025-06-21 10:39:08,361 ] 247 RERAScrapper - ERROR - An error occurred in scrape_project_details: local variable 'h1_elements' referenced before assignment
[ 2025-06-21 10:39:12,428 ] 102 RERAScrapper - INFO - Home table JSON extracted: home_table_json
[ 2025-06-21 10:39:12,468 ] 102 RERAScrapper - INFO - Home table JSON extracted: home_table_json
[ 2025-06-21 10:39:34,291 ] 247 RERAScrapper - ERROR - An error occurred in scrape_project_details: local variable 'h1_elements' referenced before assignment
[ 2025-06-21 10:39:38,362 ] 102 RERAScrapper - INFO - Home table JSON extracted: home_table_json
[ 2025-06-21 10:39:38,400 ] 102 RERAScrapper - INFO - Home table JSON extracted: home_table_json
[ 2025-06-21 10:40:00,419 ] 247 RERAScrapper - ERROR - An error occurred in scrape_project_details: local variable 'h1_elements' referenced before assignment
[ 2025-06-21 10:40:04,486 ] 102 RERAScrapper - INFO - Home table JSON extracted: home_table_json
[ 2025-06-21 10:40:04,530 ] 102 RERAScrapper - INFO - Home table JSON extracted: home_table_json
[ 2025-06-21 10:40:26,487 ] 247 RERAScrapper - ERROR - An error occurred in scrape_project_details: local variable 'h1_elements' referenced before assignment
[ 2025-06-21 10:40:30,567 ] 102 RERAScrapper - INFO - Home table JSON extracted: home_table_json
[ 2025-06-21 10:40:30,607 ] 102 RERAScrapper - INFO - Home table JSON extracted: home_table_json
[ 2025-06-21 10:40:52,472 ] 247 RERAScrapper - ERROR - An error occurred in scrape_project_details: local variable 'h1_elements' referenced before assignment
[ 2025-06-21 10:40:56,534 ] 102 RERAScrapper - INFO - Home table JSON extracted: home_table_json
[ 2025-06-21 10:40:56,574 ] 102 RERAScrapper - INFO - Home table JSON extracted: home_table_json
[ 2025-06-21 10:41:18,569 ] 247 RERAScrapper - ERROR - An error occurred in scrape_project_details: local variable 'h1_elements' referenced before assignment
[ 2025-06-21 10:41:22,646 ] 102 RERAScrapper - INFO - Home table JSON extracted: home_table_json
[ 2025-06-21 10:41:22,686 ] 102 RERAScrapper - INFO - Home table JSON extracted: home_table_json
[ 2025-06-21 10:41:44,731 ] 247 RERAScrapper - ERROR - An error occurred in scrape_project_details: local variable 'h1_elements' referenced before assignment
[ 2025-06-21 10:41:50,879 ] 102 RERAScrapper - INFO - Home table JSON extracted: home_table_json
[ 2025-06-21 10:41:50,918 ] 102 RERAScrapper - INFO - Home table JSON extracted: home_table_json
[ 2025-06-21 10:42:12,724 ] 247 RERAScrapper - ERROR - An error occurred in scrape_project_details: local variable 'h1_elements' referenced before assignment
[ 2025-06-21 10:42:16,784 ] 102 RERAScrapper - INFO - Home table JSON extracted: home_table_json
[ 2025-06-21 10:42:16,831 ] 102 RERAScrapper - INFO - Home table JSON extracted: home_table_json
[ 2025-06-21 10:42:38,370 ] 247 RERAScrapper - ERROR - An error occurred in scrape_project_details: local variable 'h1_elements' referenced before assignment
[ 2025-06-21 10:42:42,444 ] 102 RERAScrapper - INFO - Home table JSON extracted: home_table_json
[ 2025-06-21 10:42:42,486 ] 102 RERAScrapper - INFO - Home table JSON extracted: home_table_json
[ 2025-06-21 10:43:04,335 ] 247 RERAScrapper - ERROR - An error occurred in scrape_project_details: local variable 'h1_elements' referenced before assignment
[ 2025-06-21 10:43:08,402 ] 102 RERAScrapper - INFO - Home table JSON extracted: home_table_json
[ 2025-06-21 10:43:08,448 ] 102 RERAScrapper - INFO - Home table JSON extracted: home_table_json
[ 2025-06-21 10:43:29,870 ] 247 RERAScrapper - ERROR - An error occurred in scrape_project_details: local variable 'h1_elements' referenced before assignment
[ 2025-06-21 10:43:33,945 ] 102 RERAScrapper - INFO - Home table JSON extracted: home_table_json
[ 2025-06-21 10:43:33,987 ] 102 RERAScrapper - INFO - Home table JSON extracted: home_table_json
[ 2025-06-21 10:43:55,451 ] 247 RERAScrapper - ERROR - An error occurred in scrape_project_details: local variable 'h1_elements' referenced before assignment
[ 2025-06-21 10:43:59,518 ] 102 RERAScrapper - INFO - Home table JSON extracted: home_table_json
[ 2025-06-21 10:43:59,560 ] 102 RERAScrapper - INFO - Home table JSON extracted: home_table_json
[ 2025-06-21 10:44:21,829 ] 247 RERAScrapper - ERROR - An error occurred in scrape_project_details: local variable 'h1_elements' referenced before assignment
[ 2025-06-21 10:44:25,900 ] 102 RERAScrapper - INFO - Home table JSON extracted: home_table_json
[ 2025-06-21 10:44:25,942 ] 102 RERAScrapper - INFO - Home table JSON extracted: home_table_json
[ 2025-06-21 10:44:47,911 ] 247 RERAScrapper - ERROR - An error occurred in scrape_project_details: local variable 'h1_elements' referenced before assignment
[ 2025-06-21 10:44:51,968 ] 102 RERAScrapper - INFO - Home table JSON extracted: home_table_json
[ 2025-06-21 10:44:52,012 ] 102 RERAScrapper - INFO - Home table JSON extracted: home_table_json
[ 2025-06-21 10:45:13,964 ] 247 RERAScrapper - ERROR - An error occurred in scrape_project_details: local variable 'h1_elements' referenced before assignment
[ 2025-06-21 10:45:18,033 ] 102 RERAScrapper - INFO - Home table JSON extracted: home_table_json
[ 2025-06-21 10:45:18,074 ] 102 RERAScrapper - INFO - Home table JSON extracted: home_table_json
[ 2025-06-21 10:45:40,075 ] 247 RERAScrapper - ERROR - An error occurred in scrape_project_details: local variable 'h1_elements' referenced before assignment
[ 2025-06-21 10:45:44,136 ] 102 RERAScrapper - INFO - Home table JSON extracted: home_table_json
[ 2025-06-21 10:45:44,179 ] 102 RERAScrapper - INFO - Home table JSON extracted: home_table_json
[ 2025-06-21 10:46:06,144 ] 247 RERAScrapper - ERROR - An error occurred in scrape_project_details: local variable 'h1_elements' referenced before assignment
