[ 2025-06-20 11:43:50,770 ] 346 undetected_chromedriver.patcher - INFO - patching driver executable C:\Users\Utkarsh\appdata\roaming\undetected_chromedriver\undetected_chromedriver.exe
[ 2025-06-20 11:43:51,896 ] 62 RERAScrapper - INFO - Browser initialized successfully.
[ 2025-06-20 11:43:55,606 ] 70 RERAScrapper - INFO - Navigated to URL: https://rera.karnataka.gov.in/viewAllProjects
[ 2025-06-20 11:43:55,800 ] 83 RERAScrapper - INFO - City 'Kolar' selected from dropdown.
[ 2025-06-20 11:44:01,242 ] 90 RERAScrapper - INFO - Select Button Clicked.
[ 2025-06-20 11:44:02,319 ] 102 RERAScrapper - INFO - Home table JSON extracted: home_table_json
[ 2025-06-20 11:44:03,769 ] 137 RERAScrapper - INFO - Promoter Details 'promoter_details' scrapped.
[ 2025-06-20 11:44:03,769 ] 138 RERAScrapper - INFO - Authorized Signatory Detail 'authorized_signatory_details' scrapped.
[ 2025-06-20 11:44:03,769 ] 139 RERAScrapper - INFO - Project Member Details 'project_member_details' scrapped.
[ 2025-06-20 11:44:03,769 ] 140 RERAScrapper - INFO - Project Land Owner Details 'project_land_owner_details' scrapped.
[ 2025-06-20 11:44:03,770 ] 141 RERAScrapper - INFO - RERA Registration Details with any other State/UTs 'rera_registration_details_with_any_details' scrapped.
[ 2025-06-20 11:44:03,770 ] 142 RERAScrapper - INFO - Previous Project Details (Last 5 years only) 'previous_project_details' scrapped.
[ 2025-06-20 11:44:05,816 ] 151 RERAScrapper - INFO - Project Details page clicked.
[ 2025-06-20 11:44:07,117 ] 166 RERAScrapper - INFO - Project Details 'project_details' scrapped.
[ 2025-06-20 11:44:07,117 ] 167 RERAScrapper - INFO - Development Details 'development_details' scrapped.
[ 2025-06-20 11:44:07,118 ] 168 RERAScrapper - INFO - External Development Work 'external_development_work' scrapped.
[ 2025-06-20 11:44:07,118 ] 169 RERAScrapper - INFO - Other External Development Work 'other_external_development_work' scrapped.
[ 2025-06-20 11:44:07,118 ] 170 RERAScrapper - INFO - Project Bank ( Escrow Account ) Details 'project_bank_details' scrapped.
[ 2025-06-20 11:44:07,118 ] 171 RERAScrapper - INFO - Project Agents 'project_agents' scrapped.
[ 2025-06-20 11:44:07,118 ] 172 RERAScrapper - INFO - Project Detail Table 'project_detail_table' scrapped.
[ 2025-06-20 11:44:07,154 ] 179 RERAScrapper - INFO - Uploaded Documents page clicked.
[ 2025-06-20 11:44:08,944 ] 193 RERAScrapper - INFO - Project Documents 'project_documents' scrapped.
[ 2025-06-20 11:44:08,944 ] 194 RERAScrapper - INFO - Project Approval 'project_approval' scrapped.
[ 2025-06-20 11:44:08,944 ] 195 RERAScrapper - INFO - Declaration 'declaration' scrapped.
[ 2025-06-20 11:44:08,944 ] 196 RERAScrapper - INFO - Other Documents 'other_documents' scrapped.
[ 2025-06-20 11:44:08,944 ] 197 RERAScrapper - INFO - Project Photo 'project_photo' scrapped.
[ 2025-06-20 11:44:08,944 ] 198 RERAScrapper - INFO - Financial Document 'financial_document' scrapped.
[ 2025-06-20 11:44:08,980 ] 207 RERAScrapper - INFO - Completion Details page clicked.
[ 2025-06-20 11:44:09,166 ] 215 RERAScrapper - INFO - Completion Details '{
    "": {
        "": []
    }
}' scrapped.
