[ 2025-06-25 14:08:57,444 ] 61 RERAScrapper - INFO - Browser initialized successfully.
[ 2025-06-25 14:09:01,472 ] 69 RERAScrapper - INFO - Navigated to URL: https://rera.karnataka.gov.in/viewAllProjects
[ 2025-06-25 14:09:01,641 ] 82 RERAScrapper - INFO - City 'Vijayapura' selected from dropdown.
[ 2025-06-25 14:09:06,028 ] 89 RERAScrapper - INFO - Select Button Clicked.
[ 2025-06-25 14:09:07,089 ] 101 RERAScrapper - INFO - Home table JSON extracted: home_table_json
[ 2025-06-25 14:09:07,120 ] 130 RERAScrapper - INFO - Home Table JSON 'home_table_json' scrapped.
[ 2025-06-25 14:09:08,456 ] 168 RERAScrapper - INFO - Promoter Details 'promoter_details' scrapped.
[ 2025-06-25 14:09:08,535 ] 174 RERAScrapper - INFO - Authorized Signatory Detail 'authorized_signatory_details' scrapped.
[ 2025-06-25 14:09:10,267 ] 180 RERAScrapper - INFO - Project Member Details 'project_member_details' scrapped.
[ 2025-06-25 14:09:10,287 ] 186 RERAScrapper - INFO - Project Land Owner Details 'project_land_owner_details' scrapped.
[ 2025-06-25 14:09:10,308 ] 192 RERAScrapper - INFO - RERA Registration Details with any other State/UTs 'rera_registration_details_with_any_details' scrapped.
[ 2025-06-25 14:09:10,330 ] 198 RERAScrapper - INFO - Previous Project Details (Last 5 years only) 'previous_project_details' scrapped.
[ 2025-06-25 14:09:10,371 ] 207 RERAScrapper - INFO - Project Details page clicked.
[ 2025-06-25 14:09:11,212 ] 214 RERAScrapper - INFO - Project Details 'project_details' scrapped.
[ 2025-06-25 14:09:11,384 ] 220 RERAScrapper - INFO - Development Details 'development_details' scrapped.
[ 2025-06-25 14:09:11,699 ] 226 RERAScrapper - INFO - External Development Work 'external_development_work' scrapped.
[ 2025-06-25 14:09:11,721 ] 232 RERAScrapper - INFO - Other External Development Work 'other_external_development_work' scrapped.
[ 2025-06-25 14:09:11,940 ] 238 RERAScrapper - INFO - Project Bank ( Escrow Account ) Details 'project_bank_details' scrapped.
[ 2025-06-25 14:09:11,963 ] 244 RERAScrapper - INFO - Project Agents 'project_agents' scrapped.
[ 2025-06-25 14:09:11,974 ] 251 RERAScrapper - INFO - Project Detail Table 'project_detail_table' scrapped.
[ 2025-06-25 14:09:12,015 ] 260 RERAScrapper - INFO - Uploaded Documents page clicked.
[ 2025-06-25 14:09:12,091 ] 267 RERAScrapper - INFO - Project Documents 'project_documents' scrapped.
[ 2025-06-25 14:09:13,825 ] 273 RERAScrapper - INFO - Project Approval 'project_approval' scrapped.
[ 2025-06-25 14:09:13,898 ] 279 RERAScrapper - INFO - Declaration 'declaration' scrapped.
[ 2025-06-25 14:09:13,931 ] 285 RERAScrapper - INFO - Other Documents 'other_documents' scrapped.
[ 2025-06-25 14:09:14,090 ] 291 RERAScrapper - INFO - Project Photo 'project_photo' scrapped.
[ 2025-06-25 14:09:14,099 ] 297 RERAScrapper - INFO - Financial Document 'financial_document' scrapped.
[ 2025-06-25 14:09:14,142 ] 306 RERAScrapper - INFO - Uploaded Complaint page clicked.
[ 2025-06-25 14:09:14,151 ] 315 RERAScrapper - WARNING - Promoter Table 'project_table' **not** scrapped.
[ 2025-06-25 14:09:14,167 ] 408 RERAScrapper - ERROR - An error occurred in scrape_project_details: Message: element not interactable
  (Session info: chrome=137.0.7151.120)
Stacktrace:
	GetHandleVerifier [0x0x843b03+62899]
	GetHandleVerifier [0x0x843b44+62964]
	(No symbol) [0x0x670f50]
	(No symbol) [0x0x6ba9bb]
	(No symbol) [0x0x6af3e5]
	(No symbol) [0x0x6de50c]
	(No symbol) [0x0x6aee74]
	(No symbol) [0x0x6de784]
	(No symbol) [0x0x6ffd81]
	(No symbol) [0x0x6de306]
	(No symbol) [0x0x6ad670]
	(No symbol) [0x0x6ae4e4]
	GetHandleVerifier [0x0xaa4793+2556483]
	GetHandleVerifier [0x0xa9fd02+2537394]
	GetHandleVerifier [0x0x86a2fa+220586]
	GetHandleVerifier [0x0x85aae8+157080]
	GetHandleVerifier [0x0x86141d+184013]
	GetHandleVerifier [0x0x84ba68+95512]
	GetHandleVerifier [0x0x84bc10+95936]
	GetHandleVerifier [0x0x836b5a+9738]
	BaseThreadInitThunk [0x0x774afcc9+25]
	RtlGetAppContainerNamedObjectPath [0x0x776a82ae+286]
	RtlGetAppContainerNamedObjectPath [0x0x776a827e+238]

[ 2025-06-25 14:09:16,174 ] 435 RERAScrapper - INFO - Project Details Page Detected.
