[ 2025-06-24 15:46:34,825 ] 346 undetected_chromedriver.patcher - INFO - patching driver executable C:\Users\Utkarsh\appdata\roaming\undetected_chromedriver\undetected_chromedriver.exe
[ 2025-06-24 15:46:36,074 ] 62 RERAScrapper - INFO - Browser initialized successfully.
[ 2025-06-24 15:46:44,145 ] 70 RERAScrapper - INFO - Navigated to URL: https://rera.karnataka.gov.in/viewAllProjects
[ 2025-06-24 15:47:23,117 ] 93 RERAScrapper - ERROR - City selection timed out: Message: 
Stacktrace:
	GetHandleVerifier [0x0xdc3b03+62899]
	GetHandleVerifier [0x0xdc3b44+62964]
	(No symbol) [0x0xbf10f3]
	(No symbol) [0x0xc3980e]
	(No symbol) [0x0xc39bab]
	(No symbol) [0x0xc825c2]
	(No symbol) [0x0xc5e554]
	(No symbol) [0x0xc7fd81]
	(No symbol) [0x0xc5e306]
	(No symbol) [0x0xc2d670]
	(No symbol) [0x0xc2e4e4]
	GetHandleVerifier [0x0x1024793+2556483]
	GetHandleVerifier [0x0x101fd02+2537394]
	GetHandleVerifier [0x0xdea2fa+220586]
	GetHandleVerifier [0x0xddaae8+157080]
	GetHandleVerifier [0x0xde141d+184013]
	GetHandleVerifier [0x0xdcba68+95512]
	GetHandleVerifier [0x0xdcbc10+95936]
	GetHandleVerifier [0x0xdb6b5a+9738]
	BaseThreadInitThunk [0x0x774afcc9+25]
	RtlGetAppContainerNamedObjectPath [0x0x776a82ae+286]
	RtlGetAppContainerNamedObjectPath [0x0x776a827e+238]

