[ 2025-06-25 11:36:22,406 ] 62 RERAScrapper - INFO - Browser initialized successfully.
[ 2025-06-25 11:36:34,385 ] 70 RERAScrapper - INFO - Navigated to URL: https://rera.karnataka.gov.in/viewAllProjects
[ 2025-06-25 11:36:38,587 ] 83 RERAScrapper - INFO - City 'Kolar' selected from dropdown.
[ 2025-06-25 11:36:43,618 ] 90 RERAScrapper - INFO - Select Button Clicked.
[ 2025-06-25 11:36:48,438 ] 102 RERAScrapper - INFO - Home table JSON extracted: home_table_json
[ 2025-06-25 11:36:48,471 ] 130 RERAScrapper - INFO - Home Table JSON 'home_table_json' scrapped.
[ 2025-06-25 11:36:49,738 ] 169 RERAScrapper - INFO - Promoter Details 'promoter_details' scrapped.
[ 2025-06-25 11:36:49,813 ] 175 RERAScrapper - INFO - Authorized Signatory Detail 'authorized_signatory_details' scrapped.
[ 2025-06-25 11:36:49,830 ] 181 RERAScrapper - INFO - Project Member Details 'project_member_details' scrapped.
[ 2025-06-25 11:36:49,848 ] 187 RERAScrapper - INFO - Project Land Owner Details 'project_land_owner_details' scrapped.
[ 2025-06-25 11:36:49,866 ] 193 RERAScrapper - INFO - RERA Registration Details with any other State/UTs 'rera_registration_details_with_any_details' scrapped.
[ 2025-06-25 11:36:49,884 ] 199 RERAScrapper - INFO - Previous Project Details (Last 5 years only) 'previous_project_details' scrapped.
[ 2025-06-25 11:36:51,919 ] 218 RERAScrapper - INFO - Project Details page clicked.
[ 2025-06-25 11:36:52,635 ] 226 RERAScrapper - INFO - Project Details 'project_details' scrapped.
[ 2025-06-25 11:36:52,778 ] 232 RERAScrapper - INFO - Development Details 'development_details' scrapped.
[ 2025-06-25 11:36:53,029 ] 238 RERAScrapper - INFO - External Development Work 'external_development_work' scrapped.
[ 2025-06-25 11:36:53,050 ] 244 RERAScrapper - INFO - Other External Development Work 'other_external_development_work' scrapped.
[ 2025-06-25 11:36:53,254 ] 250 RERAScrapper - INFO - Project Bank ( Escrow Account ) Details 'project_bank_details' scrapped.
[ 2025-06-25 11:36:53,278 ] 256 RERAScrapper - INFO - Project Agents 'project_agents' scrapped.
[ 2025-06-25 11:36:53,290 ] 263 RERAScrapper - INFO - Project Detail Table 'project_detail_table' scrapped.
[ 2025-06-25 11:36:53,333 ] 282 RERAScrapper - INFO - Uploaded Documents page clicked.
[ 2025-06-25 11:36:53,399 ] 290 RERAScrapper - INFO - Project Documents 'project_documents' scrapped.
[ 2025-06-25 11:36:54,948 ] 296 RERAScrapper - INFO - Project Approval 'project_approval' scrapped.
[ 2025-06-25 11:36:55,012 ] 302 RERAScrapper - INFO - Declaration 'declaration' scrapped.
[ 2025-06-25 11:36:55,035 ] 308 RERAScrapper - INFO - Other Documents 'other_documents' scrapped.
[ 2025-06-25 11:36:55,127 ] 314 RERAScrapper - INFO - Project Photo 'project_photo' scrapped.
[ 2025-06-25 11:36:55,136 ] 320 RERAScrapper - INFO - Financial Document 'financial_document' scrapped.
[ 2025-06-25 11:36:55,171 ] 340 RERAScrapper - INFO - Completion Details page clicked.
[ 2025-06-25 11:36:57,337 ] 350 RERAScrapper - INFO - Completion Details 'completion_details' scrapped.
[ 2025-06-25 11:36:57,499 ] 356 RERAScrapper - INFO - Development Details 'development_details_completion' scrapped.
[ 2025-06-25 11:36:57,921 ] 362 RERAScrapper - INFO - Uploaded Documents 'uploaded_documents' scrapped.
[ 2025-06-25 11:36:58,045 ] 368 RERAScrapper - INFO - Photos Uploaded 'photos_uploaded' scrapped.
[ 2025-06-25 11:37:02,409 ] 447 RERAScrapper - INFO - Project Details Page Detected.
[ 2025-06-25 11:37:07,207 ] 465 RERAScrapper - INFO - **************************** 1 row iteration completed. ****************************
[ 2025-06-25 11:37:14,510 ] 102 RERAScrapper - INFO - Home table JSON extracted: home_table_json
[ 2025-06-25 11:37:14,544 ] 130 RERAScrapper - INFO - Home Table JSON 'home_table_json' scrapped.
[ 2025-06-25 11:37:15,885 ] 169 RERAScrapper - INFO - Promoter Details 'promoter_details' scrapped.
[ 2025-06-25 11:37:16,003 ] 175 RERAScrapper - INFO - Authorized Signatory Detail 'authorized_signatory_details' scrapped.
[ 2025-06-25 11:37:16,029 ] 181 RERAScrapper - INFO - Project Member Details 'project_member_details' scrapped.
[ 2025-06-25 11:37:16,057 ] 187 RERAScrapper - INFO - Project Land Owner Details 'project_land_owner_details' scrapped.
[ 2025-06-25 11:37:16,083 ] 193 RERAScrapper - INFO - RERA Registration Details with any other State/UTs 'rera_registration_details_with_any_details' scrapped.
[ 2025-06-25 11:37:16,111 ] 199 RERAScrapper - INFO - Previous Project Details (Last 5 years only) 'previous_project_details' scrapped.
[ 2025-06-25 11:37:18,158 ] 218 RERAScrapper - INFO - Project Details page clicked.
[ 2025-06-25 11:37:19,267 ] 226 RERAScrapper - INFO - Project Details 'project_details' scrapped.
[ 2025-06-25 11:37:19,484 ] 232 RERAScrapper - INFO - Development Details 'development_details' scrapped.
[ 2025-06-25 11:37:19,858 ] 238 RERAScrapper - INFO - External Development Work 'external_development_work' scrapped.
[ 2025-06-25 11:37:19,889 ] 244 RERAScrapper - INFO - Other External Development Work 'other_external_development_work' scrapped.
[ 2025-06-25 11:37:20,156 ] 250 RERAScrapper - INFO - Project Bank ( Escrow Account ) Details 'project_bank_details' scrapped.
[ 2025-06-25 11:37:20,184 ] 256 RERAScrapper - INFO - Project Agents 'project_agents' scrapped.
[ 2025-06-25 11:37:20,193 ] 263 RERAScrapper - INFO - Project Detail Table 'project_detail_table' scrapped.
[ 2025-06-25 11:37:20,228 ] 282 RERAScrapper - INFO - Uploaded Documents page clicked.
[ 2025-06-25 11:37:20,318 ] 290 RERAScrapper - INFO - Project Documents 'project_documents' scrapped.
[ 2025-06-25 11:37:22,503 ] 296 RERAScrapper - INFO - Project Approval 'project_approval' scrapped.
[ 2025-06-25 11:37:22,583 ] 302 RERAScrapper - INFO - Declaration 'declaration' scrapped.
[ 2025-06-25 11:37:22,616 ] 308 RERAScrapper - INFO - Other Documents 'other_documents' scrapped.
[ 2025-06-25 11:37:22,702 ] 314 RERAScrapper - INFO - Project Photo 'project_photo' scrapped.
[ 2025-06-25 11:37:22,711 ] 320 RERAScrapper - INFO - Financial Document 'financial_document' scrapped.
[ 2025-06-25 11:37:43,195 ] 342 RERAScrapper - ERROR - Timed out waiting for Completion Details page: Message: 
Stacktrace:
	GetHandleVerifier [0x0x843b03+62899]
	GetHandleVerifier [0x0x843b44+62964]
	(No symbol) [0x0x6710f3]
	(No symbol) [0x0x6b980e]
	(No symbol) [0x0x6b9bab]
	(No symbol) [0x0x7025c2]
	(No symbol) [0x0x6de554]
	(No symbol) [0x0x6ffd81]
	(No symbol) [0x0x6de306]
	(No symbol) [0x0x6ad670]
	(No symbol) [0x0x6ae4e4]
	GetHandleVerifier [0x0xaa4793+2556483]
	GetHandleVerifier [0x0xa9fd02+2537394]
	GetHandleVerifier [0x0x86a2fa+220586]
	GetHandleVerifier [0x0x85aae8+157080]
	GetHandleVerifier [0x0x86141d+184013]
	GetHandleVerifier [0x0x84ba68+95512]
	GetHandleVerifier [0x0x84bc10+95936]
	GetHandleVerifier [0x0x836b5a+9738]
	BaseThreadInitThunk [0x0x774afcc9+25]
	RtlGetAppContainerNamedObjectPath [0x0x776a82ae+286]
	RtlGetAppContainerNamedObjectPath [0x0x776a827e+238]

[ 2025-06-25 11:37:49,533 ] 447 RERAScrapper - INFO - Project Details Page Detected.
[ 2025-06-25 11:37:51,592 ] 455 RERAScrapper - WARNING - Table Disappeared
[ 2025-06-25 11:37:51,707 ] 83 RERAScrapper - INFO - City 'Kolar' selected from dropdown.
[ 2025-06-25 11:38:01,532 ] 90 RERAScrapper - INFO - Select Button Clicked.
[ 2025-06-25 11:38:08,670 ] 465 RERAScrapper - INFO - **************************** 2 row iteration completed. ****************************
[ 2025-06-25 11:38:15,542 ] 102 RERAScrapper - INFO - Home table JSON extracted: home_table_json
[ 2025-06-25 11:38:15,577 ] 130 RERAScrapper - INFO - Home Table JSON 'home_table_json' scrapped.
[ 2025-06-25 11:38:17,029 ] 169 RERAScrapper - INFO - Promoter Details 'promoter_details' scrapped.
[ 2025-06-25 11:38:17,188 ] 175 RERAScrapper - INFO - Authorized Signatory Detail 'authorized_signatory_details' scrapped.
[ 2025-06-25 11:38:17,674 ] 181 RERAScrapper - INFO - Project Member Details 'project_member_details' scrapped.
[ 2025-06-25 11:38:17,710 ] 187 RERAScrapper - INFO - Project Land Owner Details 'project_land_owner_details' scrapped.
[ 2025-06-25 11:38:17,745 ] 193 RERAScrapper - INFO - RERA Registration Details with any other State/UTs 'rera_registration_details_with_any_details' scrapped.
[ 2025-06-25 11:38:18,363 ] 199 RERAScrapper - INFO - Previous Project Details (Last 5 years only) 'previous_project_details' scrapped.
[ 2025-06-25 11:38:20,398 ] 218 RERAScrapper - INFO - Project Details page clicked.
[ 2025-06-25 11:38:21,894 ] 226 RERAScrapper - INFO - Project Details 'project_details' scrapped.
[ 2025-06-25 11:38:22,196 ] 232 RERAScrapper - INFO - Development Details 'development_details' scrapped.
[ 2025-06-25 11:38:22,717 ] 238 RERAScrapper - INFO - External Development Work 'external_development_work' scrapped.
[ 2025-06-25 11:38:22,758 ] 244 RERAScrapper - INFO - Other External Development Work 'other_external_development_work' scrapped.
[ 2025-06-25 11:38:23,121 ] 250 RERAScrapper - INFO - Project Bank ( Escrow Account ) Details 'project_bank_details' scrapped.
[ 2025-06-25 11:38:23,157 ] 256 RERAScrapper - INFO - Project Agents 'project_agents' scrapped.
[ 2025-06-25 11:38:23,165 ] 263 RERAScrapper - INFO - Project Detail Table 'project_detail_table' scrapped.
[ 2025-06-25 11:38:23,202 ] 282 RERAScrapper - INFO - Uploaded Documents page clicked.
[ 2025-06-25 11:38:23,304 ] 290 RERAScrapper - INFO - Project Documents 'project_documents' scrapped.
[ 2025-06-25 11:38:26,180 ] 296 RERAScrapper - INFO - Project Approval 'project_approval' scrapped.
[ 2025-06-25 11:38:26,280 ] 302 RERAScrapper - INFO - Declaration 'declaration' scrapped.
[ 2025-06-25 11:38:26,319 ] 308 RERAScrapper - INFO - Other Documents 'other_documents' scrapped.
[ 2025-06-25 11:38:27,241 ] 314 RERAScrapper - INFO - Project Photo 'project_photo' scrapped.
[ 2025-06-25 11:38:27,250 ] 320 RERAScrapper - INFO - Financial Document 'financial_document' scrapped.
[ 2025-06-25 11:38:47,258 ] 342 RERAScrapper - ERROR - Timed out waiting for Completion Details page: Message: 
Stacktrace:
	GetHandleVerifier [0x0x843b03+62899]
	GetHandleVerifier [0x0x843b44+62964]
	(No symbol) [0x0x6710f3]
	(No symbol) [0x0x6b980e]
	(No symbol) [0x0x6b9bab]
	(No symbol) [0x0x7025c2]
	(No symbol) [0x0x6de554]
	(No symbol) [0x0x6ffd81]
	(No symbol) [0x0x6de306]
	(No symbol) [0x0x6ad670]
	(No symbol) [0x0x6ae4e4]
	GetHandleVerifier [0x0xaa4793+2556483]
	GetHandleVerifier [0x0xa9fd02+2537394]
	GetHandleVerifier [0x0x86a2fa+220586]
	GetHandleVerifier [0x0x85aae8+157080]
	GetHandleVerifier [0x0x86141d+184013]
	GetHandleVerifier [0x0x84ba68+95512]
	GetHandleVerifier [0x0x84bc10+95936]
	GetHandleVerifier [0x0x836b5a+9738]
	BaseThreadInitThunk [0x0x774afcc9+25]
	RtlGetAppContainerNamedObjectPath [0x0x776a82ae+286]
	RtlGetAppContainerNamedObjectPath [0x0x776a827e+238]

