[ 2025-06-25 11:41:32,851 ] 62 RERAScrapper - INFO - Browser initialized successfully.
[ 2025-06-25 11:41:36,816 ] 70 RERAScrapper - INFO - Navigated to URL: https://rera.karnataka.gov.in/viewAllProjects
[ 2025-06-25 11:41:37,005 ] 83 RERAScrapper - INFO - City 'Kolar' selected from dropdown.
[ 2025-06-25 11:41:38,055 ] 90 RERAScrapper - INFO - Select Button Clicked.
[ 2025-06-25 11:41:55,661 ] 102 RERAScrapper - INFO - Home table JSON extracted: home_table_json
[ 2025-06-25 11:41:55,693 ] 130 RERAScrapper - INFO - Home Table JSON 'home_table_json' scrapped.
[ 2025-06-25 11:41:57,427 ] 169 RERAScrapper - INFO - Promoter Details 'promoter_details' scrapped.
[ 2025-06-25 11:41:57,511 ] 175 RERAScrapper - INFO - Authorized Signatory Detail 'authorized_signatory_details' scrapped.
[ 2025-06-25 11:41:57,529 ] 181 RERAScrapper - INFO - Project Member Details 'project_member_details' scrapped.
[ 2025-06-25 11:41:57,550 ] 187 RERAScrapper - INFO - Project Land Owner Details 'project_land_owner_details' scrapped.
[ 2025-06-25 11:41:57,569 ] 193 RERAScrapper - INFO - RERA Registration Details with any other State/UTs 'rera_registration_details_with_any_details' scrapped.
[ 2025-06-25 11:41:57,588 ] 199 RERAScrapper - INFO - Previous Project Details (Last 5 years only) 'previous_project_details' scrapped.
[ 2025-06-25 11:41:57,629 ] 216 RERAScrapper - INFO - Project Details page clicked.
[ 2025-06-25 11:41:58,308 ] 224 RERAScrapper - INFO - Project Details 'project_details' scrapped.
[ 2025-06-25 11:41:58,438 ] 230 RERAScrapper - INFO - Development Details 'development_details' scrapped.
[ 2025-06-25 11:41:58,669 ] 236 RERAScrapper - INFO - External Development Work 'external_development_work' scrapped.
[ 2025-06-25 11:41:58,688 ] 242 RERAScrapper - INFO - Other External Development Work 'other_external_development_work' scrapped.
[ 2025-06-25 11:41:58,861 ] 248 RERAScrapper - INFO - Project Bank ( Escrow Account ) Details 'project_bank_details' scrapped.
[ 2025-06-25 11:41:58,881 ] 254 RERAScrapper - INFO - Project Agents 'project_agents' scrapped.
[ 2025-06-25 11:41:58,893 ] 261 RERAScrapper - INFO - Project Detail Table 'project_detail_table' scrapped.
[ 2025-06-25 11:41:58,928 ] 280 RERAScrapper - INFO - Uploaded Documents page clicked.
[ 2025-06-25 11:41:58,992 ] 288 RERAScrapper - INFO - Project Documents 'project_documents' scrapped.
[ 2025-06-25 11:42:00,461 ] 294 RERAScrapper - INFO - Project Approval 'project_approval' scrapped.
[ 2025-06-25 11:42:00,522 ] 300 RERAScrapper - INFO - Declaration 'declaration' scrapped.
[ 2025-06-25 11:42:00,544 ] 306 RERAScrapper - INFO - Other Documents 'other_documents' scrapped.
[ 2025-06-25 11:42:00,661 ] 312 RERAScrapper - INFO - Project Photo 'project_photo' scrapped.
[ 2025-06-25 11:42:00,671 ] 318 RERAScrapper - INFO - Financial Document 'financial_document' scrapped.
[ 2025-06-25 11:42:00,708 ] 338 RERAScrapper - INFO - Completion Details page clicked.
[ 2025-06-25 11:42:02,865 ] 348 RERAScrapper - INFO - Completion Details 'completion_details' scrapped.
[ 2025-06-25 11:42:03,037 ] 354 RERAScrapper - INFO - Development Details 'development_details_completion' scrapped.
[ 2025-06-25 11:42:03,440 ] 360 RERAScrapper - INFO - Uploaded Documents 'uploaded_documents' scrapped.
[ 2025-06-25 11:42:03,562 ] 366 RERAScrapper - INFO - Photos Uploaded 'photos_uploaded' scrapped.
[ 2025-06-25 11:42:07,912 ] 445 RERAScrapper - INFO - Project Details Page Detected.
[ 2025-06-25 11:42:12,667 ] 463 RERAScrapper - INFO - **************************** 1 row iteration completed. ****************************
[ 2025-06-25 11:42:15,814 ] 102 RERAScrapper - INFO - Home table JSON extracted: home_table_json
[ 2025-06-25 11:42:15,848 ] 130 RERAScrapper - INFO - Home Table JSON 'home_table_json' scrapped.
[ 2025-06-25 11:42:17,693 ] 169 RERAScrapper - INFO - Promoter Details 'promoter_details' scrapped.
[ 2025-06-25 11:42:17,816 ] 175 RERAScrapper - INFO - Authorized Signatory Detail 'authorized_signatory_details' scrapped.
[ 2025-06-25 11:42:17,839 ] 181 RERAScrapper - INFO - Project Member Details 'project_member_details' scrapped.
[ 2025-06-25 11:42:17,872 ] 187 RERAScrapper - INFO - Project Land Owner Details 'project_land_owner_details' scrapped.
[ 2025-06-25 11:42:17,903 ] 193 RERAScrapper - INFO - RERA Registration Details with any other State/UTs 'rera_registration_details_with_any_details' scrapped.
[ 2025-06-25 11:42:17,933 ] 199 RERAScrapper - INFO - Previous Project Details (Last 5 years only) 'previous_project_details' scrapped.
[ 2025-06-25 11:42:17,973 ] 216 RERAScrapper - INFO - Project Details page clicked.
[ 2025-06-25 11:42:19,062 ] 224 RERAScrapper - INFO - Project Details 'project_details' scrapped.
[ 2025-06-25 11:42:19,281 ] 230 RERAScrapper - INFO - Development Details 'development_details' scrapped.
[ 2025-06-25 11:42:19,656 ] 236 RERAScrapper - INFO - External Development Work 'external_development_work' scrapped.
[ 2025-06-25 11:42:19,684 ] 242 RERAScrapper - INFO - Other External Development Work 'other_external_development_work' scrapped.
[ 2025-06-25 11:42:19,966 ] 248 RERAScrapper - INFO - Project Bank ( Escrow Account ) Details 'project_bank_details' scrapped.
[ 2025-06-25 11:42:19,998 ] 254 RERAScrapper - INFO - Project Agents 'project_agents' scrapped.
[ 2025-06-25 11:42:20,008 ] 261 RERAScrapper - INFO - Project Detail Table 'project_detail_table' scrapped.
[ 2025-06-25 11:42:20,044 ] 280 RERAScrapper - INFO - Uploaded Documents page clicked.
[ 2025-06-25 11:42:20,145 ] 288 RERAScrapper - INFO - Project Documents 'project_documents' scrapped.
[ 2025-06-25 11:42:22,306 ] 294 RERAScrapper - INFO - Project Approval 'project_approval' scrapped.
[ 2025-06-25 11:42:22,393 ] 300 RERAScrapper - INFO - Declaration 'declaration' scrapped.
[ 2025-06-25 11:42:22,431 ] 306 RERAScrapper - INFO - Other Documents 'other_documents' scrapped.
[ 2025-06-25 11:42:22,518 ] 312 RERAScrapper - INFO - Project Photo 'project_photo' scrapped.
[ 2025-06-25 11:42:22,526 ] 318 RERAScrapper - INFO - Financial Document 'financial_document' scrapped.
[ 2025-06-25 11:42:24,587 ] 340 RERAScrapper - ERROR - Timed out waiting for Completion Details page: Message: 
Stacktrace:
	GetHandleVerifier [0x0x843b03+62899]
	GetHandleVerifier [0x0x843b44+62964]
	(No symbol) [0x0x6710f3]
	(No symbol) [0x0x6b980e]
	(No symbol) [0x0x6b9bab]
	(No symbol) [0x0x7025c2]
	(No symbol) [0x0x6de554]
	(No symbol) [0x0x6ffd81]
	(No symbol) [0x0x6de306]
	(No symbol) [0x0x6ad670]
	(No symbol) [0x0x6ae4e4]
	GetHandleVerifier [0x0xaa4793+2556483]
	GetHandleVerifier [0x0xa9fd02+2537394]
	GetHandleVerifier [0x0x86a2fa+220586]
	GetHandleVerifier [0x0x85aae8+157080]
	GetHandleVerifier [0x0x86141d+184013]
	GetHandleVerifier [0x0x84ba68+95512]
	GetHandleVerifier [0x0x84bc10+95936]
	GetHandleVerifier [0x0x836b5a+9738]
	BaseThreadInitThunk [0x0x774afcc9+25]
	RtlGetAppContainerNamedObjectPath [0x0x776a82ae+286]
	RtlGetAppContainerNamedObjectPath [0x0x776a827e+238]

[ 2025-06-25 11:42:30,969 ] 445 RERAScrapper - INFO - Project Details Page Detected.
[ 2025-06-25 11:42:33,039 ] 453 RERAScrapper - WARNING - Table Disappeared
[ 2025-06-25 11:42:33,161 ] 83 RERAScrapper - INFO - City 'Kolar' selected from dropdown.
[ 2025-06-25 11:42:41,546 ] 90 RERAScrapper - INFO - Select Button Clicked.
[ 2025-06-25 11:42:48,668 ] 463 RERAScrapper - INFO - **************************** 2 row iteration completed. ****************************
[ 2025-06-25 11:42:52,474 ] 102 RERAScrapper - INFO - Home table JSON extracted: home_table_json
[ 2025-06-25 11:42:52,507 ] 130 RERAScrapper - INFO - Home Table JSON 'home_table_json' scrapped.
[ 2025-06-25 11:42:53,973 ] 169 RERAScrapper - INFO - Promoter Details 'promoter_details' scrapped.
[ 2025-06-25 11:42:54,133 ] 175 RERAScrapper - INFO - Authorized Signatory Detail 'authorized_signatory_details' scrapped.
[ 2025-06-25 11:42:54,617 ] 181 RERAScrapper - INFO - Project Member Details 'project_member_details' scrapped.
[ 2025-06-25 11:42:54,649 ] 187 RERAScrapper - INFO - Project Land Owner Details 'project_land_owner_details' scrapped.
[ 2025-06-25 11:42:54,687 ] 193 RERAScrapper - INFO - RERA Registration Details with any other State/UTs 'rera_registration_details_with_any_details' scrapped.
[ 2025-06-25 11:42:55,318 ] 199 RERAScrapper - INFO - Previous Project Details (Last 5 years only) 'previous_project_details' scrapped.
[ 2025-06-25 11:42:55,353 ] 216 RERAScrapper - INFO - Project Details page clicked.
[ 2025-06-25 11:42:56,855 ] 224 RERAScrapper - INFO - Project Details 'project_details' scrapped.
[ 2025-06-25 11:42:57,167 ] 230 RERAScrapper - INFO - Development Details 'development_details' scrapped.
[ 2025-06-25 11:42:57,690 ] 236 RERAScrapper - INFO - External Development Work 'external_development_work' scrapped.
[ 2025-06-25 11:42:57,731 ] 242 RERAScrapper - INFO - Other External Development Work 'other_external_development_work' scrapped.
[ 2025-06-25 11:42:58,132 ] 248 RERAScrapper - INFO - Project Bank ( Escrow Account ) Details 'project_bank_details' scrapped.
[ 2025-06-25 11:42:58,164 ] 254 RERAScrapper - INFO - Project Agents 'project_agents' scrapped.
[ 2025-06-25 11:42:58,172 ] 261 RERAScrapper - INFO - Project Detail Table 'project_detail_table' scrapped.
[ 2025-06-25 11:42:58,210 ] 280 RERAScrapper - INFO - Uploaded Documents page clicked.
[ 2025-06-25 11:42:58,319 ] 288 RERAScrapper - INFO - Project Documents 'project_documents' scrapped.
[ 2025-06-25 11:43:01,406 ] 294 RERAScrapper - INFO - Project Approval 'project_approval' scrapped.
[ 2025-06-25 11:43:01,513 ] 300 RERAScrapper - INFO - Declaration 'declaration' scrapped.
[ 2025-06-25 11:43:01,560 ] 306 RERAScrapper - INFO - Other Documents 'other_documents' scrapped.
[ 2025-06-25 11:43:02,532 ] 312 RERAScrapper - INFO - Project Photo 'project_photo' scrapped.
[ 2025-06-25 11:43:02,541 ] 318 RERAScrapper - INFO - Financial Document 'financial_document' scrapped.
[ 2025-06-25 11:43:04,595 ] 340 RERAScrapper - ERROR - Timed out waiting for Completion Details page: Message: 
Stacktrace:
	GetHandleVerifier [0x0x843b03+62899]
	GetHandleVerifier [0x0x843b44+62964]
	(No symbol) [0x0x6710f3]
	(No symbol) [0x0x6b980e]
	(No symbol) [0x0x6b9bab]
	(No symbol) [0x0x7025c2]
	(No symbol) [0x0x6de554]
	(No symbol) [0x0x6ffd81]
	(No symbol) [0x0x6de306]
	(No symbol) [0x0x6ad670]
	(No symbol) [0x0x6ae4e4]
	GetHandleVerifier [0x0xaa4793+2556483]
	GetHandleVerifier [0x0xa9fd02+2537394]
	GetHandleVerifier [0x0x86a2fa+220586]
	GetHandleVerifier [0x0x85aae8+157080]
	GetHandleVerifier [0x0x86141d+184013]
	GetHandleVerifier [0x0x84ba68+95512]
	GetHandleVerifier [0x0x84bc10+95936]
	GetHandleVerifier [0x0x836b5a+9738]
	BaseThreadInitThunk [0x0x774afcc9+25]
	RtlGetAppContainerNamedObjectPath [0x0x776a82ae+286]
	RtlGetAppContainerNamedObjectPath [0x0x776a827e+238]

[ 2025-06-25 11:43:10,975 ] 445 RERAScrapper - INFO - Project Details Page Detected.
[ 2025-06-25 11:43:13,044 ] 453 RERAScrapper - WARNING - Table Disappeared
[ 2025-06-25 11:43:13,215 ] 83 RERAScrapper - INFO - City 'Kolar' selected from dropdown.
[ 2025-06-25 11:43:14,249 ] 90 RERAScrapper - INFO - Select Button Clicked.
[ 2025-06-25 11:43:24,073 ] 463 RERAScrapper - INFO - **************************** 3 row iteration completed. ****************************
[ 2025-06-25 11:43:24,084 ] 102 RERAScrapper - INFO - Home table JSON extracted: home_table_json
[ 2025-06-25 11:43:24,120 ] 130 RERAScrapper - INFO - Home Table JSON 'home_table_json' scrapped.
[ 2025-06-25 11:43:44,584 ] 171 RERAScrapper - WARNING - Promoter Details 'promoter_details' **************not************** scrapped.
[ 2025-06-25 11:44:05,077 ] 177 RERAScrapper - WARNING - Authorized Signatory Detail 'authorized_signatory_details' **************not************** scrapped.
[ 2025-06-25 11:44:24,018 ] 183 RERAScrapper - WARNING - Project Member Details 'project_member_details' **************not************** scrapped.
[ 2025-06-25 11:44:24,019 ] 189 RERAScrapper - WARNING - Project Land Owner Details 'project_land_owner_details' **************not************** scrapped.
[ 2025-06-25 11:44:24,019 ] 195 RERAScrapper - WARNING - RERA Registration Details with any other State/UTs 'rera_registration_details_with_any_details' **************not************** scrapped.
[ 2025-06-25 11:44:24,020 ] 201 RERAScrapper - WARNING - Previous Project Details (Last 5 years only) 'previous_project_details' **************not************** scrapped.
[ 2025-06-25 11:44:24,021 ] 419 RERAScrapper - ERROR - An error occurred in scrape_project_details: Message: invalid session id
Stacktrace:
	GetHandleVerifier [0x0x843b03+62899]
	GetHandleVerifier [0x0x843b44+62964]
	(No symbol) [0x0x670f50]
	(No symbol) [0x0x6ac938]
	(No symbol) [0x0x6de3c6]
	(No symbol) [0x0x6d9e72]
	(No symbol) [0x0x6d9406]
	(No symbol) [0x0x643a05]
	(No symbol) [0x0x643f5e]
	(No symbol) [0x0x6443fd]
	GetHandleVerifier [0x0xaa4793+2556483]
	GetHandleVerifier [0x0xa9fd02+2537394]
	GetHandleVerifier [0x0x86a2fa+220586]
	GetHandleVerifier [0x0x85aae8+157080]
	GetHandleVerifier [0x0x86141d+184013]
	(No symbol) [0x0x6436d0]
	(No symbol) [0x0x642f47]
	GetHandleVerifier [0x0xbdaa2c+3826908]
	BaseThreadInitThunk [0x0x774afcc9+25]
	RtlGetAppContainerNamedObjectPath [0x0x776a82ae+286]
	RtlGetAppContainerNamedObjectPath [0x0x776a827e+238]

