[ 2025-06-20 12:27:06,536 ] 346 undetected_chromedriver.patcher - INFO - patching driver executable C:\Users\Utkarsh\appdata\roaming\undetected_chromedriver\undetected_chromedriver.exe
[ 2025-06-20 12:27:07,142 ] 62 RERAScrapper - INFO - Browser initialized successfully.
[ 2025-06-20 12:27:17,620 ] 70 RERAScrapper - INFO - Navigated to URL: https://rera.karnataka.gov.in/viewAllProjects
[ 2025-06-20 12:27:17,820 ] 83 RERAScrapper - INFO - City 'Kolar' selected from dropdown.
[ 2025-06-20 12:27:22,935 ] 90 RERAScrapper - INFO - Select Button Clicked.
[ 2025-06-20 12:27:24,000 ] 102 RERAScrapper - INFO - Home table JSON extracted: home_table_json
[ 2025-06-20 12:27:25,646 ] 137 RERAScrapper - INFO - Promoter Details '{
    "Promoter Details": [
        "Promoter Type : Partnership Firm",
        "Name: AARRA COMMUNITIES HOLDINGS",
        "PAN Number: ABIFA4030F",
        "Address : 1st Floor, CM Plaza, 63 Sarjarpur Road,Koramangala 1st Block",
        "District : Bengaluru Urban",
        "State/UT: Karnataka",
        "PIN Code : 560034",
        "Company Registration No. : NOT APPLICABLE",
        "Certificate: https://rera.karnataka.gov.in/download_jc?DOC_ID=mgvLEHjNVsfMtpML4omO7w%3D%3D"
    ]
}' scrapped.
[ 2025-06-20 12:27:25,646 ] 138 RERAScrapper - INFO - Authorized Signatory Detail 'authorized_signatory_details' scrapped.
[ 2025-06-20 12:27:25,646 ] 139 RERAScrapper - INFO - Project Member Details 'project_member_details' scrapped.
[ 2025-06-20 12:27:25,646 ] 140 RERAScrapper - INFO - Project Land Owner Details 'project_land_owner_details' scrapped.
[ 2025-06-20 12:27:25,647 ] 141 RERAScrapper - INFO - RERA Registration Details with any other State/UTs 'rera_registration_details_with_any_details' scrapped.
[ 2025-06-20 12:27:25,647 ] 142 RERAScrapper - INFO - Previous Project Details (Last 5 years only) 'previous_project_details' scrapped.
[ 2025-06-20 12:27:27,697 ] 151 RERAScrapper - INFO - Project Details page clicked.
[ 2025-06-20 12:27:28,919 ] 166 RERAScrapper - INFO - Project Details 'project_details' scrapped.
[ 2025-06-20 12:27:28,919 ] 167 RERAScrapper - INFO - Development Details 'development_details' scrapped.
[ 2025-06-20 12:27:28,919 ] 168 RERAScrapper - INFO - External Development Work 'external_development_work' scrapped.
[ 2025-06-20 12:27:28,920 ] 169 RERAScrapper - INFO - Other External Development Work 'other_external_development_work' scrapped.
[ 2025-06-20 12:27:28,920 ] 170 RERAScrapper - INFO - Project Bank ( Escrow Account ) Details 'project_bank_details' scrapped.
[ 2025-06-20 12:27:28,920 ] 171 RERAScrapper - INFO - Project Agents 'project_agents' scrapped.
[ 2025-06-20 12:27:28,920 ] 172 RERAScrapper - INFO - Project Detail Table 'project_detail_table' scrapped.
[ 2025-06-20 12:27:28,953 ] 179 RERAScrapper - INFO - Uploaded Documents page clicked.
[ 2025-06-20 12:27:30,689 ] 193 RERAScrapper - INFO - Project Documents 'project_documents' scrapped.
[ 2025-06-20 12:27:30,690 ] 194 RERAScrapper - INFO - Project Approval 'project_approval' scrapped.
[ 2025-06-20 12:27:30,690 ] 195 RERAScrapper - INFO - Declaration 'declaration' scrapped.
[ 2025-06-20 12:27:30,690 ] 196 RERAScrapper - INFO - Other Documents 'other_documents' scrapped.
[ 2025-06-20 12:27:30,690 ] 197 RERAScrapper - INFO - Project Photo 'project_photo' scrapped.
[ 2025-06-20 12:27:30,690 ] 198 RERAScrapper - INFO - Financial Document 'financial_document' scrapped.
[ 2025-06-20 12:27:30,726 ] 207 RERAScrapper - INFO - Completion Details page clicked.
[ 2025-06-20 12:27:30,904 ] 215 RERAScrapper - INFO - Completion Details '{
    "": {
        "": []
    }
}' scrapped.
[ 2025-06-20 12:27:31,411 ] 137 RERAScrapper - INFO - Promoter Details '{
    "Default Heading": []
}' scrapped.
[ 2025-06-20 12:27:31,411 ] 138 RERAScrapper - INFO - Authorized Signatory Detail 'authorized_signatory_details' scrapped.
[ 2025-06-20 12:27:31,411 ] 139 RERAScrapper - INFO - Project Member Details 'project_member_details' scrapped.
[ 2025-06-20 12:27:31,411 ] 140 RERAScrapper - INFO - Project Land Owner Details 'project_land_owner_details' scrapped.
[ 2025-06-20 12:27:31,411 ] 141 RERAScrapper - INFO - RERA Registration Details with any other State/UTs 'rera_registration_details_with_any_details' scrapped.
[ 2025-06-20 12:27:31,411 ] 142 RERAScrapper - INFO - Previous Project Details (Last 5 years only) 'previous_project_details' scrapped.
[ 2025-06-20 12:27:33,456 ] 151 RERAScrapper - INFO - Project Details page clicked.
[ 2025-06-20 12:27:35,372 ] 166 RERAScrapper - INFO - Project Details 'project_details' scrapped.
[ 2025-06-20 12:27:35,373 ] 167 RERAScrapper - INFO - Development Details 'development_details' scrapped.
[ 2025-06-20 12:27:35,373 ] 168 RERAScrapper - INFO - External Development Work 'external_development_work' scrapped.
[ 2025-06-20 12:27:35,373 ] 169 RERAScrapper - INFO - Other External Development Work 'other_external_development_work' scrapped.
[ 2025-06-20 12:27:35,373 ] 170 RERAScrapper - INFO - Project Bank ( Escrow Account ) Details 'project_bank_details' scrapped.
[ 2025-06-20 12:27:35,373 ] 171 RERAScrapper - INFO - Project Agents 'project_agents' scrapped.
[ 2025-06-20 12:27:35,373 ] 172 RERAScrapper - INFO - Project Detail Table 'project_detail_table' scrapped.
[ 2025-06-20 12:27:35,412 ] 179 RERAScrapper - INFO - Uploaded Documents page clicked.
[ 2025-06-20 12:27:37,882 ] 193 RERAScrapper - INFO - Project Documents 'project_documents' scrapped.
[ 2025-06-20 12:27:37,883 ] 194 RERAScrapper - INFO - Project Approval 'project_approval' scrapped.
[ 2025-06-20 12:27:37,883 ] 195 RERAScrapper - INFO - Declaration 'declaration' scrapped.
[ 2025-06-20 12:27:37,883 ] 196 RERAScrapper - INFO - Other Documents 'other_documents' scrapped.
[ 2025-06-20 12:27:37,883 ] 197 RERAScrapper - INFO - Project Photo 'project_photo' scrapped.
[ 2025-06-20 12:27:37,883 ] 198 RERAScrapper - INFO - Financial Document 'financial_document' scrapped.
[ 2025-06-20 12:27:37,923 ] 207 RERAScrapper - INFO - Completion Details page clicked.
[ 2025-06-20 12:27:38,177 ] 215 RERAScrapper - INFO - Completion Details '{
    "": {
        "": []
    }
}' scrapped.
[ 2025-06-20 12:27:44,755 ] 83 RERAScrapper - INFO - City 'Kolar' selected from dropdown.
[ 2025-06-20 12:27:45,792 ] 90 RERAScrapper - INFO - Select Button Clicked.
[ 2025-06-20 12:27:56,239 ] 102 RERAScrapper - INFO - Home table JSON extracted: home_table_json
[ 2025-06-20 12:27:58,032 ] 137 RERAScrapper - INFO - Promoter Details '{
    "Promoter Details": [
        "Promoter Type : Company",
        "Name: indes projects india pvt ltd",
        "PAN Number: aadci0124m",
        "Address : 3028 1st floor,13th main indiranagar",
        "District : Bengaluru Urban",
        "State/UT: Karnataka",
        "PIN Code : 560008",
        "Company Registration No. : U70200KA2012PTC65450",
        "Certificate: https://rera.karnataka.gov.in/download_jc?DOC_ID=PxjwbKORI3GkPaIoz2%2BEXA%3D%3D"
    ]
}' scrapped.
[ 2025-06-20 12:27:58,033 ] 138 RERAScrapper - INFO - Authorized Signatory Detail 'authorized_signatory_details' scrapped.
[ 2025-06-20 12:27:58,033 ] 139 RERAScrapper - INFO - Project Member Details 'project_member_details' scrapped.
[ 2025-06-20 12:27:58,033 ] 140 RERAScrapper - INFO - Project Land Owner Details 'project_land_owner_details' scrapped.
[ 2025-06-20 12:27:58,033 ] 141 RERAScrapper - INFO - RERA Registration Details with any other State/UTs 'rera_registration_details_with_any_details' scrapped.
[ 2025-06-20 12:27:58,033 ] 142 RERAScrapper - INFO - Previous Project Details (Last 5 years only) 'previous_project_details' scrapped.
[ 2025-06-20 12:28:00,077 ] 151 RERAScrapper - INFO - Project Details page clicked.
[ 2025-06-20 12:28:02,653 ] 166 RERAScrapper - INFO - Project Details 'project_details' scrapped.
[ 2025-06-20 12:28:02,653 ] 167 RERAScrapper - INFO - Development Details 'development_details' scrapped.
[ 2025-06-20 12:28:02,653 ] 168 RERAScrapper - INFO - External Development Work 'external_development_work' scrapped.
[ 2025-06-20 12:28:02,653 ] 169 RERAScrapper - INFO - Other External Development Work 'other_external_development_work' scrapped.
[ 2025-06-20 12:28:02,653 ] 170 RERAScrapper - INFO - Project Bank ( Escrow Account ) Details 'project_bank_details' scrapped.
[ 2025-06-20 12:28:02,654 ] 171 RERAScrapper - INFO - Project Agents 'project_agents' scrapped.
[ 2025-06-20 12:28:02,654 ] 172 RERAScrapper - INFO - Project Detail Table 'project_detail_table' scrapped.
[ 2025-06-20 12:28:02,691 ] 179 RERAScrapper - INFO - Uploaded Documents page clicked.
[ 2025-06-20 12:28:05,749 ] 193 RERAScrapper - INFO - Project Documents 'project_documents' scrapped.
[ 2025-06-20 12:28:05,749 ] 194 RERAScrapper - INFO - Project Approval 'project_approval' scrapped.
[ 2025-06-20 12:28:05,750 ] 195 RERAScrapper - INFO - Declaration 'declaration' scrapped.
[ 2025-06-20 12:28:05,750 ] 196 RERAScrapper - INFO - Other Documents 'other_documents' scrapped.
[ 2025-06-20 12:28:05,750 ] 197 RERAScrapper - INFO - Project Photo 'project_photo' scrapped.
[ 2025-06-20 12:28:05,750 ] 198 RERAScrapper - INFO - Financial Document 'financial_document' scrapped.
