[ 2025-06-20 10:53:44,744 ] 346 undetected_chromedriver.patcher - INFO - patching driver executable C:\Users\Utkarsh\appdata\roaming\undetected_chromedriver\undetected_chromedriver.exe
[ 2025-06-20 10:53:45,350 ] 62 RERAScrapper - INFO - Browser initialized successfully.
[ 2025-06-20 10:53:49,798 ] 70 RERAScrapper - INFO - Navigated to URL: https://rera.karnataka.gov.in/viewAllProjects
[ 2025-06-20 10:53:49,980 ] 83 RERAScrapper - INFO - City 'Kolar' selected from dropdown.
[ 2025-06-20 10:53:59,652 ] 90 RERAScrapper - INFO - Select Button Clicked.
[ 2025-06-20 10:54:00,727 ] 102 RERAScrapper - INFO - Home table JSON extracted: home_table_json
[ 2025-06-20 10:54:02,148 ] 128 RERAScrapper - INFO - Promoter Details 'promoter_details' scrapped.
[ 2025-06-20 10:54:02,148 ] 129 RERAScrapper - INFO - Authorized Signatory Detail 'authorized_signatory_details' scrapped.
[ 2025-06-20 10:54:02,148 ] 130 RERAScrapper - INFO - Project Member Details 'project_member_details' scrapped.
[ 2025-06-20 10:54:02,148 ] 131 RERAScrapper - INFO - Project Land Owner Details 'project_land_owner_details' scrapped.
[ 2025-06-20 10:54:02,148 ] 132 RERAScrapper - INFO - RERA Registration Details with any other State/UTs 'rera_registration_details_with_any_details' scrapped.
[ 2025-06-20 10:54:02,148 ] 133 RERAScrapper - INFO - Previous Project Details (Last 5 years only) 'previous_project_details' scrapped.
[ 2025-06-20 10:54:04,193 ] 142 RERAScrapper - INFO - Project Details page clicked.
[ 2025-06-20 10:54:05,436 ] 157 RERAScrapper - INFO - Project Details 'project_details' scrapped.
[ 2025-06-20 10:54:05,437 ] 158 RERAScrapper - INFO - Development Details 'development_details' scrapped.
[ 2025-06-20 10:54:05,437 ] 159 RERAScrapper - INFO - External Development Work 'external_development_work' scrapped.
[ 2025-06-20 10:54:05,437 ] 160 RERAScrapper - INFO - Other External Development Work 'other_external_development_work' scrapped.
[ 2025-06-20 10:54:05,437 ] 161 RERAScrapper - INFO - Project Bank ( Escrow Account ) Details 'project_bank_details' scrapped.
[ 2025-06-20 10:54:05,437 ] 162 RERAScrapper - INFO - Project Agents 'project_agents' scrapped.
[ 2025-06-20 10:54:05,437 ] 163 RERAScrapper - INFO - Project Detail Table 'project_detail_table' scrapped.
[ 2025-06-20 10:54:05,473 ] 170 RERAScrapper - INFO - Uploaded Documents page clicked.
[ 2025-06-20 10:54:07,168 ] 184 RERAScrapper - INFO - Project Documents 'project_documents' scrapped.
[ 2025-06-20 10:54:07,169 ] 185 RERAScrapper - INFO - Project Approval 'project_approval' scrapped.
[ 2025-06-20 10:54:07,169 ] 186 RERAScrapper - INFO - Declaration 'declaration' scrapped.
[ 2025-06-20 10:54:07,169 ] 187 RERAScrapper - INFO - Other Documents 'other_documents' scrapped.
[ 2025-06-20 10:54:07,169 ] 188 RERAScrapper - INFO - Project Photo 'project_photo' scrapped.
[ 2025-06-20 10:54:07,169 ] 189 RERAScrapper - INFO - Financial Document 'financial_document' scrapped.
[ 2025-06-20 10:54:07,202 ] 198 RERAScrapper - INFO - Completion Details page clicked.
[ 2025-06-20 10:54:07,402 ] 206 RERAScrapper - INFO - Completion Details '{
    "": {
        "": [
            "If any extension of time has been granted: NO"
        ]
    }
}' scrapped.
[ 2025-06-20 10:54:11,554 ] 83 RERAScrapper - INFO - City 'Kolar' selected from dropdown.
[ 2025-06-20 10:54:17,174 ] 90 RERAScrapper - INFO - Select Button Clicked.
[ 2025-06-20 10:54:24,266 ] 102 RERAScrapper - INFO - Home table JSON extracted: home_table_json
[ 2025-06-20 10:54:25,812 ] 128 RERAScrapper - INFO - Promoter Details 'promoter_details' scrapped.
[ 2025-06-20 10:54:25,812 ] 129 RERAScrapper - INFO - Authorized Signatory Detail 'authorized_signatory_details' scrapped.
[ 2025-06-20 10:54:25,812 ] 130 RERAScrapper - INFO - Project Member Details 'project_member_details' scrapped.
[ 2025-06-20 10:54:25,813 ] 131 RERAScrapper - INFO - Project Land Owner Details 'project_land_owner_details' scrapped.
[ 2025-06-20 10:54:25,813 ] 132 RERAScrapper - INFO - RERA Registration Details with any other State/UTs 'rera_registration_details_with_any_details' scrapped.
[ 2025-06-20 10:54:25,813 ] 133 RERAScrapper - INFO - Previous Project Details (Last 5 years only) 'previous_project_details' scrapped.
[ 2025-06-20 10:54:27,847 ] 142 RERAScrapper - INFO - Project Details page clicked.
[ 2025-06-20 10:54:29,720 ] 157 RERAScrapper - INFO - Project Details 'project_details' scrapped.
[ 2025-06-20 10:54:29,721 ] 158 RERAScrapper - INFO - Development Details 'development_details' scrapped.
[ 2025-06-20 10:54:29,721 ] 159 RERAScrapper - INFO - External Development Work 'external_development_work' scrapped.
[ 2025-06-20 10:54:29,721 ] 160 RERAScrapper - INFO - Other External Development Work 'other_external_development_work' scrapped.
[ 2025-06-20 10:54:29,721 ] 161 RERAScrapper - INFO - Project Bank ( Escrow Account ) Details 'project_bank_details' scrapped.
[ 2025-06-20 10:54:29,721 ] 162 RERAScrapper - INFO - Project Agents 'project_agents' scrapped.
[ 2025-06-20 10:54:29,721 ] 163 RERAScrapper - INFO - Project Detail Table 'project_detail_table' scrapped.
[ 2025-06-20 10:54:29,756 ] 170 RERAScrapper - INFO - Uploaded Documents page clicked.
[ 2025-06-20 10:54:32,231 ] 184 RERAScrapper - INFO - Project Documents 'project_documents' scrapped.
[ 2025-06-20 10:54:32,231 ] 185 RERAScrapper - INFO - Project Approval 'project_approval' scrapped.
[ 2025-06-20 10:54:32,232 ] 186 RERAScrapper - INFO - Declaration 'declaration' scrapped.
[ 2025-06-20 10:54:32,232 ] 187 RERAScrapper - INFO - Other Documents 'other_documents' scrapped.
[ 2025-06-20 10:54:32,232 ] 188 RERAScrapper - INFO - Project Photo 'project_photo' scrapped.
[ 2025-06-20 10:54:32,232 ] 189 RERAScrapper - INFO - Financial Document 'financial_document' scrapped.
[ 2025-06-20 10:54:52,251 ] 200 RERAScrapper - ERROR - Timed out waiting for Completion Details page: Message: 
Stacktrace:
	GetHandleVerifier [0x0xb53b03+62899]
	GetHandleVerifier [0x0xb53b44+62964]
	(No symbol) [0x0x9810f3]
	(No symbol) [0x0x9c980e]
	(No symbol) [0x0x9c9bab]
	(No symbol) [0x0xa125c2]
	(No symbol) [0x0x9ee554]
	(No symbol) [0x0xa0fd81]
	(No symbol) [0x0x9ee306]
	(No symbol) [0x0x9bd670]
	(No symbol) [0x0x9be4e4]
	GetHandleVerifier [0x0xdb4793+2556483]
	GetHandleVerifier [0x0xdafd02+2537394]
	GetHandleVerifier [0x0xb7a2fa+220586]
	GetHandleVerifier [0x0xb6aae8+157080]
	GetHandleVerifier [0x0xb7141d+184013]
	GetHandleVerifier [0x0xb5ba68+95512]
	GetHandleVerifier [0x0xb5bc10+95936]
	GetHandleVerifier [0x0xb46b5a+9738]
	BaseThreadInitThunk [0x0x75edfcc9+25]
	RtlGetAppContainerNamedObjectPath [0x0x77e682ae+286]
	RtlGetAppContainerNamedObjectPath [0x0x77e6827e+238]

[ 2025-06-20 10:54:52,252 ] 247 RERAScrapper - ERROR - An error occurred in scrape_project_details: local variable 'completion_details_page' referenced before assignment
