[ 2025-06-20 15:14:45,206 ] 346 undetected_chromedriver.patcher - INFO - patching driver executable C:\Users\Utkarsh\appdata\roaming\undetected_chromedriver\undetected_chromedriver.exe
[ 2025-06-20 15:14:45,817 ] 62 RERAScrapper - INFO - Browser initialized successfully.
[ 2025-06-20 15:14:49,673 ] 70 RERAScrapper - INFO - Navigated to URL: https://rera.karnataka.gov.in/viewAllProjects
[ 2025-06-20 15:14:49,845 ] 83 RERAScrapper - INFO - City 'Kolar' selected from dropdown.
[ 2025-06-20 15:14:54,569 ] 90 RERAScrapper - INFO - Select Button Clicked.
[ 2025-06-20 15:14:55,642 ] 102 RERAScrapper - INFO - Home table JSON extracted: home_table_json
[ 2025-06-20 15:14:56,576 ] 141 RERAScrapper - INFO - Promoter Details '{
    "Default Heading": [
        "Promoter Type : Partnership Firm",
        "Name: AARRA COMMUNITIES HOLDINGS",
        "PAN Number: ABIFA4030F",
        "Address : 1st Floor, CM Plaza, 63 Sarjarpur Road,Koramangala 1st Block",
        "District : Bengaluru Urban",
        "State/UT: Karnataka",
        "PIN Code : 560034",
        "Company Registration No. : NOT APPLICABLE",
        "Certificate: https://rera.karnataka.gov.in/download_jc?DOC_ID=mgvLEHjNVsfMtpML4omO7w%3D%3D"
    ]
}' scrapped.
[ 2025-06-20 15:14:56,576 ] 142 RERAScrapper - INFO - Authorized Signatory Detail 'authorized_signatory_details' scrapped.
[ 2025-06-20 15:14:56,577 ] 143 RERAScrapper - INFO - Project Member Details 'project_member_details' scrapped.
[ 2025-06-20 15:14:56,577 ] 144 RERAScrapper - INFO - Project Land Owner Details 'project_land_owner_details' scrapped.
[ 2025-06-20 15:14:56,577 ] 145 RERAScrapper - INFO - RERA Registration Details with any other State/UTs 'rera_registration_details_with_any_details' scrapped.
[ 2025-06-20 15:14:56,577 ] 146 RERAScrapper - INFO - Previous Project Details (Last 5 years only) 'previous_project_details' scrapped.
[ 2025-06-20 15:14:58,619 ] 155 RERAScrapper - INFO - Project Details page clicked.
[ 2025-06-20 15:14:59,863 ] 169 RERAScrapper - INFO - Project Details 'project_details' scrapped.
[ 2025-06-20 15:14:59,863 ] 170 RERAScrapper - INFO - Development Details 'development_details' scrapped.
[ 2025-06-20 15:14:59,863 ] 171 RERAScrapper - INFO - External Development Work 'external_development_work' scrapped.
[ 2025-06-20 15:14:59,863 ] 172 RERAScrapper - INFO - Other External Development Work 'other_external_development_work' scrapped.
[ 2025-06-20 15:14:59,863 ] 173 RERAScrapper - INFO - Project Bank ( Escrow Account ) Details 'project_bank_details' scrapped.
[ 2025-06-20 15:14:59,863 ] 174 RERAScrapper - INFO - Project Agents 'project_agents' scrapped.
[ 2025-06-20 15:14:59,864 ] 175 RERAScrapper - INFO - Project Detail Table 'project_detail_table' scrapped.
[ 2025-06-20 15:14:59,898 ] 182 RERAScrapper - INFO - Uploaded Documents page clicked.
[ 2025-06-20 15:15:01,647 ] 195 RERAScrapper - INFO - Project Documents 'project_documents' scrapped.
[ 2025-06-20 15:15:01,648 ] 196 RERAScrapper - INFO - Project Approval 'project_approval' scrapped.
[ 2025-06-20 15:15:01,648 ] 197 RERAScrapper - INFO - Declaration 'declaration' scrapped.
[ 2025-06-20 15:15:01,648 ] 198 RERAScrapper - INFO - Other Documents 'other_documents' scrapped.
[ 2025-06-20 15:15:01,648 ] 199 RERAScrapper - INFO - Project Photo 'project_photo' scrapped.
[ 2025-06-20 15:15:01,648 ] 200 RERAScrapper - INFO - Financial Document 'financial_document' scrapped.
[ 2025-06-20 15:15:01,684 ] 209 RERAScrapper - INFO - Completion Details page clicked.
[ 2025-06-20 15:15:01,894 ] 216 RERAScrapper - INFO - Completion Details '{
    "": {
        "": [
            "If any extension of time has been granted: NO"
        ]
    }
}' scrapped.
[ 2025-06-20 15:15:12,876 ] 102 RERAScrapper - INFO - Home table JSON extracted: home_table_json
[ 2025-06-20 15:15:14,591 ] 141 RERAScrapper - INFO - Promoter Details '{
    "Promoter Details": [
        "Promoter Type : Partnership Firm",
        "Name: B suresh",
        "PAN Number: AAKFB1454H",
        "Address : #455 9 TH CROSS ,JAYANAGAR 1st block",
        "District : Bengaluru Urban",
        "State/UT: Karnataka",
        "PIN Code : 560011",
        "Company Registration No. : JNR F931 2018 19",
        "Certificate: https://rera.karnataka.gov.in/download_jc?DOC_ID=rQiVoD1CtHRZeotNiQkYRg%3D%3D"
    ]
}' scrapped.
[ 2025-06-20 15:15:14,592 ] 142 RERAScrapper - INFO - Authorized Signatory Detail 'authorized_signatory_details' scrapped.
[ 2025-06-20 15:15:14,592 ] 143 RERAScrapper - INFO - Project Member Details 'project_member_details' scrapped.
[ 2025-06-20 15:15:14,592 ] 144 RERAScrapper - INFO - Project Land Owner Details 'project_land_owner_details' scrapped.
[ 2025-06-20 15:15:14,592 ] 145 RERAScrapper - INFO - RERA Registration Details with any other State/UTs 'rera_registration_details_with_any_details' scrapped.
[ 2025-06-20 15:15:14,592 ] 146 RERAScrapper - INFO - Previous Project Details (Last 5 years only) 'previous_project_details' scrapped.
[ 2025-06-20 15:15:16,637 ] 155 RERAScrapper - INFO - Project Details page clicked.
[ 2025-06-20 15:15:18,556 ] 169 RERAScrapper - INFO - Project Details 'project_details' scrapped.
[ 2025-06-20 15:15:18,557 ] 170 RERAScrapper - INFO - Development Details 'development_details' scrapped.
[ 2025-06-20 15:15:18,557 ] 171 RERAScrapper - INFO - External Development Work 'external_development_work' scrapped.
[ 2025-06-20 15:15:18,557 ] 172 RERAScrapper - INFO - Other External Development Work 'other_external_development_work' scrapped.
[ 2025-06-20 15:15:18,557 ] 173 RERAScrapper - INFO - Project Bank ( Escrow Account ) Details 'project_bank_details' scrapped.
[ 2025-06-20 15:15:18,557 ] 174 RERAScrapper - INFO - Project Agents 'project_agents' scrapped.
[ 2025-06-20 15:15:18,557 ] 175 RERAScrapper - INFO - Project Detail Table 'project_detail_table' scrapped.
[ 2025-06-20 15:15:18,585 ] 182 RERAScrapper - INFO - Uploaded Documents page clicked.
[ 2025-06-20 15:15:21,007 ] 195 RERAScrapper - INFO - Project Documents 'project_documents' scrapped.
[ 2025-06-20 15:15:21,007 ] 196 RERAScrapper - INFO - Project Approval 'project_approval' scrapped.
[ 2025-06-20 15:15:21,007 ] 197 RERAScrapper - INFO - Declaration 'declaration' scrapped.
[ 2025-06-20 15:15:21,007 ] 198 RERAScrapper - INFO - Other Documents 'other_documents' scrapped.
[ 2025-06-20 15:15:21,008 ] 199 RERAScrapper - INFO - Project Photo 'project_photo' scrapped.
[ 2025-06-20 15:15:21,008 ] 200 RERAScrapper - INFO - Financial Document 'financial_document' scrapped.
