[ 2025-06-23 12:07:50,916 ] 62 RERAScrapper - INFO - Browser initialized successfully.
[ 2025-06-23 12:08:29,178 ] 70 RERAScrapper - INFO - Navigated to URL: https://rera.karnataka.gov.in/viewAllProjects
[ 2025-06-23 12:08:33,471 ] 83 RERAScrapper - INFO - City 'Kolar' selected from dropdown.
[ 2025-06-23 12:08:38,351 ] 90 RERAScrapper - INFO - Select Button Clicked.
[ 2025-06-23 12:08:39,421 ] 102 RERAScrapper - INFO - Home table JSON extracted: home_table_json
[ 2025-06-23 12:08:40,382 ] 130 RERAScrapper - INFO - Promoter Details '{
    "Promoter Details": [
        "Promoter Type : Partnership Firm",
        "Name: AARRA COMMUNITIES HOLDINGS",
        "PAN Number: ABIFA4030F",
        "Address : 1st Floor, CM Plaza, 63 Sarjarpur Road,Koramangala 1st Block",
        "District : Bengaluru Urban",
        "State/UT: Karnataka",
        "PIN Code : 560034",
        "Company Registration No. : NOT APPLICABLE",
        "Certificate: https://rera.karnataka.gov.in/download_jc?DOC_ID=mgvLEHjNVsfMtpML4omO7w%3D%3D"
    ]
}' scrapped.
[ 2025-06-23 12:08:40,383 ] 131 RERAScrapper - INFO - Authorized Signatory Detail '{
    "Authorized Signatory Detail": [
        "Name : P SOCKALINGAM",
        "Address: AARRA COMMUNITIES HOLDINGS, 1st Floor, CM Plaza , 63 Sarjarpur Road",
        "Photograph: https://rera.karnataka.gov.in/download_jc?DOC_ID=95jZztyon%2Fqy%2Fp3zYH9%2FKA%3D%3D"
    ]
}' scrapped.
[ 2025-06-23 12:08:40,383 ] 132 RERAScrapper - INFO - Project Member Details 'project_member_details' scrapped.
[ 2025-06-23 12:08:40,384 ] 133 RERAScrapper - INFO - Project Land Owner Details 'project_land_owner_details' scrapped.
[ 2025-06-23 12:08:40,384 ] 134 RERAScrapper - INFO - RERA Registration Details with any other State/UTs 'rera_registration_details_with_any_details' scrapped.
[ 2025-06-23 12:08:40,384 ] 135 RERAScrapper - INFO - Previous Project Details (Last 5 years only) 'previous_project_details' scrapped.
[ 2025-06-23 12:08:42,432 ] 144 RERAScrapper - INFO - Project Details page clicked.
[ 2025-06-23 12:08:43,726 ] 159 RERAScrapper - INFO - Project Details 'project_details' scrapped.
[ 2025-06-23 12:08:43,726 ] 160 RERAScrapper - INFO - Development Details 'development_details' scrapped.
[ 2025-06-23 12:08:43,726 ] 161 RERAScrapper - INFO - External Development Work 'external_development_work' scrapped.
[ 2025-06-23 12:08:43,726 ] 162 RERAScrapper - INFO - Other External Development Work 'other_external_development_work' scrapped.
[ 2025-06-23 12:08:43,726 ] 163 RERAScrapper - INFO - Project Bank ( Escrow Account ) Details 'project_bank_details' scrapped.
[ 2025-06-23 12:08:43,727 ] 164 RERAScrapper - INFO - Project Agents 'project_agents' scrapped.
[ 2025-06-23 12:08:43,727 ] 165 RERAScrapper - INFO - Project Detail Table 'project_detail_table' scrapped.
[ 2025-06-23 12:08:43,762 ] 172 RERAScrapper - INFO - Uploaded Documents page clicked.
[ 2025-06-23 12:08:45,514 ] 186 RERAScrapper - INFO - Project Documents 'project_documents' scrapped.
[ 2025-06-23 12:08:45,514 ] 187 RERAScrapper - INFO - Project Approval 'project_approval' scrapped.
[ 2025-06-23 12:08:45,514 ] 188 RERAScrapper - INFO - Declaration 'declaration' scrapped.
[ 2025-06-23 12:08:45,515 ] 189 RERAScrapper - INFO - Other Documents 'other_documents' scrapped.
[ 2025-06-23 12:08:45,515 ] 190 RERAScrapper - INFO - Project Photo 'project_photo' scrapped.
[ 2025-06-23 12:08:45,515 ] 191 RERAScrapper - INFO - Financial Document 'financial_document' scrapped.
[ 2025-06-23 12:08:45,551 ] 200 RERAScrapper - INFO - Completion Details page clicked.
[ 2025-06-23 12:08:45,764 ] 208 RERAScrapper - INFO - Completion Details '{
    "": {
        "": [
            "If any extension of time has been granted: NO"
        ]
    }
}' scrapped.
[ 2025-06-23 12:08:52,584 ] 102 RERAScrapper - INFO - Home table JSON extracted: home_table_json
[ 2025-06-23 12:08:54,133 ] 130 RERAScrapper - INFO - Promoter Details '{
    "Promoter Details": [
        "Promoter Type : Company",
        "Name: indes projects india pvt ltd",
        "PAN Number: aadci0124m",
        "Address : 3028 1st floor,13th main indiranagar",
        "District : Bengaluru Urban",
        "State/UT: Karnataka",
        "PIN Code : 560008",
        "Company Registration No. : U70200KA2012PTC65450",
        "Certificate: https://rera.karnataka.gov.in/download_jc?DOC_ID=PxjwbKORI3GkPaIoz2%2BEXA%3D%3D"
    ]
}' scrapped.
[ 2025-06-23 12:08:54,134 ] 131 RERAScrapper - INFO - Authorized Signatory Detail '{
    "Authorized Signatory Detail": [
        "Name : P LNARASIMHAM",
        "Address: A 501 FLUSHING MEADOWS , DODANAKKUNDI",
        "Photograph: https://rera.karnataka.gov.in/download_jc?DOC_ID=ve6vimnG5Oj4Gm1XGei0CQ%3D%3D"
    ]
}' scrapped.
[ 2025-06-23 12:08:54,134 ] 132 RERAScrapper - INFO - Project Member Details 'project_member_details' scrapped.
[ 2025-06-23 12:08:54,134 ] 133 RERAScrapper - INFO - Project Land Owner Details 'project_land_owner_details' scrapped.
[ 2025-06-23 12:08:54,134 ] 134 RERAScrapper - INFO - RERA Registration Details with any other State/UTs 'rera_registration_details_with_any_details' scrapped.
[ 2025-06-23 12:08:54,134 ] 135 RERAScrapper - INFO - Previous Project Details (Last 5 years only) 'previous_project_details' scrapped.
[ 2025-06-23 12:08:56,178 ] 144 RERAScrapper - INFO - Project Details page clicked.
[ 2025-06-23 12:08:58,069 ] 159 RERAScrapper - INFO - Project Details 'project_details' scrapped.
[ 2025-06-23 12:08:58,069 ] 160 RERAScrapper - INFO - Development Details 'development_details' scrapped.
[ 2025-06-23 12:08:58,069 ] 161 RERAScrapper - INFO - External Development Work 'external_development_work' scrapped.
[ 2025-06-23 12:08:58,069 ] 162 RERAScrapper - INFO - Other External Development Work 'other_external_development_work' scrapped.
[ 2025-06-23 12:08:58,070 ] 163 RERAScrapper - INFO - Project Bank ( Escrow Account ) Details 'project_bank_details' scrapped.
[ 2025-06-23 12:08:58,070 ] 164 RERAScrapper - INFO - Project Agents 'project_agents' scrapped.
[ 2025-06-23 12:08:58,070 ] 165 RERAScrapper - INFO - Project Detail Table 'project_detail_table' scrapped.
[ 2025-06-23 12:08:58,100 ] 172 RERAScrapper - INFO - Uploaded Documents page clicked.
[ 2025-06-23 12:09:00,420 ] 186 RERAScrapper - INFO - Project Documents 'project_documents' scrapped.
[ 2025-06-23 12:09:00,420 ] 187 RERAScrapper - INFO - Project Approval 'project_approval' scrapped.
[ 2025-06-23 12:09:00,420 ] 188 RERAScrapper - INFO - Declaration 'declaration' scrapped.
[ 2025-06-23 12:09:00,420 ] 189 RERAScrapper - INFO - Other Documents 'other_documents' scrapped.
[ 2025-06-23 12:09:00,420 ] 190 RERAScrapper - INFO - Project Photo 'project_photo' scrapped.
[ 2025-06-23 12:09:00,421 ] 191 RERAScrapper - INFO - Financial Document 'financial_document' scrapped.
[ 2025-06-23 12:09:17,834 ] 217 RERAScrapper - ERROR - An error occurred in scrape_project_details: Message: invalid session id: session deleted as the browser has closed the connection
from disconnected: not connected to DevTools
  (Session info: chrome=137.0.7151.120)
Stacktrace:
	GetHandleVerifier [0x0xb53b03+62899]
	GetHandleVerifier [0x0xb53b44+62964]
	(No symbol) [0x0x9810f3]
	(No symbol) [0x0x9708c0]
	(No symbol) [0x0x98e87f]
	(No symbol) [0x0x9f514c]
	(No symbol) [0x0xa0f6a9]
	(No symbol) [0x0x9ee306]
	(No symbol) [0x0x9bd670]
	(No symbol) [0x0x9be4e4]
	GetHandleVerifier [0x0xdb4793+2556483]
	GetHandleVerifier [0x0xdafd02+2537394]
	GetHandleVerifier [0x0xb7a2fa+220586]
	GetHandleVerifier [0x0xb6aae8+157080]
	GetHandleVerifier [0x0xb7141d+184013]
	GetHandleVerifier [0x0xb5ba68+95512]
	GetHandleVerifier [0x0xb5bc10+95936]
	GetHandleVerifier [0x0xb46b5a+9738]
	BaseThreadInitThunk [0x0x774afcc9+25]
	RtlGetAppContainerNamedObjectPath [0x0x776a82ae+286]
	RtlGetAppContainerNamedObjectPath [0x0x776a827e+238]

