[ 2025-06-24 08:40:47,589 ] 346 undetected_chromedriver.patcher - INFO - patching driver executable C:\Users\Utkarsh\appdata\roaming\undetected_chromedriver\undetected_chromedriver.exe
[ 2025-06-24 08:40:48,214 ] 62 RERAScrapper - INFO - Browser initialized successfully.
[ 2025-06-24 08:40:51,645 ] 70 RERAScrapper - INFO - Navigated to URL: https://rera.karnataka.gov.in/viewAllProjects
[ 2025-06-24 08:40:51,807 ] 83 RERAScrapper - INFO - City 'Kolar' selected from dropdown.
[ 2025-06-24 08:40:56,546 ] 90 RERAScrapper - INFO - Select Button Clicked.
[ 2025-06-24 08:40:57,624 ] 102 RERAScrapper - INFO - Home table JSON extracted: home_table_json
[ 2025-06-24 08:40:59,423 ] 139 RERAScrapper - INFO - Promoter Details '{
    "Promoter Details": [
        "Promoter Type : Partnership Firm",
        "Name: AARRA COMMUNITIES HOLDINGS",
        "PAN Number: ABIFA4030F",
        "Address : 1st Floor, CM Plaza, 63 Sarjarpur Road,Koramangala 1st Block",
        "District : Bengaluru Urban",
        "State/UT: Karnataka",
        "PIN Code : 560034",
        "Company Registration No. : NOT APPLICABLE",
        "Certificate: https://rera.karnataka.gov.in/download_jc?DOC_ID=mgvLEHjNVsfMtpML4omO7w%3D%3D"
    ]
}' scrapped.
[ 2025-06-24 08:40:59,424 ] 140 RERAScrapper - INFO - Authorized Signatory Detail '{
    "Authorized Signatory Detail": [
        "Name : P SOCKALINGAM",
        "Address: AARRA COMMUNITIES HOLDINGS, 1st Floor, CM Plaza , 63 Sarjarpur Road",
        "Photograph: https://rera.karnataka.gov.in/download_jc?DOC_ID=95jZztyon%2Fqy%2Fp3zYH9%2FKA%3D%3D"
    ]
}' scrapped.
[ 2025-06-24 08:40:59,424 ] 141 RERAScrapper - INFO - Project Member Details 'project_member_details' scrapped.
[ 2025-06-24 08:40:59,424 ] 142 RERAScrapper - INFO - Project Land Owner Details 'project_land_owner_details' scrapped.
[ 2025-06-24 08:40:59,424 ] 143 RERAScrapper - INFO - RERA Registration Details with any other State/UTs 'rera_registration_details_with_any_details' scrapped.
[ 2025-06-24 08:40:59,424 ] 144 RERAScrapper - INFO - Previous Project Details (Last 5 years only) 'previous_project_details' scrapped.
[ 2025-06-24 08:41:01,465 ] 153 RERAScrapper - INFO - Project Details page clicked.
[ 2025-06-24 08:41:02,743 ] 168 RERAScrapper - INFO - Project Details 'project_details' scrapped.
[ 2025-06-24 08:41:02,743 ] 169 RERAScrapper - INFO - Development Details 'development_details' scrapped.
[ 2025-06-24 08:41:02,743 ] 170 RERAScrapper - INFO - External Development Work 'external_development_work' scrapped.
[ 2025-06-24 08:41:02,743 ] 171 RERAScrapper - INFO - Other External Development Work 'other_external_development_work' scrapped.
[ 2025-06-24 08:41:02,743 ] 172 RERAScrapper - INFO - Project Bank ( Escrow Account ) Details 'project_bank_details' scrapped.
[ 2025-06-24 08:41:02,744 ] 173 RERAScrapper - INFO - Project Agents 'project_agents' scrapped.
[ 2025-06-24 08:41:02,744 ] 174 RERAScrapper - INFO - Project Detail Table 'project_detail_table' scrapped.
[ 2025-06-24 08:41:02,776 ] 181 RERAScrapper - INFO - Uploaded Documents page clicked.
[ 2025-06-24 08:41:04,600 ] 195 RERAScrapper - INFO - Project Documents 'project_documents' scrapped.
[ 2025-06-24 08:41:04,601 ] 196 RERAScrapper - INFO - Project Approval 'project_approval' scrapped.
[ 2025-06-24 08:41:04,601 ] 197 RERAScrapper - INFO - Declaration 'declaration' scrapped.
[ 2025-06-24 08:41:04,601 ] 198 RERAScrapper - INFO - Other Documents 'other_documents' scrapped.
[ 2025-06-24 08:41:04,601 ] 199 RERAScrapper - INFO - Project Photo 'project_photo' scrapped.
[ 2025-06-24 08:41:04,601 ] 200 RERAScrapper - INFO - Financial Document 'financial_document' scrapped.
[ 2025-06-24 08:41:04,639 ] 209 RERAScrapper - INFO - Completion Details page clicked.
[ 2025-06-24 08:41:25,371 ] 265 RERAScrapper - ERROR - An error occurred in scrape_project_details: local variable 'h1_elements' referenced before assignment
[ 2025-06-24 08:41:32,212 ] 102 RERAScrapper - INFO - Home table JSON extracted: home_table_json
[ 2025-06-24 08:41:52,748 ] 265 RERAScrapper - ERROR - An error occurred in scrape_project_details: local variable 'h1_elements' referenced before assignment
[ 2025-06-24 08:41:56,802 ] 102 RERAScrapper - INFO - Home table JSON extracted: home_table_json
