[ 2025-06-20 15:09:10,385 ] 346 undetected_chromedriver.patcher - INFO - patching driver executable C:\Users\Utkarsh\appdata\roaming\undetected_chromedriver\undetected_chromedriver.exe
[ 2025-06-20 15:09:11,000 ] 62 RERAScrapper - INFO - Browser initialized successfully.
[ 2025-06-20 15:09:17,439 ] 70 RERAScrapper - INFO - Navigated to URL: https://rera.karnataka.gov.in/viewAllProjects
[ 2025-06-20 15:09:21,833 ] 83 RERAScrapper - INFO - City 'Kolar' selected from dropdown.
[ 2025-06-20 15:09:26,952 ] 90 RERAScrapper - INFO - Select Button Clicked.
[ 2025-06-20 15:09:28,014 ] 102 RERAScrapper - INFO - Home table JSON extracted: home_table_json
[ 2025-06-20 15:09:28,057 ] 102 RERAScrapper - INFO - Home table JSON extracted: home_table_json
[ 2025-06-20 15:09:28,721 ] 141 RERAScrapper - INFO - Promoter Details '{
    "Promoter Details": []
}' scrapped.
[ 2025-06-20 15:09:28,721 ] 142 RERAScrapper - INFO - Authorized Signatory Detail 'authorized_signatory_details' scrapped.
[ 2025-06-20 15:09:28,722 ] 143 RERAScrapper - INFO - Project Member Details 'project_member_details' scrapped.
[ 2025-06-20 15:09:28,722 ] 144 RERAScrapper - INFO - Project Land Owner Details 'project_land_owner_details' scrapped.
[ 2025-06-20 15:09:28,722 ] 145 RERAScrapper - INFO - RERA Registration Details with any other State/UTs 'rera_registration_details_with_any_details' scrapped.
[ 2025-06-20 15:09:28,722 ] 146 RERAScrapper - INFO - Previous Project Details (Last 5 years only) 'previous_project_details' scrapped.
[ 2025-06-20 15:09:30,763 ] 155 RERAScrapper - INFO - Project Details page clicked.
[ 2025-06-20 15:09:30,876 ] 170 RERAScrapper - INFO - Project Details 'project_details' scrapped.
[ 2025-06-20 15:09:30,876 ] 171 RERAScrapper - INFO - Development Details 'development_details' scrapped.
[ 2025-06-20 15:09:30,876 ] 172 RERAScrapper - INFO - External Development Work 'external_development_work' scrapped.
[ 2025-06-20 15:09:30,876 ] 173 RERAScrapper - INFO - Other External Development Work 'other_external_development_work' scrapped.
[ 2025-06-20 15:09:30,876 ] 174 RERAScrapper - INFO - Project Bank ( Escrow Account ) Details 'project_bank_details' scrapped.
[ 2025-06-20 15:09:30,876 ] 175 RERAScrapper - INFO - Project Agents 'project_agents' scrapped.
[ 2025-06-20 15:09:30,876 ] 176 RERAScrapper - INFO - Project Detail Table 'project_detail_table' scrapped.
[ 2025-06-20 15:09:30,913 ] 183 RERAScrapper - INFO - Uploaded Documents page clicked.
[ 2025-06-20 15:09:31,049 ] 197 RERAScrapper - INFO - Project Documents 'project_documents' scrapped.
[ 2025-06-20 15:09:31,050 ] 198 RERAScrapper - INFO - Project Approval 'project_approval' scrapped.
[ 2025-06-20 15:09:31,050 ] 199 RERAScrapper - INFO - Declaration 'declaration' scrapped.
[ 2025-06-20 15:09:31,050 ] 200 RERAScrapper - INFO - Other Documents 'other_documents' scrapped.
[ 2025-06-20 15:09:31,050 ] 201 RERAScrapper - INFO - Project Photo 'project_photo' scrapped.
[ 2025-06-20 15:09:31,050 ] 202 RERAScrapper - INFO - Financial Document 'financial_document' scrapped.
[ 2025-06-20 15:09:31,097 ] 211 RERAScrapper - INFO - Completion Details page clicked.
[ 2025-06-20 15:09:31,141 ] 219 RERAScrapper - INFO - Completion Details '{
    "": {
        "": []
    }
}' scrapped.
[ 2025-06-20 15:09:33,637 ] 141 RERAScrapper - INFO - Promoter Details '{
    "Default Heading": []
}' scrapped.
[ 2025-06-20 15:09:33,637 ] 142 RERAScrapper - INFO - Authorized Signatory Detail 'authorized_signatory_details' scrapped.
[ 2025-06-20 15:09:33,638 ] 143 RERAScrapper - INFO - Project Member Details 'project_member_details' scrapped.
[ 2025-06-20 15:09:33,638 ] 144 RERAScrapper - INFO - Project Land Owner Details 'project_land_owner_details' scrapped.
[ 2025-06-20 15:09:33,638 ] 145 RERAScrapper - INFO - RERA Registration Details with any other State/UTs 'rera_registration_details_with_any_details' scrapped.
[ 2025-06-20 15:09:33,638 ] 146 RERAScrapper - INFO - Previous Project Details (Last 5 years only) 'previous_project_details' scrapped.
[ 2025-06-20 15:09:35,672 ] 155 RERAScrapper - INFO - Project Details page clicked.
[ 2025-06-20 15:09:35,775 ] 170 RERAScrapper - INFO - Project Details 'project_details' scrapped.
[ 2025-06-20 15:09:35,776 ] 171 RERAScrapper - INFO - Development Details 'development_details' scrapped.
[ 2025-06-20 15:09:35,776 ] 172 RERAScrapper - INFO - External Development Work 'external_development_work' scrapped.
[ 2025-06-20 15:09:35,776 ] 173 RERAScrapper - INFO - Other External Development Work 'other_external_development_work' scrapped.
[ 2025-06-20 15:09:35,776 ] 174 RERAScrapper - INFO - Project Bank ( Escrow Account ) Details 'project_bank_details' scrapped.
[ 2025-06-20 15:09:35,776 ] 175 RERAScrapper - INFO - Project Agents 'project_agents' scrapped.
[ 2025-06-20 15:09:35,776 ] 176 RERAScrapper - INFO - Project Detail Table 'project_detail_table' scrapped.
[ 2025-06-20 15:09:35,813 ] 183 RERAScrapper - INFO - Uploaded Documents page clicked.
[ 2025-06-20 15:09:35,902 ] 197 RERAScrapper - INFO - Project Documents 'project_documents' scrapped.
[ 2025-06-20 15:09:35,902 ] 198 RERAScrapper - INFO - Project Approval 'project_approval' scrapped.
[ 2025-06-20 15:09:35,902 ] 199 RERAScrapper - INFO - Declaration 'declaration' scrapped.
[ 2025-06-20 15:09:35,903 ] 200 RERAScrapper - INFO - Other Documents 'other_documents' scrapped.
[ 2025-06-20 15:09:35,903 ] 201 RERAScrapper - INFO - Project Photo 'project_photo' scrapped.
[ 2025-06-20 15:09:35,903 ] 202 RERAScrapper - INFO - Financial Document 'financial_document' scrapped.
[ 2025-06-20 15:09:35,932 ] 211 RERAScrapper - INFO - Completion Details page clicked.
[ 2025-06-20 15:09:35,960 ] 219 RERAScrapper - INFO - Completion Details '{
    "": {
        "": []
    }
}' scrapped.
[ 2025-06-20 15:09:44,448 ] 83 RERAScrapper - INFO - City 'Kolar' selected from dropdown.
[ 2025-06-20 15:09:45,488 ] 90 RERAScrapper - INFO - Select Button Clicked.
[ 2025-06-20 15:09:56,394 ] 102 RERAScrapper - INFO - Home table JSON extracted: home_table_json
[ 2025-06-20 15:09:56,437 ] 102 RERAScrapper - INFO - Home table JSON extracted: home_table_json
[ 2025-06-20 15:10:16,981 ] 264 RERAScrapper - ERROR - An error occurred in scrape_project_details: local variable 'h1_elements' referenced before assignment
