[ 2025-06-20 12:01:53,713 ] 346 undetected_chromedriver.patcher - INFO - patching driver executable C:\Users\Utkarsh\appdata\roaming\undetected_chromedriver\undetected_chromedriver.exe
[ 2025-06-20 12:01:54,344 ] 62 RERAScrapper - INFO - Browser initialized successfully.
[ 2025-06-20 12:02:13,977 ] 70 RERAScrapper - INFO - Navigated to URL: https://rera.karnataka.gov.in/viewAllProjects
[ 2025-06-20 12:02:18,359 ] 83 RERAScrapper - INFO - City 'Kolar' selected from dropdown.
[ 2025-06-20 12:02:23,690 ] 90 RERAScrapper - INFO - Select Button Clicked.
[ 2025-06-20 12:02:24,764 ] 102 RERAScrapper - INFO - Home table JSON extracted: home_table_json
[ 2025-06-20 12:02:26,224 ] 137 RERAScrapper - INFO - Promoter Details 'promoter_details' scrapped.
[ 2025-06-20 12:02:26,224 ] 138 RERAScrapper - INFO - Authorized Signatory Detail 'authorized_signatory_details' scrapped.
[ 2025-06-20 12:02:26,224 ] 139 RERAScrapper - INFO - Project Member Details 'project_member_details' scrapped.
[ 2025-06-20 12:02:26,224 ] 140 RERAScrapper - INFO - Project Land Owner Details 'project_land_owner_details' scrapped.
[ 2025-06-20 12:02:26,225 ] 141 RERAScrapper - INFO - RERA Registration Details with any other State/UTs 'rera_registration_details_with_any_details' scrapped.
[ 2025-06-20 12:02:26,225 ] 142 RERAScrapper - INFO - Previous Project Details (Last 5 years only) 'previous_project_details' scrapped.
[ 2025-06-20 12:02:28,276 ] 151 RERAScrapper - INFO - Project Details page clicked.
[ 2025-06-20 12:02:29,566 ] 166 RERAScrapper - INFO - Project Details 'project_details' scrapped.
[ 2025-06-20 12:02:29,567 ] 167 RERAScrapper - INFO - Development Details 'development_details' scrapped.
[ 2025-06-20 12:02:29,567 ] 168 RERAScrapper - INFO - External Development Work 'external_development_work' scrapped.
[ 2025-06-20 12:02:29,567 ] 169 RERAScrapper - INFO - Other External Development Work 'other_external_development_work' scrapped.
[ 2025-06-20 12:02:29,567 ] 170 RERAScrapper - INFO - Project Bank ( Escrow Account ) Details 'project_bank_details' scrapped.
[ 2025-06-20 12:02:29,567 ] 171 RERAScrapper - INFO - Project Agents 'project_agents' scrapped.
[ 2025-06-20 12:02:29,567 ] 172 RERAScrapper - INFO - Project Detail Table 'project_detail_table' scrapped.
[ 2025-06-20 12:02:29,605 ] 179 RERAScrapper - INFO - Uploaded Documents page clicked.
[ 2025-06-20 12:02:31,340 ] 193 RERAScrapper - INFO - Project Documents 'project_documents' scrapped.
[ 2025-06-20 12:02:31,340 ] 194 RERAScrapper - INFO - Project Approval 'project_approval' scrapped.
[ 2025-06-20 12:02:31,340 ] 195 RERAScrapper - INFO - Declaration 'declaration' scrapped.
[ 2025-06-20 12:02:31,340 ] 196 RERAScrapper - INFO - Other Documents 'other_documents' scrapped.
[ 2025-06-20 12:02:31,341 ] 197 RERAScrapper - INFO - Project Photo 'project_photo' scrapped.
[ 2025-06-20 12:02:31,341 ] 198 RERAScrapper - INFO - Financial Document 'financial_document' scrapped.
[ 2025-06-20 12:02:31,379 ] 207 RERAScrapper - INFO - Completion Details page clicked.
[ 2025-06-20 12:02:31,573 ] 215 RERAScrapper - INFO - Completion Details '{
    "": {
        "": []
    }
}' scrapped.
