[ 2025-06-20 08:22:47,323 ] 346 undetected_chromedriver.patcher - INFO - patching driver executable C:\Users\Utkarsh\appdata\roaming\undetected_chromedriver\undetected_chromedriver.exe
[ 2025-06-20 08:22:48,582 ] 62 RERAScrapper - INFO - Browser initialized successfully.
[ 2025-06-20 08:22:52,349 ] 70 RERAScrapper - INFO - Navigated to URL: https://rera.karnataka.gov.in/viewAllProjects
[ 2025-06-20 08:22:52,519 ] 83 RERAScrapper - INFO - City 'Kolar' selected from dropdown.
[ 2025-06-20 08:22:57,402 ] 90 RERAScrapper - INFO - Select Button Clicked.
[ 2025-06-20 08:22:58,476 ] 102 RERAScrapper - INFO - Home table JSON extracted: home_table_json
[ 2025-06-20 08:22:59,958 ] 128 RERAScrapper - INFO - Promoter Details 'promoter_details' scrapped.
[ 2025-06-20 08:22:59,958 ] 129 RERAScrapper - INFO - Authorized Signatory Detail 'authorized_signatory_details' scrapped.
[ 2025-06-20 08:22:59,958 ] 130 RERAScrapper - INFO - Project Member Details 'project_member_details' scrapped.
[ 2025-06-20 08:22:59,958 ] 131 RERAScrapper - INFO - Project Land Owner Details 'project_land_owner_details' scrapped.
[ 2025-06-20 08:22:59,958 ] 132 RERAScrapper - INFO - RERA Registration Details with any other State/UTs 'rera_registration_details_with_any_details' scrapped.
[ 2025-06-20 08:22:59,958 ] 133 RERAScrapper - INFO - Previous Project Details (Last 5 years only) 'previous_project_details' scrapped.
[ 2025-06-20 08:23:02,006 ] 142 RERAScrapper - INFO - Project Details page clicked.
[ 2025-06-20 08:23:03,256 ] 157 RERAScrapper - INFO - Project Details 'project_details' scrapped.
[ 2025-06-20 08:23:03,256 ] 158 RERAScrapper - INFO - Development Details 'development_details' scrapped.
[ 2025-06-20 08:23:03,256 ] 159 RERAScrapper - INFO - External Development Work 'external_development_work' scrapped.
[ 2025-06-20 08:23:03,256 ] 160 RERAScrapper - INFO - Other External Development Work 'other_external_development_work' scrapped.
[ 2025-06-20 08:23:03,256 ] 161 RERAScrapper - INFO - Project Bank ( Escrow Account ) Details 'project_bank_details' scrapped.
[ 2025-06-20 08:23:03,256 ] 162 RERAScrapper - INFO - Project Agents 'project_agents' scrapped.
[ 2025-06-20 08:23:03,257 ] 163 RERAScrapper - INFO - Project Detail Table 'project_detail_table' scrapped.
[ 2025-06-20 08:23:03,295 ] 170 RERAScrapper - INFO - Uploaded Documents page clicked.
[ 2025-06-20 08:23:04,991 ] 184 RERAScrapper - INFO - Project Documents 'project_documents' scrapped.
[ 2025-06-20 08:23:04,991 ] 185 RERAScrapper - INFO - Project Approval 'project_approval' scrapped.
[ 2025-06-20 08:23:04,991 ] 186 RERAScrapper - INFO - Declaration 'declaration' scrapped.
[ 2025-06-20 08:23:04,991 ] 187 RERAScrapper - INFO - Other Documents 'other_documents' scrapped.
[ 2025-06-20 08:23:04,991 ] 188 RERAScrapper - INFO - Project Photo 'project_photo' scrapped.
[ 2025-06-20 08:23:04,992 ] 189 RERAScrapper - INFO - Financial Document 'financial_document' scrapped.
[ 2025-06-20 08:23:05,026 ] 198 RERAScrapper - INFO - Completion Details page clicked.
[ 2025-06-20 08:23:05,215 ] 206 RERAScrapper - INFO - Completion Details '{
    "": {
        "": []
    }
}' scrapped.
[ 2025-06-20 08:23:11,978 ] 102 RERAScrapper - INFO - Home table JSON extracted: home_table_json
[ 2025-06-20 08:23:13,522 ] 128 RERAScrapper - INFO - Promoter Details 'promoter_details' scrapped.
[ 2025-06-20 08:23:13,522 ] 129 RERAScrapper - INFO - Authorized Signatory Detail 'authorized_signatory_details' scrapped.
[ 2025-06-20 08:23:13,522 ] 130 RERAScrapper - INFO - Project Member Details 'project_member_details' scrapped.
[ 2025-06-20 08:23:13,522 ] 131 RERAScrapper - INFO - Project Land Owner Details 'project_land_owner_details' scrapped.
[ 2025-06-20 08:23:13,522 ] 132 RERAScrapper - INFO - RERA Registration Details with any other State/UTs 'rera_registration_details_with_any_details' scrapped.
[ 2025-06-20 08:23:13,523 ] 133 RERAScrapper - INFO - Previous Project Details (Last 5 years only) 'previous_project_details' scrapped.
[ 2025-06-20 08:23:15,564 ] 142 RERAScrapper - INFO - Project Details page clicked.
[ 2025-06-20 08:23:17,433 ] 157 RERAScrapper - INFO - Project Details 'project_details' scrapped.
[ 2025-06-20 08:23:17,433 ] 158 RERAScrapper - INFO - Development Details 'development_details' scrapped.
[ 2025-06-20 08:23:17,434 ] 159 RERAScrapper - INFO - External Development Work 'external_development_work' scrapped.
[ 2025-06-20 08:23:17,434 ] 160 RERAScrapper - INFO - Other External Development Work 'other_external_development_work' scrapped.
[ 2025-06-20 08:23:17,434 ] 161 RERAScrapper - INFO - Project Bank ( Escrow Account ) Details 'project_bank_details' scrapped.
[ 2025-06-20 08:23:17,434 ] 162 RERAScrapper - INFO - Project Agents 'project_agents' scrapped.
[ 2025-06-20 08:23:17,434 ] 163 RERAScrapper - INFO - Project Detail Table 'project_detail_table' scrapped.
[ 2025-06-20 08:23:17,468 ] 170 RERAScrapper - INFO - Uploaded Documents page clicked.
[ 2025-06-20 08:23:19,760 ] 184 RERAScrapper - INFO - Project Documents 'project_documents' scrapped.
[ 2025-06-20 08:23:19,761 ] 185 RERAScrapper - INFO - Project Approval 'project_approval' scrapped.
[ 2025-06-20 08:23:19,761 ] 186 RERAScrapper - INFO - Declaration 'declaration' scrapped.
[ 2025-06-20 08:23:19,761 ] 187 RERAScrapper - INFO - Other Documents 'other_documents' scrapped.
[ 2025-06-20 08:23:19,761 ] 188 RERAScrapper - INFO - Project Photo 'project_photo' scrapped.
[ 2025-06-20 08:23:19,761 ] 189 RERAScrapper - INFO - Financial Document 'financial_document' scrapped.
[ 2025-06-20 08:23:40,262 ] 200 RERAScrapper - ERROR - Timed out waiting for Completion Details page: Message: 
Stacktrace:
	GetHandleVerifier [0x0xe73b03+62899]
	GetHandleVerifier [0x0xe73b44+62964]
	(No symbol) [0x0xca10f3]
	(No symbol) [0x0xce980e]
	(No symbol) [0x0xce9bab]
	(No symbol) [0x0xd325c2]
	(No symbol) [0x0xd0e554]
	(No symbol) [0x0xd2fd81]
	(No symbol) [0x0xd0e306]
	(No symbol) [0x0xcdd670]
	(No symbol) [0x0xcde4e4]
	GetHandleVerifier [0x0x10d4793+2556483]
	GetHandleVerifier [0x0x10cfd02+2537394]
	GetHandleVerifier [0x0xe9a2fa+220586]
	GetHandleVerifier [0x0xe8aae8+157080]
	GetHandleVerifier [0x0xe9141d+184013]
	GetHandleVerifier [0x0xe7ba68+95512]
	GetHandleVerifier [0x0xe7bc10+95936]
	GetHandleVerifier [0x0xe66b5a+9738]
	BaseThreadInitThunk [0x0x75edfcc9+25]
	RtlGetAppContainerNamedObjectPath [0x0x77e682ae+286]
	RtlGetAppContainerNamedObjectPath [0x0x77e6827e+238]

[ 2025-06-20 08:23:40,262 ] 248 RERAScrapper - ERROR - An error occurred in scrape_project_details: local variable 'completion_details_page' referenced before assignment
