[ 2025-06-24 12:15:46,802 ] 346 undetected_chromedriver.patcher - INFO - patching driver executable C:\Users\Utkarsh\appdata\roaming\undetected_chromedriver\undetected_chromedriver.exe
[ 2025-06-24 12:15:47,424 ] 62 RERAScrapper - INFO - Browser initialized successfully.
[ 2025-06-24 12:15:56,412 ] 70 RERAScrapper - INFO - Navigated to URL: https://rera.karnataka.gov.in/viewAllProjects
[ 2025-06-24 12:16:00,321 ] 83 RERAScrapper - INFO - City 'Kolar' selected from dropdown.
[ 2025-06-24 12:16:26,909 ] 90 RERAScrapper - INFO - Select Button Clicked.
[ 2025-06-24 12:16:32,428 ] 102 RERAScrapper - INFO - Home table JSON extracted: home_table_json
[ 2025-06-24 12:16:33,033 ] 130 RERAScrapper - INFO - Home Table JSON 'home_table_json' scrapped.
[ 2025-06-24 12:16:34,485 ] 140 RERAScrapper - INFO - Promoter Details 'promoter_details' scrapped.
[ 2025-06-24 12:16:34,485 ] 141 RERAScrapper - INFO - Authorized Signatory Detail 'authorized_signatory_details' scrapped.
[ 2025-06-24 12:16:34,485 ] 142 RERAScrapper - INFO - Project Member Details 'project_member_details' scrapped.
[ 2025-06-24 12:16:34,486 ] 143 RERAScrapper - INFO - Project Land Owner Details 'project_land_owner_details' scrapped.
[ 2025-06-24 12:16:34,486 ] 144 RERAScrapper - INFO - RERA Registration Details with any other State/UTs 'rera_registration_details_with_any_details' scrapped.
[ 2025-06-24 12:16:34,486 ] 145 RERAScrapper - INFO - Previous Project Details (Last 5 years only) 'previous_project_details' scrapped.
[ 2025-06-24 12:16:36,536 ] 154 RERAScrapper - INFO - Project Details page clicked.
[ 2025-06-24 12:16:37,569 ] 169 RERAScrapper - INFO - Project Details 'project_details' scrapped.
[ 2025-06-24 12:16:37,570 ] 170 RERAScrapper - INFO - Development Details 'development_details' scrapped.
[ 2025-06-24 12:16:37,570 ] 171 RERAScrapper - INFO - External Development Work 'external_development_work' scrapped.
[ 2025-06-24 12:16:37,570 ] 172 RERAScrapper - INFO - Other External Development Work 'other_external_development_work' scrapped.
[ 2025-06-24 12:16:37,570 ] 173 RERAScrapper - INFO - Project Bank ( Escrow Account ) Details 'project_bank_details' scrapped.
[ 2025-06-24 12:16:37,570 ] 174 RERAScrapper - INFO - Project Agents 'project_agents' scrapped.
[ 2025-06-24 12:16:37,571 ] 175 RERAScrapper - INFO - Project Detail Table 'project_detail_table' scrapped.
[ 2025-06-24 12:16:37,611 ] 182 RERAScrapper - INFO - Uploaded Documents page clicked.
[ 2025-06-24 12:16:39,077 ] 196 RERAScrapper - INFO - Project Documents 'project_documents' scrapped.
[ 2025-06-24 12:16:39,077 ] 197 RERAScrapper - INFO - Project Approval 'project_approval' scrapped.
[ 2025-06-24 12:16:39,077 ] 198 RERAScrapper - INFO - Declaration 'declaration' scrapped.
[ 2025-06-24 12:16:39,077 ] 199 RERAScrapper - INFO - Other Documents 'other_documents' scrapped.
[ 2025-06-24 12:16:39,078 ] 200 RERAScrapper - INFO - Project Photo 'project_photo' scrapped.
[ 2025-06-24 12:16:39,078 ] 201 RERAScrapper - INFO - Financial Document 'financial_document' scrapped.
[ 2025-06-24 12:16:39,115 ] 210 RERAScrapper - INFO - Completion Details page clicked.
[ 2025-06-24 12:16:41,653 ] 224 RERAScrapper - INFO - Completion Details 'completion_details' scrapped.
[ 2025-06-24 12:16:41,653 ] 225 RERAScrapper - INFO - Development Details 'development_details_completion' scrapped.
[ 2025-06-24 12:16:41,653 ] 226 RERAScrapper - INFO - Uploaded Documents 'uploaded_documents' scrapped.
[ 2025-06-24 12:16:41,654 ] 227 RERAScrapper - INFO - Photos Uploaded 'photos_uploaded' scrapped.
[ 2025-06-24 12:16:50,919 ] 102 RERAScrapper - INFO - Home table JSON extracted: home_table_json
[ 2025-06-24 12:16:50,956 ] 130 RERAScrapper - INFO - Home Table JSON 'home_table_json' scrapped.
[ 2025-06-24 12:17:10,972 ] 272 RERAScrapper - ERROR - An error occurred in scrape_project_details: local variable 'h1_elements' referenced before assignment
[ 2025-06-24 12:17:15,036 ] 102 RERAScrapper - INFO - Home table JSON extracted: home_table_json
[ 2025-06-24 12:17:15,069 ] 130 RERAScrapper - INFO - Home Table JSON 'home_table_json' scrapped.
[ 2025-06-24 12:17:16,766 ] 140 RERAScrapper - INFO - Promoter Details 'promoter_details' scrapped.
[ 2025-06-24 12:17:16,767 ] 141 RERAScrapper - INFO - Authorized Signatory Detail 'authorized_signatory_details' scrapped.
[ 2025-06-24 12:17:16,767 ] 142 RERAScrapper - INFO - Project Member Details 'project_member_details' scrapped.
[ 2025-06-24 12:17:16,767 ] 143 RERAScrapper - INFO - Project Land Owner Details 'project_land_owner_details' scrapped.
[ 2025-06-24 12:17:16,767 ] 144 RERAScrapper - INFO - RERA Registration Details with any other State/UTs 'rera_registration_details_with_any_details' scrapped.
[ 2025-06-24 12:17:16,767 ] 145 RERAScrapper - INFO - Previous Project Details (Last 5 years only) 'previous_project_details' scrapped.
[ 2025-06-24 12:17:18,804 ] 154 RERAScrapper - INFO - Project Details page clicked.
[ 2025-06-24 12:17:19,789 ] 169 RERAScrapper - INFO - Project Details 'project_details' scrapped.
[ 2025-06-24 12:17:19,789 ] 170 RERAScrapper - INFO - Development Details 'development_details' scrapped.
[ 2025-06-24 12:17:19,789 ] 171 RERAScrapper - INFO - External Development Work 'external_development_work' scrapped.
[ 2025-06-24 12:17:19,789 ] 172 RERAScrapper - INFO - Other External Development Work 'other_external_development_work' scrapped.
[ 2025-06-24 12:17:19,789 ] 173 RERAScrapper - INFO - Project Bank ( Escrow Account ) Details 'project_bank_details' scrapped.
[ 2025-06-24 12:17:19,790 ] 174 RERAScrapper - INFO - Project Agents 'project_agents' scrapped.
[ 2025-06-24 12:17:19,790 ] 175 RERAScrapper - INFO - Project Detail Table 'project_detail_table' scrapped.
[ 2025-06-24 12:17:19,822 ] 182 RERAScrapper - INFO - Uploaded Documents page clicked.
[ 2025-06-24 12:17:21,253 ] 196 RERAScrapper - INFO - Project Documents 'project_documents' scrapped.
[ 2025-06-24 12:17:21,253 ] 197 RERAScrapper - INFO - Project Approval 'project_approval' scrapped.
[ 2025-06-24 12:17:21,253 ] 198 RERAScrapper - INFO - Declaration 'declaration' scrapped.
[ 2025-06-24 12:17:21,254 ] 199 RERAScrapper - INFO - Other Documents 'other_documents' scrapped.
[ 2025-06-24 12:17:21,254 ] 200 RERAScrapper - INFO - Project Photo 'project_photo' scrapped.
[ 2025-06-24 12:17:21,254 ] 201 RERAScrapper - INFO - Financial Document 'financial_document' scrapped.
[ 2025-06-24 12:17:41,279 ] 212 RERAScrapper - ERROR - Timed out waiting for Completion Details page: Message: 
Stacktrace:
	GetHandleVerifier [0x0xa83b03+62899]
	GetHandleVerifier [0x0xa83b44+62964]
	(No symbol) [0x0x8b10f3]
	(No symbol) [0x0x8f980e]
	(No symbol) [0x0x8f9bab]
	(No symbol) [0x0x9425c2]
	(No symbol) [0x0x91e554]
	(No symbol) [0x0x93fd81]
	(No symbol) [0x0x91e306]
	(No symbol) [0x0x8ed670]
	(No symbol) [0x0x8ee4e4]
	GetHandleVerifier [0x0xce4793+2556483]
	GetHandleVerifier [0x0xcdfd02+2537394]
	GetHandleVerifier [0x0xaaa2fa+220586]
	GetHandleVerifier [0x0xa9aae8+157080]
	GetHandleVerifier [0x0xaa141d+184013]
	GetHandleVerifier [0x0xa8ba68+95512]
	GetHandleVerifier [0x0xa8bc10+95936]
	GetHandleVerifier [0x0xa76b5a+9738]
	BaseThreadInitThunk [0x0x774afcc9+25]
	RtlGetAppContainerNamedObjectPath [0x0x776a82ae+286]
	RtlGetAppContainerNamedObjectPath [0x0x776a827e+238]

[ 2025-06-24 12:17:43,281 ] 272 RERAScrapper - ERROR - An error occurred in scrape_project_details: local variable 'completion_details' referenced before assignment
[ 2025-06-24 12:17:47,383 ] 83 RERAScrapper - INFO - City 'Kolar' selected from dropdown.
[ 2025-06-24 12:17:52,267 ] 90 RERAScrapper - INFO - Select Button Clicked.
[ 2025-06-24 12:17:59,330 ] 102 RERAScrapper - INFO - Home table JSON extracted: home_table_json
[ 2025-06-24 12:17:59,363 ] 130 RERAScrapper - INFO - Home Table JSON 'home_table_json' scrapped.
[ 2025-06-24 12:18:00,914 ] 140 RERAScrapper - INFO - Promoter Details 'promoter_details' scrapped.
[ 2025-06-24 12:18:00,914 ] 141 RERAScrapper - INFO - Authorized Signatory Detail 'authorized_signatory_details' scrapped.
[ 2025-06-24 12:18:00,914 ] 142 RERAScrapper - INFO - Project Member Details 'project_member_details' scrapped.
[ 2025-06-24 12:18:00,914 ] 143 RERAScrapper - INFO - Project Land Owner Details 'project_land_owner_details' scrapped.
[ 2025-06-24 12:18:00,915 ] 144 RERAScrapper - INFO - RERA Registration Details with any other State/UTs 'rera_registration_details_with_any_details' scrapped.
[ 2025-06-24 12:18:00,915 ] 145 RERAScrapper - INFO - Previous Project Details (Last 5 years only) 'previous_project_details' scrapped.
[ 2025-06-24 12:18:02,958 ] 154 RERAScrapper - INFO - Project Details page clicked.
[ 2025-06-24 12:18:03,934 ] 169 RERAScrapper - INFO - Project Details 'project_details' scrapped.
[ 2025-06-24 12:18:03,934 ] 170 RERAScrapper - INFO - Development Details 'development_details' scrapped.
[ 2025-06-24 12:18:03,934 ] 171 RERAScrapper - INFO - External Development Work 'external_development_work' scrapped.
[ 2025-06-24 12:18:03,934 ] 172 RERAScrapper - INFO - Other External Development Work 'other_external_development_work' scrapped.
[ 2025-06-24 12:18:03,934 ] 173 RERAScrapper - INFO - Project Bank ( Escrow Account ) Details 'project_bank_details' scrapped.
[ 2025-06-24 12:18:03,935 ] 174 RERAScrapper - INFO - Project Agents 'project_agents' scrapped.
[ 2025-06-24 12:18:03,935 ] 175 RERAScrapper - INFO - Project Detail Table 'project_detail_table' scrapped.
[ 2025-06-24 12:18:03,966 ] 182 RERAScrapper - INFO - Uploaded Documents page clicked.
[ 2025-06-24 12:18:05,086 ] 196 RERAScrapper - INFO - Project Documents 'project_documents' scrapped.
[ 2025-06-24 12:18:05,087 ] 197 RERAScrapper - INFO - Project Approval 'project_approval' scrapped.
[ 2025-06-24 12:18:05,087 ] 198 RERAScrapper - INFO - Declaration 'declaration' scrapped.
[ 2025-06-24 12:18:05,087 ] 199 RERAScrapper - INFO - Other Documents 'other_documents' scrapped.
[ 2025-06-24 12:18:05,087 ] 200 RERAScrapper - INFO - Project Photo 'project_photo' scrapped.
[ 2025-06-24 12:18:05,087 ] 201 RERAScrapper - INFO - Financial Document 'financial_document' scrapped.
[ 2025-06-24 12:18:05,123 ] 210 RERAScrapper - INFO - Completion Details page clicked.
[ 2025-06-24 12:18:07,395 ] 272 RERAScrapper - ERROR - An error occurred in scrape_project_details: local variable 'h1_elements' referenced before assignment
[ 2025-06-24 12:18:11,505 ] 83 RERAScrapper - INFO - City 'Kolar' selected from dropdown.
[ 2025-06-24 12:18:12,552 ] 90 RERAScrapper - INFO - Select Button Clicked.
[ 2025-06-24 12:18:21,506 ] 102 RERAScrapper - INFO - Home table JSON extracted: home_table_json
[ 2025-06-24 12:18:21,546 ] 130 RERAScrapper - INFO - Home Table JSON 'home_table_json' scrapped.
[ 2025-06-24 12:18:22,280 ] 272 RERAScrapper - ERROR - An error occurred in scrape_project_details: local variable 'h1_elements' referenced before assignment
[ 2025-06-24 12:18:26,381 ] 83 RERAScrapper - INFO - City 'Kolar' selected from dropdown.
[ 2025-06-24 12:18:27,417 ] 90 RERAScrapper - INFO - Select Button Clicked.
[ 2025-06-24 12:18:35,193 ] 102 RERAScrapper - INFO - Home table JSON extracted: home_table_json
[ 2025-06-24 12:18:35,223 ] 130 RERAScrapper - INFO - Home Table JSON 'home_table_json' scrapped.
[ 2025-06-24 12:18:55,256 ] 272 RERAScrapper - ERROR - An error occurred in scrape_project_details: local variable 'h1_elements' referenced before assignment
[ 2025-06-24 12:18:59,329 ] 102 RERAScrapper - INFO - Home table JSON extracted: home_table_json
[ 2025-06-24 12:18:59,368 ] 130 RERAScrapper - INFO - Home Table JSON 'home_table_json' scrapped.
[ 2025-06-24 12:19:00,701 ] 140 RERAScrapper - INFO - Promoter Details 'promoter_details' scrapped.
[ 2025-06-24 12:19:00,701 ] 141 RERAScrapper - INFO - Authorized Signatory Detail 'authorized_signatory_details' scrapped.
[ 2025-06-24 12:19:00,701 ] 142 RERAScrapper - INFO - Project Member Details 'project_member_details' scrapped.
[ 2025-06-24 12:19:00,702 ] 143 RERAScrapper - INFO - Project Land Owner Details 'project_land_owner_details' scrapped.
[ 2025-06-24 12:19:00,702 ] 144 RERAScrapper - INFO - RERA Registration Details with any other State/UTs 'rera_registration_details_with_any_details' scrapped.
[ 2025-06-24 12:19:00,702 ] 145 RERAScrapper - INFO - Previous Project Details (Last 5 years only) 'previous_project_details' scrapped.
[ 2025-06-24 12:19:02,748 ] 154 RERAScrapper - INFO - Project Details page clicked.
[ 2025-06-24 12:19:03,649 ] 169 RERAScrapper - INFO - Project Details 'project_details' scrapped.
[ 2025-06-24 12:19:03,649 ] 170 RERAScrapper - INFO - Development Details 'development_details' scrapped.
[ 2025-06-24 12:19:03,649 ] 171 RERAScrapper - INFO - External Development Work 'external_development_work' scrapped.
[ 2025-06-24 12:19:03,650 ] 172 RERAScrapper - INFO - Other External Development Work 'other_external_development_work' scrapped.
[ 2025-06-24 12:19:03,650 ] 173 RERAScrapper - INFO - Project Bank ( Escrow Account ) Details 'project_bank_details' scrapped.
[ 2025-06-24 12:19:03,650 ] 174 RERAScrapper - INFO - Project Agents 'project_agents' scrapped.
[ 2025-06-24 12:19:03,650 ] 175 RERAScrapper - INFO - Project Detail Table 'project_detail_table' scrapped.
[ 2025-06-24 12:19:03,684 ] 182 RERAScrapper - INFO - Uploaded Documents page clicked.
[ 2025-06-24 12:19:04,821 ] 196 RERAScrapper - INFO - Project Documents 'project_documents' scrapped.
[ 2025-06-24 12:19:04,821 ] 197 RERAScrapper - INFO - Project Approval 'project_approval' scrapped.
[ 2025-06-24 12:19:04,821 ] 198 RERAScrapper - INFO - Declaration 'declaration' scrapped.
[ 2025-06-24 12:19:04,822 ] 199 RERAScrapper - INFO - Other Documents 'other_documents' scrapped.
[ 2025-06-24 12:19:04,822 ] 200 RERAScrapper - INFO - Project Photo 'project_photo' scrapped.
[ 2025-06-24 12:19:04,822 ] 201 RERAScrapper - INFO - Financial Document 'financial_document' scrapped.
[ 2025-06-24 12:19:24,869 ] 212 RERAScrapper - ERROR - Timed out waiting for Completion Details page: Message: 
Stacktrace:
	GetHandleVerifier [0x0xa83b03+62899]
	GetHandleVerifier [0x0xa83b44+62964]
	(No symbol) [0x0x8b10f3]
	(No symbol) [0x0x8f980e]
	(No symbol) [0x0x8f9bab]
	(No symbol) [0x0x9425c2]
	(No symbol) [0x0x91e554]
	(No symbol) [0x0x93fd81]
	(No symbol) [0x0x91e306]
	(No symbol) [0x0x8ed670]
	(No symbol) [0x0x8ee4e4]
	GetHandleVerifier [0x0xce4793+2556483]
	GetHandleVerifier [0x0xcdfd02+2537394]
	GetHandleVerifier [0x0xaaa2fa+220586]
	GetHandleVerifier [0x0xa9aae8+157080]
	GetHandleVerifier [0x0xaa141d+184013]
	GetHandleVerifier [0x0xa8ba68+95512]
	GetHandleVerifier [0x0xa8bc10+95936]
	GetHandleVerifier [0x0xa76b5a+9738]
	BaseThreadInitThunk [0x0x774afcc9+25]
	RtlGetAppContainerNamedObjectPath [0x0x776a82ae+286]
	RtlGetAppContainerNamedObjectPath [0x0x776a827e+238]

[ 2025-06-24 12:19:26,870 ] 272 RERAScrapper - ERROR - An error occurred in scrape_project_details: local variable 'completion_details' referenced before assignment
[ 2025-06-24 12:19:30,993 ] 83 RERAScrapper - INFO - City 'Kolar' selected from dropdown.
[ 2025-06-24 12:19:35,705 ] 90 RERAScrapper - INFO - Select Button Clicked.
[ 2025-06-24 12:19:42,770 ] 102 RERAScrapper - INFO - Home table JSON extracted: home_table_json
[ 2025-06-24 12:19:42,805 ] 130 RERAScrapper - INFO - Home Table JSON 'home_table_json' scrapped.
[ 2025-06-24 12:19:44,372 ] 140 RERAScrapper - INFO - Promoter Details 'promoter_details' scrapped.
[ 2025-06-24 12:19:44,372 ] 141 RERAScrapper - INFO - Authorized Signatory Detail 'authorized_signatory_details' scrapped.
[ 2025-06-24 12:19:44,372 ] 142 RERAScrapper - INFO - Project Member Details 'project_member_details' scrapped.
[ 2025-06-24 12:19:44,372 ] 143 RERAScrapper - INFO - Project Land Owner Details 'project_land_owner_details' scrapped.
[ 2025-06-24 12:19:44,372 ] 144 RERAScrapper - INFO - RERA Registration Details with any other State/UTs 'rera_registration_details_with_any_details' scrapped.
[ 2025-06-24 12:19:44,373 ] 145 RERAScrapper - INFO - Previous Project Details (Last 5 years only) 'previous_project_details' scrapped.
[ 2025-06-24 12:19:46,421 ] 154 RERAScrapper - INFO - Project Details page clicked.
[ 2025-06-24 12:19:47,183 ] 272 RERAScrapper - ERROR - An error occurred in scrape_project_details: local variable 'h1_elements' referenced before assignment
