[ 2025-06-30 14:03:06,968 ] 346 undetected_chromedriver.patcher - INFO - patching driver executable C:\Users\Utkarsh\appdata\roaming\undetected_chromedriver\undetected_chromedriver.exe
[ 2025-06-30 14:03:07,592 ] 65 RERAScrapper - INFO - Browser initialized successfully.
[ 2025-06-30 14:03:11,551 ] 73 RERAScrapper - INFO - Navigated to URL: https://rera.karnataka.gov.in/viewAllProjects
[ 2025-06-30 14:03:11,720 ] 86 RERAScrapper - INFO - City 'Kolar' selected from dropdown.
[ 2025-06-30 14:03:12,820 ] 93 RERAScrapper - INFO - Select Button Clicked.
[ 2025-06-30 14:03:28,540 ] 105 RERAScrapper - INFO - Home table JSON extracted: home_table_json
[ 2025-06-30 14:03:28,578 ] 134 RERAScrapper - INFO - Home Table JSON 'home_table_json' scrapped.
[ 2025-06-30 14:03:30,808 ] 175 RERAScrapper - INFO - Promoter Details 'promoter_details' scrapped.
[ 2025-06-30 14:03:30,880 ] 181 RERAScrapper - INFO - Authorized Signatory Detail 'authorized_signatory_details' scrapped.
[ 2025-06-30 14:03:30,899 ] 187 RERAScrapper - INFO - Project Member Details 'project_member_details' scrapped.
[ 2025-06-30 14:03:30,920 ] 193 RERAScrapper - INFO - Project Land Owner Details 'project_land_owner_details' scrapped.
[ 2025-06-30 14:03:30,936 ] 199 RERAScrapper - INFO - RERA Registration Details with any other State/UTs 'rera_registration_details_with_any_details' scrapped.
[ 2025-06-30 14:03:30,955 ] 205 RERAScrapper - INFO - Previous Project Details (Last 5 years only) 'previous_project_details' scrapped.
[ 2025-06-30 14:03:30,998 ] 214 RERAScrapper - INFO - Project Details page clicked.
[ 2025-06-30 14:03:33,602 ] 223 RERAScrapper - INFO - Project Details 'project_details' scrapped.
[ 2025-06-30 14:03:33,714 ] 229 RERAScrapper - INFO - Development Details 'development_details' scrapped.
[ 2025-06-30 14:03:33,723 ] 237 RERAScrapper - WARNING - Project Ongoing Status 'project_ongoing_status' **not** scrapped.
[ 2025-06-30 14:03:33,919 ] 241 RERAScrapper - INFO - External Development Work 'external_development_work' scrapped.
[ 2025-06-30 14:03:33,941 ] 247 RERAScrapper - INFO - Other External Development Work 'other_external_development_work' scrapped.
[ 2025-06-30 14:03:34,079 ] 253 RERAScrapper - INFO - Project Bank ( Escrow Account ) Details 'project_bank_details' scrapped.
[ 2025-06-30 14:03:34,097 ] 259 RERAScrapper - INFO - Project Agents 'project_agents' scrapped.
[ 2025-06-30 14:03:34,109 ] 266 RERAScrapper - INFO - Project Detail Table 'project_detail_table' scrapped.
[ 2025-06-30 14:03:34,153 ] 275 RERAScrapper - INFO - Uploaded Documents page clicked.
[ 2025-06-30 14:03:36,205 ] 284 RERAScrapper - INFO - Project Documents 'project_documents' scrapped.
[ 2025-06-30 14:03:37,279 ] 290 RERAScrapper - INFO - Project Approval 'project_approval' scrapped.
[ 2025-06-30 14:03:37,321 ] 296 RERAScrapper - INFO - Declaration 'declaration' scrapped.
[ 2025-06-30 14:03:37,339 ] 302 RERAScrapper - INFO - Other Documents 'other_documents' scrapped.
[ 2025-06-30 14:03:37,419 ] 308 RERAScrapper - INFO - Project Photo 'project_photo' scrapped.
[ 2025-06-30 14:03:37,432 ] 314 RERAScrapper - INFO - Financial Document 'financial_document' scrapped.
[ 2025-06-30 14:03:37,473 ] 323 RERAScrapper - INFO - Complaint page clicked.
[ 2025-06-30 14:03:39,498 ] 334 RERAScrapper - WARNING - Promoter Table 'project_table' **not** scrapped.
[ 2025-06-30 14:03:41,542 ] 340 RERAScrapper - INFO - Project Complaint sub-page clicked.
[ 2025-06-30 14:03:41,550 ] 349 RERAScrapper - WARNING - Other Documents 'project_table' **not** scrapped.
[ 2025-06-30 14:03:41,593 ] 358 RERAScrapper - INFO - Completion Details page clicked.
[ 2025-06-30 14:03:43,703 ] 367 RERAScrapper - INFO - Completion Details 'completion_details' scrapped.
[ 2025-06-30 14:03:43,823 ] 373 RERAScrapper - INFO - Development Details 'development_details_completion' scrapped.
[ 2025-06-30 14:03:44,181 ] 379 RERAScrapper - INFO - Uploaded Documents 'uploaded_documents' scrapped.
[ 2025-06-30 14:03:44,273 ] 385 RERAScrapper - INFO - Photos Uploaded 'photos_uploaded' scrapped.
[ 2025-06-30 14:03:46,351 ] 33 RERAScrapper - INFO - Worksheet 'RERA JSON Data' found.
[ 2025-06-30 14:03:49,178 ] 460 RERAScrapper - INFO - Project Details Page Detected.
[ 2025-06-30 14:03:51,256 ] 468 RERAScrapper - WARNING - Table Disappeared
[ 2025-06-30 14:03:51,299 ] 86 RERAScrapper - INFO - City 'Kolar' selected from dropdown.
[ 2025-06-30 14:03:52,354 ] 93 RERAScrapper - INFO - Select Button Clicked.
[ 2025-06-30 14:04:12,071 ] 105 RERAScrapper - INFO - Home table JSON extracted: home_table_json
[ 2025-06-30 14:04:12,108 ] 134 RERAScrapper - INFO - Home Table JSON 'home_table_json' scrapped.
[ 2025-06-30 14:04:17,202 ] 177 RERAScrapper - WARNING - Promoter Details 'promoter_details' **************not************** scrapped.
[ 2025-06-30 14:04:20,284 ] 183 RERAScrapper - WARNING - Authorized Signatory Detail 'authorized_signatory_details' **************not************** scrapped.
[ 2025-06-30 14:04:23,358 ] 189 RERAScrapper - WARNING - Project Member Details 'project_member_details' **************not************** scrapped.
[ 2025-06-30 14:04:26,485 ] 195 RERAScrapper - WARNING - Project Land Owner Details 'project_land_owner_details' **************not************** scrapped.
[ 2025-06-30 14:04:29,559 ] 201 RERAScrapper - WARNING - RERA Registration Details with any other State/UTs 'rera_registration_details_with_any_details' **************not************** scrapped.
[ 2025-06-30 14:04:32,638 ] 207 RERAScrapper - WARNING - Previous Project Details (Last 5 years only) 'previous_project_details' **************not************** scrapped.
[ 2025-06-30 14:04:34,695 ] 216 RERAScrapper - ERROR - Timed out waiting for Project Details page: Message: 
Stacktrace:
	GetHandleVerifier [0x0x863b03+62899]
	GetHandleVerifier [0x0x863b44+62964]
	(No symbol) [0x0x6910f3]
	(No symbol) [0x0x6d980e]
	(No symbol) [0x0x6d9bab]
	(No symbol) [0x0x7225c2]
	(No symbol) [0x0x6fe554]
	(No symbol) [0x0x71fd81]
	(No symbol) [0x0x6fe306]
	(No symbol) [0x0x6cd670]
	(No symbol) [0x0x6ce4e4]
	GetHandleVerifier [0x0xac4793+2556483]
	GetHandleVerifier [0x0xabfd02+2537394]
	GetHandleVerifier [0x0x88a2fa+220586]
	GetHandleVerifier [0x0x87aae8+157080]
	GetHandleVerifier [0x0x88141d+184013]
	GetHandleVerifier [0x0x86ba68+95512]
	GetHandleVerifier [0x0x86bc10+95936]
	GetHandleVerifier [0x0x856b5a+9738]
	BaseThreadInitThunk [0x0x76aefcc9+25]
	RtlGetAppContainerNamedObjectPath [0x0x771a82ae+286]
	RtlGetAppContainerNamedObjectPath [0x0x771a827e+238]

[ 2025-06-30 14:04:38,773 ] 277 RERAScrapper - ERROR - Timed out waiting for Uploaded Documents page: Message: 
Stacktrace:
	GetHandleVerifier [0x0x863b03+62899]
	GetHandleVerifier [0x0x863b44+62964]
	(No symbol) [0x0x6910f3]
	(No symbol) [0x0x6d980e]
	(No symbol) [0x0x6d9bab]
	(No symbol) [0x0x7225c2]
	(No symbol) [0x0x6fe554]
	(No symbol) [0x0x71fd81]
	(No symbol) [0x0x6fe306]
	(No symbol) [0x0x6cd670]
	(No symbol) [0x0x6ce4e4]
	GetHandleVerifier [0x0xac4793+2556483]
	GetHandleVerifier [0x0xabfd02+2537394]
	GetHandleVerifier [0x0x88a2fa+220586]
	GetHandleVerifier [0x0x87aae8+157080]
	GetHandleVerifier [0x0x88141d+184013]
	GetHandleVerifier [0x0x86ba68+95512]
	GetHandleVerifier [0x0x86bc10+95936]
	GetHandleVerifier [0x0x856b5a+9738]
	BaseThreadInitThunk [0x0x76aefcc9+25]
	RtlGetAppContainerNamedObjectPath [0x0x771a82ae+286]
	RtlGetAppContainerNamedObjectPath [0x0x771a827e+238]

[ 2025-06-30 14:04:42,846 ] 325 RERAScrapper - ERROR - Timed out waiting for Complaint page: Message: 
Stacktrace:
	GetHandleVerifier [0x0x863b03+62899]
	GetHandleVerifier [0x0x863b44+62964]
	(No symbol) [0x0x6910f3]
	(No symbol) [0x0x6d980e]
	(No symbol) [0x0x6d9bab]
	(No symbol) [0x0x7225c2]
	(No symbol) [0x0x6fe554]
	(No symbol) [0x0x71fd81]
	(No symbol) [0x0x6fe306]
	(No symbol) [0x0x6cd670]
	(No symbol) [0x0x6ce4e4]
	GetHandleVerifier [0x0xac4793+2556483]
	GetHandleVerifier [0x0xabfd02+2537394]
	GetHandleVerifier [0x0x88a2fa+220586]
	GetHandleVerifier [0x0x87aae8+157080]
	GetHandleVerifier [0x0x88141d+184013]
	GetHandleVerifier [0x0x86ba68+95512]
	GetHandleVerifier [0x0x86bc10+95936]
	GetHandleVerifier [0x0x856b5a+9738]
	BaseThreadInitThunk [0x0x76aefcc9+25]
	RtlGetAppContainerNamedObjectPath [0x0x771a82ae+286]
	RtlGetAppContainerNamedObjectPath [0x0x771a827e+238]

[ 2025-06-30 14:04:46,922 ] 360 RERAScrapper - ERROR - Timed out waiting for Completion Details page: Message: 
Stacktrace:
	GetHandleVerifier [0x0x863b03+62899]
	GetHandleVerifier [0x0x863b44+62964]
	(No symbol) [0x0x6910f3]
	(No symbol) [0x0x6d980e]
	(No symbol) [0x0x6d9bab]
	(No symbol) [0x0x7225c2]
	(No symbol) [0x0x6fe554]
	(No symbol) [0x0x71fd81]
	(No symbol) [0x0x6fe306]
	(No symbol) [0x0x6cd670]
	(No symbol) [0x0x6ce4e4]
	GetHandleVerifier [0x0xac4793+2556483]
	GetHandleVerifier [0x0xabfd02+2537394]
	GetHandleVerifier [0x0x88a2fa+220586]
	GetHandleVerifier [0x0x87aae8+157080]
	GetHandleVerifier [0x0x88141d+184013]
	GetHandleVerifier [0x0x86ba68+95512]
	GetHandleVerifier [0x0x86bc10+95936]
	GetHandleVerifier [0x0x856b5a+9738]
	BaseThreadInitThunk [0x0x76aefcc9+25]
	RtlGetAppContainerNamedObjectPath [0x0x771a82ae+286]
	RtlGetAppContainerNamedObjectPath [0x0x771a827e+238]

[ 2025-06-30 14:04:50,514 ] 33 RERAScrapper - INFO - Worksheet 'RERA JSON Data' found.
[ 2025-06-30 14:04:55,246 ] 456 RERAScrapper - WARNING - Row 2 not clickable. Skipping...
[ 2025-06-30 14:05:05,293 ] 105 RERAScrapper - INFO - Home table JSON extracted: home_table_json
[ 2025-06-30 14:05:05,326 ] 134 RERAScrapper - INFO - Home Table JSON 'home_table_json' scrapped.
[ 2025-06-30 14:05:07,544 ] 175 RERAScrapper - INFO - Promoter Details 'promoter_details' scrapped.
[ 2025-06-30 14:05:07,614 ] 181 RERAScrapper - INFO - Authorized Signatory Detail 'authorized_signatory_details' scrapped.
[ 2025-06-30 14:05:07,813 ] 187 RERAScrapper - INFO - Project Member Details 'project_member_details' scrapped.
[ 2025-06-30 14:05:07,829 ] 193 RERAScrapper - INFO - Project Land Owner Details 'project_land_owner_details' scrapped.
[ 2025-06-30 14:05:07,845 ] 199 RERAScrapper - INFO - RERA Registration Details with any other State/UTs 'rera_registration_details_with_any_details' scrapped.
[ 2025-06-30 14:05:08,079 ] 205 RERAScrapper - INFO - Previous Project Details (Last 5 years only) 'previous_project_details' scrapped.
[ 2025-06-30 14:05:08,112 ] 214 RERAScrapper - INFO - Project Details page clicked.
[ 2025-06-30 14:05:10,695 ] 223 RERAScrapper - INFO - Project Details 'project_details' scrapped.
[ 2025-06-30 14:05:10,800 ] 229 RERAScrapper - INFO - Development Details 'development_details' scrapped.
[ 2025-06-30 14:05:11,017 ] 235 RERAScrapper - INFO - Project Ongoing Status 'project_ongoing_status' scrapped.
[ 2025-06-30 14:05:11,195 ] 241 RERAScrapper - INFO - External Development Work 'external_development_work' scrapped.
[ 2025-06-30 14:05:11,212 ] 247 RERAScrapper - INFO - Other External Development Work 'other_external_development_work' scrapped.
[ 2025-06-30 14:05:11,342 ] 253 RERAScrapper - INFO - Project Bank ( Escrow Account ) Details 'project_bank_details' scrapped.
[ 2025-06-30 14:05:11,359 ] 259 RERAScrapper - INFO - Project Agents 'project_agents' scrapped.
[ 2025-06-30 14:05:11,367 ] 266 RERAScrapper - INFO - Project Detail Table 'project_detail_table' scrapped.
[ 2025-06-30 14:05:11,401 ] 275 RERAScrapper - INFO - Uploaded Documents page clicked.
[ 2025-06-30 14:05:13,453 ] 284 RERAScrapper - INFO - Project Documents 'project_documents' scrapped.
[ 2025-06-30 14:05:14,502 ] 290 RERAScrapper - INFO - Project Approval 'project_approval' scrapped.
[ 2025-06-30 14:05:14,541 ] 296 RERAScrapper - INFO - Declaration 'declaration' scrapped.
[ 2025-06-30 14:05:14,558 ] 302 RERAScrapper - INFO - Other Documents 'other_documents' scrapped.
[ 2025-06-30 14:05:14,881 ] 308 RERAScrapper - INFO - Project Photo 'project_photo' scrapped.
[ 2025-06-30 14:05:14,892 ] 314 RERAScrapper - INFO - Financial Document 'financial_document' scrapped.
[ 2025-06-30 14:05:14,928 ] 323 RERAScrapper - INFO - Complaint page clicked.
[ 2025-06-30 14:05:16,953 ] 332 RERAScrapper - INFO - Promoter Table 'promoter_table' scrapped.
[ 2025-06-30 14:05:18,999 ] 340 RERAScrapper - INFO - Project Complaint sub-page clicked.
[ 2025-06-30 14:05:19,010 ] 347 RERAScrapper - INFO - Other Documents 'project_table' scrapped.
[ 2025-06-30 14:05:21,068 ] 360 RERAScrapper - ERROR - Timed out waiting for Completion Details page: Message: 
Stacktrace:
	GetHandleVerifier [0x0x863b03+62899]
	GetHandleVerifier [0x0x863b44+62964]
	(No symbol) [0x0x6910f3]
	(No symbol) [0x0x6d980e]
	(No symbol) [0x0x6d9bab]
	(No symbol) [0x0x7225c2]
	(No symbol) [0x0x6fe554]
	(No symbol) [0x0x71fd81]
	(No symbol) [0x0x6fe306]
	(No symbol) [0x0x6cd670]
	(No symbol) [0x0x6ce4e4]
	GetHandleVerifier [0x0xac4793+2556483]
	GetHandleVerifier [0x0xabfd02+2537394]
	GetHandleVerifier [0x0x88a2fa+220586]
	GetHandleVerifier [0x0x87aae8+157080]
	GetHandleVerifier [0x0x88141d+184013]
	GetHandleVerifier [0x0x86ba68+95512]
	GetHandleVerifier [0x0x86bc10+95936]
	GetHandleVerifier [0x0x856b5a+9738]
	BaseThreadInitThunk [0x0x76aefcc9+25]
	RtlGetAppContainerNamedObjectPath [0x0x771a82ae+286]
	RtlGetAppContainerNamedObjectPath [0x0x771a827e+238]

[ 2025-06-30 14:05:24,518 ] 33 RERAScrapper - INFO - Worksheet 'RERA JSON Data' found.
[ 2025-06-30 14:05:27,335 ] 460 RERAScrapper - INFO - Project Details Page Detected.
[ 2025-06-30 14:05:29,398 ] 468 RERAScrapper - WARNING - Table Disappeared
[ 2025-06-30 14:05:29,431 ] 86 RERAScrapper - INFO - City 'Kolar' selected from dropdown.
[ 2025-06-30 14:05:34,314 ] 93 RERAScrapper - INFO - Select Button Clicked.
[ 2025-06-30 14:05:49,205 ] 105 RERAScrapper - INFO - Home table JSON extracted: home_table_json
[ 2025-06-30 14:05:49,241 ] 134 RERAScrapper - INFO - Home Table JSON 'home_table_json' scrapped.
[ 2025-06-30 14:05:51,460 ] 175 RERAScrapper - INFO - Promoter Details 'promoter_details' scrapped.
[ 2025-06-30 14:05:51,536 ] 181 RERAScrapper - INFO - Authorized Signatory Detail 'authorized_signatory_details' scrapped.
[ 2025-06-30 14:05:51,553 ] 187 RERAScrapper - INFO - Project Member Details 'project_member_details' scrapped.
[ 2025-06-30 14:05:51,570 ] 193 RERAScrapper - INFO - Project Land Owner Details 'project_land_owner_details' scrapped.
[ 2025-06-30 14:05:51,587 ] 199 RERAScrapper - INFO - RERA Registration Details with any other State/UTs 'rera_registration_details_with_any_details' scrapped.
[ 2025-06-30 14:05:51,862 ] 205 RERAScrapper - INFO - Previous Project Details (Last 5 years only) 'previous_project_details' scrapped.
[ 2025-06-30 14:05:51,906 ] 214 RERAScrapper - INFO - Project Details page clicked.
[ 2025-06-30 14:05:54,512 ] 223 RERAScrapper - INFO - Project Details 'project_details' scrapped.
[ 2025-06-30 14:05:54,629 ] 229 RERAScrapper - INFO - Development Details 'development_details' scrapped.
[ 2025-06-30 14:05:54,638 ] 237 RERAScrapper - WARNING - Project Ongoing Status 'project_ongoing_status' **not** scrapped.
[ 2025-06-30 14:05:54,826 ] 241 RERAScrapper - INFO - External Development Work 'external_development_work' scrapped.
[ 2025-06-30 14:05:54,863 ] 247 RERAScrapper - INFO - Other External Development Work 'other_external_development_work' scrapped.
[ 2025-06-30 14:05:55,005 ] 253 RERAScrapper - INFO - Project Bank ( Escrow Account ) Details 'project_bank_details' scrapped.
[ 2025-06-30 14:05:55,023 ] 259 RERAScrapper - INFO - Project Agents 'project_agents' scrapped.
[ 2025-06-30 14:05:55,032 ] 266 RERAScrapper - INFO - Project Detail Table 'project_detail_table' scrapped.
[ 2025-06-30 14:05:55,065 ] 275 RERAScrapper - INFO - Uploaded Documents page clicked.
[ 2025-06-30 14:05:57,117 ] 284 RERAScrapper - INFO - Project Documents 'project_documents' scrapped.
[ 2025-06-30 14:05:58,229 ] 290 RERAScrapper - INFO - Project Approval 'project_approval' scrapped.
[ 2025-06-30 14:05:58,268 ] 296 RERAScrapper - INFO - Declaration 'declaration' scrapped.
[ 2025-06-30 14:05:58,285 ] 302 RERAScrapper - INFO - Other Documents 'other_documents' scrapped.
[ 2025-06-30 14:05:58,329 ] 308 RERAScrapper - INFO - Project Photo 'project_photo' scrapped.
[ 2025-06-30 14:05:58,340 ] 314 RERAScrapper - INFO - Financial Document 'financial_document' scrapped.
[ 2025-06-30 14:05:58,388 ] 323 RERAScrapper - INFO - Complaint page clicked.
[ 2025-06-30 14:06:00,402 ] 334 RERAScrapper - WARNING - Promoter Table 'project_table' **not** scrapped.
[ 2025-06-30 14:06:02,451 ] 340 RERAScrapper - INFO - Project Complaint sub-page clicked.
[ 2025-06-30 14:06:02,458 ] 349 RERAScrapper - WARNING - Other Documents 'project_table' **not** scrapped.
[ 2025-06-30 14:06:02,497 ] 358 RERAScrapper - INFO - Completion Details page clicked.
[ 2025-06-30 14:06:04,809 ] 367 RERAScrapper - INFO - Completion Details 'completion_details' scrapped.
[ 2025-06-30 14:06:04,819 ] 375 RERAScrapper - WARNING - Development Details 'development_details_completion' **not** scrapped.
[ 2025-06-30 14:06:04,829 ] 381 RERAScrapper - WARNING - Uploaded Documents 'uploaded_documents' **not** scrapped.
[ 2025-06-30 14:06:04,838 ] 387 RERAScrapper - WARNING - Photos Uploaded 'photos_uploaded' **not** scrapped.
[ 2025-06-30 14:06:06,517 ] 33 RERAScrapper - INFO - Worksheet 'RERA JSON Data' found.
[ 2025-06-30 14:06:09,165 ] 460 RERAScrapper - INFO - Project Details Page Detected.
[ 2025-06-30 14:06:11,230 ] 468 RERAScrapper - WARNING - Table Disappeared
[ 2025-06-30 14:06:11,269 ] 86 RERAScrapper - INFO - City 'Kolar' selected from dropdown.
[ 2025-06-30 14:06:12,314 ] 93 RERAScrapper - INFO - Select Button Clicked.
[ 2025-06-30 14:06:22,548 ] 105 RERAScrapper - INFO - Home table JSON extracted: home_table_json
[ 2025-06-30 14:06:22,580 ] 134 RERAScrapper - INFO - Home Table JSON 'home_table_json' scrapped.
[ 2025-06-30 14:06:27,671 ] 177 RERAScrapper - WARNING - Promoter Details 'promoter_details' **************not************** scrapped.
[ 2025-06-30 14:06:30,739 ] 183 RERAScrapper - WARNING - Authorized Signatory Detail 'authorized_signatory_details' **************not************** scrapped.
[ 2025-06-30 14:06:33,813 ] 189 RERAScrapper - WARNING - Project Member Details 'project_member_details' **************not************** scrapped.
[ 2025-06-30 14:06:36,885 ] 195 RERAScrapper - WARNING - Project Land Owner Details 'project_land_owner_details' **************not************** scrapped.
[ 2025-06-30 14:06:39,960 ] 201 RERAScrapper - WARNING - RERA Registration Details with any other State/UTs 'rera_registration_details_with_any_details' **************not************** scrapped.
[ 2025-06-30 14:06:43,038 ] 207 RERAScrapper - WARNING - Previous Project Details (Last 5 years only) 'previous_project_details' **************not************** scrapped.
[ 2025-06-30 14:06:45,095 ] 216 RERAScrapper - ERROR - Timed out waiting for Project Details page: Message: 
Stacktrace:
	GetHandleVerifier [0x0x863b03+62899]
	GetHandleVerifier [0x0x863b44+62964]
	(No symbol) [0x0x6910f3]
	(No symbol) [0x0x6d980e]
	(No symbol) [0x0x6d9bab]
	(No symbol) [0x0x7225c2]
	(No symbol) [0x0x6fe554]
	(No symbol) [0x0x71fd81]
	(No symbol) [0x0x6fe306]
	(No symbol) [0x0x6cd670]
	(No symbol) [0x0x6ce4e4]
	GetHandleVerifier [0x0xac4793+2556483]
	GetHandleVerifier [0x0xabfd02+2537394]
	GetHandleVerifier [0x0x88a2fa+220586]
	GetHandleVerifier [0x0x87aae8+157080]
	GetHandleVerifier [0x0x88141d+184013]
	GetHandleVerifier [0x0x86ba68+95512]
	GetHandleVerifier [0x0x86bc10+95936]
	GetHandleVerifier [0x0x856b5a+9738]
	BaseThreadInitThunk [0x0x76aefcc9+25]
	RtlGetAppContainerNamedObjectPath [0x0x771a82ae+286]
	RtlGetAppContainerNamedObjectPath [0x0x771a827e+238]

[ 2025-06-30 14:06:49,169 ] 277 RERAScrapper - ERROR - Timed out waiting for Uploaded Documents page: Message: 
Stacktrace:
	GetHandleVerifier [0x0x863b03+62899]
	GetHandleVerifier [0x0x863b44+62964]
	(No symbol) [0x0x6910f3]
	(No symbol) [0x0x6d980e]
	(No symbol) [0x0x6d9bab]
	(No symbol) [0x0x7225c2]
	(No symbol) [0x0x6fe554]
	(No symbol) [0x0x71fd81]
	(No symbol) [0x0x6fe306]
	(No symbol) [0x0x6cd670]
	(No symbol) [0x0x6ce4e4]
	GetHandleVerifier [0x0xac4793+2556483]
	GetHandleVerifier [0x0xabfd02+2537394]
	GetHandleVerifier [0x0x88a2fa+220586]
	GetHandleVerifier [0x0x87aae8+157080]
	GetHandleVerifier [0x0x88141d+184013]
	GetHandleVerifier [0x0x86ba68+95512]
	GetHandleVerifier [0x0x86bc10+95936]
	GetHandleVerifier [0x0x856b5a+9738]
	BaseThreadInitThunk [0x0x76aefcc9+25]
	RtlGetAppContainerNamedObjectPath [0x0x771a82ae+286]
	RtlGetAppContainerNamedObjectPath [0x0x771a827e+238]

[ 2025-06-30 14:06:53,238 ] 325 RERAScrapper - ERROR - Timed out waiting for Complaint page: Message: 
Stacktrace:
	GetHandleVerifier [0x0x863b03+62899]
	GetHandleVerifier [0x0x863b44+62964]
	(No symbol) [0x0x6910f3]
	(No symbol) [0x0x6d980e]
	(No symbol) [0x0x6d9bab]
	(No symbol) [0x0x7225c2]
	(No symbol) [0x0x6fe554]
	(No symbol) [0x0x71fd81]
	(No symbol) [0x0x6fe306]
	(No symbol) [0x0x6cd670]
	(No symbol) [0x0x6ce4e4]
	GetHandleVerifier [0x0xac4793+2556483]
	GetHandleVerifier [0x0xabfd02+2537394]
	GetHandleVerifier [0x0x88a2fa+220586]
	GetHandleVerifier [0x0x87aae8+157080]
	GetHandleVerifier [0x0x88141d+184013]
	GetHandleVerifier [0x0x86ba68+95512]
	GetHandleVerifier [0x0x86bc10+95936]
	GetHandleVerifier [0x0x856b5a+9738]
	BaseThreadInitThunk [0x0x76aefcc9+25]
	RtlGetAppContainerNamedObjectPath [0x0x771a82ae+286]
	RtlGetAppContainerNamedObjectPath [0x0x771a827e+238]

[ 2025-06-30 14:06:57,301 ] 360 RERAScrapper - ERROR - Timed out waiting for Completion Details page: Message: 
Stacktrace:
	GetHandleVerifier [0x0x863b03+62899]
	GetHandleVerifier [0x0x863b44+62964]
	(No symbol) [0x0x6910f3]
	(No symbol) [0x0x6d980e]
	(No symbol) [0x0x6d9bab]
	(No symbol) [0x0x7225c2]
	(No symbol) [0x0x6fe554]
	(No symbol) [0x0x71fd81]
	(No symbol) [0x0x6fe306]
	(No symbol) [0x0x6cd670]
	(No symbol) [0x0x6ce4e4]
	GetHandleVerifier [0x0xac4793+2556483]
	GetHandleVerifier [0x0xabfd02+2537394]
	GetHandleVerifier [0x0x88a2fa+220586]
	GetHandleVerifier [0x0x87aae8+157080]
	GetHandleVerifier [0x0x88141d+184013]
	GetHandleVerifier [0x0x86ba68+95512]
	GetHandleVerifier [0x0x86bc10+95936]
	GetHandleVerifier [0x0x856b5a+9738]
	BaseThreadInitThunk [0x0x76aefcc9+25]
	RtlGetAppContainerNamedObjectPath [0x0x771a82ae+286]
	RtlGetAppContainerNamedObjectPath [0x0x771a827e+238]

[ 2025-06-30 14:07:01,088 ] 33 RERAScrapper - INFO - Worksheet 'RERA JSON Data' found.
[ 2025-06-30 14:07:05,801 ] 456 RERAScrapper - WARNING - Row 5 not clickable. Skipping...
[ 2025-06-30 14:07:05,811 ] 105 RERAScrapper - INFO - Home table JSON extracted: home_table_json
[ 2025-06-30 14:07:05,844 ] 134 RERAScrapper - INFO - Home Table JSON 'home_table_json' scrapped.
[ 2025-06-30 14:07:10,940 ] 177 RERAScrapper - WARNING - Promoter Details 'promoter_details' **************not************** scrapped.
[ 2025-06-30 14:07:14,014 ] 183 RERAScrapper - WARNING - Authorized Signatory Detail 'authorized_signatory_details' **************not************** scrapped.
[ 2025-06-30 14:07:17,094 ] 189 RERAScrapper - WARNING - Project Member Details 'project_member_details' **************not************** scrapped.
[ 2025-06-30 14:07:20,165 ] 195 RERAScrapper - WARNING - Project Land Owner Details 'project_land_owner_details' **************not************** scrapped.
[ 2025-06-30 14:07:23,231 ] 201 RERAScrapper - WARNING - RERA Registration Details with any other State/UTs 'rera_registration_details_with_any_details' **************not************** scrapped.
[ 2025-06-30 14:07:26,295 ] 207 RERAScrapper - WARNING - Previous Project Details (Last 5 years only) 'previous_project_details' **************not************** scrapped.
[ 2025-06-30 14:07:28,340 ] 216 RERAScrapper - ERROR - Timed out waiting for Project Details page: Message: 
Stacktrace:
	GetHandleVerifier [0x0x863b03+62899]
	GetHandleVerifier [0x0x863b44+62964]
	(No symbol) [0x0x6910f3]
	(No symbol) [0x0x6d980e]
	(No symbol) [0x0x6d9bab]
	(No symbol) [0x0x7225c2]
	(No symbol) [0x0x6fe554]
	(No symbol) [0x0x71fd81]
	(No symbol) [0x0x6fe306]
	(No symbol) [0x0x6cd670]
	(No symbol) [0x0x6ce4e4]
	GetHandleVerifier [0x0xac4793+2556483]
	GetHandleVerifier [0x0xabfd02+2537394]
	GetHandleVerifier [0x0x88a2fa+220586]
	GetHandleVerifier [0x0x87aae8+157080]
	GetHandleVerifier [0x0x88141d+184013]
	GetHandleVerifier [0x0x86ba68+95512]
	GetHandleVerifier [0x0x86bc10+95936]
	GetHandleVerifier [0x0x856b5a+9738]
	BaseThreadInitThunk [0x0x76aefcc9+25]
	RtlGetAppContainerNamedObjectPath [0x0x771a82ae+286]
	RtlGetAppContainerNamedObjectPath [0x0x771a827e+238]

[ 2025-06-30 14:07:32,405 ] 277 RERAScrapper - ERROR - Timed out waiting for Uploaded Documents page: Message: 
Stacktrace:
	GetHandleVerifier [0x0x863b03+62899]
	GetHandleVerifier [0x0x863b44+62964]
	(No symbol) [0x0x6910f3]
	(No symbol) [0x0x6d980e]
	(No symbol) [0x0x6d9bab]
	(No symbol) [0x0x7225c2]
	(No symbol) [0x0x6fe554]
	(No symbol) [0x0x71fd81]
	(No symbol) [0x0x6fe306]
	(No symbol) [0x0x6cd670]
	(No symbol) [0x0x6ce4e4]
	GetHandleVerifier [0x0xac4793+2556483]
	GetHandleVerifier [0x0xabfd02+2537394]
	GetHandleVerifier [0x0x88a2fa+220586]
	GetHandleVerifier [0x0x87aae8+157080]
	GetHandleVerifier [0x0x88141d+184013]
	GetHandleVerifier [0x0x86ba68+95512]
	GetHandleVerifier [0x0x86bc10+95936]
	GetHandleVerifier [0x0x856b5a+9738]
	BaseThreadInitThunk [0x0x76aefcc9+25]
	RtlGetAppContainerNamedObjectPath [0x0x771a82ae+286]
	RtlGetAppContainerNamedObjectPath [0x0x771a827e+238]

[ 2025-06-30 14:07:36,474 ] 325 RERAScrapper - ERROR - Timed out waiting for Complaint page: Message: 
Stacktrace:
	GetHandleVerifier [0x0x863b03+62899]
	GetHandleVerifier [0x0x863b44+62964]
	(No symbol) [0x0x6910f3]
	(No symbol) [0x0x6d980e]
	(No symbol) [0x0x6d9bab]
	(No symbol) [0x0x7225c2]
	(No symbol) [0x0x6fe554]
	(No symbol) [0x0x71fd81]
	(No symbol) [0x0x6fe306]
	(No symbol) [0x0x6cd670]
	(No symbol) [0x0x6ce4e4]
	GetHandleVerifier [0x0xac4793+2556483]
	GetHandleVerifier [0x0xabfd02+2537394]
	GetHandleVerifier [0x0x88a2fa+220586]
	GetHandleVerifier [0x0x87aae8+157080]
	GetHandleVerifier [0x0x88141d+184013]
	GetHandleVerifier [0x0x86ba68+95512]
	GetHandleVerifier [0x0x86bc10+95936]
	GetHandleVerifier [0x0x856b5a+9738]
	BaseThreadInitThunk [0x0x76aefcc9+25]
	RtlGetAppContainerNamedObjectPath [0x0x771a82ae+286]
	RtlGetAppContainerNamedObjectPath [0x0x771a827e+238]

[ 2025-06-30 14:07:40,535 ] 360 RERAScrapper - ERROR - Timed out waiting for Completion Details page: Message: 
Stacktrace:
	GetHandleVerifier [0x0x863b03+62899]
	GetHandleVerifier [0x0x863b44+62964]
	(No symbol) [0x0x6910f3]
	(No symbol) [0x0x6d980e]
	(No symbol) [0x0x6d9bab]
	(No symbol) [0x0x7225c2]
	(No symbol) [0x0x6fe554]
	(No symbol) [0x0x71fd81]
	(No symbol) [0x0x6fe306]
	(No symbol) [0x0x6cd670]
	(No symbol) [0x0x6ce4e4]
	GetHandleVerifier [0x0xac4793+2556483]
	GetHandleVerifier [0x0xabfd02+2537394]
	GetHandleVerifier [0x0x88a2fa+220586]
	GetHandleVerifier [0x0x87aae8+157080]
	GetHandleVerifier [0x0x88141d+184013]
	GetHandleVerifier [0x0x86ba68+95512]
	GetHandleVerifier [0x0x86bc10+95936]
	GetHandleVerifier [0x0x856b5a+9738]
	BaseThreadInitThunk [0x0x76aefcc9+25]
	RtlGetAppContainerNamedObjectPath [0x0x771a82ae+286]
	RtlGetAppContainerNamedObjectPath [0x0x771a827e+238]

[ 2025-06-30 14:07:44,282 ] 33 RERAScrapper - INFO - Worksheet 'RERA JSON Data' found.
