[ 2025-06-30 10:14:56,911 ] 346 undetected_chromedriver.patcher - INFO - patching driver executable C:\Users\Utkarsh\appdata\roaming\undetected_chromedriver\undetected_chromedriver.exe
[ 2025-06-30 10:14:57,820 ] 65 RERAScrapper - INFO - Browser initialized successfully.
[ 2025-06-30 10:15:01,549 ] 73 RERAScrapper - INFO - Navigated to URL: https://rera.karnataka.gov.in/viewAllProjects
[ 2025-06-30 10:15:01,721 ] 86 RERAScrapper - INFO - City 'Ballari' selected from dropdown.
[ 2025-06-30 10:15:08,180 ] 93 RERAScrapper - INFO - Select Button Clicked.
[ 2025-06-30 10:15:16,049 ] 105 RERAScrapper - INFO - Home table JSON extracted: home_table_json
[ 2025-06-30 10:15:16,088 ] 134 RERAScrapper - INFO - Home Table JSON 'home_table_json' scrapped.
[ 2025-06-30 10:15:17,362 ] 172 RERAScrapper - INFO - Promoter Details 'promoter_details' scrapped.
[ 2025-06-30 10:15:17,458 ] 178 RERAScrapper - INFO - Authorized Signatory Detail 'authorized_signatory_details' scrapped.
[ 2025-06-30 10:15:17,587 ] 184 RERAScrapper - INFO - Project Member Details 'project_member_details' scrapped.
[ 2025-06-30 10:15:17,607 ] 190 RERAScrapper - INFO - Project Land Owner Details 'project_land_owner_details' scrapped.
[ 2025-06-30 10:15:17,626 ] 196 RERAScrapper - INFO - RERA Registration Details with any other State/UTs 'rera_registration_details_with_any_details' scrapped.
[ 2025-06-30 10:15:17,647 ] 202 RERAScrapper - INFO - Previous Project Details (Last 5 years only) 'previous_project_details' scrapped.
[ 2025-06-30 10:15:17,686 ] 211 RERAScrapper - INFO - Project Details page clicked.
[ 2025-06-30 10:15:18,510 ] 218 RERAScrapper - INFO - Project Details 'project_details' scrapped.
[ 2025-06-30 10:15:18,533 ] 224 RERAScrapper - INFO - Development Details 'development_details' scrapped.
[ 2025-06-30 10:15:18,793 ] 230 RERAScrapper - INFO - External Development Work 'external_development_work' scrapped.
[ 2025-06-30 10:15:18,816 ] 236 RERAScrapper - INFO - Other External Development Work 'other_external_development_work' scrapped.
[ 2025-06-30 10:15:19,003 ] 242 RERAScrapper - INFO - Project Bank ( Escrow Account ) Details 'project_bank_details' scrapped.
[ 2025-06-30 10:15:19,027 ] 248 RERAScrapper - INFO - Project Agents 'project_agents' scrapped.
[ 2025-06-30 10:15:19,036 ] 255 RERAScrapper - INFO - Project Detail Table 'project_detail_table' scrapped.
[ 2025-06-30 10:15:19,072 ] 264 RERAScrapper - INFO - Uploaded Documents page clicked.
[ 2025-06-30 10:15:19,133 ] 271 RERAScrapper - INFO - Project Documents 'project_documents' scrapped.
[ 2025-06-30 10:15:20,876 ] 277 RERAScrapper - INFO - Project Approval 'project_approval' scrapped.
[ 2025-06-30 10:15:20,939 ] 283 RERAScrapper - INFO - Declaration 'declaration' scrapped.
[ 2025-06-30 10:15:20,964 ] 289 RERAScrapper - INFO - Other Documents 'other_documents' scrapped.
[ 2025-06-30 10:15:21,030 ] 295 RERAScrapper - INFO - Project Photo 'project_photo' scrapped.
[ 2025-06-30 10:15:21,049 ] 301 RERAScrapper - INFO - Financial Document 'financial_document' scrapped.
[ 2025-06-30 10:15:21,088 ] 310 RERAScrapper - INFO - Complaint page clicked.
[ 2025-06-30 10:15:21,101 ] 317 RERAScrapper - INFO - Promoter Table 'promoter_table' scrapped.
[ 2025-06-30 10:15:23,150 ] 325 RERAScrapper - INFO - Project Complaint sub-page clicked.
[ 2025-06-30 10:15:23,159 ] 332 RERAScrapper - INFO - Other Documents 'project_table' scrapped.
[ 2025-06-30 10:15:25,210 ] 345 RERAScrapper - ERROR - Timed out waiting for Completion Details page: Message: 
Stacktrace:
	GetHandleVerifier [0x0x1113b03+62899]
	GetHandleVerifier [0x0x1113b44+62964]
	(No symbol) [0x0xf410f3]
	(No symbol) [0x0xf8980e]
	(No symbol) [0x0xf89bab]
	(No symbol) [0x0xfd25c2]
	(No symbol) [0x0xfae554]
	(No symbol) [0x0xfcfd81]
	(No symbol) [0x0xfae306]
	(No symbol) [0x0xf7d670]
	(No symbol) [0x0xf7e4e4]
	GetHandleVerifier [0x0x1374793+2556483]
	GetHandleVerifier [0x0x136fd02+2537394]
	GetHandleVerifier [0x0x113a2fa+220586]
	GetHandleVerifier [0x0x112aae8+157080]
	GetHandleVerifier [0x0x113141d+184013]
	GetHandleVerifier [0x0x111ba68+95512]
	GetHandleVerifier [0x0x111bc10+95936]
	GetHandleVerifier [0x0x1106b5a+9738]
	BaseThreadInitThunk [0x0x76aefcc9+25]
	RtlGetAppContainerNamedObjectPath [0x0x771a82ae+286]
	RtlGetAppContainerNamedObjectPath [0x0x771a827e+238]

[ 2025-06-30 10:15:29,079 ] 33 RERAScrapper - INFO - Worksheet 'RERA JSON Data' found.
[ 2025-06-30 10:15:31,730 ] 443 RERAScrapper - INFO - Project Details Page Detected.
[ 2025-06-30 10:15:46,914 ] 105 RERAScrapper - INFO - Home table JSON extracted: home_table_json
[ 2025-06-30 10:15:46,953 ] 134 RERAScrapper - INFO - Home Table JSON 'home_table_json' scrapped.
[ 2025-06-30 10:15:48,346 ] 172 RERAScrapper - INFO - Promoter Details 'promoter_details' scrapped.
[ 2025-06-30 10:15:48,472 ] 178 RERAScrapper - INFO - Authorized Signatory Detail 'authorized_signatory_details' scrapped.
[ 2025-06-30 10:15:48,675 ] 184 RERAScrapper - INFO - Project Member Details 'project_member_details' scrapped.
[ 2025-06-30 10:15:48,706 ] 190 RERAScrapper - INFO - Project Land Owner Details 'project_land_owner_details' scrapped.
[ 2025-06-30 10:15:48,736 ] 196 RERAScrapper - INFO - RERA Registration Details with any other State/UTs 'rera_registration_details_with_any_details' scrapped.
[ 2025-06-30 10:15:48,762 ] 202 RERAScrapper - INFO - Previous Project Details (Last 5 years only) 'previous_project_details' scrapped.
[ 2025-06-30 10:15:48,804 ] 211 RERAScrapper - INFO - Project Details page clicked.
[ 2025-06-30 10:15:50,017 ] 218 RERAScrapper - INFO - Project Details 'project_details' scrapped.
[ 2025-06-30 10:15:50,049 ] 224 RERAScrapper - INFO - Development Details 'development_details' scrapped.
[ 2025-06-30 10:15:50,462 ] 230 RERAScrapper - INFO - External Development Work 'external_development_work' scrapped.
[ 2025-06-30 10:15:50,498 ] 236 RERAScrapper - INFO - Other External Development Work 'other_external_development_work' scrapped.
[ 2025-06-30 10:15:50,779 ] 242 RERAScrapper - INFO - Project Bank ( Escrow Account ) Details 'project_bank_details' scrapped.
[ 2025-06-30 10:15:50,817 ] 248 RERAScrapper - INFO - Project Agents 'project_agents' scrapped.
[ 2025-06-30 10:15:50,827 ] 255 RERAScrapper - INFO - Project Detail Table 'project_detail_table' scrapped.
[ 2025-06-30 10:15:50,868 ] 264 RERAScrapper - INFO - Uploaded Documents page clicked.
[ 2025-06-30 10:15:50,961 ] 271 RERAScrapper - INFO - Project Documents 'project_documents' scrapped.
[ 2025-06-30 10:15:53,327 ] 277 RERAScrapper - INFO - Project Approval 'project_approval' scrapped.
[ 2025-06-30 10:15:53,419 ] 283 RERAScrapper - INFO - Declaration 'declaration' scrapped.
[ 2025-06-30 10:15:53,453 ] 289 RERAScrapper - INFO - Other Documents 'other_documents' scrapped.
[ 2025-06-30 10:15:53,540 ] 295 RERAScrapper - INFO - Project Photo 'project_photo' scrapped.
[ 2025-06-30 10:15:53,551 ] 301 RERAScrapper - INFO - Financial Document 'financial_document' scrapped.
[ 2025-06-30 10:15:53,592 ] 310 RERAScrapper - INFO - Complaint page clicked.
[ 2025-06-30 10:15:53,605 ] 317 RERAScrapper - INFO - Promoter Table 'promoter_table' scrapped.
[ 2025-06-30 10:15:55,654 ] 325 RERAScrapper - INFO - Project Complaint sub-page clicked.
[ 2025-06-30 10:15:55,663 ] 332 RERAScrapper - INFO - Other Documents 'project_table' scrapped.
[ 2025-06-30 10:15:55,704 ] 343 RERAScrapper - INFO - Completion Details page clicked.
[ 2025-06-30 10:15:58,497 ] 352 RERAScrapper - INFO - Completion Details 'completion_details' scrapped.
[ 2025-06-30 10:15:58,508 ] 360 RERAScrapper - WARNING - Development Details 'development_details_completion' **not** scrapped.
[ 2025-06-30 10:15:58,520 ] 366 RERAScrapper - WARNING - Uploaded Documents 'uploaded_documents' **not** scrapped.
[ 2025-06-30 10:15:58,531 ] 372 RERAScrapper - WARNING - Photos Uploaded 'photos_uploaded' **not** scrapped.
[ 2025-06-30 10:16:00,184 ] 33 RERAScrapper - INFO - Worksheet 'RERA JSON Data' found.
[ 2025-06-30 10:16:02,840 ] 443 RERAScrapper - INFO - Project Details Page Detected.
[ 2025-06-30 10:16:04,909 ] 451 RERAScrapper - WARNING - Table Disappeared
[ 2025-06-30 10:16:05,038 ] 86 RERAScrapper - INFO - City 'Ballari' selected from dropdown.
[ 2025-06-30 10:16:10,136 ] 93 RERAScrapper - INFO - Select Button Clicked.
[ 2025-06-30 10:16:27,694 ] 105 RERAScrapper - INFO - Home table JSON extracted: home_table_json
[ 2025-06-30 10:16:27,733 ] 134 RERAScrapper - INFO - Home Table JSON 'home_table_json' scrapped.
[ 2025-06-30 10:16:29,266 ] 172 RERAScrapper - INFO - Promoter Details 'promoter_details' scrapped.
[ 2025-06-30 10:16:29,441 ] 178 RERAScrapper - INFO - Authorized Signatory Detail 'authorized_signatory_details' scrapped.
[ 2025-06-30 10:16:29,476 ] 184 RERAScrapper - INFO - Project Member Details 'project_member_details' scrapped.
[ 2025-06-30 10:16:29,517 ] 190 RERAScrapper - INFO - Project Land Owner Details 'project_land_owner_details' scrapped.
[ 2025-06-30 10:16:29,555 ] 196 RERAScrapper - INFO - RERA Registration Details with any other State/UTs 'rera_registration_details_with_any_details' scrapped.
[ 2025-06-30 10:16:29,594 ] 202 RERAScrapper - INFO - Previous Project Details (Last 5 years only) 'previous_project_details' scrapped.
[ 2025-06-30 10:16:29,635 ] 211 RERAScrapper - INFO - Project Details page clicked.
[ 2025-06-30 10:16:31,271 ] 218 RERAScrapper - INFO - Project Details 'project_details' scrapped.
[ 2025-06-30 10:16:31,313 ] 224 RERAScrapper - INFO - Development Details 'development_details' scrapped.
[ 2025-06-30 10:16:31,856 ] 230 RERAScrapper - INFO - External Development Work 'external_development_work' scrapped.
[ 2025-06-30 10:16:31,897 ] 236 RERAScrapper - INFO - Other External Development Work 'other_external_development_work' scrapped.
[ 2025-06-30 10:16:32,272 ] 242 RERAScrapper - INFO - Project Bank ( Escrow Account ) Details 'project_bank_details' scrapped.
[ 2025-06-30 10:16:32,312 ] 248 RERAScrapper - INFO - Project Agents 'project_agents' scrapped.
[ 2025-06-30 10:16:32,323 ] 255 RERAScrapper - INFO - Project Detail Table 'project_detail_table' scrapped.
[ 2025-06-30 10:16:32,363 ] 264 RERAScrapper - INFO - Uploaded Documents page clicked.
[ 2025-06-30 10:16:32,483 ] 271 RERAScrapper - INFO - Project Documents 'project_documents' scrapped.
[ 2025-06-30 10:16:35,506 ] 277 RERAScrapper - INFO - Project Approval 'project_approval' scrapped.
[ 2025-06-30 10:16:35,618 ] 283 RERAScrapper - INFO - Declaration 'declaration' scrapped.
[ 2025-06-30 10:16:35,666 ] 289 RERAScrapper - INFO - Other Documents 'other_documents' scrapped.
[ 2025-06-30 10:16:35,780 ] 295 RERAScrapper - INFO - Project Photo 'project_photo' scrapped.
[ 2025-06-30 10:16:35,792 ] 301 RERAScrapper - INFO - Financial Document 'financial_document' scrapped.
[ 2025-06-30 10:16:35,833 ] 310 RERAScrapper - INFO - Complaint page clicked.
[ 2025-06-30 10:16:35,845 ] 319 RERAScrapper - WARNING - Promoter Table 'project_table' **not** scrapped.
[ 2025-06-30 10:16:37,886 ] 325 RERAScrapper - INFO - Project Complaint sub-page clicked.
[ 2025-06-30 10:16:37,895 ] 334 RERAScrapper - WARNING - Other Documents 'project_table' **not** scrapped.
[ 2025-06-30 10:16:37,937 ] 343 RERAScrapper - INFO - Completion Details page clicked.
[ 2025-06-30 10:16:40,997 ] 352 RERAScrapper - INFO - Completion Details 'completion_details' scrapped.
[ 2025-06-30 10:16:41,008 ] 360 RERAScrapper - WARNING - Development Details 'development_details_completion' **not** scrapped.
[ 2025-06-30 10:16:41,021 ] 366 RERAScrapper - WARNING - Uploaded Documents 'uploaded_documents' **not** scrapped.
[ 2025-06-30 10:16:41,034 ] 372 RERAScrapper - WARNING - Photos Uploaded 'photos_uploaded' **not** scrapped.
[ 2025-06-30 10:16:42,737 ] 33 RERAScrapper - INFO - Worksheet 'RERA JSON Data' found.
[ 2025-06-30 10:16:45,440 ] 443 RERAScrapper - INFO - Project Details Page Detected.
[ 2025-06-30 10:16:47,513 ] 451 RERAScrapper - WARNING - Table Disappeared
[ 2025-06-30 10:16:47,685 ] 86 RERAScrapper - INFO - City 'Ballari' selected from dropdown.
[ 2025-06-30 10:16:52,635 ] 93 RERAScrapper - INFO - Select Button Clicked.
[ 2025-06-30 10:17:07,300 ] 105 RERAScrapper - INFO - Home table JSON extracted: home_table_json
[ 2025-06-30 10:17:07,337 ] 134 RERAScrapper - INFO - Home Table JSON 'home_table_json' scrapped.
[ 2025-06-30 10:17:27,393 ] 174 RERAScrapper - WARNING - Promoter Details 'promoter_details' **************not************** scrapped.
[ 2025-06-30 10:17:47,452 ] 180 RERAScrapper - WARNING - Authorized Signatory Detail 'authorized_signatory_details' **************not************** scrapped.
[ 2025-06-30 10:18:07,495 ] 186 RERAScrapper - WARNING - Project Member Details 'project_member_details' **************not************** scrapped.
[ 2025-06-30 10:18:27,547 ] 192 RERAScrapper - WARNING - Project Land Owner Details 'project_land_owner_details' **************not************** scrapped.
[ 2025-06-30 10:18:47,601 ] 198 RERAScrapper - WARNING - RERA Registration Details with any other State/UTs 'rera_registration_details_with_any_details' **************not************** scrapped.
[ 2025-06-30 10:19:07,643 ] 204 RERAScrapper - WARNING - Previous Project Details (Last 5 years only) 'previous_project_details' **************not************** scrapped.
[ 2025-06-30 10:19:09,702 ] 213 RERAScrapper - ERROR - Timed out waiting for Project Details page: Message: 
Stacktrace:
	GetHandleVerifier [0x0x1113b03+62899]
	GetHandleVerifier [0x0x1113b44+62964]
	(No symbol) [0x0xf410f3]
	(No symbol) [0x0xf8980e]
	(No symbol) [0x0xf89bab]
	(No symbol) [0x0xfd25c2]
	(No symbol) [0x0xfae554]
	(No symbol) [0x0xfcfd81]
	(No symbol) [0x0xfae306]
	(No symbol) [0x0xf7d670]
	(No symbol) [0x0xf7e4e4]
	GetHandleVerifier [0x0x1374793+2556483]
	GetHandleVerifier [0x0x136fd02+2537394]
	GetHandleVerifier [0x0x113a2fa+220586]
	GetHandleVerifier [0x0x112aae8+157080]
	GetHandleVerifier [0x0x113141d+184013]
	GetHandleVerifier [0x0x111ba68+95512]
	GetHandleVerifier [0x0x111bc10+95936]
	GetHandleVerifier [0x0x1106b5a+9738]
	BaseThreadInitThunk [0x0x76aefcc9+25]
	RtlGetAppContainerNamedObjectPath [0x0x771a82ae+286]
	RtlGetAppContainerNamedObjectPath [0x0x771a827e+238]

[ 2025-06-30 10:19:11,742 ] 266 RERAScrapper - ERROR - Timed out waiting for Uploaded Documents page: Message: 
Stacktrace:
	GetHandleVerifier [0x0x1113b03+62899]
	GetHandleVerifier [0x0x1113b44+62964]
	(No symbol) [0x0xf410f3]
	(No symbol) [0x0xf8980e]
	(No symbol) [0x0xf89bab]
	(No symbol) [0x0xfd25c2]
	(No symbol) [0x0xfae554]
	(No symbol) [0x0xfcfd81]
	(No symbol) [0x0xfae306]
	(No symbol) [0x0xf7d670]
	(No symbol) [0x0xf7e4e4]
	GetHandleVerifier [0x0x1374793+2556483]
	GetHandleVerifier [0x0x136fd02+2537394]
	GetHandleVerifier [0x0x113a2fa+220586]
	GetHandleVerifier [0x0x112aae8+157080]
	GetHandleVerifier [0x0x113141d+184013]
	GetHandleVerifier [0x0x111ba68+95512]
	GetHandleVerifier [0x0x111bc10+95936]
	GetHandleVerifier [0x0x1106b5a+9738]
	BaseThreadInitThunk [0x0x76aefcc9+25]
	RtlGetAppContainerNamedObjectPath [0x0x771a82ae+286]
	RtlGetAppContainerNamedObjectPath [0x0x771a827e+238]

[ 2025-06-30 10:19:13,811 ] 312 RERAScrapper - ERROR - Timed out waiting for Complaint page: Message: 
Stacktrace:
	GetHandleVerifier [0x0x1113b03+62899]
	GetHandleVerifier [0x0x1113b44+62964]
	(No symbol) [0x0xf410f3]
	(No symbol) [0x0xf8980e]
	(No symbol) [0x0xf89bab]
	(No symbol) [0x0xfd25c2]
	(No symbol) [0x0xfae554]
	(No symbol) [0x0xfcfd81]
	(No symbol) [0x0xfae306]
	(No symbol) [0x0xf7d670]
	(No symbol) [0x0xf7e4e4]
	GetHandleVerifier [0x0x1374793+2556483]
	GetHandleVerifier [0x0x136fd02+2537394]
	GetHandleVerifier [0x0x113a2fa+220586]
	GetHandleVerifier [0x0x112aae8+157080]
	GetHandleVerifier [0x0x113141d+184013]
	GetHandleVerifier [0x0x111ba68+95512]
	GetHandleVerifier [0x0x111bc10+95936]
	GetHandleVerifier [0x0x1106b5a+9738]
	BaseThreadInitThunk [0x0x76aefcc9+25]
	RtlGetAppContainerNamedObjectPath [0x0x771a82ae+286]
	RtlGetAppContainerNamedObjectPath [0x0x771a827e+238]

[ 2025-06-30 10:19:15,881 ] 345 RERAScrapper - ERROR - Timed out waiting for Completion Details page: Message: 
Stacktrace:
	GetHandleVerifier [0x0x1113b03+62899]
	GetHandleVerifier [0x0x1113b44+62964]
	(No symbol) [0x0xf410f3]
	(No symbol) [0x0xf8980e]
	(No symbol) [0x0xf89bab]
	(No symbol) [0x0xfd25c2]
	(No symbol) [0x0xfae554]
	(No symbol) [0x0xfcfd81]
	(No symbol) [0x0xfae306]
	(No symbol) [0x0xf7d670]
	(No symbol) [0x0xf7e4e4]
	GetHandleVerifier [0x0x1374793+2556483]
	GetHandleVerifier [0x0x136fd02+2537394]
	GetHandleVerifier [0x0x113a2fa+220586]
	GetHandleVerifier [0x0x112aae8+157080]
	GetHandleVerifier [0x0x113141d+184013]
	GetHandleVerifier [0x0x111ba68+95512]
	GetHandleVerifier [0x0x111bc10+95936]
	GetHandleVerifier [0x0x1106b5a+9738]
	BaseThreadInitThunk [0x0x76aefcc9+25]
	RtlGetAppContainerNamedObjectPath [0x0x771a82ae+286]
	RtlGetAppContainerNamedObjectPath [0x0x771a827e+238]

[ 2025-06-30 10:19:19,714 ] 33 RERAScrapper - INFO - Worksheet 'RERA JSON Data' found.
[ 2025-06-30 10:19:24,416 ] 439 RERAScrapper - WARNING - Row 4 not clickable. Skipping...
[ 2025-06-30 10:19:24,429 ] 105 RERAScrapper - INFO - Home table JSON extracted: home_table_json
[ 2025-06-30 10:19:24,479 ] 134 RERAScrapper - INFO - Home Table JSON 'home_table_json' scrapped.
[ 2025-06-30 10:19:26,177 ] 172 RERAScrapper - INFO - Promoter Details 'promoter_details' scrapped.
[ 2025-06-30 10:19:26,395 ] 178 RERAScrapper - INFO - Authorized Signatory Detail 'authorized_signatory_details' scrapped.
[ 2025-06-30 10:19:27,728 ] 184 RERAScrapper - INFO - Project Member Details 'project_member_details' scrapped.
[ 2025-06-30 10:19:27,776 ] 190 RERAScrapper - INFO - Project Land Owner Details 'project_land_owner_details' scrapped.
[ 2025-06-30 10:19:27,825 ] 196 RERAScrapper - INFO - RERA Registration Details with any other State/UTs 'rera_registration_details_with_any_details' scrapped.
[ 2025-06-30 10:19:27,872 ] 202 RERAScrapper - INFO - Previous Project Details (Last 5 years only) 'previous_project_details' scrapped.
[ 2025-06-30 10:19:27,917 ] 211 RERAScrapper - INFO - Project Details page clicked.
[ 2025-06-30 10:19:30,068 ] 218 RERAScrapper - INFO - Project Details 'project_details' scrapped.
[ 2025-06-30 10:19:30,118 ] 224 RERAScrapper - INFO - Development Details 'development_details' scrapped.
[ 2025-06-30 10:19:30,795 ] 230 RERAScrapper - INFO - External Development Work 'external_development_work' scrapped.
[ 2025-06-30 10:19:30,841 ] 236 RERAScrapper - INFO - Other External Development Work 'other_external_development_work' scrapped.
[ 2025-06-30 10:19:31,312 ] 242 RERAScrapper - INFO - Project Bank ( Escrow Account ) Details 'project_bank_details' scrapped.
[ 2025-06-30 10:19:31,367 ] 248 RERAScrapper - INFO - Project Agents 'project_agents' scrapped.
[ 2025-06-30 10:19:31,376 ] 255 RERAScrapper - INFO - Project Detail Table 'project_detail_table' scrapped.
[ 2025-06-30 10:19:31,420 ] 264 RERAScrapper - INFO - Uploaded Documents page clicked.
[ 2025-06-30 10:19:31,557 ] 271 RERAScrapper - INFO - Project Documents 'project_documents' scrapped.
[ 2025-06-30 10:19:35,130 ] 277 RERAScrapper - INFO - Project Approval 'project_approval' scrapped.
[ 2025-06-30 10:19:35,258 ] 283 RERAScrapper - INFO - Declaration 'declaration' scrapped.
[ 2025-06-30 10:19:35,310 ] 289 RERAScrapper - INFO - Other Documents 'other_documents' scrapped.
[ 2025-06-30 10:19:35,448 ] 295 RERAScrapper - INFO - Project Photo 'project_photo' scrapped.
[ 2025-06-30 10:19:35,458 ] 301 RERAScrapper - INFO - Financial Document 'financial_document' scrapped.
[ 2025-06-30 10:19:35,503 ] 310 RERAScrapper - INFO - Complaint page clicked.
[ 2025-06-30 10:19:35,515 ] 319 RERAScrapper - WARNING - Promoter Table 'project_table' **not** scrapped.
[ 2025-06-30 10:19:37,563 ] 325 RERAScrapper - INFO - Project Complaint sub-page clicked.
[ 2025-06-30 10:19:37,569 ] 334 RERAScrapper - WARNING - Other Documents 'project_table' **not** scrapped.
[ 2025-06-30 10:19:39,646 ] 345 RERAScrapper - ERROR - Timed out waiting for Completion Details page: Message: 
Stacktrace:
	GetHandleVerifier [0x0x1113b03+62899]
	GetHandleVerifier [0x0x1113b44+62964]
	(No symbol) [0x0xf410f3]
	(No symbol) [0x0xf8980e]
	(No symbol) [0x0xf89bab]
	(No symbol) [0x0xfd25c2]
	(No symbol) [0x0xfae554]
	(No symbol) [0x0xfcfd81]
	(No symbol) [0x0xfae306]
	(No symbol) [0x0xf7d670]
	(No symbol) [0x0xf7e4e4]
	GetHandleVerifier [0x0x1374793+2556483]
	GetHandleVerifier [0x0x136fd02+2537394]
	GetHandleVerifier [0x0x113a2fa+220586]
	GetHandleVerifier [0x0x112aae8+157080]
	GetHandleVerifier [0x0x113141d+184013]
	GetHandleVerifier [0x0x111ba68+95512]
	GetHandleVerifier [0x0x111bc10+95936]
	GetHandleVerifier [0x0x1106b5a+9738]
	BaseThreadInitThunk [0x0x76aefcc9+25]
	RtlGetAppContainerNamedObjectPath [0x0x771a82ae+286]
	RtlGetAppContainerNamedObjectPath [0x0x771a827e+238]

[ 2025-06-30 10:19:43,418 ] 33 RERAScrapper - INFO - Worksheet 'RERA JSON Data' found.
[ 2025-06-30 10:19:46,066 ] 443 RERAScrapper - INFO - Project Details Page Detected.
[ 2025-06-30 10:19:48,129 ] 451 RERAScrapper - WARNING - Table Disappeared
[ 2025-06-30 10:19:48,336 ] 86 RERAScrapper - INFO - City 'Ballari' selected from dropdown.
[ 2025-06-30 10:19:53,838 ] 93 RERAScrapper - INFO - Select Button Clicked.
