[ 2025-06-30 13:19:06,096 ] 65 RERAScrapper - INFO - Browser initialized successfully.
[ 2025-06-30 13:19:18,463 ] 73 RERAScrapper - INFO - Navigated to URL: https://rera.karnataka.gov.in/viewAllProjects
[ 2025-06-30 13:19:18,667 ] 86 RERAScrapper - INFO - City 'Ballari' selected from dropdown.
[ 2025-06-30 13:19:24,174 ] 93 RERAScrapper - INFO - Select Button Clicked.
[ 2025-06-30 13:19:35,434 ] 105 RERAScrapper - INFO - Home table JSON extracted: home_table_json
[ 2025-06-30 13:19:35,471 ] 134 RERAScrapper - INFO - Home Table JSON 'home_table_json' scrapped.
[ 2025-06-30 13:19:36,732 ] 173 RERAScrapper - INFO - Promoter Details 'promoter_details' scrapped.
[ 2025-06-30 13:19:36,813 ] 179 RERAScrapper - INFO - Authorized Signatory Detail 'authorized_signatory_details' scrapped.
[ 2025-06-30 13:19:36,941 ] 185 RERAScrapper - INFO - Project Member Details 'project_member_details' scrapped.
[ 2025-06-30 13:19:36,960 ] 191 RERAScrapper - INFO - Project Land Owner Details 'project_land_owner_details' scrapped.
[ 2025-06-30 13:19:36,981 ] 197 RERAScrapper - INFO - RERA Registration Details with any other State/UTs 'rera_registration_details_with_any_details' scrapped.
[ 2025-06-30 13:19:37,000 ] 203 RERAScrapper - INFO - Previous Project Details (Last 5 years only) 'previous_project_details' scrapped.
[ 2025-06-30 13:19:37,041 ] 212 RERAScrapper - INFO - Project Details page clicked.
[ 2025-06-30 13:19:39,814 ] 221 RERAScrapper - INFO - Project Details 'project_details' scrapped.
[ 2025-06-30 13:19:39,837 ] 227 RERAScrapper - INFO - Development Details 'development_details' scrapped.
[ 2025-06-30 13:19:40,147 ] 233 RERAScrapper - INFO - Project Ongoing Status 'project_ongoing_status' scrapped.
[ 2025-06-30 13:19:40,429 ] 239 RERAScrapper - INFO - External Development Work 'external_development_work' scrapped.
[ 2025-06-30 13:19:40,452 ] 245 RERAScrapper - INFO - Other External Development Work 'other_external_development_work' scrapped.
[ 2025-06-30 13:19:40,658 ] 251 RERAScrapper - INFO - Project Bank ( Escrow Account ) Details 'project_bank_details' scrapped.
[ 2025-06-30 13:19:40,685 ] 257 RERAScrapper - INFO - Project Agents 'project_agents' scrapped.
[ 2025-06-30 13:19:40,695 ] 264 RERAScrapper - INFO - Project Detail Table 'project_detail_table' scrapped.
[ 2025-06-30 13:19:40,736 ] 273 RERAScrapper - INFO - Uploaded Documents page clicked.
[ 2025-06-30 13:19:40,803 ] 280 RERAScrapper - INFO - Project Documents 'project_documents' scrapped.
[ 2025-06-30 13:19:42,560 ] 286 RERAScrapper - INFO - Project Approval 'project_approval' scrapped.
[ 2025-06-30 13:19:42,626 ] 292 RERAScrapper - INFO - Declaration 'declaration' scrapped.
[ 2025-06-30 13:19:42,650 ] 298 RERAScrapper - INFO - Other Documents 'other_documents' scrapped.
[ 2025-06-30 13:19:42,726 ] 304 RERAScrapper - INFO - Project Photo 'project_photo' scrapped.
[ 2025-06-30 13:19:42,738 ] 310 RERAScrapper - INFO - Financial Document 'financial_document' scrapped.
[ 2025-06-30 13:19:42,776 ] 319 RERAScrapper - INFO - Complaint page clicked.
[ 2025-06-30 13:19:42,789 ] 326 RERAScrapper - INFO - Promoter Table 'promoter_table' scrapped.
[ 2025-06-30 13:19:44,833 ] 334 RERAScrapper - INFO - Project Complaint sub-page clicked.
[ 2025-06-30 13:19:44,842 ] 341 RERAScrapper - INFO - Other Documents 'project_table' scrapped.
[ 2025-06-30 13:19:46,881 ] 354 RERAScrapper - ERROR - Timed out waiting for Completion Details page: Message: 
Stacktrace:
	GetHandleVerifier [0x0x11c3b03+62899]
	GetHandleVerifier [0x0x11c3b44+62964]
	(No symbol) [0x0xff10f3]
	(No symbol) [0x0x103980e]
	(No symbol) [0x0x1039bab]
	(No symbol) [0x0x10825c2]
	(No symbol) [0x0x105e554]
	(No symbol) [0x0x107fd81]
	(No symbol) [0x0x105e306]
	(No symbol) [0x0x102d670]
	(No symbol) [0x0x102e4e4]
	GetHandleVerifier [0x0x1424793+2556483]
	GetHandleVerifier [0x0x141fd02+2537394]
	GetHandleVerifier [0x0x11ea2fa+220586]
	GetHandleVerifier [0x0x11daae8+157080]
	GetHandleVerifier [0x0x11e141d+184013]
	GetHandleVerifier [0x0x11cba68+95512]
	GetHandleVerifier [0x0x11cbc10+95936]
	GetHandleVerifier [0x0x11b6b5a+9738]
	BaseThreadInitThunk [0x0x76aefcc9+25]
	RtlGetAppContainerNamedObjectPath [0x0x771a82ae+286]
	RtlGetAppContainerNamedObjectPath [0x0x771a827e+238]

[ 2025-06-30 13:19:50,951 ] 33 RERAScrapper - INFO - Worksheet 'RERA JSON Data' found.
[ 2025-06-30 13:19:53,639 ] 454 RERAScrapper - INFO - Project Details Page Detected.
[ 2025-06-30 13:19:55,694 ] 462 RERAScrapper - WARNING - Table Disappeared
[ 2025-06-30 13:19:55,778 ] 86 RERAScrapper - INFO - City 'Ballari' selected from dropdown.
[ 2025-06-30 13:19:56,831 ] 93 RERAScrapper - INFO - Select Button Clicked.
[ 2025-06-30 13:20:05,841 ] 105 RERAScrapper - INFO - Home table JSON extracted: home_table_json
[ 2025-06-30 13:20:05,881 ] 134 RERAScrapper - INFO - Home Table JSON 'home_table_json' scrapped.
[ 2025-06-30 13:20:08,961 ] 175 RERAScrapper - WARNING - Promoter Details 'promoter_details' **************not************** scrapped.
[ 2025-06-30 13:20:12,042 ] 181 RERAScrapper - WARNING - Authorized Signatory Detail 'authorized_signatory_details' **************not************** scrapped.
[ 2025-06-30 13:20:15,113 ] 187 RERAScrapper - WARNING - Project Member Details 'project_member_details' **************not************** scrapped.
[ 2025-06-30 13:20:18,171 ] 193 RERAScrapper - WARNING - Project Land Owner Details 'project_land_owner_details' **************not************** scrapped.
[ 2025-06-30 13:20:21,243 ] 199 RERAScrapper - WARNING - RERA Registration Details with any other State/UTs 'rera_registration_details_with_any_details' **************not************** scrapped.
[ 2025-06-30 13:20:24,309 ] 205 RERAScrapper - WARNING - Previous Project Details (Last 5 years only) 'previous_project_details' **************not************** scrapped.
[ 2025-06-30 13:20:26,356 ] 214 RERAScrapper - ERROR - Timed out waiting for Project Details page: Message: 
Stacktrace:
	GetHandleVerifier [0x0x11c3b03+62899]
	GetHandleVerifier [0x0x11c3b44+62964]
	(No symbol) [0x0xff10f3]
	(No symbol) [0x0x103980e]
	(No symbol) [0x0x1039bab]
	(No symbol) [0x0x10825c2]
	(No symbol) [0x0x105e554]
	(No symbol) [0x0x107fd81]
	(No symbol) [0x0x105e306]
	(No symbol) [0x0x102d670]
	(No symbol) [0x0x102e4e4]
	GetHandleVerifier [0x0x1424793+2556483]
	GetHandleVerifier [0x0x141fd02+2537394]
	GetHandleVerifier [0x0x11ea2fa+220586]
	GetHandleVerifier [0x0x11daae8+157080]
	GetHandleVerifier [0x0x11e141d+184013]
	GetHandleVerifier [0x0x11cba68+95512]
	GetHandleVerifier [0x0x11cbc10+95936]
	GetHandleVerifier [0x0x11b6b5a+9738]
	BaseThreadInitThunk [0x0x76aefcc9+25]
	RtlGetAppContainerNamedObjectPath [0x0x771a82ae+286]
	RtlGetAppContainerNamedObjectPath [0x0x771a827e+238]

[ 2025-06-30 13:20:30,404 ] 275 RERAScrapper - ERROR - Timed out waiting for Uploaded Documents page: Message: 
Stacktrace:
	GetHandleVerifier [0x0x11c3b03+62899]
	GetHandleVerifier [0x0x11c3b44+62964]
	(No symbol) [0x0xff10f3]
	(No symbol) [0x0x103980e]
	(No symbol) [0x0x1039bab]
	(No symbol) [0x0x10825c2]
	(No symbol) [0x0x105e554]
	(No symbol) [0x0x107fd81]
	(No symbol) [0x0x105e306]
	(No symbol) [0x0x102d670]
	(No symbol) [0x0x102e4e4]
	GetHandleVerifier [0x0x1424793+2556483]
	GetHandleVerifier [0x0x141fd02+2537394]
	GetHandleVerifier [0x0x11ea2fa+220586]
	GetHandleVerifier [0x0x11daae8+157080]
	GetHandleVerifier [0x0x11e141d+184013]
	GetHandleVerifier [0x0x11cba68+95512]
	GetHandleVerifier [0x0x11cbc10+95936]
	GetHandleVerifier [0x0x11b6b5a+9738]
	BaseThreadInitThunk [0x0x76aefcc9+25]
	RtlGetAppContainerNamedObjectPath [0x0x771a82ae+286]
	RtlGetAppContainerNamedObjectPath [0x0x771a827e+238]

[ 2025-06-30 13:20:32,468 ] 321 RERAScrapper - ERROR - Timed out waiting for Complaint page: Message: 
Stacktrace:
	GetHandleVerifier [0x0x11c3b03+62899]
	GetHandleVerifier [0x0x11c3b44+62964]
	(No symbol) [0x0xff10f3]
	(No symbol) [0x0x103980e]
	(No symbol) [0x0x1039bab]
	(No symbol) [0x0x10825c2]
	(No symbol) [0x0x105e554]
	(No symbol) [0x0x107fd81]
	(No symbol) [0x0x105e306]
	(No symbol) [0x0x102d670]
	(No symbol) [0x0x102e4e4]
	GetHandleVerifier [0x0x1424793+2556483]
	GetHandleVerifier [0x0x141fd02+2537394]
	GetHandleVerifier [0x0x11ea2fa+220586]
	GetHandleVerifier [0x0x11daae8+157080]
	GetHandleVerifier [0x0x11e141d+184013]
	GetHandleVerifier [0x0x11cba68+95512]
	GetHandleVerifier [0x0x11cbc10+95936]
	GetHandleVerifier [0x0x11b6b5a+9738]
	BaseThreadInitThunk [0x0x76aefcc9+25]
	RtlGetAppContainerNamedObjectPath [0x0x771a82ae+286]
	RtlGetAppContainerNamedObjectPath [0x0x771a827e+238]

[ 2025-06-30 13:20:34,532 ] 354 RERAScrapper - ERROR - Timed out waiting for Completion Details page: Message: 
Stacktrace:
	GetHandleVerifier [0x0x11c3b03+62899]
	GetHandleVerifier [0x0x11c3b44+62964]
	(No symbol) [0x0xff10f3]
	(No symbol) [0x0x103980e]
	(No symbol) [0x0x1039bab]
	(No symbol) [0x0x10825c2]
	(No symbol) [0x0x105e554]
	(No symbol) [0x0x107fd81]
	(No symbol) [0x0x105e306]
	(No symbol) [0x0x102d670]
	(No symbol) [0x0x102e4e4]
	GetHandleVerifier [0x0x1424793+2556483]
	GetHandleVerifier [0x0x141fd02+2537394]
	GetHandleVerifier [0x0x11ea2fa+220586]
	GetHandleVerifier [0x0x11daae8+157080]
	GetHandleVerifier [0x0x11e141d+184013]
	GetHandleVerifier [0x0x11cba68+95512]
	GetHandleVerifier [0x0x11cbc10+95936]
	GetHandleVerifier [0x0x11b6b5a+9738]
	BaseThreadInitThunk [0x0x76aefcc9+25]
	RtlGetAppContainerNamedObjectPath [0x0x771a82ae+286]
	RtlGetAppContainerNamedObjectPath [0x0x771a827e+238]

[ 2025-06-30 13:20:38,227 ] 33 RERAScrapper - INFO - Worksheet 'RERA JSON Data' found.
[ 2025-06-30 13:20:42,976 ] 450 RERAScrapper - WARNING - Row 2 not clickable. Skipping...
[ 2025-06-30 13:20:54,095 ] 105 RERAScrapper - INFO - Home table JSON extracted: home_table_json
[ 2025-06-30 13:20:54,132 ] 134 RERAScrapper - INFO - Home Table JSON 'home_table_json' scrapped.
[ 2025-06-30 13:20:55,514 ] 173 RERAScrapper - INFO - Promoter Details 'promoter_details' scrapped.
[ 2025-06-30 13:20:55,640 ] 179 RERAScrapper - INFO - Authorized Signatory Detail 'authorized_signatory_details' scrapped.
[ 2025-06-30 13:20:55,667 ] 185 RERAScrapper - INFO - Project Member Details 'project_member_details' scrapped.
[ 2025-06-30 13:20:55,694 ] 191 RERAScrapper - INFO - Project Land Owner Details 'project_land_owner_details' scrapped.
[ 2025-06-30 13:20:55,722 ] 197 RERAScrapper - INFO - RERA Registration Details with any other State/UTs 'rera_registration_details_with_any_details' scrapped.
[ 2025-06-30 13:20:55,749 ] 203 RERAScrapper - INFO - Previous Project Details (Last 5 years only) 'previous_project_details' scrapped.
[ 2025-06-30 13:20:55,789 ] 212 RERAScrapper - INFO - Project Details page clicked.
[ 2025-06-30 13:20:58,927 ] 221 RERAScrapper - INFO - Project Details 'project_details' scrapped.
[ 2025-06-30 13:20:58,955 ] 227 RERAScrapper - INFO - Development Details 'development_details' scrapped.
[ 2025-06-30 13:20:59,416 ] 233 RERAScrapper - INFO - Project Ongoing Status 'project_ongoing_status' scrapped.
[ 2025-06-30 13:20:59,824 ] 239 RERAScrapper - INFO - External Development Work 'external_development_work' scrapped.
[ 2025-06-30 13:20:59,854 ] 245 RERAScrapper - INFO - Other External Development Work 'other_external_development_work' scrapped.
[ 2025-06-30 13:21:00,144 ] 251 RERAScrapper - INFO - Project Bank ( Escrow Account ) Details 'project_bank_details' scrapped.
[ 2025-06-30 13:21:00,173 ] 257 RERAScrapper - INFO - Project Agents 'project_agents' scrapped.
[ 2025-06-30 13:21:00,184 ] 264 RERAScrapper - INFO - Project Detail Table 'project_detail_table' scrapped.
[ 2025-06-30 13:21:00,223 ] 273 RERAScrapper - INFO - Uploaded Documents page clicked.
[ 2025-06-30 13:21:00,319 ] 280 RERAScrapper - INFO - Project Documents 'project_documents' scrapped.
[ 2025-06-30 13:21:02,612 ] 286 RERAScrapper - INFO - Project Approval 'project_approval' scrapped.
[ 2025-06-30 13:21:02,702 ] 292 RERAScrapper - INFO - Declaration 'declaration' scrapped.
[ 2025-06-30 13:21:02,734 ] 298 RERAScrapper - INFO - Other Documents 'other_documents' scrapped.
[ 2025-06-30 13:21:02,822 ] 304 RERAScrapper - INFO - Project Photo 'project_photo' scrapped.
[ 2025-06-30 13:21:02,832 ] 310 RERAScrapper - INFO - Financial Document 'financial_document' scrapped.
[ 2025-06-30 13:21:02,871 ] 319 RERAScrapper - INFO - Complaint page clicked.
[ 2025-06-30 13:21:02,882 ] 328 RERAScrapper - WARNING - Promoter Table 'project_table' **not** scrapped.
[ 2025-06-30 13:21:04,937 ] 334 RERAScrapper - INFO - Project Complaint sub-page clicked.
[ 2025-06-30 13:21:04,954 ] 343 RERAScrapper - WARNING - Other Documents 'project_table' **not** scrapped.
[ 2025-06-30 13:21:04,992 ] 352 RERAScrapper - INFO - Completion Details page clicked.
[ 2025-06-30 13:21:07,791 ] 361 RERAScrapper - INFO - Completion Details 'completion_details' scrapped.
[ 2025-06-30 13:21:07,800 ] 369 RERAScrapper - WARNING - Development Details 'development_details_completion' **not** scrapped.
[ 2025-06-30 13:21:07,811 ] 375 RERAScrapper - WARNING - Uploaded Documents 'uploaded_documents' **not** scrapped.
[ 2025-06-30 13:21:07,821 ] 381 RERAScrapper - WARNING - Photos Uploaded 'photos_uploaded' **not** scrapped.
[ 2025-06-30 13:21:09,536 ] 33 RERAScrapper - INFO - Worksheet 'RERA JSON Data' found.
[ 2025-06-30 13:21:12,179 ] 454 RERAScrapper - INFO - Project Details Page Detected.
[ 2025-06-30 13:21:14,248 ] 462 RERAScrapper - WARNING - Table Disappeared
[ 2025-06-30 13:21:14,383 ] 86 RERAScrapper - INFO - City 'Ballari' selected from dropdown.
[ 2025-06-30 13:21:15,427 ] 93 RERAScrapper - INFO - Select Button Clicked.
[ 2025-06-30 13:21:38,137 ] 105 RERAScrapper - INFO - Home table JSON extracted: home_table_json
[ 2025-06-30 13:21:38,176 ] 134 RERAScrapper - INFO - Home Table JSON 'home_table_json' scrapped.
[ 2025-06-30 13:21:41,251 ] 175 RERAScrapper - WARNING - Promoter Details 'promoter_details' **************not************** scrapped.
[ 2025-06-30 13:21:44,322 ] 181 RERAScrapper - WARNING - Authorized Signatory Detail 'authorized_signatory_details' **************not************** scrapped.
[ 2025-06-30 13:21:47,394 ] 187 RERAScrapper - WARNING - Project Member Details 'project_member_details' **************not************** scrapped.
[ 2025-06-30 13:21:50,470 ] 193 RERAScrapper - WARNING - Project Land Owner Details 'project_land_owner_details' **************not************** scrapped.
[ 2025-06-30 13:21:53,557 ] 199 RERAScrapper - WARNING - RERA Registration Details with any other State/UTs 'rera_registration_details_with_any_details' **************not************** scrapped.
[ 2025-06-30 13:21:56,634 ] 205 RERAScrapper - WARNING - Previous Project Details (Last 5 years only) 'previous_project_details' **************not************** scrapped.
[ 2025-06-30 13:21:58,685 ] 214 RERAScrapper - ERROR - Timed out waiting for Project Details page: Message: 
Stacktrace:
	GetHandleVerifier [0x0x11c3b03+62899]
	GetHandleVerifier [0x0x11c3b44+62964]
	(No symbol) [0x0xff10f3]
	(No symbol) [0x0x103980e]
	(No symbol) [0x0x1039bab]
	(No symbol) [0x0x10825c2]
	(No symbol) [0x0x105e554]
	(No symbol) [0x0x107fd81]
	(No symbol) [0x0x105e306]
	(No symbol) [0x0x102d670]
	(No symbol) [0x0x102e4e4]
	GetHandleVerifier [0x0x1424793+2556483]
	GetHandleVerifier [0x0x141fd02+2537394]
	GetHandleVerifier [0x0x11ea2fa+220586]
	GetHandleVerifier [0x0x11daae8+157080]
	GetHandleVerifier [0x0x11e141d+184013]
	GetHandleVerifier [0x0x11cba68+95512]
	GetHandleVerifier [0x0x11cbc10+95936]
	GetHandleVerifier [0x0x11b6b5a+9738]
	BaseThreadInitThunk [0x0x76aefcc9+25]
	RtlGetAppContainerNamedObjectPath [0x0x771a82ae+286]
	RtlGetAppContainerNamedObjectPath [0x0x771a827e+238]

[ 2025-06-30 13:22:02,752 ] 275 RERAScrapper - ERROR - Timed out waiting for Uploaded Documents page: Message: 
Stacktrace:
	GetHandleVerifier [0x0x11c3b03+62899]
	GetHandleVerifier [0x0x11c3b44+62964]
	(No symbol) [0x0xff10f3]
	(No symbol) [0x0x103980e]
	(No symbol) [0x0x1039bab]
	(No symbol) [0x0x10825c2]
	(No symbol) [0x0x105e554]
	(No symbol) [0x0x107fd81]
	(No symbol) [0x0x105e306]
	(No symbol) [0x0x102d670]
	(No symbol) [0x0x102e4e4]
	GetHandleVerifier [0x0x1424793+2556483]
	GetHandleVerifier [0x0x141fd02+2537394]
	GetHandleVerifier [0x0x11ea2fa+220586]
	GetHandleVerifier [0x0x11daae8+157080]
	GetHandleVerifier [0x0x11e141d+184013]
	GetHandleVerifier [0x0x11cba68+95512]
	GetHandleVerifier [0x0x11cbc10+95936]
	GetHandleVerifier [0x0x11b6b5a+9738]
	BaseThreadInitThunk [0x0x76aefcc9+25]
	RtlGetAppContainerNamedObjectPath [0x0x771a82ae+286]
	RtlGetAppContainerNamedObjectPath [0x0x771a827e+238]

[ 2025-06-30 13:22:04,817 ] 321 RERAScrapper - ERROR - Timed out waiting for Complaint page: Message: 
Stacktrace:
	GetHandleVerifier [0x0x11c3b03+62899]
	GetHandleVerifier [0x0x11c3b44+62964]
	(No symbol) [0x0xff10f3]
	(No symbol) [0x0x103980e]
	(No symbol) [0x0x1039bab]
	(No symbol) [0x0x10825c2]
	(No symbol) [0x0x105e554]
	(No symbol) [0x0x107fd81]
	(No symbol) [0x0x105e306]
	(No symbol) [0x0x102d670]
	(No symbol) [0x0x102e4e4]
	GetHandleVerifier [0x0x1424793+2556483]
	GetHandleVerifier [0x0x141fd02+2537394]
	GetHandleVerifier [0x0x11ea2fa+220586]
	GetHandleVerifier [0x0x11daae8+157080]
	GetHandleVerifier [0x0x11e141d+184013]
	GetHandleVerifier [0x0x11cba68+95512]
	GetHandleVerifier [0x0x11cbc10+95936]
	GetHandleVerifier [0x0x11b6b5a+9738]
	BaseThreadInitThunk [0x0x76aefcc9+25]
	RtlGetAppContainerNamedObjectPath [0x0x771a82ae+286]
	RtlGetAppContainerNamedObjectPath [0x0x771a827e+238]

[ 2025-06-30 13:22:06,885 ] 354 RERAScrapper - ERROR - Timed out waiting for Completion Details page: Message: 
Stacktrace:
	GetHandleVerifier [0x0x11c3b03+62899]
	GetHandleVerifier [0x0x11c3b44+62964]
	(No symbol) [0x0xff10f3]
	(No symbol) [0x0x103980e]
	(No symbol) [0x0x1039bab]
	(No symbol) [0x0x10825c2]
	(No symbol) [0x0x105e554]
	(No symbol) [0x0x107fd81]
	(No symbol) [0x0x105e306]
	(No symbol) [0x0x102d670]
	(No symbol) [0x0x102e4e4]
	GetHandleVerifier [0x0x1424793+2556483]
	GetHandleVerifier [0x0x141fd02+2537394]
	GetHandleVerifier [0x0x11ea2fa+220586]
	GetHandleVerifier [0x0x11daae8+157080]
	GetHandleVerifier [0x0x11e141d+184013]
	GetHandleVerifier [0x0x11cba68+95512]
	GetHandleVerifier [0x0x11cbc10+95936]
	GetHandleVerifier [0x0x11b6b5a+9738]
	BaseThreadInitThunk [0x0x76aefcc9+25]
	RtlGetAppContainerNamedObjectPath [0x0x771a82ae+286]
	RtlGetAppContainerNamedObjectPath [0x0x771a827e+238]

[ 2025-06-30 13:22:10,480 ] 33 RERAScrapper - INFO - Worksheet 'RERA JSON Data' found.
[ 2025-06-30 13:22:15,214 ] 450 RERAScrapper - WARNING - Row 4 not clickable. Skipping...
[ 2025-06-30 13:22:15,224 ] 105 RERAScrapper - INFO - Home table JSON extracted: home_table_json
[ 2025-06-30 13:22:15,260 ] 134 RERAScrapper - INFO - Home Table JSON 'home_table_json' scrapped.
[ 2025-06-30 13:22:16,815 ] 173 RERAScrapper - INFO - Promoter Details 'promoter_details' scrapped.
[ 2025-06-30 13:22:16,992 ] 179 RERAScrapper - INFO - Authorized Signatory Detail 'authorized_signatory_details' scrapped.
[ 2025-06-30 13:22:18,055 ] 185 RERAScrapper - INFO - Project Member Details 'project_member_details' scrapped.
[ 2025-06-30 13:22:18,091 ] 191 RERAScrapper - INFO - Project Land Owner Details 'project_land_owner_details' scrapped.
[ 2025-06-30 13:22:18,134 ] 197 RERAScrapper - INFO - RERA Registration Details with any other State/UTs 'rera_registration_details_with_any_details' scrapped.
[ 2025-06-30 13:22:18,172 ] 203 RERAScrapper - INFO - Previous Project Details (Last 5 years only) 'previous_project_details' scrapped.
[ 2025-06-30 13:22:18,213 ] 212 RERAScrapper - INFO - Project Details page clicked.
[ 2025-06-30 13:22:31,156 ] 221 RERAScrapper - INFO - Project Details 'project_details' scrapped.
[ 2025-06-30 13:22:31,175 ] 227 RERAScrapper - INFO - Development Details 'development_details' scrapped.
[ 2025-06-30 13:22:31,426 ] 233 RERAScrapper - INFO - Project Ongoing Status 'project_ongoing_status' scrapped.
[ 2025-06-30 13:22:31,635 ] 239 RERAScrapper - INFO - External Development Work 'external_development_work' scrapped.
[ 2025-06-30 13:22:31,657 ] 245 RERAScrapper - INFO - Other External Development Work 'other_external_development_work' scrapped.
[ 2025-06-30 13:22:31,814 ] 251 RERAScrapper - INFO - Project Bank ( Escrow Account ) Details 'project_bank_details' scrapped.
[ 2025-06-30 13:22:31,834 ] 257 RERAScrapper - INFO - Project Agents 'project_agents' scrapped.
[ 2025-06-30 13:22:31,845 ] 264 RERAScrapper - INFO - Project Detail Table 'project_detail_table' scrapped.
[ 2025-06-30 13:22:31,887 ] 273 RERAScrapper - INFO - Uploaded Documents page clicked.
[ 2025-06-30 13:22:31,941 ] 280 RERAScrapper - INFO - Project Documents 'project_documents' scrapped.
[ 2025-06-30 13:22:33,190 ] 286 RERAScrapper - INFO - Project Approval 'project_approval' scrapped.
[ 2025-06-30 13:22:33,236 ] 292 RERAScrapper - INFO - Declaration 'declaration' scrapped.
[ 2025-06-30 13:22:33,264 ] 298 RERAScrapper - INFO - Other Documents 'other_documents' scrapped.
[ 2025-06-30 13:22:33,311 ] 304 RERAScrapper - INFO - Project Photo 'project_photo' scrapped.
[ 2025-06-30 13:22:33,324 ] 310 RERAScrapper - INFO - Financial Document 'financial_document' scrapped.
[ 2025-06-30 13:22:33,367 ] 319 RERAScrapper - INFO - Complaint page clicked.
[ 2025-06-30 13:22:33,379 ] 328 RERAScrapper - WARNING - Promoter Table 'project_table' **not** scrapped.
[ 2025-06-30 13:22:35,419 ] 334 RERAScrapper - INFO - Project Complaint sub-page clicked.
[ 2025-06-30 13:22:35,426 ] 343 RERAScrapper - WARNING - Other Documents 'project_table' **not** scrapped.
[ 2025-06-30 13:22:37,473 ] 354 RERAScrapper - ERROR - Timed out waiting for Completion Details page: Message: 
Stacktrace:
	GetHandleVerifier [0x0x11c3b03+62899]
	GetHandleVerifier [0x0x11c3b44+62964]
	(No symbol) [0x0xff10f3]
	(No symbol) [0x0x103980e]
	(No symbol) [0x0x1039bab]
	(No symbol) [0x0x10825c2]
	(No symbol) [0x0x105e554]
	(No symbol) [0x0x107fd81]
	(No symbol) [0x0x105e306]
	(No symbol) [0x0x102d670]
	(No symbol) [0x0x102e4e4]
	GetHandleVerifier [0x0x1424793+2556483]
	GetHandleVerifier [0x0x141fd02+2537394]
	GetHandleVerifier [0x0x11ea2fa+220586]
	GetHandleVerifier [0x0x11daae8+157080]
	GetHandleVerifier [0x0x11e141d+184013]
	GetHandleVerifier [0x0x11cba68+95512]
	GetHandleVerifier [0x0x11cbc10+95936]
	GetHandleVerifier [0x0x11b6b5a+9738]
	BaseThreadInitThunk [0x0x76aefcc9+25]
	RtlGetAppContainerNamedObjectPath [0x0x771a82ae+286]
	RtlGetAppContainerNamedObjectPath [0x0x771a827e+238]

[ 2025-06-30 13:22:40,883 ] 33 RERAScrapper - INFO - Worksheet 'RERA JSON Data' found.
[ 2025-06-30 13:22:43,526 ] 454 RERAScrapper - INFO - Project Details Page Detected.
[ 2025-06-30 13:22:45,601 ] 462 RERAScrapper - WARNING - Table Disappeared
[ 2025-06-30 13:22:45,641 ] 86 RERAScrapper - INFO - City 'Ballari' selected from dropdown.
[ 2025-06-30 13:22:51,057 ] 93 RERAScrapper - INFO - Select Button Clicked.
