[ 2025-06-30 13:30:02,131 ] 65 RERAScrapper - INFO - Browser initialized successfully.
[ 2025-06-30 13:30:08,237 ] 73 RERAScrapper - INFO - Navigated to URL: https://rera.karnataka.gov.in/viewAllProjects
[ 2025-06-30 13:30:08,411 ] 86 RERAScrapper - INFO - City 'Ballari' selected from dropdown.
[ 2025-06-30 13:30:13,683 ] 93 RERAScrapper - INFO - Select Button Clicked.
[ 2025-06-30 13:30:14,754 ] 105 RERAScrapper - INFO - Home table JSON extracted: home_table_json
[ 2025-06-30 13:30:14,789 ] 134 RERAScrapper - INFO - Home Table JSON 'home_table_json' scrapped.
[ 2025-06-30 13:30:16,995 ] 175 RERAScrapper - INFO - Promoter Details 'promoter_details' scrapped.
[ 2025-06-30 13:30:17,069 ] 181 RERAScrapper - INFO - Authorized Signatory Detail 'authorized_signatory_details' scrapped.
[ 2025-06-30 13:30:17,175 ] 187 RERAScrapper - INFO - Project Member Details 'project_member_details' scrapped.
[ 2025-06-30 13:30:17,191 ] 193 RERAScrapper - INFO - Project Land Owner Details 'project_land_owner_details' scrapped.
[ 2025-06-30 13:30:17,209 ] 199 RERAScrapper - INFO - RERA Registration Details with any other State/UTs 'rera_registration_details_with_any_details' scrapped.
[ 2025-06-30 13:30:17,227 ] 205 RERAScrapper - INFO - Previous Project Details (Last 5 years only) 'previous_project_details' scrapped.
[ 2025-06-30 13:30:17,265 ] 214 RERAScrapper - INFO - Project Details page clicked.
[ 2025-06-30 13:30:19,883 ] 223 RERAScrapper - INFO - Project Details 'project_details' scrapped.
[ 2025-06-30 13:30:19,900 ] 229 RERAScrapper - INFO - Development Details 'development_details' scrapped.
[ 2025-06-30 13:30:20,117 ] 235 RERAScrapper - INFO - Project Ongoing Status 'project_ongoing_status' scrapped.
[ 2025-06-30 13:30:20,297 ] 241 RERAScrapper - INFO - External Development Work 'external_development_work' scrapped.
[ 2025-06-30 13:30:20,313 ] 247 RERAScrapper - INFO - Other External Development Work 'other_external_development_work' scrapped.
[ 2025-06-30 13:30:20,449 ] 253 RERAScrapper - INFO - Project Bank ( Escrow Account ) Details 'project_bank_details' scrapped.
[ 2025-06-30 13:30:20,467 ] 259 RERAScrapper - INFO - Project Agents 'project_agents' scrapped.
[ 2025-06-30 13:30:20,477 ] 266 RERAScrapper - INFO - Project Detail Table 'project_detail_table' scrapped.
[ 2025-06-30 13:30:20,515 ] 275 RERAScrapper - INFO - Uploaded Documents page clicked.
[ 2025-06-30 13:30:22,566 ] 284 RERAScrapper - INFO - Project Documents 'project_documents' scrapped.
[ 2025-06-30 13:30:23,603 ] 290 RERAScrapper - INFO - Project Approval 'project_approval' scrapped.
[ 2025-06-30 13:30:23,643 ] 296 RERAScrapper - INFO - Declaration 'declaration' scrapped.
[ 2025-06-30 13:30:23,659 ] 302 RERAScrapper - INFO - Other Documents 'other_documents' scrapped.
[ 2025-06-30 13:30:23,699 ] 308 RERAScrapper - INFO - Project Photo 'project_photo' scrapped.
[ 2025-06-30 13:30:23,710 ] 314 RERAScrapper - INFO - Financial Document 'financial_document' scrapped.
[ 2025-06-30 13:30:23,748 ] 323 RERAScrapper - INFO - Complaint page clicked.
[ 2025-06-30 13:30:25,759 ] 332 RERAScrapper - INFO - Promoter Table 'promoter_table' scrapped.
[ 2025-06-30 13:30:27,805 ] 340 RERAScrapper - INFO - Project Complaint sub-page clicked.
[ 2025-06-30 13:30:27,814 ] 347 RERAScrapper - INFO - Other Documents 'project_table' scrapped.
[ 2025-06-30 13:30:29,876 ] 360 RERAScrapper - ERROR - Timed out waiting for Completion Details page: Message: 
Stacktrace:
	GetHandleVerifier [0x0x11c3b03+62899]
	GetHandleVerifier [0x0x11c3b44+62964]
	(No symbol) [0x0xff10f3]
	(No symbol) [0x0x103980e]
	(No symbol) [0x0x1039bab]
	(No symbol) [0x0x10825c2]
	(No symbol) [0x0x105e554]
	(No symbol) [0x0x107fd81]
	(No symbol) [0x0x105e306]
	(No symbol) [0x0x102d670]
	(No symbol) [0x0x102e4e4]
	GetHandleVerifier [0x0x1424793+2556483]
	GetHandleVerifier [0x0x141fd02+2537394]
	GetHandleVerifier [0x0x11ea2fa+220586]
	GetHandleVerifier [0x0x11daae8+157080]
	GetHandleVerifier [0x0x11e141d+184013]
	GetHandleVerifier [0x0x11cba68+95512]
	GetHandleVerifier [0x0x11cbc10+95936]
	GetHandleVerifier [0x0x11b6b5a+9738]
	BaseThreadInitThunk [0x0x76aefcc9+25]
	RtlGetAppContainerNamedObjectPath [0x0x771a82ae+286]
	RtlGetAppContainerNamedObjectPath [0x0x771a827e+238]

[ 2025-06-30 13:30:33,976 ] 33 RERAScrapper - INFO - Worksheet 'RERA JSON Data' found.
