[ 2025-06-30 11:53:04,792 ] 346 undetected_chromedriver.patcher - INFO - patching driver executable C:\Users\Utkarsh\appdata\roaming\undetected_chromedriver\undetected_chromedriver.exe
[ 2025-06-30 11:53:05,414 ] 65 RERAScrapper - INFO - Browser initialized successfully.
[ 2025-06-30 11:54:08,168 ] 73 RERAScrapper - INFO - Navigated to URL: https://rera.karnataka.gov.in/viewAllProjects
[ 2025-06-30 11:54:08,327 ] 86 RERAScrapper - INFO - City 'Bagalkot' selected from dropdown.
[ 2025-06-30 11:54:09,364 ] 93 RERAScrapper - INFO - Select Button Clicked.
[ 2025-06-30 11:54:25,346 ] 105 RERAScrapper - INFO - Home table JSON extracted: home_table_json
[ 2025-06-30 11:54:25,383 ] 134 RERAScrapper - INFO - Home Table JSON 'home_table_json' scrapped.
[ 2025-06-30 11:54:45,573 ] 174 RERAScrapper - WARNING - Promoter Details 'promoter_details' **************not************** scrapped.
[ 2025-06-30 11:55:05,772 ] 180 RERAScrapper - WARNING - Authorized Signatory Detail 'authorized_signatory_details' **************not************** scrapped.
[ 2025-06-30 11:55:25,974 ] 186 RERAScrapper - WARNING - Project Member Details 'project_member_details' **************not************** scrapped.
[ 2025-06-30 11:55:46,160 ] 192 RERAScrapper - WARNING - Project Land Owner Details 'project_land_owner_details' **************not************** scrapped.
[ 2025-06-30 11:56:06,349 ] 198 RERAScrapper - WARNING - RERA Registration Details with any other State/UTs 'rera_registration_details_with_any_details' **************not************** scrapped.
[ 2025-06-30 11:56:26,531 ] 204 RERAScrapper - WARNING - Previous Project Details (Last 5 years only) 'previous_project_details' **************not************** scrapped.
[ 2025-06-30 11:56:28,554 ] 213 RERAScrapper - ERROR - Timed out waiting for Project Details page: Message: 
Stacktrace:
	GetHandleVerifier [0x0x1213b03+62899]
	GetHandleVerifier [0x0x1213b44+62964]
	(No symbol) [0x0x10410f3]
	(No symbol) [0x0x108980e]
	(No symbol) [0x0x1089bab]
	(No symbol) [0x0x10d25c2]
	(No symbol) [0x0x10ae554]
	(No symbol) [0x0x10cfd81]
	(No symbol) [0x0x10ae306]
	(No symbol) [0x0x107d670]
	(No symbol) [0x0x107e4e4]
	GetHandleVerifier [0x0x1474793+2556483]
	GetHandleVerifier [0x0x146fd02+2537394]
	GetHandleVerifier [0x0x123a2fa+220586]
	GetHandleVerifier [0x0x122aae8+157080]
	GetHandleVerifier [0x0x123141d+184013]
	GetHandleVerifier [0x0x121ba68+95512]
	GetHandleVerifier [0x0x121bc10+95936]
	GetHandleVerifier [0x0x1206b5a+9738]
	BaseThreadInitThunk [0x0x76aefcc9+25]
	RtlGetAppContainerNamedObjectPath [0x0x771a82ae+286]
	RtlGetAppContainerNamedObjectPath [0x0x771a827e+238]

[ 2025-06-30 11:56:30,578 ] 266 RERAScrapper - ERROR - Timed out waiting for Uploaded Documents page: Message: 
Stacktrace:
	GetHandleVerifier [0x0x1213b03+62899]
	GetHandleVerifier [0x0x1213b44+62964]
	(No symbol) [0x0x10410f3]
	(No symbol) [0x0x108980e]
	(No symbol) [0x0x1089bab]
	(No symbol) [0x0x10d25c2]
	(No symbol) [0x0x10ae554]
	(No symbol) [0x0x10cfd81]
	(No symbol) [0x0x10ae306]
	(No symbol) [0x0x107d670]
	(No symbol) [0x0x107e4e4]
	GetHandleVerifier [0x0x1474793+2556483]
	GetHandleVerifier [0x0x146fd02+2537394]
	GetHandleVerifier [0x0x123a2fa+220586]
	GetHandleVerifier [0x0x122aae8+157080]
	GetHandleVerifier [0x0x123141d+184013]
	GetHandleVerifier [0x0x121ba68+95512]
	GetHandleVerifier [0x0x121bc10+95936]
	GetHandleVerifier [0x0x1206b5a+9738]
	BaseThreadInitThunk [0x0x76aefcc9+25]
	RtlGetAppContainerNamedObjectPath [0x0x771a82ae+286]
	RtlGetAppContainerNamedObjectPath [0x0x771a827e+238]

[ 2025-06-30 11:56:32,602 ] 312 RERAScrapper - ERROR - Timed out waiting for Complaint page: Message: 
Stacktrace:
	GetHandleVerifier [0x0x1213b03+62899]
	GetHandleVerifier [0x0x1213b44+62964]
	(No symbol) [0x0x10410f3]
	(No symbol) [0x0x108980e]
	(No symbol) [0x0x1089bab]
	(No symbol) [0x0x10d25c2]
	(No symbol) [0x0x10ae554]
	(No symbol) [0x0x10cfd81]
	(No symbol) [0x0x10ae306]
	(No symbol) [0x0x107d670]
	(No symbol) [0x0x107e4e4]
	GetHandleVerifier [0x0x1474793+2556483]
	GetHandleVerifier [0x0x146fd02+2537394]
	GetHandleVerifier [0x0x123a2fa+220586]
	GetHandleVerifier [0x0x122aae8+157080]
	GetHandleVerifier [0x0x123141d+184013]
	GetHandleVerifier [0x0x121ba68+95512]
	GetHandleVerifier [0x0x121bc10+95936]
	GetHandleVerifier [0x0x1206b5a+9738]
	BaseThreadInitThunk [0x0x76aefcc9+25]
	RtlGetAppContainerNamedObjectPath [0x0x771a82ae+286]
	RtlGetAppContainerNamedObjectPath [0x0x771a827e+238]

[ 2025-06-30 11:56:34,626 ] 345 RERAScrapper - ERROR - Timed out waiting for Completion Details page: Message: 
Stacktrace:
	GetHandleVerifier [0x0x1213b03+62899]
	GetHandleVerifier [0x0x1213b44+62964]
	(No symbol) [0x0x10410f3]
	(No symbol) [0x0x108980e]
	(No symbol) [0x0x1089bab]
	(No symbol) [0x0x10d25c2]
	(No symbol) [0x0x10ae554]
	(No symbol) [0x0x10cfd81]
	(No symbol) [0x0x10ae306]
	(No symbol) [0x0x107d670]
	(No symbol) [0x0x107e4e4]
	GetHandleVerifier [0x0x1474793+2556483]
	GetHandleVerifier [0x0x146fd02+2537394]
	GetHandleVerifier [0x0x123a2fa+220586]
	GetHandleVerifier [0x0x122aae8+157080]
	GetHandleVerifier [0x0x123141d+184013]
	GetHandleVerifier [0x0x121ba68+95512]
	GetHandleVerifier [0x0x121bc10+95936]
	GetHandleVerifier [0x0x1206b5a+9738]
	BaseThreadInitThunk [0x0x76aefcc9+25]
	RtlGetAppContainerNamedObjectPath [0x0x771a82ae+286]
	RtlGetAppContainerNamedObjectPath [0x0x771a827e+238]

[ 2025-06-30 11:56:38,799 ] 33 RERAScrapper - INFO - Worksheet 'RERA JSON Data' found.
[ 2025-06-30 11:56:43,602 ] 439 RERAScrapper - WARNING - Row 1 not clickable. Skipping...
[ 2025-06-30 11:56:57,139 ] 105 RERAScrapper - INFO - Home table JSON extracted: home_table_json
[ 2025-06-30 11:56:57,173 ] 134 RERAScrapper - INFO - Home Table JSON 'home_table_json' scrapped.
[ 2025-06-30 11:56:58,898 ] 172 RERAScrapper - INFO - Promoter Details 'promoter_details' scrapped.
[ 2025-06-30 11:56:58,906 ] 180 RERAScrapper - WARNING - Authorized Signatory Detail 'authorized_signatory_details' **************not************** scrapped.
[ 2025-06-30 11:56:58,916 ] 186 RERAScrapper - WARNING - Project Member Details 'project_member_details' **************not************** scrapped.
[ 2025-06-30 11:56:58,935 ] 190 RERAScrapper - INFO - Project Land Owner Details 'project_land_owner_details' scrapped.
[ 2025-06-30 11:56:58,947 ] 198 RERAScrapper - WARNING - RERA Registration Details with any other State/UTs 'rera_registration_details_with_any_details' **************not************** scrapped.
[ 2025-06-30 11:56:58,965 ] 202 RERAScrapper - INFO - Previous Project Details (Last 5 years only) 'previous_project_details' scrapped.
[ 2025-06-30 11:56:59,007 ] 211 RERAScrapper - INFO - Project Details page clicked.
[ 2025-06-30 11:56:59,698 ] 218 RERAScrapper - INFO - Project Details 'project_details' scrapped.
[ 2025-06-30 11:56:59,716 ] 224 RERAScrapper - INFO - Development Details 'development_details' scrapped.
[ 2025-06-30 11:56:59,955 ] 230 RERAScrapper - INFO - External Development Work 'external_development_work' scrapped.
[ 2025-06-30 11:56:59,973 ] 236 RERAScrapper - INFO - Other External Development Work 'other_external_development_work' scrapped.
[ 2025-06-30 11:57:00,151 ] 242 RERAScrapper - INFO - Project Bank ( Escrow Account ) Details 'project_bank_details' scrapped.
[ 2025-06-30 11:57:00,171 ] 248 RERAScrapper - INFO - Project Agents 'project_agents' scrapped.
[ 2025-06-30 11:57:00,182 ] 255 RERAScrapper - INFO - Project Detail Table 'project_detail_table' scrapped.
[ 2025-06-30 11:57:00,221 ] 264 RERAScrapper - INFO - Uploaded Documents page clicked.
[ 2025-06-30 11:57:00,287 ] 271 RERAScrapper - INFO - Project Documents 'project_documents' scrapped.
[ 2025-06-30 11:57:01,795 ] 277 RERAScrapper - INFO - Project Approval 'project_approval' scrapped.
[ 2025-06-30 11:57:01,855 ] 283 RERAScrapper - INFO - Declaration 'declaration' scrapped.
[ 2025-06-30 11:57:01,877 ] 289 RERAScrapper - INFO - Other Documents 'other_documents' scrapped.
[ 2025-06-30 11:57:02,006 ] 295 RERAScrapper - INFO - Project Photo 'project_photo' scrapped.
[ 2025-06-30 11:57:02,015 ] 301 RERAScrapper - INFO - Financial Document 'financial_document' scrapped.
[ 2025-06-30 11:57:02,055 ] 310 RERAScrapper - INFO - Complaint page clicked.
[ 2025-06-30 11:57:02,068 ] 319 RERAScrapper - WARNING - Promoter Table 'project_table' **not** scrapped.
[ 2025-06-30 11:57:04,108 ] 325 RERAScrapper - INFO - Project Complaint sub-page clicked.
[ 2025-06-30 11:57:04,115 ] 334 RERAScrapper - WARNING - Other Documents 'project_table' **not** scrapped.
[ 2025-06-30 11:57:04,157 ] 343 RERAScrapper - INFO - Completion Details page clicked.
[ 2025-06-30 11:57:06,332 ] 352 RERAScrapper - INFO - Completion Details 'completion_details' scrapped.
[ 2025-06-30 11:57:06,521 ] 358 RERAScrapper - INFO - Development Details 'development_details_completion' scrapped.
[ 2025-06-30 11:57:07,002 ] 364 RERAScrapper - INFO - Uploaded Documents 'uploaded_documents' scrapped.
[ 2025-06-30 11:57:07,140 ] 370 RERAScrapper - INFO - Photos Uploaded 'photos_uploaded' scrapped.
[ 2025-06-30 11:57:08,816 ] 33 RERAScrapper - INFO - Worksheet 'RERA JSON Data' found.
[ 2025-06-30 11:57:11,667 ] 443 RERAScrapper - INFO - Project Details Page Detected.
[ 2025-06-30 11:57:23,819 ] 105 RERAScrapper - INFO - Home table JSON extracted: home_table_json
[ 2025-06-30 11:57:23,856 ] 134 RERAScrapper - INFO - Home Table JSON 'home_table_json' scrapped.
[ 2025-06-30 11:57:25,184 ] 172 RERAScrapper - INFO - Promoter Details 'promoter_details' scrapped.
[ 2025-06-30 11:57:25,193 ] 180 RERAScrapper - WARNING - Authorized Signatory Detail 'authorized_signatory_details' **************not************** scrapped.
[ 2025-06-30 11:57:25,201 ] 186 RERAScrapper - WARNING - Project Member Details 'project_member_details' **************not************** scrapped.
[ 2025-06-30 11:57:25,234 ] 190 RERAScrapper - INFO - Project Land Owner Details 'project_land_owner_details' scrapped.
[ 2025-06-30 11:57:25,246 ] 198 RERAScrapper - WARNING - RERA Registration Details with any other State/UTs 'rera_registration_details_with_any_details' **************not************** scrapped.
[ 2025-06-30 11:57:25,273 ] 202 RERAScrapper - INFO - Previous Project Details (Last 5 years only) 'previous_project_details' scrapped.
[ 2025-06-30 11:57:25,315 ] 211 RERAScrapper - INFO - Project Details page clicked.
[ 2025-06-30 11:57:26,377 ] 218 RERAScrapper - INFO - Project Details 'project_details' scrapped.
[ 2025-06-30 11:57:26,402 ] 224 RERAScrapper - INFO - Development Details 'development_details' scrapped.
[ 2025-06-30 11:57:26,778 ] 230 RERAScrapper - INFO - External Development Work 'external_development_work' scrapped.
[ 2025-06-30 11:57:26,810 ] 236 RERAScrapper - INFO - Other External Development Work 'other_external_development_work' scrapped.
[ 2025-06-30 11:57:27,071 ] 242 RERAScrapper - INFO - Project Bank ( Escrow Account ) Details 'project_bank_details' scrapped.
[ 2025-06-30 11:57:27,099 ] 248 RERAScrapper - INFO - Project Agents 'project_agents' scrapped.
[ 2025-06-30 11:57:27,111 ] 255 RERAScrapper - INFO - Project Detail Table 'project_detail_table' scrapped.
[ 2025-06-30 11:57:27,154 ] 264 RERAScrapper - INFO - Uploaded Documents page clicked.
[ 2025-06-30 11:57:27,238 ] 271 RERAScrapper - INFO - Project Documents 'project_documents' scrapped.
[ 2025-06-30 11:57:29,350 ] 277 RERAScrapper - INFO - Project Approval 'project_approval' scrapped.
[ 2025-06-30 11:57:29,429 ] 283 RERAScrapper - INFO - Declaration 'declaration' scrapped.
[ 2025-06-30 11:57:29,460 ] 289 RERAScrapper - INFO - Other Documents 'other_documents' scrapped.
[ 2025-06-30 11:57:29,726 ] 295 RERAScrapper - INFO - Project Photo 'project_photo' scrapped.
[ 2025-06-30 11:57:29,735 ] 301 RERAScrapper - INFO - Financial Document 'financial_document' scrapped.
[ 2025-06-30 11:57:29,775 ] 310 RERAScrapper - INFO - Complaint page clicked.
[ 2025-06-30 11:57:29,786 ] 319 RERAScrapper - WARNING - Promoter Table 'project_table' **not** scrapped.
[ 2025-06-30 11:57:31,819 ] 325 RERAScrapper - INFO - Project Complaint sub-page clicked.
[ 2025-06-30 11:57:31,825 ] 334 RERAScrapper - WARNING - Other Documents 'project_table' **not** scrapped.
[ 2025-06-30 11:57:33,850 ] 345 RERAScrapper - ERROR - Timed out waiting for Completion Details page: Message: 
Stacktrace:
	GetHandleVerifier [0x0x1213b03+62899]
	GetHandleVerifier [0x0x1213b44+62964]
	(No symbol) [0x0x10410f3]
	(No symbol) [0x0x108980e]
	(No symbol) [0x0x1089bab]
	(No symbol) [0x0x10d25c2]
	(No symbol) [0x0x10ae554]
	(No symbol) [0x0x10cfd81]
	(No symbol) [0x0x10ae306]
	(No symbol) [0x0x107d670]
	(No symbol) [0x0x107e4e4]
	GetHandleVerifier [0x0x1474793+2556483]
	GetHandleVerifier [0x0x146fd02+2537394]
	GetHandleVerifier [0x0x123a2fa+220586]
	GetHandleVerifier [0x0x122aae8+157080]
	GetHandleVerifier [0x0x123141d+184013]
	GetHandleVerifier [0x0x121ba68+95512]
	GetHandleVerifier [0x0x121bc10+95936]
	GetHandleVerifier [0x0x1206b5a+9738]
	BaseThreadInitThunk [0x0x76aefcc9+25]
	RtlGetAppContainerNamedObjectPath [0x0x771a82ae+286]
	RtlGetAppContainerNamedObjectPath [0x0x771a827e+238]

[ 2025-06-30 11:57:37,505 ] 33 RERAScrapper - INFO - Worksheet 'RERA JSON Data' found.
[ 2025-06-30 11:57:40,245 ] 443 RERAScrapper - INFO - Project Details Page Detected.
