[ 2025-06-30 15:59:58,615 ] 346 undetected_chromedriver.patcher - INFO - patching driver executable C:\Users\Utkarsh\appdata\roaming\undetected_chromedriver\undetected_chromedriver.exe
[ 2025-06-30 15:59:59,584 ] 65 RERAScrapper - INFO - Browser initialized successfully.
[ 2025-06-30 16:00:05,183 ] 73 RERAScrapper - INFO - Navigated to URL: https://rera.karnataka.gov.in/viewAllProjects
[ 2025-06-30 16:00:05,335 ] 86 RERAScrapper - INFO - City 'Bagalkot' selected from dropdown.
[ 2025-06-30 16:00:10,632 ] 93 RERAScrapper - INFO - Select Button Clicked.
[ 2025-06-30 16:00:25,148 ] 105 RERAScrapper - INFO - Home table JSON extracted: home_table_json
[ 2025-06-30 16:00:25,185 ] 134 RERAScrapper - INFO - Home Table JSON 'home_table_json' scrapped.
[ 2025-06-30 16:00:30,221 ] 177 RERAScrapper - WARNING - Promoter Details 'promoter_details' **************not************** scrapped.
[ 2025-06-30 16:00:33,253 ] 183 RERAScrapper - WARNING - Authorized Signatory Detail 'authorized_signatory_details' **************not************** scrapped.
[ 2025-06-30 16:00:36,289 ] 189 RERAScrapper - WARNING - Project Member Details 'project_member_details' **************not************** scrapped.
[ 2025-06-30 16:00:39,321 ] 195 RERAScrapper - WARNING - Project Land Owner Details 'project_land_owner_details' **************not************** scrapped.
[ 2025-06-30 16:00:42,356 ] 201 RERAScrapper - WARNING - RERA Registration Details with any other State/UTs 'rera_registration_details_with_any_details' **************not************** scrapped.
[ 2025-06-30 16:00:45,392 ] 207 RERAScrapper - WARNING - Previous Project Details (Last 5 years only) 'previous_project_details' **************not************** scrapped.
[ 2025-06-30 16:00:47,418 ] 216 RERAScrapper - ERROR - Timed out waiting for Project Details page: Message: 
Stacktrace:
	GetHandleVerifier [0x0xf73b03+62899]
	GetHandleVerifier [0x0xf73b44+62964]
	(No symbol) [0x0xda10f3]
	(No symbol) [0x0xde980e]
	(No symbol) [0x0xde9bab]
	(No symbol) [0x0xe325c2]
	(No symbol) [0x0xe0e554]
	(No symbol) [0x0xe2fd81]
	(No symbol) [0x0xe0e306]
	(No symbol) [0x0xddd670]
	(No symbol) [0x0xdde4e4]
	GetHandleVerifier [0x0x11d4793+2556483]
	GetHandleVerifier [0x0x11cfd02+2537394]
	GetHandleVerifier [0x0xf9a2fa+220586]
	GetHandleVerifier [0x0xf8aae8+157080]
	GetHandleVerifier [0x0xf9141d+184013]
	GetHandleVerifier [0x0xf7ba68+95512]
	GetHandleVerifier [0x0xf7bc10+95936]
	GetHandleVerifier [0x0xf66b5a+9738]
	BaseThreadInitThunk [0x0x76aefcc9+25]
	RtlGetAppContainerNamedObjectPath [0x0x771a82ae+286]
	RtlGetAppContainerNamedObjectPath [0x0x771a827e+238]

[ 2025-06-30 16:00:51,445 ] 277 RERAScrapper - ERROR - Timed out waiting for Uploaded Documents page: Message: 
Stacktrace:
	GetHandleVerifier [0x0xf73b03+62899]
	GetHandleVerifier [0x0xf73b44+62964]
	(No symbol) [0x0xda10f3]
	(No symbol) [0x0xde980e]
	(No symbol) [0x0xde9bab]
	(No symbol) [0x0xe325c2]
	(No symbol) [0x0xe0e554]
	(No symbol) [0x0xe2fd81]
	(No symbol) [0x0xe0e306]
	(No symbol) [0x0xddd670]
	(No symbol) [0x0xdde4e4]
	GetHandleVerifier [0x0x11d4793+2556483]
	GetHandleVerifier [0x0x11cfd02+2537394]
	GetHandleVerifier [0x0xf9a2fa+220586]
	GetHandleVerifier [0x0xf8aae8+157080]
	GetHandleVerifier [0x0xf9141d+184013]
	GetHandleVerifier [0x0xf7ba68+95512]
	GetHandleVerifier [0x0xf7bc10+95936]
	GetHandleVerifier [0x0xf66b5a+9738]
	BaseThreadInitThunk [0x0x76aefcc9+25]
	RtlGetAppContainerNamedObjectPath [0x0x771a82ae+286]
	RtlGetAppContainerNamedObjectPath [0x0x771a827e+238]

[ 2025-06-30 16:00:55,474 ] 325 RERAScrapper - ERROR - Timed out waiting for Complaint page: Message: 
Stacktrace:
	GetHandleVerifier [0x0xf73b03+62899]
	GetHandleVerifier [0x0xf73b44+62964]
	(No symbol) [0x0xda10f3]
	(No symbol) [0x0xde980e]
	(No symbol) [0x0xde9bab]
	(No symbol) [0x0xe325c2]
	(No symbol) [0x0xe0e554]
	(No symbol) [0x0xe2fd81]
	(No symbol) [0x0xe0e306]
	(No symbol) [0x0xddd670]
	(No symbol) [0x0xdde4e4]
	GetHandleVerifier [0x0x11d4793+2556483]
	GetHandleVerifier [0x0x11cfd02+2537394]
	GetHandleVerifier [0x0xf9a2fa+220586]
	GetHandleVerifier [0x0xf8aae8+157080]
	GetHandleVerifier [0x0xf9141d+184013]
	GetHandleVerifier [0x0xf7ba68+95512]
	GetHandleVerifier [0x0xf7bc10+95936]
	GetHandleVerifier [0x0xf66b5a+9738]
	BaseThreadInitThunk [0x0x76aefcc9+25]
	RtlGetAppContainerNamedObjectPath [0x0x771a82ae+286]
	RtlGetAppContainerNamedObjectPath [0x0x771a827e+238]

[ 2025-06-30 16:00:59,501 ] 360 RERAScrapper - ERROR - Timed out waiting for Completion Details page: Message: 
Stacktrace:
	GetHandleVerifier [0x0xf73b03+62899]
	GetHandleVerifier [0x0xf73b44+62964]
	(No symbol) [0x0xda10f3]
	(No symbol) [0x0xde980e]
	(No symbol) [0x0xde9bab]
	(No symbol) [0x0xe325c2]
	(No symbol) [0x0xe0e554]
	(No symbol) [0x0xe2fd81]
	(No symbol) [0x0xe0e306]
	(No symbol) [0x0xddd670]
	(No symbol) [0x0xdde4e4]
	GetHandleVerifier [0x0x11d4793+2556483]
	GetHandleVerifier [0x0x11cfd02+2537394]
	GetHandleVerifier [0x0xf9a2fa+220586]
	GetHandleVerifier [0x0xf8aae8+157080]
	GetHandleVerifier [0x0xf9141d+184013]
	GetHandleVerifier [0x0xf7ba68+95512]
	GetHandleVerifier [0x0xf7bc10+95936]
	GetHandleVerifier [0x0xf66b5a+9738]
	BaseThreadInitThunk [0x0x76aefcc9+25]
	RtlGetAppContainerNamedObjectPath [0x0x771a82ae+286]
	RtlGetAppContainerNamedObjectPath [0x0x771a827e+238]

[ 2025-06-30 16:01:03,072 ] 33 RERAScrapper - INFO - Worksheet 'RERA JSON Data' found.
[ 2025-06-30 16:01:07,577 ] 456 RERAScrapper - WARNING - Row 1 not clickable. Skipping...
[ 2025-06-30 16:01:11,842 ] 105 RERAScrapper - INFO - Home table JSON extracted: home_table_json
[ 2025-06-30 16:01:11,877 ] 134 RERAScrapper - INFO - Home Table JSON 'home_table_json' scrapped.
[ 2025-06-30 16:01:14,101 ] 175 RERAScrapper - INFO - Promoter Details 'promoter_details' scrapped.
[ 2025-06-30 16:01:14,111 ] 183 RERAScrapper - WARNING - Authorized Signatory Detail 'authorized_signatory_details' **************not************** scrapped.
[ 2025-06-30 16:01:14,123 ] 189 RERAScrapper - WARNING - Project Member Details 'project_member_details' **************not************** scrapped.
[ 2025-06-30 16:01:14,142 ] 193 RERAScrapper - INFO - Project Land Owner Details 'project_land_owner_details' scrapped.
[ 2025-06-30 16:01:14,153 ] 201 RERAScrapper - WARNING - RERA Registration Details with any other State/UTs 'rera_registration_details_with_any_details' **************not************** scrapped.
[ 2025-06-30 16:01:14,173 ] 205 RERAScrapper - INFO - Previous Project Details (Last 5 years only) 'previous_project_details' scrapped.
[ 2025-06-30 16:01:14,214 ] 214 RERAScrapper - INFO - Project Details page clicked.
[ 2025-06-30 16:01:16,824 ] 223 RERAScrapper - INFO - Project Details 'project_details' scrapped.
[ 2025-06-30 16:01:16,842 ] 229 RERAScrapper - INFO - Development Details 'development_details' scrapped.
[ 2025-06-30 16:01:16,853 ] 237 RERAScrapper - WARNING - Project Ongoing Status 'project_ongoing_status' **not** scrapped.
[ 2025-06-30 16:01:17,060 ] 241 RERAScrapper - INFO - External Development Work 'external_development_work' scrapped.
[ 2025-06-30 16:01:17,078 ] 247 RERAScrapper - INFO - Other External Development Work 'other_external_development_work' scrapped.
[ 2025-06-30 16:01:17,223 ] 253 RERAScrapper - INFO - Project Bank ( Escrow Account ) Details 'project_bank_details' scrapped.
[ 2025-06-30 16:01:17,240 ] 259 RERAScrapper - INFO - Project Agents 'project_agents' scrapped.
[ 2025-06-30 16:01:17,251 ] 266 RERAScrapper - INFO - Project Detail Table 'project_detail_table' scrapped.
[ 2025-06-30 16:01:17,289 ] 275 RERAScrapper - INFO - Uploaded Documents page clicked.
[ 2025-06-30 16:01:19,335 ] 284 RERAScrapper - INFO - Project Documents 'project_documents' scrapped.
[ 2025-06-30 16:01:20,484 ] 290 RERAScrapper - INFO - Project Approval 'project_approval' scrapped.
[ 2025-06-30 16:01:20,526 ] 296 RERAScrapper - INFO - Declaration 'declaration' scrapped.
[ 2025-06-30 16:01:20,546 ] 302 RERAScrapper - INFO - Other Documents 'other_documents' scrapped.
[ 2025-06-30 16:01:20,640 ] 308 RERAScrapper - INFO - Project Photo 'project_photo' scrapped.
[ 2025-06-30 16:01:20,651 ] 314 RERAScrapper - INFO - Financial Document 'financial_document' scrapped.
[ 2025-06-30 16:01:20,691 ] 323 RERAScrapper - INFO - Complaint page clicked.
[ 2025-06-30 16:01:22,701 ] 334 RERAScrapper - WARNING - Promoter Table 'project_table' **not** scrapped.
[ 2025-06-30 16:01:24,736 ] 340 RERAScrapper - INFO - Project Complaint sub-page clicked.
[ 2025-06-30 16:01:24,744 ] 349 RERAScrapper - WARNING - Other Documents 'project_table' **not** scrapped.
[ 2025-06-30 16:01:24,783 ] 358 RERAScrapper - INFO - Completion Details page clicked.
[ 2025-06-30 16:01:26,878 ] 367 RERAScrapper - INFO - Completion Details 'completion_details' scrapped.
[ 2025-06-30 16:01:26,996 ] 373 RERAScrapper - INFO - Development Details 'development_details_completion' scrapped.
[ 2025-06-30 16:01:27,319 ] 379 RERAScrapper - INFO - Uploaded Documents 'uploaded_documents' scrapped.
[ 2025-06-30 16:01:27,414 ] 385 RERAScrapper - INFO - Photos Uploaded 'photos_uploaded' scrapped.
[ 2025-06-30 16:01:28,671 ] 33 RERAScrapper - INFO - Worksheet 'RERA JSON Data' found.
[ 2025-06-30 16:01:31,150 ] 460 RERAScrapper - INFO - Project Details Page Detected.
[ 2025-06-30 16:01:39,281 ] 105 RERAScrapper - INFO - Home table JSON extracted: home_table_json
[ 2025-06-30 16:01:39,321 ] 134 RERAScrapper - INFO - Home Table JSON 'home_table_json' scrapped.
[ 2025-06-30 16:01:41,509 ] 175 RERAScrapper - INFO - Promoter Details 'promoter_details' scrapped.
[ 2025-06-30 16:01:41,519 ] 183 RERAScrapper - WARNING - Authorized Signatory Detail 'authorized_signatory_details' **************not************** scrapped.
[ 2025-06-30 16:01:41,529 ] 189 RERAScrapper - WARNING - Project Member Details 'project_member_details' **************not************** scrapped.
[ 2025-06-30 16:01:41,548 ] 193 RERAScrapper - INFO - Project Land Owner Details 'project_land_owner_details' scrapped.
[ 2025-06-30 16:01:41,559 ] 201 RERAScrapper - WARNING - RERA Registration Details with any other State/UTs 'rera_registration_details_with_any_details' **************not************** scrapped.
[ 2025-06-30 16:01:41,578 ] 205 RERAScrapper - INFO - Previous Project Details (Last 5 years only) 'previous_project_details' scrapped.
[ 2025-06-30 16:01:41,621 ] 214 RERAScrapper - INFO - Project Details page clicked.
[ 2025-06-30 16:01:44,170 ] 223 RERAScrapper - INFO - Project Details 'project_details' scrapped.
[ 2025-06-30 16:01:44,188 ] 229 RERAScrapper - INFO - Development Details 'development_details' scrapped.
[ 2025-06-30 16:01:44,198 ] 237 RERAScrapper - WARNING - Project Ongoing Status 'project_ongoing_status' **not** scrapped.
[ 2025-06-30 16:01:44,398 ] 241 RERAScrapper - INFO - External Development Work 'external_development_work' scrapped.
[ 2025-06-30 16:01:44,415 ] 247 RERAScrapper - INFO - Other External Development Work 'other_external_development_work' scrapped.
[ 2025-06-30 16:01:44,565 ] 253 RERAScrapper - INFO - Project Bank ( Escrow Account ) Details 'project_bank_details' scrapped.
[ 2025-06-30 16:01:44,581 ] 259 RERAScrapper - INFO - Project Agents 'project_agents' scrapped.
[ 2025-06-30 16:01:44,590 ] 266 RERAScrapper - INFO - Project Detail Table 'project_detail_table' scrapped.
[ 2025-06-30 16:01:44,631 ] 275 RERAScrapper - INFO - Uploaded Documents page clicked.
[ 2025-06-30 16:01:46,672 ] 284 RERAScrapper - INFO - Project Documents 'project_documents' scrapped.
[ 2025-06-30 16:01:47,772 ] 290 RERAScrapper - INFO - Project Approval 'project_approval' scrapped.
[ 2025-06-30 16:01:47,815 ] 296 RERAScrapper - INFO - Declaration 'declaration' scrapped.
[ 2025-06-30 16:01:47,834 ] 302 RERAScrapper - INFO - Other Documents 'other_documents' scrapped.
[ 2025-06-30 16:01:47,979 ] 308 RERAScrapper - INFO - Project Photo 'project_photo' scrapped.
[ 2025-06-30 16:01:47,988 ] 314 RERAScrapper - INFO - Financial Document 'financial_document' scrapped.
[ 2025-06-30 16:01:48,029 ] 323 RERAScrapper - INFO - Complaint page clicked.
[ 2025-06-30 16:01:50,039 ] 334 RERAScrapper - WARNING - Promoter Table 'project_table' **not** scrapped.
[ 2025-06-30 16:01:52,073 ] 340 RERAScrapper - INFO - Project Complaint sub-page clicked.
[ 2025-06-30 16:01:52,080 ] 349 RERAScrapper - WARNING - Other Documents 'project_table' **not** scrapped.
[ 2025-06-30 16:01:54,107 ] 360 RERAScrapper - ERROR - Timed out waiting for Completion Details page: Message: 
Stacktrace:
	GetHandleVerifier [0x0xf73b03+62899]
	GetHandleVerifier [0x0xf73b44+62964]
	(No symbol) [0x0xda10f3]
	(No symbol) [0x0xde980e]
	(No symbol) [0x0xde9bab]
	(No symbol) [0x0xe325c2]
	(No symbol) [0x0xe0e554]
	(No symbol) [0x0xe2fd81]
	(No symbol) [0x0xe0e306]
	(No symbol) [0x0xddd670]
	(No symbol) [0x0xdde4e4]
	GetHandleVerifier [0x0x11d4793+2556483]
	GetHandleVerifier [0x0x11cfd02+2537394]
	GetHandleVerifier [0x0xf9a2fa+220586]
	GetHandleVerifier [0x0xf8aae8+157080]
	GetHandleVerifier [0x0xf9141d+184013]
	GetHandleVerifier [0x0xf7ba68+95512]
	GetHandleVerifier [0x0xf7bc10+95936]
	GetHandleVerifier [0x0xf66b5a+9738]
	BaseThreadInitThunk [0x0x76aefcc9+25]
	RtlGetAppContainerNamedObjectPath [0x0x771a82ae+286]
	RtlGetAppContainerNamedObjectPath [0x0x771a827e+238]

[ 2025-06-30 16:01:57,402 ] 33 RERAScrapper - INFO - Worksheet 'RERA JSON Data' found.
[ 2025-06-30 16:01:59,953 ] 460 RERAScrapper - INFO - Project Details Page Detected.
[ 2025-06-30 16:02:01,987 ] 468 RERAScrapper - WARNING - Table Disappeared
[ 2025-06-30 16:02:02,010 ] 86 RERAScrapper - INFO - City 'Bagalkot' selected from dropdown.
[ 2025-06-30 16:02:11,165 ] 93 RERAScrapper - INFO - Select Button Clicked.
[ 2025-06-30 16:02:23,665 ] 105 RERAScrapper - INFO - Home table JSON extracted: home_table_json
[ 2025-06-30 16:02:23,705 ] 134 RERAScrapper - INFO - Home Table JSON 'home_table_json' scrapped.
[ 2025-06-30 16:02:25,962 ] 175 RERAScrapper - INFO - Promoter Details 'promoter_details' scrapped.
[ 2025-06-30 16:02:25,974 ] 183 RERAScrapper - WARNING - Authorized Signatory Detail 'authorized_signatory_details' **************not************** scrapped.
[ 2025-06-30 16:02:25,986 ] 189 RERAScrapper - WARNING - Project Member Details 'project_member_details' **************not************** scrapped.
[ 2025-06-30 16:02:26,007 ] 193 RERAScrapper - INFO - Project Land Owner Details 'project_land_owner_details' scrapped.
[ 2025-06-30 16:02:26,020 ] 201 RERAScrapper - WARNING - RERA Registration Details with any other State/UTs 'rera_registration_details_with_any_details' **************not************** scrapped.
[ 2025-06-30 16:02:26,048 ] 205 RERAScrapper - INFO - Previous Project Details (Last 5 years only) 'previous_project_details' scrapped.
[ 2025-06-30 16:02:26,093 ] 214 RERAScrapper - INFO - Project Details page clicked.
[ 2025-06-30 16:02:28,764 ] 223 RERAScrapper - INFO - Project Details 'project_details' scrapped.
[ 2025-06-30 16:02:28,783 ] 229 RERAScrapper - INFO - Development Details 'development_details' scrapped.
[ 2025-06-30 16:02:28,794 ] 237 RERAScrapper - WARNING - Project Ongoing Status 'project_ongoing_status' **not** scrapped.
[ 2025-06-30 16:02:29,013 ] 241 RERAScrapper - INFO - External Development Work 'external_development_work' scrapped.
[ 2025-06-30 16:02:29,033 ] 247 RERAScrapper - INFO - Other External Development Work 'other_external_development_work' scrapped.
[ 2025-06-30 16:02:29,198 ] 253 RERAScrapper - INFO - Project Bank ( Escrow Account ) Details 'project_bank_details' scrapped.
[ 2025-06-30 16:02:29,216 ] 259 RERAScrapper - INFO - Project Agents 'project_agents' scrapped.
[ 2025-06-30 16:02:29,225 ] 266 RERAScrapper - INFO - Project Detail Table 'project_detail_table' scrapped.
[ 2025-06-30 16:02:29,263 ] 275 RERAScrapper - INFO - Uploaded Documents page clicked.
[ 2025-06-30 16:02:31,306 ] 284 RERAScrapper - INFO - Project Documents 'project_documents' scrapped.
[ 2025-06-30 16:02:32,398 ] 290 RERAScrapper - INFO - Project Approval 'project_approval' scrapped.
[ 2025-06-30 16:02:32,436 ] 296 RERAScrapper - INFO - Declaration 'declaration' scrapped.
[ 2025-06-30 16:02:32,453 ] 302 RERAScrapper - INFO - Other Documents 'other_documents' scrapped.
[ 2025-06-30 16:02:32,493 ] 308 RERAScrapper - INFO - Project Photo 'project_photo' scrapped.
[ 2025-06-30 16:02:32,502 ] 314 RERAScrapper - INFO - Financial Document 'financial_document' scrapped.
[ 2025-06-30 16:02:32,537 ] 323 RERAScrapper - INFO - Complaint page clicked.
[ 2025-06-30 16:02:34,547 ] 334 RERAScrapper - WARNING - Promoter Table 'project_table' **not** scrapped.
[ 2025-06-30 16:02:36,583 ] 340 RERAScrapper - INFO - Project Complaint sub-page clicked.
[ 2025-06-30 16:02:36,593 ] 349 RERAScrapper - WARNING - Other Documents 'project_table' **not** scrapped.
[ 2025-06-30 16:02:38,619 ] 360 RERAScrapper - ERROR - Timed out waiting for Completion Details page: Message: 
Stacktrace:
	GetHandleVerifier [0x0xf73b03+62899]
	GetHandleVerifier [0x0xf73b44+62964]
	(No symbol) [0x0xda10f3]
	(No symbol) [0x0xde980e]
	(No symbol) [0x0xde9bab]
	(No symbol) [0x0xe325c2]
	(No symbol) [0x0xe0e554]
	(No symbol) [0x0xe2fd81]
	(No symbol) [0x0xe0e306]
	(No symbol) [0x0xddd670]
	(No symbol) [0x0xdde4e4]
	GetHandleVerifier [0x0x11d4793+2556483]
	GetHandleVerifier [0x0x11cfd02+2537394]
	GetHandleVerifier [0x0xf9a2fa+220586]
	GetHandleVerifier [0x0xf8aae8+157080]
	GetHandleVerifier [0x0xf9141d+184013]
	GetHandleVerifier [0x0xf7ba68+95512]
	GetHandleVerifier [0x0xf7bc10+95936]
	GetHandleVerifier [0x0xf66b5a+9738]
	BaseThreadInitThunk [0x0x76aefcc9+25]
	RtlGetAppContainerNamedObjectPath [0x0x771a82ae+286]
	RtlGetAppContainerNamedObjectPath [0x0x771a827e+238]

[ 2025-06-30 16:02:41,952 ] 33 RERAScrapper - INFO - Worksheet 'RERA JSON Data' found.
[ 2025-06-30 16:02:44,436 ] 460 RERAScrapper - INFO - Project Details Page Detected.
[ 2025-06-30 16:02:46,476 ] 468 RERAScrapper - WARNING - Table Disappeared
[ 2025-06-30 16:02:46,499 ] 86 RERAScrapper - INFO - City 'Bagalkot' selected from dropdown.
[ 2025-06-30 16:02:56,463 ] 93 RERAScrapper - INFO - Select Button Clicked.
